<?xml version="1.0" encoding="UTF-8" ?>
<testsuite tests="33" failures="1" name="io.cloudboost.NotificationQueryTest" time="198.275" errors="0" skipped="0">
  <properties>
    <property name="java.runtime.name" value="Java(TM) SE Runtime Environment"/>
    <property name="sun.boot.library.path" value="C:\Program Files\jdk1.8.0_05\jre\bin"/>
    <property name="java.vm.version" value="25.5-b02"/>
    <property name="java.vm.vendor" value="Oracle Corporation"/>
    <property name="maven.multiModuleProjectDirectory" value="E:\Engineer\programming\projects\javaSDK\git_repo"/>
    <property name="java.vendor.url" value="http://java.oracle.com/"/>
    <property name="path.separator" value=";"/>
    <property name="guice.disable.misplaced.annotation.check" value="true"/>
    <property name="java.vm.name" value="Java HotSpot(TM) Client VM"/>
    <property name="file.encoding.pkg" value="sun.io"/>
    <property name="user.script" value=""/>
    <property name="user.country" value="US"/>
    <property name="sun.java.launcher" value="SUN_STANDARD"/>
    <property name="sun.os.patch.level" value=""/>
    <property name="java.vm.specification.name" value="Java Virtual Machine Specification"/>
    <property name="user.dir" value="E:\Engineer\programming\projects\javaSDK\git_repo"/>
    <property name="java.runtime.version" value="1.8.0_05-b13"/>
    <property name="java.awt.graphicsenv" value="sun.awt.Win32GraphicsEnvironment"/>
    <property name="java.endorsed.dirs" value="C:\Program Files\jdk1.8.0_05\jre\lib\endorsed"/>
    <property name="os.arch" value="x86"/>
    <property name="java.io.tmpdir" value="C:\Users\new\AppData\Local\Temp\"/>
    <property name="line.separator" value="
"/>
    <property name="java.vm.specification.vendor" value="Oracle Corporation"/>
    <property name="user.variant" value=""/>
    <property name="os.name" value="Windows 8.1"/>
    <property name="classworlds.conf" value="C:\Program Files (x86)\apache-maven-3.3.3\bin\..\bin\m2.conf"/>
    <property name="sun.jnu.encoding" value="Cp1252"/>
    <property name="java.library.path" value="C:\Program Files\jdk1.8.0_05\bin;C:\Windows\Sun\Java\bin;C:\Windows\system32;C:\Windows;C:\ProgramData\Oracle\Java\javapath;C:\oraclexe\app\oracle\product\11.2.0\server\bin;;C:\Program Files (x86)\Intel\iCLS Client\;C:\Program Files\Intel\iCLS Client\;C:\Windows\system32;C:\Windows;C:\Windows\System32\Wbem;C:\Windows\System32\WindowsPowerShell\v1.0\;C:\Program Files\Intel\Intel(R) Management Engine Components\DAL;C:\Program Files\Intel\Intel(R) Management Engine Components\IPT;C:\Program Files (x86)\Intel\Intel(R) Management Engine Components\DAL;C:\Program Files (x86)\Intel\Intel(R) Management Engine Components\IPT;C:\Program Files\Intel\WiFi\bin\;C:\Program Files\Common Files\Intel\WirelessCommon\;C:\Program Files (x86)\Skype\Phone\;C:\Program Files (x86)\GNU\GnuPG\pub;C:\Program Files\MySQL\MySQL Server 5.6\bin;C:\Program Files (x86)\apache-ant-1.9.6\bin;C:\Program Files\jdk1.8.0_05\bin;E:\Engineer\eclipse\android-sdk-windows\tools;E:\Engineer\eclipse\android-sdk-windows\platform-tools;C:\Program Files\jdk1.8.0_05\bin;C:\Program Files\MongoDB\Server\3.0\bin;E:\Engineer\eclipse\eclipse;E:\Engineer\eclipse\myeclipse;C:\Program Files (x86)\apache-maven-3.3.3\bin;C:\Program Files (x86)\GNU\GnuPG;."/>
    <property name="java.specification.name" value="Java Platform API Specification"/>
    <property name="java.class.version" value="52.0"/>
    <property name="sun.management.compiler" value="HotSpot Client Compiler"/>
    <property name="os.version" value="6.3"/>
    <property name="user.home" value="C:\Users\new"/>
    <property name="user.timezone" value="Africa/Nairobi"/>
    <property name="java.awt.printerjob" value="sun.awt.windows.WPrinterJob"/>
    <property name="java.specification.version" value="1.8"/>
    <property name="file.encoding" value="Cp1252"/>
    <property name="user.name" value="new"/>
    <property name="java.class.path" value="C:\Program Files (x86)\apache-maven-3.3.3\bin\..\boot\plexus-classworlds-2.5.2.jar"/>
    <property name="java.vm.specification.version" value="1.8"/>
    <property name="sun.arch.data.model" value="32"/>
    <property name="java.home" value="C:\Program Files\jdk1.8.0_05\jre"/>
    <property name="sun.java.command" value="org.codehaus.plexus.classworlds.launcher.Launcher test"/>
    <property name="java.specification.vendor" value="Oracle Corporation"/>
    <property name="user.language" value="en"/>
    <property name="awt.toolkit" value="sun.awt.windows.WToolkit"/>
    <property name="java.vm.info" value="mixed mode"/>
    <property name="java.version" value="1.8.0_05"/>
    <property name="java.ext.dirs" value="C:\Program Files\jdk1.8.0_05\jre\lib\ext;C:\Windows\Sun\Java\lib\ext"/>
    <property name="sun.boot.class.path" value="C:\Program Files\jdk1.8.0_05\jre\lib\resources.jar;C:\Program Files\jdk1.8.0_05\jre\lib\rt.jar;C:\Program Files\jdk1.8.0_05\jre\lib\sunrsasign.jar;C:\Program Files\jdk1.8.0_05\jre\lib\jsse.jar;C:\Program Files\jdk1.8.0_05\jre\lib\jce.jar;C:\Program Files\jdk1.8.0_05\jre\lib\charsets.jar;C:\Program Files\jdk1.8.0_05\jre\lib\jfr.jar;C:\Program Files\jdk1.8.0_05\jre\classes"/>
    <property name="sun.stderr.encoding" value="cp437"/>
    <property name="java.vendor" value="Oracle Corporation"/>
    <property name="maven.home" value="C:\Program Files (x86)\apache-maven-3.3.3\bin\.."/>
    <property name="file.separator" value="\"/>
    <property name="java.vendor.url.bug" value="http://bugreport.sun.com/bugreport/"/>
    <property name="sun.cpu.endian" value="little"/>
    <property name="sun.io.unicode.encoding" value="UnicodeLittle"/>
    <property name="sun.stdout.encoding" value="cp437"/>
    <property name="sun.desktop" value="windows"/>
    <property name="sun.cpu.isalist" value="pentium_pro+mmx pentium_pro pentium+mmx pentium i486 i386 i86"/>
  </properties>
  <testcase classname="io.cloudboost.NotificationQueryTest" name="startsWith" time="6.996"/>
  <testcase classname="io.cloudboost.NotificationQueryTest" name="containsAll" time="5.14"/>
  <testcase classname="io.cloudboost.NotificationQueryTest" name="exists" time="6.181"/>
  <testcase classname="io.cloudboost.NotificationQueryTest" name="or" time="4.957"/>
  <testcase classname="io.cloudboost.NotificationQueryTest" name="notContainedIn" time="5.011"/>
  <testcase classname="io.cloudboost.NotificationQueryTest" name="queryGreaterThanOrEqTrick2" time="6.776"/>
  <testcase classname="io.cloudboost.NotificationQueryTest" name="queryGreaterThanOrEqTrick1" time="5.864"/>
  <testcase classname="io.cloudboost.NotificationQueryTest" name="queryLessThanEq" time="5.085"/>
  <testcase classname="io.cloudboost.NotificationQueryTest" name="queryLessThan" time="6.443"/>
  <testcase classname="io.cloudboost.NotificationQueryTest" name="queryOnEqualTo" time="5.137"/>
  <testcase classname="io.cloudboost.NotificationQueryTest" name="startsWith1" time="5.61"/>
  <testcase classname="io.cloudboost.NotificationQueryTest" name="containedIn" time="5.22"/>
  <testcase classname="io.cloudboost.NotificationQueryTest" name="containsAllTrick" time="12.004">
    <failure type="junit.framework.AssertionFailedError:">junit.framework.AssertionFailedError: null
	at junit.framework.Assert.fail(Assert.java:47)
	at io.cloudboost.NotificationQueryTest$20.done(NotificationQueryTest.java:433)
	at io.cloudboost.CloudObject.save(CloudObject.java:888)
	at io.cloudboost.NotificationQueryTest.containsAllTrick(NotificationQueryTest.java:427)
	at sun.reflect.NativeMethodAccessorImpl.invoke0(Native Method)
	at sun.reflect.NativeMethodAccessorImpl.invoke(NativeMethodAccessorImpl.java:62)
	at sun.reflect.DelegatingMethodAccessorImpl.invoke(DelegatingMethodAccessorImpl.java:43)
	at java.lang.reflect.Method.invoke(Method.java:483)
	at org.junit.runners.model.FrameworkMethod$1.runReflectiveCall(FrameworkMethod.java:44)
	at org.junit.internal.runners.model.ReflectiveCallable.run(ReflectiveCallable.java:15)
	at org.junit.runners.model.FrameworkMethod.invokeExplosively(FrameworkMethod.java:41)
	at org.junit.internal.runners.statements.InvokeMethod.evaluate(InvokeMethod.java:20)
	at org.junit.internal.runners.statements.FailOnTimeout$1.run(FailOnTimeout.java:28)
</failure>
  </testcase>
  <testcase classname="io.cloudboost.NotificationQueryTest" name="querySkipOne" time="6.773"/>
  <testcase classname="io.cloudboost.NotificationQueryTest" name="queryLimitTwo" time="8.399"/>
  <testcase classname="io.cloudboost.NotificationQueryTest" name="existsTrick" time="5.333"/>
  <testcase classname="io.cloudboost.NotificationQueryTest" name="containedInTrick" time="5.035"/>
  <testcase classname="io.cloudboost.NotificationQueryTest" name="existsNot" time="5.35"/>
  <testcase classname="io.cloudboost.NotificationQueryTest" name="existsNotTrick" time="6.086"/>
  <testcase classname="io.cloudboost.NotificationQueryTest" name="queryGreaterThan" time="5.424"/>
  <testcase classname="io.cloudboost.NotificationQueryTest" name="or1" time="5.378"/>
  <testcase classname="io.cloudboost.NotificationQueryTest" name="or3" time="5.312"/>
  <testcase classname="io.cloudboost.NotificationQueryTest" name="or2" time="6.471"/>
  <testcase classname="io.cloudboost.NotificationQueryTest" name="queryOnNotEqualToTrick" time="6.109"/>
  <testcase classname="io.cloudboost.NotificationQueryTest" name="queryGreaterThanOrEq" time="5.132"/>
  <testcase classname="io.cloudboost.NotificationQueryTest" name="queryLessThanTrick2" time="6.12"/>
  <testcase classname="io.cloudboost.NotificationQueryTest" name="notContainedInTrick" time="5.362"/>
  <testcase classname="io.cloudboost.NotificationQueryTest" name="queryLessThanEqTrick2" time="5.136"/>
  <testcase classname="io.cloudboost.NotificationQueryTest" name="queryLessThanTrick1" time="6.952"/>
  <testcase classname="io.cloudboost.NotificationQueryTest" name="queryGreaterThanTrick" time="5.398"/>
  <testcase classname="io.cloudboost.NotificationQueryTest" name="queryLessThanEqTrick1" time="5.543"/>
  <testcase classname="io.cloudboost.NotificationQueryTest" name="queryOnNotEqualTo" time="7.122"/>
  <testcase classname="io.cloudboost.NotificationQueryTest" name="queryOnEqualToTrick" time="5.416"/>
</testsuite>