<?xml version="1.0" encoding="UTF-8" ?>
<testsuite tests="32" failures="1" name="io.cloudboost.CloudTableTest" time="140.354" errors="1" skipped="0">
  <properties>
    <property name="java.runtime.name" value="Java(TM) SE Runtime Environment"/>
    <property name="sun.boot.library.path" value="C:\Program Files\jdk1.8.0_05\jre\bin"/>
    <property name="java.vm.version" value="25.5-b02"/>
    <property name="java.vm.vendor" value="Oracle Corporation"/>
    <property name="maven.multiModuleProjectDirectory" value="E:\Engineer\programming\projects\javaSDK\git_repo"/>
    <property name="java.vendor.url" value="http://java.oracle.com/"/>
    <property name="path.separator" value=";"/>
    <property name="guice.disable.misplaced.annotation.check" value="true"/>
    <property name="java.vm.name" value="Java HotSpot(TM) Client VM"/>
    <property name="file.encoding.pkg" value="sun.io"/>
    <property name="user.script" value=""/>
    <property name="user.country" value="US"/>
    <property name="sun.java.launcher" value="SUN_STANDARD"/>
    <property name="sun.os.patch.level" value=""/>
    <property name="java.vm.specification.name" value="Java Virtual Machine Specification"/>
    <property name="user.dir" value="E:\Engineer\programming\projects\javaSDK\git_repo"/>
    <property name="java.runtime.version" value="1.8.0_05-b13"/>
    <property name="java.awt.graphicsenv" value="sun.awt.Win32GraphicsEnvironment"/>
    <property name="java.endorsed.dirs" value="C:\Program Files\jdk1.8.0_05\jre\lib\endorsed"/>
    <property name="os.arch" value="x86"/>
    <property name="java.io.tmpdir" value="C:\Users\new\AppData\Local\Temp\"/>
    <property name="line.separator" value="
"/>
    <property name="java.vm.specification.vendor" value="Oracle Corporation"/>
    <property name="user.variant" value=""/>
    <property name="os.name" value="Windows 8.1"/>
    <property name="classworlds.conf" value="C:\Program Files (x86)\apache-maven-3.3.3\bin\..\bin\m2.conf"/>
    <property name="sun.jnu.encoding" value="Cp1252"/>
    <property name="java.library.path" value="C:\Program Files\jdk1.8.0_05\bin;C:\Windows\Sun\Java\bin;C:\Windows\system32;C:\Windows;C:\ProgramData\Oracle\Java\javapath;C:\oraclexe\app\oracle\product\11.2.0\server\bin;;C:\Program Files (x86)\Intel\iCLS Client\;C:\Program Files\Intel\iCLS Client\;C:\Windows\system32;C:\Windows;C:\Windows\System32\Wbem;C:\Windows\System32\WindowsPowerShell\v1.0\;C:\Program Files\Intel\Intel(R) Management Engine Components\DAL;C:\Program Files\Intel\Intel(R) Management Engine Components\IPT;C:\Program Files (x86)\Intel\Intel(R) Management Engine Components\DAL;C:\Program Files (x86)\Intel\Intel(R) Management Engine Components\IPT;C:\Program Files\Intel\WiFi\bin\;C:\Program Files\Common Files\Intel\WirelessCommon\;C:\Program Files (x86)\Skype\Phone\;C:\Program Files (x86)\GNU\GnuPG\pub;C:\Program Files\MySQL\MySQL Server 5.6\bin;C:\Program Files (x86)\apache-ant-1.9.6\bin;C:\Program Files\jdk1.8.0_05\bin;E:\Engineer\eclipse\android-sdk-windows\tools;E:\Engineer\eclipse\android-sdk-windows\platform-tools;C:\Program Files\jdk1.8.0_05\bin;C:\Program Files\MongoDB\Server\3.0\bin;E:\Engineer\eclipse\eclipse;E:\Engineer\eclipse\myeclipse;C:\Program Files (x86)\apache-maven-3.3.3\bin;C:\Program Files (x86)\GNU\GnuPG;."/>
    <property name="java.specification.name" value="Java Platform API Specification"/>
    <property name="java.class.version" value="52.0"/>
    <property name="sun.management.compiler" value="HotSpot Client Compiler"/>
    <property name="os.version" value="6.3"/>
    <property name="user.home" value="C:\Users\new"/>
    <property name="user.timezone" value="Africa/Nairobi"/>
    <property name="java.awt.printerjob" value="sun.awt.windows.WPrinterJob"/>
    <property name="java.specification.version" value="1.8"/>
    <property name="file.encoding" value="Cp1252"/>
    <property name="user.name" value="new"/>
    <property name="java.class.path" value="C:\Program Files (x86)\apache-maven-3.3.3\bin\..\boot\plexus-classworlds-2.5.2.jar"/>
    <property name="java.vm.specification.version" value="1.8"/>
    <property name="sun.arch.data.model" value="32"/>
    <property name="java.home" value="C:\Program Files\jdk1.8.0_05\jre"/>
    <property name="sun.java.command" value="org.codehaus.plexus.classworlds.launcher.Launcher test"/>
    <property name="java.specification.vendor" value="Oracle Corporation"/>
    <property name="user.language" value="en"/>
    <property name="awt.toolkit" value="sun.awt.windows.WToolkit"/>
    <property name="java.vm.info" value="mixed mode"/>
    <property name="java.version" value="1.8.0_05"/>
    <property name="java.ext.dirs" value="C:\Program Files\jdk1.8.0_05\jre\lib\ext;C:\Windows\Sun\Java\lib\ext"/>
    <property name="sun.boot.class.path" value="C:\Program Files\jdk1.8.0_05\jre\lib\resources.jar;C:\Program Files\jdk1.8.0_05\jre\lib\rt.jar;C:\Program Files\jdk1.8.0_05\jre\lib\sunrsasign.jar;C:\Program Files\jdk1.8.0_05\jre\lib\jsse.jar;C:\Program Files\jdk1.8.0_05\jre\lib\jce.jar;C:\Program Files\jdk1.8.0_05\jre\lib\charsets.jar;C:\Program Files\jdk1.8.0_05\jre\lib\jfr.jar;C:\Program Files\jdk1.8.0_05\jre\classes"/>
    <property name="sun.stderr.encoding" value="cp437"/>
    <property name="java.vendor" value="Oracle Corporation"/>
    <property name="maven.home" value="C:\Program Files (x86)\apache-maven-3.3.3\bin\.."/>
    <property name="file.separator" value="\"/>
    <property name="java.vendor.url.bug" value="http://bugreport.sun.com/bugreport/"/>
    <property name="sun.cpu.endian" value="little"/>
    <property name="sun.io.unicode.encoding" value="UnicodeLittle"/>
    <property name="sun.stdout.encoding" value="cp437"/>
    <property name="sun.desktop" value="windows"/>
    <property name="sun.cpu.isalist" value="pentium_pro+mmx pentium_pro pentium+mmx pentium i486 i386 i86"/>
  </properties>
  <testcase classname="io.cloudboost.CloudTableTest" name="getTable" time="2.49"/>
  <testcase classname="io.cloudboost.CloudTableTest" name="createTableSetRelationsToExistingTables" time="3.727"/>
  <testcase classname="io.cloudboost.CloudTableTest" name="createTableWithTextListColumnRelation" time="3.951"/>
  <testcase classname="io.cloudboost.CloudTableTest" name="shouldNotPassStringToUpdateColumn" time="0"/>
  <testcase classname="io.cloudboost.CloudTableTest" name="shouldNotChangeUniquePropertyOfPreDefinedColumn" time="1.121"/>
  <testcase classname="io.cloudboost.CloudTableTest" name="shouldNotChangeUniquePropertyOfDefaultColumn" time="1.145"/>
  <testcase classname="io.cloudboost.CloudTableTest" name="shouldNotChangeRequiredPropertyOfDefaultColumn" time="3.211"/>
  <testcase classname="io.cloudboost.CloudTableTest" name="shouldChangeRequiredPropertyOfUserDefinedColumn" time="1.97"/>
  <testcase classname="io.cloudboost.CloudTableTest" name="updateNewColumnIntoTable" time="8.982"/>
  <testcase classname="io.cloudboost.CloudTableTest" name="shouldGetAllTable" time="7.208"/>
  <testcase classname="io.cloudboost.CloudTableTest" name="runSequentialTestSuite" time="26.818"/>
  <testcase classname="io.cloudboost.CloudTableTest" name="addColumnToExistingTable" time="1.27"/>
  <testcase classname="io.cloudboost.CloudTableTest" name="addColumnAfterSave" time="2.841"/>
  <testcase classname="io.cloudboost.CloudTableTest" name="shouldGetColumnFromTable" time="0"/>
  <testcase classname="io.cloudboost.CloudTableTest" name="shouldGiveSpecificTable" time="0.005"/>
  <testcase classname="io.cloudboost.CloudTableTest" name="shouldNotRenameColumn" time="1.535"/>
  <testcase classname="io.cloudboost.CloudTableTest" name="createTableStoreGeoPoint" time="2.923"/>
  <testcase classname="io.cloudboost.CloudTableTest" name="createTableAllDataTypes" time="7.065"/>
  <testcase classname="io.cloudboost.CloudTableTest" name="createAndDeleteTable" time="3.729"/>
  <testcase classname="io.cloudboost.CloudTableTest" name="shouldGiveAllTable" time="0"/>
  <testcase classname="io.cloudboost.CloudTableTest" name="shouldCreateAndDeleteTable" time="2.209"/>
  <testcase classname="io.cloudboost.CloudTableTest" name="shouldGiveSpecificTableByName" time="0.55"/>
  <testcase classname="io.cloudboost.CloudTableTest" name="shouldCreateColumnThenDelete" time="8.465"/>
  <testcase classname="io.cloudboost.CloudTableTest" name="shouldUpdateColumnInTable" time="0.005"/>
  <testcase classname="io.cloudboost.CloudTableTest" name="shouldNotChangeDataTypeOfColumn" time="3.071"/>
  <testcase classname="io.cloudboost.CloudTableTest" name="shouldNotDeleteDefaultColumn" time="0.505"/>
  <testcase classname="io.cloudboost.CloudTableTest" name="createTableSetRelationToDataType" time="3.889"/>
  <testcase classname="io.cloudboost.CloudTableTest" name="createListTable" time="3.28"/>
  <testcase classname="io.cloudboost.CloudTableTest" name="setTableType" time="1.286"/>
  <testcase classname="io.cloudboost.CloudTableTest" name="duplicateTable" time="1.79">
    <error type="java.lang.NullPointerException">java.lang.NullPointerException
	at io.cloudboost.CloudTableTest$1$1.done(CloudTableTest.java:41)
	at io.cloudboost.CloudTable.save(CloudTable.java:372)
	at io.cloudboost.CloudTableTest$1.done(CloudTableTest.java:34)
	at io.cloudboost.CloudTable.save(CloudTable.java:369)
	at io.cloudboost.CloudTableTest.duplicateTable(CloudTableTest.java:29)
	at sun.reflect.NativeMethodAccessorImpl.invoke0(Native Method)
	at sun.reflect.NativeMethodAccessorImpl.invoke(NativeMethodAccessorImpl.java:62)
	at sun.reflect.DelegatingMethodAccessorImpl.invoke(DelegatingMethodAccessorImpl.java:43)
	at java.lang.reflect.Method.invoke(Method.java:483)
	at org.junit.runners.model.FrameworkMethod$1.runReflectiveCall(FrameworkMethod.java:44)
	at org.junit.internal.runners.model.ReflectiveCallable.run(ReflectiveCallable.java:15)
	at org.junit.runners.model.FrameworkMethod.invokeExplosively(FrameworkMethod.java:41)
	at org.junit.internal.runners.statements.InvokeMethod.evaluate(InvokeMethod.java:20)
	at org.junit.internal.runners.statements.FailOnTimeout$1.run(FailOnTimeout.java:28)
</error>
  </testcase>
  <testcase classname="io.cloudboost.CloudTableTest" name="GetAllTable" time="34.004"/>
  <testcase classname="io.cloudboost.CloudTableTest" name="renameTable" time="1.309">
    <failure message="null expected:&lt;null&gt; but was:&lt;Internal Server Error&gt;" type="junit.framework.ComparisonFailure">junit.framework.ComparisonFailure: null expected:&lt;null&gt; but was:&lt;Internal Server Error&gt;
	at junit.framework.Assert.assertEquals(Assert.java:81)
	at junit.framework.Assert.assertEquals(Assert.java:87)
	at io.cloudboost.CloudTableTest$11$1.done(CloudTableTest.java:334)
	at io.cloudboost.CloudTable.save(CloudTable.java:372)
	at io.cloudboost.CloudTableTest$11.done(CloudTableTest.java:329)
	at io.cloudboost.CloudTable.get(CloudTable.java:333)
	at io.cloudboost.CloudTableTest.renameTable(CloudTableTest.java:324)
	at sun.reflect.NativeMethodAccessorImpl.invoke0(Native Method)
	at sun.reflect.NativeMethodAccessorImpl.invoke(NativeMethodAccessorImpl.java:62)
	at sun.reflect.DelegatingMethodAccessorImpl.invoke(DelegatingMethodAccessorImpl.java:43)
	at java.lang.reflect.Method.invoke(Method.java:483)
	at org.junit.runners.model.FrameworkMethod$1.runReflectiveCall(FrameworkMethod.java:44)
	at org.junit.internal.runners.model.ReflectiveCallable.run(ReflectiveCallable.java:15)
	at org.junit.runners.model.FrameworkMethod.invokeExplosively(FrameworkMethod.java:41)
	at org.junit.internal.runners.statements.InvokeMethod.evaluate(InvokeMethod.java:20)
	at org.junit.internal.runners.statements.FailOnTimeout$1.run(FailOnTimeout.java:28)
</failure>
  </testcase>
</testsuite>