<?xml version="1.0" encoding="UTF-8" ?>
<testsuite tests="54" failures="12" name="io.cloudboost.CloudQueryTest" time="421.505" errors="2" skipped="0">
  <properties>
    <property name="java.runtime.name" value="Java(TM) SE Runtime Environment"/>
    <property name="sun.boot.library.path" value="C:\Program Files\jdk1.8.0_05\jre\bin"/>
    <property name="java.vm.version" value="25.5-b02"/>
    <property name="java.vm.vendor" value="Oracle Corporation"/>
    <property name="maven.multiModuleProjectDirectory" value="E:\Engineer\programming\projects\javaSDK\git_repo"/>
    <property name="java.vendor.url" value="http://java.oracle.com/"/>
    <property name="path.separator" value=";"/>
    <property name="guice.disable.misplaced.annotation.check" value="true"/>
    <property name="java.vm.name" value="Java HotSpot(TM) Client VM"/>
    <property name="file.encoding.pkg" value="sun.io"/>
    <property name="user.script" value=""/>
    <property name="user.country" value="US"/>
    <property name="sun.java.launcher" value="SUN_STANDARD"/>
    <property name="sun.os.patch.level" value=""/>
    <property name="java.vm.specification.name" value="Java Virtual Machine Specification"/>
    <property name="user.dir" value="E:\Engineer\programming\projects\javaSDK\git_repo"/>
    <property name="java.runtime.version" value="1.8.0_05-b13"/>
    <property name="java.awt.graphicsenv" value="sun.awt.Win32GraphicsEnvironment"/>
    <property name="java.endorsed.dirs" value="C:\Program Files\jdk1.8.0_05\jre\lib\endorsed"/>
    <property name="os.arch" value="x86"/>
    <property name="java.io.tmpdir" value="C:\Users\new\AppData\Local\Temp\"/>
    <property name="line.separator" value="
"/>
    <property name="java.vm.specification.vendor" value="Oracle Corporation"/>
    <property name="user.variant" value=""/>
    <property name="os.name" value="Windows 8.1"/>
    <property name="classworlds.conf" value="C:\Program Files (x86)\apache-maven-3.3.3\bin\..\bin\m2.conf"/>
    <property name="sun.jnu.encoding" value="Cp1252"/>
    <property name="java.library.path" value="C:\Program Files\jdk1.8.0_05\bin;C:\Windows\Sun\Java\bin;C:\Windows\system32;C:\Windows;C:\ProgramData\Oracle\Java\javapath;C:\oraclexe\app\oracle\product\11.2.0\server\bin;;C:\Program Files (x86)\Intel\iCLS Client\;C:\Program Files\Intel\iCLS Client\;C:\Windows\system32;C:\Windows;C:\Windows\System32\Wbem;C:\Windows\System32\WindowsPowerShell\v1.0\;C:\Program Files\Intel\Intel(R) Management Engine Components\DAL;C:\Program Files\Intel\Intel(R) Management Engine Components\IPT;C:\Program Files (x86)\Intel\Intel(R) Management Engine Components\DAL;C:\Program Files (x86)\Intel\Intel(R) Management Engine Components\IPT;C:\Program Files\Intel\WiFi\bin\;C:\Program Files\Common Files\Intel\WirelessCommon\;C:\Program Files (x86)\Skype\Phone\;C:\Program Files (x86)\GNU\GnuPG\pub;C:\Program Files\MySQL\MySQL Server 5.6\bin;C:\Program Files (x86)\apache-ant-1.9.6\bin;C:\Program Files\jdk1.8.0_05\bin;E:\Engineer\eclipse\android-sdk-windows\tools;E:\Engineer\eclipse\android-sdk-windows\platform-tools;C:\Program Files\jdk1.8.0_05\bin;C:\Program Files\MongoDB\Server\3.0\bin;E:\Engineer\eclipse\eclipse;E:\Engineer\eclipse\myeclipse;C:\Program Files (x86)\apache-maven-3.3.3\bin;C:\Program Files (x86)\GNU\GnuPG;."/>
    <property name="java.specification.name" value="Java Platform API Specification"/>
    <property name="java.class.version" value="52.0"/>
    <property name="sun.management.compiler" value="HotSpot Client Compiler"/>
    <property name="os.version" value="6.3"/>
    <property name="user.home" value="C:\Users\new"/>
    <property name="user.timezone" value="Africa/Nairobi"/>
    <property name="java.awt.printerjob" value="sun.awt.windows.WPrinterJob"/>
    <property name="java.specification.version" value="1.8"/>
    <property name="file.encoding" value="Cp1252"/>
    <property name="user.name" value="new"/>
    <property name="java.class.path" value="C:\Program Files (x86)\apache-maven-3.3.3\bin\..\boot\plexus-classworlds-2.5.2.jar"/>
    <property name="java.vm.specification.version" value="1.8"/>
    <property name="sun.arch.data.model" value="32"/>
    <property name="java.home" value="C:\Program Files\jdk1.8.0_05\jre"/>
    <property name="sun.java.command" value="org.codehaus.plexus.classworlds.launcher.Launcher test"/>
    <property name="java.specification.vendor" value="Oracle Corporation"/>
    <property name="user.language" value="en"/>
    <property name="awt.toolkit" value="sun.awt.windows.WToolkit"/>
    <property name="java.vm.info" value="mixed mode"/>
    <property name="java.version" value="1.8.0_05"/>
    <property name="java.ext.dirs" value="C:\Program Files\jdk1.8.0_05\jre\lib\ext;C:\Windows\Sun\Java\lib\ext"/>
    <property name="sun.boot.class.path" value="C:\Program Files\jdk1.8.0_05\jre\lib\resources.jar;C:\Program Files\jdk1.8.0_05\jre\lib\rt.jar;C:\Program Files\jdk1.8.0_05\jre\lib\sunrsasign.jar;C:\Program Files\jdk1.8.0_05\jre\lib\jsse.jar;C:\Program Files\jdk1.8.0_05\jre\lib\jce.jar;C:\Program Files\jdk1.8.0_05\jre\lib\charsets.jar;C:\Program Files\jdk1.8.0_05\jre\lib\jfr.jar;C:\Program Files\jdk1.8.0_05\jre\classes"/>
    <property name="sun.stderr.encoding" value="cp437"/>
    <property name="java.vendor" value="Oracle Corporation"/>
    <property name="maven.home" value="C:\Program Files (x86)\apache-maven-3.3.3\bin\.."/>
    <property name="file.separator" value="\"/>
    <property name="java.vendor.url.bug" value="http://bugreport.sun.com/bugreport/"/>
    <property name="sun.cpu.endian" value="little"/>
    <property name="sun.io.unicode.encoding" value="UnicodeLittle"/>
    <property name="sun.stdout.encoding" value="cp437"/>
    <property name="sun.desktop" value="windows"/>
    <property name="sun.cpu.isalist" value="pentium_pro+mmx pentium_pro pentium+mmx pentium i486 i386 i86"/>
  </properties>
  <testcase classname="io.cloudboost.CloudQueryTest" name="startsWith" time="9.998">
    <failure type="junit.framework.AssertionFailedError:">junit.framework.AssertionFailedError: null
	at junit.framework.Assert.fail(Assert.java:47)
	at io.cloudboost.CloudQueryTest$22.done(CloudQueryTest.java:627)
	at io.cloudboost.CloudObject.saveAll(CloudObject.java:984)
	at io.cloudboost.CloudQueryTest.startsWith(CloudQueryTest.java:622)
	at sun.reflect.NativeMethodAccessorImpl.invoke0(Native Method)
	at sun.reflect.NativeMethodAccessorImpl.invoke(NativeMethodAccessorImpl.java:62)
	at sun.reflect.DelegatingMethodAccessorImpl.invoke(DelegatingMethodAccessorImpl.java:43)
	at java.lang.reflect.Method.invoke(Method.java:483)
	at org.junit.runners.model.FrameworkMethod$1.runReflectiveCall(FrameworkMethod.java:44)
	at org.junit.internal.runners.model.ReflectiveCallable.run(ReflectiveCallable.java:15)
	at org.junit.runners.model.FrameworkMethod.invokeExplosively(FrameworkMethod.java:41)
	at org.junit.internal.runners.statements.InvokeMethod.evaluate(InvokeMethod.java:20)
	at org.junit.internal.runners.statements.FailOnTimeout$1.run(FailOnTimeout.java:28)
</failure>
  </testcase>
  <testcase classname="io.cloudboost.CloudQueryTest" name="containsAll" time="8.618"/>
  <testcase classname="io.cloudboost.CloudQueryTest" name="exists" time="21.446"/>
  <testcase classname="io.cloudboost.CloudQueryTest" name="shouldIncludeRelationObjectWhenIncludeIsRequestedInQuery" time="2.758"/>
  <testcase classname="io.cloudboost.CloudQueryTest" name="getEncryptedPassword" time="22.943">
    <failure type="junit.framework.AssertionFailedError:">junit.framework.AssertionFailedError: null
	at junit.framework.Assert.fail(Assert.java:47)
	at io.cloudboost.CloudQueryTest$38$1.done(CloudQueryTest.java:1135)
	at io.cloudboost.CloudQuery.find(CloudQuery.java:1426)
	at io.cloudboost.CloudQueryTest$38.done(CloudQueryTest.java:1131)
	at io.cloudboost.CloudObject.save(CloudObject.java:888)
	at io.cloudboost.CloudQueryTest.getEncryptedPassword(CloudQueryTest.java:1125)
	at sun.reflect.NativeMethodAccessorImpl.invoke0(Native Method)
	at sun.reflect.NativeMethodAccessorImpl.invoke(NativeMethodAccessorImpl.java:62)
	at sun.reflect.DelegatingMethodAccessorImpl.invoke(DelegatingMethodAccessorImpl.java:43)
	at java.lang.reflect.Method.invoke(Method.java:483)
	at org.junit.runners.model.FrameworkMethod$1.runReflectiveCall(FrameworkMethod.java:44)
	at org.junit.internal.runners.model.ReflectiveCallable.run(ReflectiveCallable.java:15)
	at org.junit.runners.model.FrameworkMethod.invokeExplosively(FrameworkMethod.java:41)
	at org.junit.internal.runners.statements.InvokeMethod.evaluate(InvokeMethod.java:20)
	at org.junit.internal.runners.statements.FailOnTimeout$1.run(FailOnTimeout.java:28)
</failure>
  </testcase>
  <testcase classname="io.cloudboost.CloudQueryTest" name="saveListwithInColumn" time="11.739">
    <failure type="junit.framework.AssertionFailedError:">junit.framework.AssertionFailedError: null
	at junit.framework.Assert.fail(Assert.java:47)
	at junit.framework.Assert.fail(Assert.java:53)
	at io.cloudboost.CloudQueryTest$10.done(CloudQueryTest.java:265)
	at io.cloudboost.CloudObject.save(CloudObject.java:888)
	at io.cloudboost.CloudQueryTest.saveListwithInColumn(CloudQueryTest.java:260)
	at sun.reflect.NativeMethodAccessorImpl.invoke0(Native Method)
	at sun.reflect.NativeMethodAccessorImpl.invoke(NativeMethodAccessorImpl.java:62)
	at sun.reflect.DelegatingMethodAccessorImpl.invoke(DelegatingMethodAccessorImpl.java:43)
	at java.lang.reflect.Method.invoke(Method.java:483)
	at org.junit.runners.model.FrameworkMethod$1.runReflectiveCall(FrameworkMethod.java:44)
	at org.junit.internal.runners.model.ReflectiveCallable.run(ReflectiveCallable.java:15)
	at org.junit.runners.model.FrameworkMethod.invokeExplosively(FrameworkMethod.java:41)
	at org.junit.internal.runners.statements.InvokeMethod.evaluate(InvokeMethod.java:20)
	at org.junit.internal.runners.statements.FailOnTimeout$1.run(FailOnTimeout.java:28)
</failure>
  </testcase>
  <testcase classname="io.cloudboost.CloudQueryTest" name="notEqualToWithNull" time="7.83"/>
  <testcase classname="io.cloudboost.CloudQueryTest" name="selectColumnDistinct" time="21.686">
    <error type="java.lang.NullPointerException">java.lang.NullPointerException
	at io.cloudboost.CloudQueryTest$12.done(CloudQueryTest.java:313)
	at io.cloudboost.CloudObject.save(CloudObject.java:893)
	at io.cloudboost.CloudQueryTest.selectColumnDistinct(CloudQueryTest.java:309)
	at sun.reflect.NativeMethodAccessorImpl.invoke0(Native Method)
	at sun.reflect.NativeMethodAccessorImpl.invoke(NativeMethodAccessorImpl.java:62)
	at sun.reflect.DelegatingMethodAccessorImpl.invoke(DelegatingMethodAccessorImpl.java:43)
	at java.lang.reflect.Method.invoke(Method.java:483)
	at org.junit.runners.model.FrameworkMethod$1.runReflectiveCall(FrameworkMethod.java:44)
	at org.junit.internal.runners.model.ReflectiveCallable.run(ReflectiveCallable.java:15)
	at org.junit.runners.model.FrameworkMethod.invokeExplosively(FrameworkMethod.java:41)
	at org.junit.internal.runners.statements.InvokeMethod.evaluate(InvokeMethod.java:20)
	at org.junit.internal.runners.statements.FailOnTimeout$1.run(FailOnTimeout.java:28)
</error>
    <system-err>java.lang.NullPointerException
	at io.cloudboost.CloudQueryTest$12.done(CloudQueryTest.java:313)
	at io.cloudboost.CloudObject.save(CloudObject.java:888)
	at io.cloudboost.CloudQueryTest.selectColumnDistinct(CloudQueryTest.java:309)
	at sun.reflect.NativeMethodAccessorImpl.invoke0(Native Method)
	at sun.reflect.NativeMethodAccessorImpl.invoke(NativeMethodAccessorImpl.java:62)
	at sun.reflect.DelegatingMethodAccessorImpl.invoke(DelegatingMethodAccessorImpl.java:43)
	at java.lang.reflect.Method.invoke(Method.java:483)
	at org.junit.runners.model.FrameworkMethod$1.runReflectiveCall(FrameworkMethod.java:44)
	at org.junit.internal.runners.model.ReflectiveCallable.run(ReflectiveCallable.java:15)
	at org.junit.runners.model.FrameworkMethod.invokeExplosively(FrameworkMethod.java:41)
	at org.junit.internal.runners.statements.InvokeMethod.evaluate(InvokeMethod.java:20)
	at org.junit.internal.runners.statements.FailOnTimeout$1.run(FailOnTimeout.java:28)
</system-err>
  </testcase>
  <testcase classname="io.cloudboost.CloudQueryTest" name="greaterThanEqualTo" time="0"/>
  <testcase classname="io.cloudboost.CloudQueryTest" name="saveListWithinColumn" time="0.976"/>
  <testcase classname="io.cloudboost.CloudQueryTest" name="saveDataWithGivenValue" time="1.02"/>
  <testcase classname="io.cloudboost.CloudQueryTest" name="shouldNotRetrieveDataWithAparticularValue" time="10.004">
    <failure type="junit.framework.AssertionFailedError:">junit.framework.AssertionFailedError: null
	at junit.framework.Assert.fail(Assert.java:47)
	at io.cloudboost.CloudQueryTest$42.done(CloudQueryTest.java:1282)
	at io.cloudboost.CloudQuery.find(CloudQuery.java:1426)
	at io.cloudboost.CloudQueryTest.shouldNotRetrieveDataWithAparticularValue(CloudQueryTest.java:1276)
	at sun.reflect.NativeMethodAccessorImpl.invoke0(Native Method)
	at sun.reflect.NativeMethodAccessorImpl.invoke(NativeMethodAccessorImpl.java:62)
	at sun.reflect.DelegatingMethodAccessorImpl.invoke(DelegatingMethodAccessorImpl.java:43)
	at java.lang.reflect.Method.invoke(Method.java:483)
	at org.junit.runners.model.FrameworkMethod$1.runReflectiveCall(FrameworkMethod.java:44)
	at org.junit.internal.runners.model.ReflectiveCallable.run(ReflectiveCallable.java:15)
	at org.junit.runners.model.FrameworkMethod.invokeExplosively(FrameworkMethod.java:41)
	at org.junit.internal.runners.statements.InvokeMethod.evaluate(InvokeMethod.java:20)
	at org.junit.internal.runners.statements.FailOnTimeout$1.run(FailOnTimeout.java:28)
</failure>
  </testcase>
  <testcase classname="io.cloudboost.CloudQueryTest" name="findOne" time="3.956"/>
  <testcase classname="io.cloudboost.CloudQueryTest" name="findById" time="2.018"/>
  <testcase classname="io.cloudboost.CloudQueryTest" name="findData" time="10.002">
    <failure type="junit.framework.AssertionFailedError:">junit.framework.AssertionFailedError: null
	at junit.framework.Assert.fail(Assert.java:47)
	at io.cloudboost.CloudQueryTest$19.done(CloudQueryTest.java:508)
	at io.cloudboost.CloudQuery.find(CloudQuery.java:1426)
	at io.cloudboost.CloudQueryTest.findData(CloudQueryTest.java:504)
	at sun.reflect.NativeMethodAccessorImpl.invoke0(Native Method)
	at sun.reflect.NativeMethodAccessorImpl.invoke(NativeMethodAccessorImpl.java:62)
	at sun.reflect.DelegatingMethodAccessorImpl.invoke(DelegatingMethodAccessorImpl.java:43)
	at java.lang.reflect.Method.invoke(Method.java:483)
	at org.junit.runners.model.FrameworkMethod$1.runReflectiveCall(FrameworkMethod.java:44)
	at org.junit.internal.runners.model.ReflectiveCallable.run(ReflectiveCallable.java:15)
	at org.junit.runners.model.FrameworkMethod.invokeExplosively(FrameworkMethod.java:41)
	at org.junit.internal.runners.statements.InvokeMethod.evaluate(InvokeMethod.java:20)
	at org.junit.internal.runners.statements.FailOnTimeout$1.run(FailOnTimeout.java:28)
</failure>
  </testcase>
  <testcase classname="io.cloudboost.CloudQueryTest" name="lessThan" time="9.492"/>
  <testcase classname="io.cloudboost.CloudQueryTest" name="selectColumnShouldWorkOnDistinct" time="1.868"/>
  <testcase classname="io.cloudboost.CloudQueryTest" name="selectColumnShouldWorkOnFind" time="10.003">
    <failure type="junit.framework.AssertionFailedError:">junit.framework.AssertionFailedError: null
	at junit.framework.Assert.fail(Assert.java:47)
	at io.cloudboost.CloudQueryTest$5.done(CloudQueryTest.java:155)
	at io.cloudboost.CloudObject.save(CloudObject.java:888)
	at io.cloudboost.CloudQueryTest.selectColumnShouldWorkOnFind(CloudQueryTest.java:150)
	at sun.reflect.NativeMethodAccessorImpl.invoke0(Native Method)
	at sun.reflect.NativeMethodAccessorImpl.invoke(NativeMethodAccessorImpl.java:62)
	at sun.reflect.DelegatingMethodAccessorImpl.invoke(DelegatingMethodAccessorImpl.java:43)
	at java.lang.reflect.Method.invoke(Method.java:483)
	at org.junit.runners.model.FrameworkMethod$1.runReflectiveCall(FrameworkMethod.java:44)
	at org.junit.internal.runners.model.ReflectiveCallable.run(ReflectiveCallable.java:15)
	at org.junit.runners.model.FrameworkMethod.invokeExplosively(FrameworkMethod.java:41)
	at org.junit.internal.runners.statements.InvokeMethod.evaluate(InvokeMethod.java:20)
	at org.junit.internal.runners.statements.FailOnTimeout$1.run(FailOnTimeout.java:28)
</failure>
  </testcase>
  <testcase classname="io.cloudboost.CloudQueryTest" name="retrieveDataWithParticularValue" time="3.522"/>
  <testcase classname="io.cloudboost.CloudQueryTest" name="getEncryptedPasswordOverOr" time="10.002">
    <failure type="junit.framework.AssertionFailedError:">junit.framework.AssertionFailedError: null
	at junit.framework.Assert.fail(Assert.java:47)
	at io.cloudboost.CloudQueryTest$36.done(CloudQueryTest.java:1050)
	at io.cloudboost.CloudObject.save(CloudObject.java:888)
	at io.cloudboost.CloudQueryTest.getEncryptedPasswordOverOr(CloudQueryTest.java:1045)
	at sun.reflect.NativeMethodAccessorImpl.invoke0(Native Method)
	at sun.reflect.NativeMethodAccessorImpl.invoke(NativeMethodAccessorImpl.java:62)
	at sun.reflect.DelegatingMethodAccessorImpl.invoke(DelegatingMethodAccessorImpl.java:43)
	at java.lang.reflect.Method.invoke(Method.java:483)
	at org.junit.runners.model.FrameworkMethod$1.runReflectiveCall(FrameworkMethod.java:44)
	at org.junit.internal.runners.model.ReflectiveCallable.run(ReflectiveCallable.java:15)
	at org.junit.runners.model.FrameworkMethod.invokeExplosively(FrameworkMethod.java:41)
	at org.junit.internal.runners.statements.InvokeMethod.evaluate(InvokeMethod.java:20)
	at org.junit.internal.runners.statements.FailOnTimeout$1.run(FailOnTimeout.java:28)
</failure>
  </testcase>
  <testcase classname="io.cloudboost.CloudQueryTest" name="queryOverLinkedColumnWithEqualTo" time="11.554"/>
  <testcase classname="io.cloudboost.CloudQueryTest" name="containedInShouldWorkOnId" time="12.011">
    <failure type="junit.framework.AssertionFailedError:">junit.framework.AssertionFailedError: null
	at junit.framework.Assert.fail(Assert.java:47)
	at io.cloudboost.CloudQueryTest$40$1$1.done(CloudQueryTest.java:1214)
	at io.cloudboost.CloudObject.save(CloudObject.java:888)
	at io.cloudboost.CloudQueryTest$40$1.done(CloudQueryTest.java:1209)
	at io.cloudboost.CloudObject.save(CloudObject.java:884)
	at io.cloudboost.CloudQueryTest$40.done(CloudQueryTest.java:1200)
	at io.cloudboost.CloudObject.save(CloudObject.java:884)
	at io.cloudboost.CloudQueryTest.containedInShouldWorkOnId(CloudQueryTest.java:1191)
	at sun.reflect.NativeMethodAccessorImpl.invoke0(Native Method)
	at sun.reflect.NativeMethodAccessorImpl.invoke(NativeMethodAccessorImpl.java:62)
	at sun.reflect.DelegatingMethodAccessorImpl.invoke(DelegatingMethodAccessorImpl.java:43)
	at java.lang.reflect.Method.invoke(Method.java:483)
	at org.junit.runners.model.FrameworkMethod$1.runReflectiveCall(FrameworkMethod.java:44)
	at org.junit.internal.runners.model.ReflectiveCallable.run(ReflectiveCallable.java:15)
	at org.junit.runners.model.FrameworkMethod.invokeExplosively(FrameworkMethod.java:41)
	at org.junit.internal.runners.statements.InvokeMethod.evaluate(InvokeMethod.java:20)
	at org.junit.internal.runners.statements.FailOnTimeout$1.run(FailOnTimeout.java:28)
</failure>
  </testcase>
  <testcase classname="io.cloudboost.CloudQueryTest" name="shouldReturnCountAsInteger" time="3.525"/>
  <testcase classname="io.cloudboost.CloudQueryTest" name="shouldRetrieveWhenNotNullColumn" time="10.002">
    <failure type="junit.framework.AssertionFailedError:">junit.framework.AssertionFailedError: null
	at junit.framework.Assert.fail(Assert.java:47)
	at io.cloudboost.CloudQueryTest$1.done(CloudQueryTest.java:27)
	at io.cloudboost.CloudObject.save(CloudObject.java:888)
	at io.cloudboost.CloudQueryTest.shouldRetrieveWhenNotNullColumn(CloudQueryTest.java:22)
	at sun.reflect.NativeMethodAccessorImpl.invoke0(Native Method)
	at sun.reflect.NativeMethodAccessorImpl.invoke(NativeMethodAccessorImpl.java:62)
	at sun.reflect.DelegatingMethodAccessorImpl.invoke(DelegatingMethodAccessorImpl.java:43)
	at java.lang.reflect.Method.invoke(Method.java:483)
	at org.junit.runners.model.FrameworkMethod$1.runReflectiveCall(FrameworkMethod.java:44)
	at org.junit.internal.runners.model.ReflectiveCallable.run(ReflectiveCallable.java:15)
	at org.junit.runners.model.FrameworkMethod.invokeExplosively(FrameworkMethod.java:41)
	at org.junit.internal.runners.statements.InvokeMethod.evaluate(InvokeMethod.java:20)
	at org.junit.internal.runners.statements.FailOnTimeout$1.run(FailOnTimeout.java:28)
</failure>
  </testcase>
  <testcase classname="io.cloudboost.CloudQueryTest" name="shouldRetrieveWhenNullColumn" time="9.363"/>
  <testcase classname="io.cloudboost.CloudQueryTest" name="saveDataWithParticularValue" time="10.003">
    <error type="java.lang.NullPointerException">java.lang.NullPointerException
	at io.cloudboost.CloudQueryTest$7.done(CloudQueryTest.java:203)
	at io.cloudboost.CloudObject.save(CloudObject.java:893)
	at io.cloudboost.CloudQueryTest.saveDataWithParticularValue(CloudQueryTest.java:199)
	at sun.reflect.NativeMethodAccessorImpl.invoke0(Native Method)
	at sun.reflect.NativeMethodAccessorImpl.invoke(NativeMethodAccessorImpl.java:62)
	at sun.reflect.DelegatingMethodAccessorImpl.invoke(DelegatingMethodAccessorImpl.java:43)
	at java.lang.reflect.Method.invoke(Method.java:483)
	at org.junit.runners.model.FrameworkMethod$1.runReflectiveCall(FrameworkMethod.java:44)
	at org.junit.internal.runners.model.ReflectiveCallable.run(ReflectiveCallable.java:15)
	at org.junit.runners.model.FrameworkMethod.invokeExplosively(FrameworkMethod.java:41)
	at org.junit.internal.runners.statements.InvokeMethod.evaluate(InvokeMethod.java:20)
	at org.junit.internal.runners.statements.FailOnTimeout$1.run(FailOnTimeout.java:28)
</error>
    <system-err>java.lang.NullPointerException
	at io.cloudboost.CloudQueryTest$7.done(CloudQueryTest.java:203)
	at io.cloudboost.CloudObject.save(CloudObject.java:888)
	at io.cloudboost.CloudQueryTest.saveDataWithParticularValue(CloudQueryTest.java:199)
	at sun.reflect.NativeMethodAccessorImpl.invoke0(Native Method)
	at sun.reflect.NativeMethodAccessorImpl.invoke(NativeMethodAccessorImpl.java:62)
	at sun.reflect.DelegatingMethodAccessorImpl.invoke(DelegatingMethodAccessorImpl.java:43)
	at java.lang.reflect.Method.invoke(Method.java:483)
	at org.junit.runners.model.FrameworkMethod$1.runReflectiveCall(FrameworkMethod.java:44)
	at org.junit.internal.runners.model.ReflectiveCallable.run(ReflectiveCallable.java:15)
	at org.junit.runners.model.FrameworkMethod.invokeExplosively(FrameworkMethod.java:41)
	at org.junit.internal.runners.statements.InvokeMethod.evaluate(InvokeMethod.java:20)
	at org.junit.internal.runners.statements.FailOnTimeout$1.run(FailOnTimeout.java:28)
</system-err>
  </testcase>
  <testcase classname="io.cloudboost.CloudQueryTest" name="saveDataWithAParticularValue" time="8.606"/>
  <testcase classname="io.cloudboost.CloudQueryTest" name="getEncryptedPasswordOverQuery" time="3.8"/>
  <testcase classname="io.cloudboost.CloudQueryTest" name="retrieveElementWithGivenId" time="10.002">
    <failure type="junit.framework.AssertionFailedError:">junit.framework.AssertionFailedError: null
	at junit.framework.Assert.fail(Assert.java:47)
	at io.cloudboost.CloudQueryTest$53.done(CloudQueryTest.java:1685)
	at io.cloudboost.CloudObject.save(CloudObject.java:888)
	at io.cloudboost.CloudQueryTest.retrieveElementWithGivenId(CloudQueryTest.java:1680)
	at sun.reflect.NativeMethodAccessorImpl.invoke0(Native Method)
	at sun.reflect.NativeMethodAccessorImpl.invoke(NativeMethodAccessorImpl.java:62)
	at sun.reflect.DelegatingMethodAccessorImpl.invoke(DelegatingMethodAccessorImpl.java:43)
	at java.lang.reflect.Method.invoke(Method.java:483)
	at org.junit.runners.model.FrameworkMethod$1.runReflectiveCall(FrameworkMethod.java:44)
	at org.junit.internal.runners.model.ReflectiveCallable.run(ReflectiveCallable.java:15)
	at org.junit.runners.model.FrameworkMethod.invokeExplosively(FrameworkMethod.java:41)
	at org.junit.internal.runners.statements.InvokeMethod.evaluate(InvokeMethod.java:20)
	at org.junit.internal.runners.statements.FailOnTimeout$1.run(FailOnTimeout.java:28)
</failure>
  </testcase>
  <testcase classname="io.cloudboost.CloudQueryTest" name="shouldQueryOverBooleanType" time="15.308">
    <failure type="junit.framework.AssertionFailedError:">junit.framework.AssertionFailedError: null
	at junit.framework.Assert.fail(Assert.java:47)
	at io.cloudboost.CloudQueryTest$47.done(CloudQueryTest.java:1419)
	at io.cloudboost.CloudObject.save(CloudObject.java:888)
	at io.cloudboost.CloudQueryTest.shouldQueryOverBooleanType(CloudQueryTest.java:1414)
	at sun.reflect.NativeMethodAccessorImpl.invoke0(Native Method)
	at sun.reflect.NativeMethodAccessorImpl.invoke(NativeMethodAccessorImpl.java:62)
	at sun.reflect.DelegatingMethodAccessorImpl.invoke(DelegatingMethodAccessorImpl.java:43)
	at java.lang.reflect.Method.invoke(Method.java:483)
	at org.junit.runners.model.FrameworkMethod$1.runReflectiveCall(FrameworkMethod.java:44)
	at org.junit.internal.runners.model.ReflectiveCallable.run(ReflectiveCallable.java:15)
	at org.junit.runners.model.FrameworkMethod.invokeExplosively(FrameworkMethod.java:41)
	at org.junit.internal.runners.statements.InvokeMethod.evaluate(InvokeMethod.java:20)
	at org.junit.internal.runners.statements.FailOnTimeout$1.run(FailOnTimeout.java:28)
</failure>
    <system-err>Exception in thread &quot;EventThread&quot; java.lang.NullPointerException
	at io.socket.client.Socket.onevent(Socket.java:316)
	at io.socket.client.Socket.onpacket(Socket.java:280)
	at io.socket.client.Socket.access$100(Socket.java:18)
	at io.socket.client.Socket$2$2.call(Socket.java:101)
	at io.socket.emitter.Emitter.emit(Emitter.java:117)
	at io.socket.client.Manager.ondecoded(Manager.java:381)
	at io.socket.client.Manager.access$1200(Manager.java:20)
	at io.socket.client.Manager$3.call(Manager.java:355)
	at io.socket.emitter.Emitter.emit(Emitter.java:117)
	at io.socket.parser.Parser$Decoder.add(Parser.java:156)
	at io.socket.client.Manager.ondata(Manager.java:373)
	at io.socket.client.Manager.access$1000(Manager.java:20)
	at io.socket.client.Manager$2.call(Manager.java:346)
	at io.socket.emitter.Emitter.emit(Emitter.java:117)
	at io.socket.engineio.client.Socket.onPacket(Socket.java:497)
	at io.socket.engineio.client.Socket.access$900(Socket.java:30)
	at io.socket.engineio.client.Socket$5.call(Socket.java:300)
	at io.socket.emitter.Emitter.emit(Emitter.java:117)
	at io.socket.engineio.client.Transport.onPacket(Transport.java:124)
	at io.socket.engineio.client.Transport.onData(Transport.java:116)
	at io.socket.engineio.client.transports.WebSocket.access$300(WebSocket.java:26)
	at io.socket.engineio.client.transports.WebSocket$1$3.run(WebSocket.java:102)
	at io.socket.thread.EventThread$2.run(EventThread.java:75)
	at java.util.concurrent.ThreadPoolExecutor.runWorker(ThreadPoolExecutor.java:1142)
	at java.util.concurrent.ThreadPoolExecutor$Worker.run(ThreadPoolExecutor.java:617)
	at java.lang.Thread.run(Thread.java:745)
</system-err>
  </testcase>
  <testcase classname="io.cloudboost.CloudQueryTest" name="shouldQueryOverLinkedColumn" time="31.67"/>
  <testcase classname="io.cloudboost.CloudQueryTest" name="shouldLimitNumberOfDataItems" time="32.311"/>
  <testcase classname="io.cloudboost.CloudQueryTest" name="shouldIncludeRelationOnDistinct" time="9.31"/>
  <testcase classname="io.cloudboost.CloudQueryTest" name="shouldIncludeWithFindById" time="9.25"/>
  <testcase classname="io.cloudboost.CloudQueryTest" name="containedInOverListOfCloudObject" time="5.669"/>
  <testcase classname="io.cloudboost.CloudQueryTest" name="doesNotExists" time="4.998"/>
  <testcase classname="io.cloudboost.CloudQueryTest" name="findItemById" time="10.003">
    <failure type="junit.framework.AssertionFailedError:">junit.framework.AssertionFailedError: null
	at junit.framework.Assert.fail(Assert.java:47)
	at io.cloudboost.CloudQueryTest$17.done(CloudQueryTest.java:441)
	at io.cloudboost.CloudObject.save(CloudObject.java:888)
	at io.cloudboost.CloudQueryTest.findItemById(CloudQueryTest.java:436)
	at sun.reflect.NativeMethodAccessorImpl.invoke0(Native Method)
	at sun.reflect.NativeMethodAccessorImpl.invoke(NativeMethodAccessorImpl.java:62)
	at sun.reflect.DelegatingMethodAccessorImpl.invoke(DelegatingMethodAccessorImpl.java:43)
	at java.lang.reflect.Method.invoke(Method.java:483)
	at org.junit.runners.model.FrameworkMethod$1.runReflectiveCall(FrameworkMethod.java:44)
	at org.junit.internal.runners.model.ReflectiveCallable.run(ReflectiveCallable.java:15)
	at org.junit.runners.model.FrameworkMethod.invokeExplosively(FrameworkMethod.java:41)
	at org.junit.internal.runners.statements.InvokeMethod.evaluate(InvokeMethod.java:20)
	at org.junit.internal.runners.statements.FailOnTimeout$1.run(FailOnTimeout.java:28)
</failure>
  </testcase>
  <testcase classname="io.cloudboost.CloudQueryTest" name="equalToWithNull" time="9.419"/>
  <testcase classname="io.cloudboost.CloudQueryTest" name="saveMultiJoin" time="2.159"/>
  <testcase classname="io.cloudboost.CloudQueryTest" name="saveListInColumn" time="1.769"/>
  <testcase classname="io.cloudboost.CloudQueryTest" name="includeFindById" time="3.621"/>
  <testcase classname="io.cloudboost.CloudQueryTest" name="ascendingOrder" time="2.071"/>
  <testcase classname="io.cloudboost.CloudQueryTest" name="selectColumn" time="1.988"/>
  <testcase classname="io.cloudboost.CloudQueryTest" name="findDataWithId" time="1.92"/>
  <testcase classname="io.cloudboost.CloudQueryTest" name="notContianedIn" time="2.392"/>
  <testcase classname="io.cloudboost.CloudQueryTest" name="greaterThan" time="2.029"/>
  <testcase classname="io.cloudboost.CloudQueryTest" name="lessThanEqualTo" time="2.141"/>
  <testcase classname="io.cloudboost.CloudQueryTest" name="descendingOrder" time="2.638"/>
  <testcase classname="io.cloudboost.CloudQueryTest" name="saveRelation" time="5.082"/>
  <testcase classname="io.cloudboost.CloudQueryTest" name="shouldRetrieveWhenNotNullColumnNotEqFunc" time="2.027"/>
  <testcase classname="io.cloudboost.CloudQueryTest" name="shouldLimitNumberOfDataItemsToOne" time="0.861"/>
  <testcase classname="io.cloudboost.CloudQueryTest" name="shouldGetElementNotHavingGivenColumnName" time="0.87"/>
  <testcase classname="io.cloudboost.CloudQueryTest" name="shouldNotGiveElementWithGivenRelation" time="8.812"/>
  <testcase classname="io.cloudboost.CloudQueryTest" name="shouldNotEncryptAlreadyEncryptedPassword" time="4.44"/>
</testsuite>