<?xml version="1.0" encoding="UTF-8" ?>
<testsuite tests="54" failures="2" name="io.cloudboost.CloudQueryTest" time="185.831" errors="0" skipped="0">
  <properties>
    <property name="java.runtime.name" value="Java(TM) SE Runtime Environment"/>
    <property name="sun.boot.library.path" value="C:\Program Files\jdk1.8.0_05\jre\bin"/>
    <property name="java.vm.version" value="25.5-b02"/>
    <property name="java.vm.vendor" value="Oracle Corporation"/>
    <property name="maven.multiModuleProjectDirectory" value="E:\Engineer\programming\projects\javaSDK\git_repo"/>
    <property name="java.vendor.url" value="http://java.oracle.com/"/>
    <property name="path.separator" value=";"/>
    <property name="guice.disable.misplaced.annotation.check" value="true"/>
    <property name="java.vm.name" value="Java HotSpot(TM) Client VM"/>
    <property name="file.encoding.pkg" value="sun.io"/>
    <property name="user.script" value=""/>
    <property name="user.country" value="US"/>
    <property name="sun.java.launcher" value="SUN_STANDARD"/>
    <property name="sun.os.patch.level" value=""/>
    <property name="java.vm.specification.name" value="Java Virtual Machine Specification"/>
    <property name="user.dir" value="E:\Engineer\programming\projects\javaSDK\git_repo"/>
    <property name="java.runtime.version" value="1.8.0_05-b13"/>
    <property name="java.awt.graphicsenv" value="sun.awt.Win32GraphicsEnvironment"/>
    <property name="java.endorsed.dirs" value="C:\Program Files\jdk1.8.0_05\jre\lib\endorsed"/>
    <property name="os.arch" value="x86"/>
    <property name="java.io.tmpdir" value="C:\Users\new\AppData\Local\Temp\"/>
    <property name="line.separator" value="
"/>
    <property name="java.vm.specification.vendor" value="Oracle Corporation"/>
    <property name="user.variant" value=""/>
    <property name="os.name" value="Windows 8.1"/>
    <property name="classworlds.conf" value="C:\Program Files (x86)\apache-maven-3.3.3\bin\..\bin\m2.conf"/>
    <property name="sun.jnu.encoding" value="Cp1252"/>
    <property name="java.library.path" value="C:\Program Files\jdk1.8.0_05\bin;C:\Windows\Sun\Java\bin;C:\Windows\system32;C:\Windows;C:\ProgramData\Oracle\Java\javapath;C:\oraclexe\app\oracle\product\11.2.0\server\bin;;C:\Program Files (x86)\Intel\iCLS Client\;C:\Program Files\Intel\iCLS Client\;C:\Windows\system32;C:\Windows;C:\Windows\System32\Wbem;C:\Windows\System32\WindowsPowerShell\v1.0\;C:\Program Files\Intel\Intel(R) Management Engine Components\DAL;C:\Program Files\Intel\Intel(R) Management Engine Components\IPT;C:\Program Files (x86)\Intel\Intel(R) Management Engine Components\DAL;C:\Program Files (x86)\Intel\Intel(R) Management Engine Components\IPT;C:\Program Files\Intel\WiFi\bin\;C:\Program Files\Common Files\Intel\WirelessCommon\;C:\Program Files (x86)\Skype\Phone\;C:\Program Files (x86)\GNU\GnuPG\pub;C:\Program Files\MySQL\MySQL Server 5.6\bin;C:\Program Files (x86)\apache-ant-1.9.6\bin;C:\Program Files\jdk1.8.0_05\bin;E:\Engineer\eclipse\android-sdk-windows\tools;E:\Engineer\eclipse\android-sdk-windows\platform-tools;C:\Program Files\jdk1.8.0_05\bin;C:\Program Files\MongoDB\Server\3.0\bin;E:\Engineer\eclipse\eclipse;E:\Engineer\eclipse\myeclipse;C:\Program Files (x86)\apache-maven-3.3.3\bin;C:\Program Files (x86)\GNU\GnuPG;."/>
    <property name="java.specification.name" value="Java Platform API Specification"/>
    <property name="java.class.version" value="52.0"/>
    <property name="sun.management.compiler" value="HotSpot Client Compiler"/>
    <property name="os.version" value="6.3"/>
    <property name="user.home" value="C:\Users\new"/>
    <property name="user.timezone" value="Africa/Nairobi"/>
    <property name="java.awt.printerjob" value="sun.awt.windows.WPrinterJob"/>
    <property name="java.specification.version" value="1.8"/>
    <property name="file.encoding" value="Cp1252"/>
    <property name="user.name" value="new"/>
    <property name="java.class.path" value="C:\Program Files (x86)\apache-maven-3.3.3\bin\..\boot\plexus-classworlds-2.5.2.jar"/>
    <property name="java.vm.specification.version" value="1.8"/>
    <property name="sun.arch.data.model" value="32"/>
    <property name="java.home" value="C:\Program Files\jdk1.8.0_05\jre"/>
    <property name="sun.java.command" value="org.codehaus.plexus.classworlds.launcher.Launcher test"/>
    <property name="java.specification.vendor" value="Oracle Corporation"/>
    <property name="user.language" value="en"/>
    <property name="awt.toolkit" value="sun.awt.windows.WToolkit"/>
    <property name="java.vm.info" value="mixed mode"/>
    <property name="java.version" value="1.8.0_05"/>
    <property name="java.ext.dirs" value="C:\Program Files\jdk1.8.0_05\jre\lib\ext;C:\Windows\Sun\Java\lib\ext"/>
    <property name="sun.boot.class.path" value="C:\Program Files\jdk1.8.0_05\jre\lib\resources.jar;C:\Program Files\jdk1.8.0_05\jre\lib\rt.jar;C:\Program Files\jdk1.8.0_05\jre\lib\sunrsasign.jar;C:\Program Files\jdk1.8.0_05\jre\lib\jsse.jar;C:\Program Files\jdk1.8.0_05\jre\lib\jce.jar;C:\Program Files\jdk1.8.0_05\jre\lib\charsets.jar;C:\Program Files\jdk1.8.0_05\jre\lib\jfr.jar;C:\Program Files\jdk1.8.0_05\jre\classes"/>
    <property name="sun.stderr.encoding" value="cp437"/>
    <property name="java.vendor" value="Oracle Corporation"/>
    <property name="maven.home" value="C:\Program Files (x86)\apache-maven-3.3.3\bin\.."/>
    <property name="file.separator" value="\"/>
    <property name="java.vendor.url.bug" value="http://bugreport.sun.com/bugreport/"/>
    <property name="sun.cpu.endian" value="little"/>
    <property name="sun.io.unicode.encoding" value="UnicodeLittle"/>
    <property name="sun.stdout.encoding" value="cp437"/>
    <property name="sun.desktop" value="windows"/>
    <property name="sun.cpu.isalist" value="pentium_pro+mmx pentium_pro pentium+mmx pentium i486 i386 i86"/>
  </properties>
  <testcase classname="io.cloudboost.CloudQueryTest" name="startsWith" time="7.873"/>
  <testcase classname="io.cloudboost.CloudQueryTest" name="containsAll" time="1.985"/>
  <testcase classname="io.cloudboost.CloudQueryTest" name="exists" time="2.049"/>
  <testcase classname="io.cloudboost.CloudQueryTest" name="shouldIncludeRelationObjectWhenIncludeIsRequestedInQuery" time="6.03"/>
  <testcase classname="io.cloudboost.CloudQueryTest" name="shouldNotEncryptAlreadyEncryptedPassword" time="3.998"/>
  <testcase classname="io.cloudboost.CloudQueryTest" name="shouldGetElementNotHavingGivenColumnName" time="0.84"/>
  <testcase classname="io.cloudboost.CloudQueryTest" name="shouldNotGiveElementWithGivenRelation" time="3.47"/>
  <testcase classname="io.cloudboost.CloudQueryTest" name="shouldLimitNumberOfDataItemsToOne" time="1.548"/>
  <testcase classname="io.cloudboost.CloudQueryTest" name="shouldRetrieveWhenNotNullColumnNotEqFunc" time="1.812"/>
  <testcase classname="io.cloudboost.CloudQueryTest" name="findOne" time="0.829"/>
  <testcase classname="io.cloudboost.CloudQueryTest" name="findById" time="1.999"/>
  <testcase classname="io.cloudboost.CloudQueryTest" name="findData" time="0.931"/>
  <testcase classname="io.cloudboost.CloudQueryTest" name="lessThan" time="3.269"/>
  <testcase classname="io.cloudboost.CloudQueryTest" name="shouldNotRetrieveDataWithAparticularValue" time="0.919"/>
  <testcase classname="io.cloudboost.CloudQueryTest" name="retrieveDataWithParticularValue" time="2.151"/>
  <testcase classname="io.cloudboost.CloudQueryTest" name="queryOverLinkedColumnWithEqualTo" time="3.524"/>
  <testcase classname="io.cloudboost.CloudQueryTest" name="shouldQueryOverLinkedColumn" time="11.17">
    <failure type="junit.framework.AssertionFailedError:">junit.framework.AssertionFailedError: null
	at junit.framework.Assert.fail(Assert.java:47)
	at io.cloudboost.CloudQueryTest$50$1.done(CloudQueryTest.java:1585)
	at io.cloudboost.CloudQuery.find(CloudQuery.java:1426)
	at io.cloudboost.CloudQueryTest$50.done(CloudQueryTest.java:1579)
	at io.cloudboost.CloudObject.save(CloudObject.java:884)
	at io.cloudboost.CloudQueryTest.shouldQueryOverLinkedColumn(CloudQueryTest.java:1566)
	at sun.reflect.NativeMethodAccessorImpl.invoke0(Native Method)
	at sun.reflect.NativeMethodAccessorImpl.invoke(NativeMethodAccessorImpl.java:62)
	at sun.reflect.DelegatingMethodAccessorImpl.invoke(DelegatingMethodAccessorImpl.java:43)
	at java.lang.reflect.Method.invoke(Method.java:483)
	at org.junit.runners.model.FrameworkMethod$1.runReflectiveCall(FrameworkMethod.java:44)
	at org.junit.internal.runners.model.ReflectiveCallable.run(ReflectiveCallable.java:15)
	at org.junit.runners.model.FrameworkMethod.invokeExplosively(FrameworkMethod.java:41)
	at org.junit.internal.runners.statements.InvokeMethod.evaluate(InvokeMethod.java:20)
	at org.junit.internal.runners.statements.FailOnTimeout$1.run(FailOnTimeout.java:28)
</failure>
  </testcase>
  <testcase classname="io.cloudboost.CloudQueryTest" name="getEncryptedPasswordOverOr" time="13.078">
    <failure type="junit.framework.AssertionFailedError:">junit.framework.AssertionFailedError: null
	at junit.framework.Assert.fail(Assert.java:47)
	at io.cloudboost.CloudQueryTest$36.done(CloudQueryTest.java:1050)
	at io.cloudboost.CloudObject.save(CloudObject.java:888)
	at io.cloudboost.CloudQueryTest.getEncryptedPasswordOverOr(CloudQueryTest.java:1045)
	at sun.reflect.NativeMethodAccessorImpl.invoke0(Native Method)
	at sun.reflect.NativeMethodAccessorImpl.invoke(NativeMethodAccessorImpl.java:62)
	at sun.reflect.DelegatingMethodAccessorImpl.invoke(DelegatingMethodAccessorImpl.java:43)
	at java.lang.reflect.Method.invoke(Method.java:483)
	at org.junit.runners.model.FrameworkMethod$1.runReflectiveCall(FrameworkMethod.java:44)
	at org.junit.internal.runners.model.ReflectiveCallable.run(ReflectiveCallable.java:15)
	at org.junit.runners.model.FrameworkMethod.invokeExplosively(FrameworkMethod.java:41)
	at org.junit.internal.runners.statements.InvokeMethod.evaluate(InvokeMethod.java:20)
	at org.junit.internal.runners.statements.FailOnTimeout$1.run(FailOnTimeout.java:28)
</failure>
  </testcase>
  <testcase classname="io.cloudboost.CloudQueryTest" name="saveDataWithAParticularValue" time="3.802"/>
  <testcase classname="io.cloudboost.CloudQueryTest" name="containedInShouldWorkOnId" time="3.81"/>
  <testcase classname="io.cloudboost.CloudQueryTest" name="shouldRetrieveWhenNullColumn" time="2.676"/>
  <testcase classname="io.cloudboost.CloudQueryTest" name="selectColumnShouldWorkOnDistinct" time="1.788"/>
  <testcase classname="io.cloudboost.CloudQueryTest" name="shouldReturnCountAsInteger" time="0.789"/>
  <testcase classname="io.cloudboost.CloudQueryTest" name="shouldQueryOverBooleanType" time="8.429"/>
  <testcase classname="io.cloudboost.CloudQueryTest" name="containedInOverListOfCloudObject" time="2.488"/>
  <testcase classname="io.cloudboost.CloudQueryTest" name="shouldRetrieveWhenNotNullColumn" time="2.084"/>
  <testcase classname="io.cloudboost.CloudQueryTest" name="selectColumnShouldWorkOnFind" time="1.946"/>
  <testcase classname="io.cloudboost.CloudQueryTest" name="retrieveElementWithGivenId" time="6.847"/>
  <testcase classname="io.cloudboost.CloudQueryTest" name="shouldIncludeRelationOnDistinct" time="2.131"/>
  <testcase classname="io.cloudboost.CloudQueryTest" name="shouldLimitNumberOfDataItems" time="0.79"/>
  <testcase classname="io.cloudboost.CloudQueryTest" name="shouldIncludeWithFindById" time="2.401"/>
  <testcase classname="io.cloudboost.CloudQueryTest" name="saveDataWithParticularValue" time="1.519"/>
  <testcase classname="io.cloudboost.CloudQueryTest" name="getEncryptedPasswordOverQuery" time="4.289"/>
  <testcase classname="io.cloudboost.CloudQueryTest" name="findDataWithId" time="2.05"/>
  <testcase classname="io.cloudboost.CloudQueryTest" name="equalToWithNull" time="14.387"/>
  <testcase classname="io.cloudboost.CloudQueryTest" name="descendingOrder" time="8.382"/>
  <testcase classname="io.cloudboost.CloudQueryTest" name="doesNotExists" time="1.739"/>
  <testcase classname="io.cloudboost.CloudQueryTest" name="saveRelation" time="1.357"/>
  <testcase classname="io.cloudboost.CloudQueryTest" name="saveMultiJoin" time="1.714"/>
  <testcase classname="io.cloudboost.CloudQueryTest" name="includeFindById" time="2.199"/>
  <testcase classname="io.cloudboost.CloudQueryTest" name="findItemById" time="9.9"/>
  <testcase classname="io.cloudboost.CloudQueryTest" name="notContianedIn" time="1.171"/>
  <testcase classname="io.cloudboost.CloudQueryTest" name="lessThanEqualTo" time="5.271"/>
  <testcase classname="io.cloudboost.CloudQueryTest" name="selectColumn" time="2.088"/>
  <testcase classname="io.cloudboost.CloudQueryTest" name="ascendingOrder" time="1.902"/>
  <testcase classname="io.cloudboost.CloudQueryTest" name="greaterThan" time="2.048"/>
  <testcase classname="io.cloudboost.CloudQueryTest" name="saveListInColumn" time="1.06"/>
  <testcase classname="io.cloudboost.CloudQueryTest" name="greaterThanEqualTo" time="1.941"/>
  <testcase classname="io.cloudboost.CloudQueryTest" name="saveListWithinColumn" time="1.169"/>
  <testcase classname="io.cloudboost.CloudQueryTest" name="notEqualToWithNull" time="2.001"/>
  <testcase classname="io.cloudboost.CloudQueryTest" name="getEncryptedPassword" time="2.499"/>
  <testcase classname="io.cloudboost.CloudQueryTest" name="saveListwithInColumn" time="6.975"/>
  <testcase classname="io.cloudboost.CloudQueryTest" name="selectColumnDistinct" time="1.734"/>
  <testcase classname="io.cloudboost.CloudQueryTest" name="saveDataWithGivenValue" time="0.98"/>
</testsuite>