<?xml version="1.0" encoding="UTF-8" ?>
<testsuite tests="45" failures="0" name="io.cloudboost.object.CloudObjectTest" time="71.913" errors="0" skipped="0">
  <properties>
    <property name="java.runtime.name" value="Java(TM) SE Runtime Environment"/>
    <property name="sun.boot.library.path" value="C:\Program Files\jdk1.8.0_05\jre\bin"/>
    <property name="java.vm.version" value="25.5-b02"/>
    <property name="java.vm.vendor" value="Oracle Corporation"/>
    <property name="maven.multiModuleProjectDirectory" value="E:\Engineer\programming\projects\javaSDK\git_repo"/>
    <property name="java.vendor.url" value="http://java.oracle.com/"/>
    <property name="path.separator" value=";"/>
    <property name="guice.disable.misplaced.annotation.check" value="true"/>
    <property name="java.vm.name" value="Java HotSpot(TM) Client VM"/>
    <property name="file.encoding.pkg" value="sun.io"/>
    <property name="user.script" value=""/>
    <property name="user.country" value="US"/>
    <property name="sun.java.launcher" value="SUN_STANDARD"/>
    <property name="sun.os.patch.level" value=""/>
    <property name="java.vm.specification.name" value="Java Virtual Machine Specification"/>
    <property name="user.dir" value="E:\Engineer\programming\projects\javaSDK\git_repo"/>
    <property name="java.runtime.version" value="1.8.0_05-b13"/>
    <property name="java.awt.graphicsenv" value="sun.awt.Win32GraphicsEnvironment"/>
    <property name="java.endorsed.dirs" value="C:\Program Files\jdk1.8.0_05\jre\lib\endorsed"/>
    <property name="os.arch" value="x86"/>
    <property name="java.io.tmpdir" value="C:\Users\new\AppData\Local\Temp\"/>
    <property name="line.separator" value="
"/>
    <property name="java.vm.specification.vendor" value="Oracle Corporation"/>
    <property name="user.variant" value=""/>
    <property name="os.name" value="Windows 8.1"/>
    <property name="classworlds.conf" value="C:\Program Files (x86)\apache-maven-3.3.3\bin\..\bin\m2.conf"/>
    <property name="sun.jnu.encoding" value="Cp1252"/>
    <property name="java.library.path" value="C:\Program Files\jdk1.8.0_05\bin;C:\Windows\Sun\Java\bin;C:\Windows\system32;C:\Windows;C:\ProgramData\Oracle\Java\javapath;C:\oraclexe\app\oracle\product\11.2.0\server\bin;;C:\Program Files (x86)\Intel\iCLS Client\;C:\Program Files\Intel\iCLS Client\;C:\Windows\system32;C:\Windows;C:\Windows\System32\Wbem;C:\Windows\System32\WindowsPowerShell\v1.0\;C:\Program Files\Intel\Intel(R) Management Engine Components\DAL;C:\Program Files\Intel\Intel(R) Management Engine Components\IPT;C:\Program Files (x86)\Intel\Intel(R) Management Engine Components\DAL;C:\Program Files (x86)\Intel\Intel(R) Management Engine Components\IPT;C:\Program Files\Intel\WiFi\bin\;C:\Program Files\Common Files\Intel\WirelessCommon\;C:\Program Files (x86)\GNU\GnuPG\pub;C:\Program Files (x86)\Microsoft SQL Server\100\Tools\Binn\;C:\Program Files\Microsoft SQL Server\100\Tools\Binn\;C:\Program Files\Microsoft SQL Server\100\DTS\Binn\;C:\Program Files (x86)\Skype\Phone\;C:\Program Files\nodejs\;C:\Program Files\MySQL\MySQL Server 5.6\bin;C:\Program Files (x86)\apache-ant-1.9.6\bin;C:\Program Files\jdk1.8.0_05\bin;E:\Engineer\eclipse\android-sdk-windows\tools;E:\Engineer\eclipse\android-sdk-windows\platform-tools;C:\Program Files\jdk1.8.0_05\bin;C:\Program Files\MongoDB\Server\3.0\bin;E:\Engineer\eclipse\eclipse;E:\Engineer\eclipse\myeclipse;C:\Program Files (x86)\apache-maven-3.3.3\bin;C:\Program Files (x86)\GNU\GnuPG;C:\Program Files\openssl-0.9.8k_X64\bin;C:\Program Files\nodejs;C:\Users\new\AppData\Roaming\npm;C:\Program Files\Wireshark;."/>
    <property name="java.specification.name" value="Java Platform API Specification"/>
    <property name="java.class.version" value="52.0"/>
    <property name="sun.management.compiler" value="HotSpot Client Compiler"/>
    <property name="os.version" value="6.3"/>
    <property name="user.home" value="C:\Users\new"/>
    <property name="user.timezone" value="Africa/Nairobi"/>
    <property name="java.awt.printerjob" value="sun.awt.windows.WPrinterJob"/>
    <property name="java.specification.version" value="1.8"/>
    <property name="file.encoding" value="Cp1252"/>
    <property name="user.name" value="new"/>
    <property name="java.class.path" value="C:\Program Files (x86)\apache-maven-3.3.3\bin\..\boot\plexus-classworlds-2.5.2.jar"/>
    <property name="java.vm.specification.version" value="1.8"/>
    <property name="sun.arch.data.model" value="32"/>
    <property name="java.home" value="C:\Program Files\jdk1.8.0_05\jre"/>
    <property name="sun.java.command" value="org.codehaus.plexus.classworlds.launcher.Launcher test"/>
    <property name="java.specification.vendor" value="Oracle Corporation"/>
    <property name="user.language" value="en"/>
    <property name="awt.toolkit" value="sun.awt.windows.WToolkit"/>
    <property name="java.vm.info" value="mixed mode"/>
    <property name="java.version" value="1.8.0_05"/>
    <property name="java.ext.dirs" value="C:\Program Files\jdk1.8.0_05\jre\lib\ext;C:\Windows\Sun\Java\lib\ext"/>
    <property name="sun.boot.class.path" value="C:\Program Files\jdk1.8.0_05\jre\lib\resources.jar;C:\Program Files\jdk1.8.0_05\jre\lib\rt.jar;C:\Program Files\jdk1.8.0_05\jre\lib\sunrsasign.jar;C:\Program Files\jdk1.8.0_05\jre\lib\jsse.jar;C:\Program Files\jdk1.8.0_05\jre\lib\jce.jar;C:\Program Files\jdk1.8.0_05\jre\lib\charsets.jar;C:\Program Files\jdk1.8.0_05\jre\lib\jfr.jar;C:\Program Files\jdk1.8.0_05\jre\classes"/>
    <property name="sun.stderr.encoding" value="cp437"/>
    <property name="java.vendor" value="Oracle Corporation"/>
    <property name="maven.home" value="C:\Program Files (x86)\apache-maven-3.3.3\bin\.."/>
    <property name="file.separator" value="\"/>
    <property name="java.vendor.url.bug" value="http://bugreport.sun.com/bugreport/"/>
    <property name="sun.cpu.endian" value="little"/>
    <property name="sun.io.unicode.encoding" value="UnicodeLittle"/>
    <property name="sun.stdout.encoding" value="cp437"/>
    <property name="sun.desktop" value="windows"/>
    <property name="sun.cpu.isalist" value="pentium_pro+mmx pentium_pro pentium+mmx pentium i486 i386 i86"/>
  </properties>
  <testcase classname="io.cloudboost.object.CloudObjectTest" name="saveRelationWithRelate" time="0.835"/>
  <testcase classname="io.cloudboost.object.CloudObjectTest" name="shouldStopListening" time="8.432"/>
  <testcase classname="io.cloudboost.object.CloudObjectTest" name="shouldSaveListNumberList" time="0.406"/>
  <testcase classname="io.cloudboost.object.CloudObjectTest" name="saveARelationWithRelate" time="0.862"/>
  <testcase classname="io.cloudboost.object.CloudObjectTest" name="saveArrayOfGeoPoint" time="0.001"/>
  <testcase classname="io.cloudboost.object.CloudObjectTest" name="keepRelationIntact" time="0.469"/>
  <testcase classname="io.cloudboost.object.CloudObjectTest" name="updateObjectNotice" time="3.807"/>
  <testcase classname="io.cloudboost.object.CloudObjectTest" name="saveWrongRelation" time="0.409"/>
  <testcase classname="io.cloudboost.object.CloudObjectTest" name="saveRelationWithVersion" time="0.433"/>
  <testcase classname="io.cloudboost.object.CloudObjectTest" name="createObjectNotice" time="3.388"/>
  <testcase classname="io.cloudboost.object.CloudObjectTest" name="saveArrayOfCloudObject" time="0.943"/>
  <testcase classname="io.cloudboost.object.CloudObjectTest" name="deleteObjectNotice" time="5.82"/>
  <testcase classname="io.cloudboost.object.CloudObjectTest" name="shouldFetchCloudObject" time="1.029"/>
  <testcase classname="io.cloudboost.object.CloudObjectTest" name="shouldSaveGeoPointList" time="0.602"/>
  <testcase classname="io.cloudboost.object.CloudObjectTest" name="saveArrayWithJSONObject" time="0.586"/>
  <testcase classname="io.cloudboost.object.CloudObjectTest" name="updateListAfterSave" time="1.932"/>
  <testcase classname="io.cloudboost.object.CloudObjectTest" name="shouldRejectWrongEventType" time="0.003"/>
  <testcase classname="io.cloudboost.object.CloudObjectTest" name="shouldNotUpdateCreatedAtOnUpdate" time="1.104"/>
  <testcase classname="io.cloudboost.object.CloudObjectTest" name="shouldSaveRequiredNumberAs0" time="0.544"/>
  <testcase classname="io.cloudboost.object.CloudObjectTest" name="shouldAlertOnAllThreeEvents" time="9.706"/>
  <testcase classname="io.cloudboost.object.CloudObjectTest" name="shouldAlertOnMultipleEvents" time="8.732"/>
  <testcase classname="io.cloudboost.object.CloudObjectTest" name="shouldUpdateVersionOnUpdate" time="1.74"/>
  <testcase classname="io.cloudboost.object.CloudObjectTest" name="ShouldNotSaveWithWrongDataType" time="0.537"/>
  <testcase classname="io.cloudboost.object.CloudObjectTest" name="saveArrayWithWrongDataType" time="0.541"/>
  <testcase classname="io.cloudboost.object.CloudObjectTest" name="saveCloudObjectAsRelation" time="0.642"/>
  <testcase classname="io.cloudboost.object.CloudObjectTest" name="saveAnEmptyArrayOfCloudObject" time="1.139"/>
  <testcase classname="io.cloudboost.object.CloudObjectTest" name="ShouldNotSaveDuplicateValue" time="1.698"/>
  <testcase classname="io.cloudboost.object.CloudObjectTest" name="saveEmptyArrayOfCloudObject" time="1.161"/>
  <testcase classname="io.cloudboost.object.CloudObjectTest" name="ShouldNotSaveStringIntoDate" time="0.54"/>
  <testcase classname="io.cloudboost.object.CloudObjectTest" name="saveAndDeleteArrayOfCloudObject" time="1.546"/>
  <testcase classname="io.cloudboost.object.CloudObjectTest" name="ShouldNotSaveWithoutRequiredColumn" time="0.532"/>
  <testcase classname="io.cloudboost.object.CloudObjectTest" name="shouldNotDupValuesInListAfterUpdate" time="1.656"/>
  <testcase classname="io.cloudboost.object.CloudObjectTest" name="shouldNotSaveAnArrayOfDifferentObjects" time="0.965"/>
  <testcase classname="io.cloudboost.object.CloudObjectTest" name="shouldNotAllowMultipleDataTypesInArray" time="0.441"/>
  <testcase classname="io.cloudboost.object.CloudObjectTest" name="shouldNotSaveDupRelationInUniqueFields" time="0.898"/>
  <testcase classname="io.cloudboost.object.CloudObjectTest" name="shouldNotSaveRelationWhenSchemaOfRelationObjectIsWrong" time="0.402"/>
  <testcase classname="io.cloudboost.object.CloudObjectTest" name="shouldGiveErrorWhenWrongDataIsPutInNumberField" time="0.4"/>
  <testcase classname="io.cloudboost.object.CloudObjectTest" name="saveJSON" time="0.001"/>
  <testcase classname="io.cloudboost.object.CloudObjectTest" name="SaveData" time="0.447"/>
  <testcase classname="io.cloudboost.object.CloudObjectTest" name="saveArray" time="0.422"/>
  <testcase classname="io.cloudboost.object.CloudObjectTest" name="deleteAfterSave" time="0.809"/>
  <testcase classname="io.cloudboost.object.CloudObjectTest" name="shouldUnsetField" time="0.821"/>
  <testcase classname="io.cloudboost.object.CloudObjectTest" name="shouldNotSetId" time="0.003"/>
  <testcase classname="io.cloudboost.object.CloudObjectTest" name="createNotice" time="3.389"/>
  <testcase classname="io.cloudboost.object.CloudObjectTest" name="updateAfterSave" time="1.14"/>
</testsuite>