<?xml version="1.0" encoding="UTF-8" ?>
<testsuite tests="34" failures="0" name="io.cloudboost.table.CreateTableTest" time="21.902" errors="0" skipped="0">
  <properties>
    <property name="java.runtime.name" value="Java(TM) SE Runtime Environment"/>
    <property name="sun.boot.library.path" value="C:\Program Files\jdk1.8.0_05\jre\bin"/>
    <property name="java.vm.version" value="25.5-b02"/>
    <property name="java.vm.vendor" value="Oracle Corporation"/>
    <property name="maven.multiModuleProjectDirectory" value="E:\Engineer\programming\projects\javaSDK\git_repo"/>
    <property name="java.vendor.url" value="http://java.oracle.com/"/>
    <property name="path.separator" value=";"/>
    <property name="guice.disable.misplaced.annotation.check" value="true"/>
    <property name="java.vm.name" value="Java HotSpot(TM) Client VM"/>
    <property name="file.encoding.pkg" value="sun.io"/>
    <property name="user.script" value=""/>
    <property name="user.country" value="US"/>
    <property name="sun.java.launcher" value="SUN_STANDARD"/>
    <property name="sun.os.patch.level" value=""/>
    <property name="java.vm.specification.name" value="Java Virtual Machine Specification"/>
    <property name="user.dir" value="E:\Engineer\programming\projects\javaSDK\git_repo"/>
    <property name="java.runtime.version" value="1.8.0_05-b13"/>
    <property name="java.awt.graphicsenv" value="sun.awt.Win32GraphicsEnvironment"/>
    <property name="java.endorsed.dirs" value="C:\Program Files\jdk1.8.0_05\jre\lib\endorsed"/>
    <property name="os.arch" value="x86"/>
    <property name="java.io.tmpdir" value="C:\Users\new\AppData\Local\Temp\"/>
    <property name="line.separator" value="
"/>
    <property name="java.vm.specification.vendor" value="Oracle Corporation"/>
    <property name="user.variant" value=""/>
    <property name="os.name" value="Windows 8.1"/>
    <property name="classworlds.conf" value="C:\Program Files (x86)\apache-maven-3.3.3\bin\..\bin\m2.conf"/>
    <property name="sun.jnu.encoding" value="Cp1252"/>
    <property name="java.library.path" value="C:\Program Files\jdk1.8.0_05\bin;C:\Windows\Sun\Java\bin;C:\Windows\system32;C:\Windows;C:\ProgramData\Oracle\Java\javapath;C:\oraclexe\app\oracle\product\11.2.0\server\bin;;C:\Program Files (x86)\Intel\iCLS Client\;C:\Program Files\Intel\iCLS Client\;C:\Windows\system32;C:\Windows;C:\Windows\System32\Wbem;C:\Windows\System32\WindowsPowerShell\v1.0\;C:\Program Files\Intel\Intel(R) Management Engine Components\DAL;C:\Program Files\Intel\Intel(R) Management Engine Components\IPT;C:\Program Files (x86)\Intel\Intel(R) Management Engine Components\DAL;C:\Program Files (x86)\Intel\Intel(R) Management Engine Components\IPT;C:\Program Files\Intel\WiFi\bin\;C:\Program Files\Common Files\Intel\WirelessCommon\;C:\Program Files (x86)\GNU\GnuPG\pub;C:\Program Files (x86)\Microsoft SQL Server\100\Tools\Binn\;C:\Program Files\Microsoft SQL Server\100\Tools\Binn\;C:\Program Files\Microsoft SQL Server\100\DTS\Binn\;C:\Program Files (x86)\Skype\Phone\;C:\Program Files\nodejs\;C:\Program Files\MySQL\MySQL Server 5.6\bin;C:\Program Files (x86)\apache-ant-1.9.6\bin;C:\Program Files\jdk1.8.0_05\bin;E:\Engineer\eclipse\android-sdk-windows\tools;E:\Engineer\eclipse\android-sdk-windows\platform-tools;C:\Program Files\jdk1.8.0_05\bin;C:\Program Files\MongoDB\Server\3.0\bin;E:\Engineer\eclipse\eclipse;E:\Engineer\eclipse\myeclipse;C:\Program Files (x86)\apache-maven-3.3.3\bin;C:\Program Files (x86)\GNU\GnuPG;C:\Program Files\openssl-0.9.8k_X64\bin;C:\Program Files\nodejs;C:\Users\new\AppData\Roaming\npm;C:\Program Files\Wireshark;."/>
    <property name="java.specification.name" value="Java Platform API Specification"/>
    <property name="java.class.version" value="52.0"/>
    <property name="sun.management.compiler" value="HotSpot Client Compiler"/>
    <property name="os.version" value="6.3"/>
    <property name="user.home" value="C:\Users\new"/>
    <property name="user.timezone" value="Africa/Nairobi"/>
    <property name="java.awt.printerjob" value="sun.awt.windows.WPrinterJob"/>
    <property name="java.specification.version" value="1.8"/>
    <property name="file.encoding" value="Cp1252"/>
    <property name="user.name" value="new"/>
    <property name="java.class.path" value="C:\Program Files (x86)\apache-maven-3.3.3\bin\..\boot\plexus-classworlds-2.5.2.jar"/>
    <property name="java.vm.specification.version" value="1.8"/>
    <property name="sun.arch.data.model" value="32"/>
    <property name="java.home" value="C:\Program Files\jdk1.8.0_05\jre"/>
    <property name="sun.java.command" value="org.codehaus.plexus.classworlds.launcher.Launcher test"/>
    <property name="java.specification.vendor" value="Oracle Corporation"/>
    <property name="user.language" value="en"/>
    <property name="awt.toolkit" value="sun.awt.windows.WToolkit"/>
    <property name="java.vm.info" value="mixed mode"/>
    <property name="java.version" value="1.8.0_05"/>
    <property name="java.ext.dirs" value="C:\Program Files\jdk1.8.0_05\jre\lib\ext;C:\Windows\Sun\Java\lib\ext"/>
    <property name="sun.boot.class.path" value="C:\Program Files\jdk1.8.0_05\jre\lib\resources.jar;C:\Program Files\jdk1.8.0_05\jre\lib\rt.jar;C:\Program Files\jdk1.8.0_05\jre\lib\sunrsasign.jar;C:\Program Files\jdk1.8.0_05\jre\lib\jsse.jar;C:\Program Files\jdk1.8.0_05\jre\lib\jce.jar;C:\Program Files\jdk1.8.0_05\jre\lib\charsets.jar;C:\Program Files\jdk1.8.0_05\jre\lib\jfr.jar;C:\Program Files\jdk1.8.0_05\jre\classes"/>
    <property name="sun.stderr.encoding" value="cp437"/>
    <property name="java.vendor" value="Oracle Corporation"/>
    <property name="maven.home" value="C:\Program Files (x86)\apache-maven-3.3.3\bin\.."/>
    <property name="file.separator" value="\"/>
    <property name="java.vendor.url.bug" value="http://bugreport.sun.com/bugreport/"/>
    <property name="sun.cpu.endian" value="little"/>
    <property name="sun.io.unicode.encoding" value="UnicodeLittle"/>
    <property name="sun.stdout.encoding" value="cp437"/>
    <property name="sun.desktop" value="windows"/>
    <property name="sun.cpu.isalist" value="pentium_pro+mmx pentium_pro pentium+mmx pentium i486 i386 i86"/>
  </properties>
  <testcase classname="io.cloudboost.table.CreateTableTest" name="createTableStudent4" time="0"/>
  <testcase classname="io.cloudboost.table.CreateTableTest" name="updateCustomTable" time="0.995"/>
  <testcase classname="io.cloudboost.table.CreateTableTest" name="deleteCreatestudent_4" time="0.359"/>
  <testcase classname="io.cloudboost.table.CreateTableTest" name="createTableCustom5" time="0.791"/>
  <testcase classname="io.cloudboost.table.CreateTableTest" name="sequentialTests_0" time="2.72"/>
  <testcase classname="io.cloudboost.table.CreateTableTest" name="createTableHostel" time="0.759"/>
  <testcase classname="io.cloudboost.table.CreateTableTest" name="deleteCreateUnderscore" time="0.383"/>
  <testcase classname="io.cloudboost.table.CreateTableTest" name="createTableSample" time="0.461"/>
  <testcase classname="io.cloudboost.table.CreateTableTest" name="createTableStudent" time="0.788"/>
  <testcase classname="io.cloudboost.table.CreateTableTest" name="deleteUnderscoreTable" time="0.001"/>
  <testcase classname="io.cloudboost.table.CreateTableTest" name="createTableCustom3" time="0.725"/>
  <testcase classname="io.cloudboost.table.CreateTableTest" name="createTableCustom7" time="0.739"/>
  <testcase classname="io.cloudboost.table.CreateTableTest" name="createTableCustom2" time="2.161"/>
  <testcase classname="io.cloudboost.table.CreateTableTest" name="createTableCustom4" time="1.561"/>
  <testcase classname="io.cloudboost.table.CreateTableTest" name="updateTableSample" time="0.001"/>
  <testcase classname="io.cloudboost.table.CreateTableTest" name="createTablestudent1" time="1.579"/>
  <testcase classname="io.cloudboost.table.CreateTableTest" name="createTableCustom18" time="0.959"/>
  <testcase classname="io.cloudboost.table.CreateTableTest" name="createTableCustom14" time="0.981"/>
  <testcase classname="io.cloudboost.table.CreateTableTest" name="createTableCustom" time="1.184"/>
  <testcase classname="io.cloudboost.table.CreateTableTest" name="createTableCustom1" time="0.976"/>
  <testcase classname="io.cloudboost.table.CreateTableTest" name="createTableWith2UnderscoreColumns" time="0"/>
  <testcase classname="io.cloudboost.table.CreateTableTest" name="updateCompanySchema" time="0.001"/>
  <testcase classname="io.cloudboost.table.CreateTableTest" name="deleteCompanyTable" time="0"/>
  <testcase classname="io.cloudboost.table.CreateTableTest" name="updateEmployeeSchema" time="0.001"/>
  <testcase classname="io.cloudboost.table.CreateTableTest" name="deleteEmployeeTable" time="0"/>
  <testcase classname="io.cloudboost.table.CreateTableTest" name="createAddressTable" time="0.001"/>
  <testcase classname="io.cloudboost.table.CreateTableTest" name="createEmployeeTable" time="0"/>
  <testcase classname="io.cloudboost.table.CreateTableTest" name="createCompanyTable" time="0.001"/>
  <testcase classname="io.cloudboost.table.CreateTableTest" name="deleteAddressTable" time="0"/>
  <testcase classname="io.cloudboost.table.CreateTableTest" name="createEmpty" time="0.448"/>
  <testcase classname="io.cloudboost.table.CreateTableTest" name="createEmptyTable" time="0.001"/>
  <testcase classname="io.cloudboost.table.CreateTableTest" name="createTableUser" time="1.83"/>
  <testcase classname="io.cloudboost.table.CreateTableTest" name="deleteEmptyTable" time="0.001"/>
  <testcase classname="io.cloudboost.table.CreateTableTest" name="createTableRole" time="1.495"/>
</testsuite>