<?xml version="1.0" encoding="UTF-8" ?>
<testsuite tests="40" failures="0" name="io.cloudboost.table.CloudTableTest" time="52.312" errors="0" skipped="0">
  <properties>
    <property name="java.runtime.name" value="Java(TM) SE Runtime Environment"/>
    <property name="sun.boot.library.path" value="C:\Program Files\jdk1.8.0_05\jre\bin"/>
    <property name="java.vm.version" value="25.5-b02"/>
    <property name="java.vm.vendor" value="Oracle Corporation"/>
    <property name="maven.multiModuleProjectDirectory" value="E:\Engineer\programming\projects\javaSDK\git_repo"/>
    <property name="java.vendor.url" value="http://java.oracle.com/"/>
    <property name="path.separator" value=";"/>
    <property name="guice.disable.misplaced.annotation.check" value="true"/>
    <property name="java.vm.name" value="Java HotSpot(TM) Client VM"/>
    <property name="file.encoding.pkg" value="sun.io"/>
    <property name="user.script" value=""/>
    <property name="user.country" value="US"/>
    <property name="sun.java.launcher" value="SUN_STANDARD"/>
    <property name="sun.os.patch.level" value=""/>
    <property name="java.vm.specification.name" value="Java Virtual Machine Specification"/>
    <property name="user.dir" value="E:\Engineer\programming\projects\javaSDK\git_repo"/>
    <property name="java.runtime.version" value="1.8.0_05-b13"/>
    <property name="java.awt.graphicsenv" value="sun.awt.Win32GraphicsEnvironment"/>
    <property name="java.endorsed.dirs" value="C:\Program Files\jdk1.8.0_05\jre\lib\endorsed"/>
    <property name="os.arch" value="x86"/>
    <property name="java.io.tmpdir" value="C:\Users\new\AppData\Local\Temp\"/>
    <property name="line.separator" value="
"/>
    <property name="java.vm.specification.vendor" value="Oracle Corporation"/>
    <property name="user.variant" value=""/>
    <property name="os.name" value="Windows 8.1"/>
    <property name="classworlds.conf" value="C:\Program Files (x86)\apache-maven-3.3.3\bin\..\bin\m2.conf"/>
    <property name="sun.jnu.encoding" value="Cp1252"/>
    <property name="java.library.path" value="C:\Program Files\jdk1.8.0_05\bin;C:\Windows\Sun\Java\bin;C:\Windows\system32;C:\Windows;C:\ProgramData\Oracle\Java\javapath;C:\oraclexe\app\oracle\product\11.2.0\server\bin;;C:\Program Files (x86)\Intel\iCLS Client\;C:\Program Files\Intel\iCLS Client\;C:\Windows\system32;C:\Windows;C:\Windows\System32\Wbem;C:\Windows\System32\WindowsPowerShell\v1.0\;C:\Program Files\Intel\Intel(R) Management Engine Components\DAL;C:\Program Files\Intel\Intel(R) Management Engine Components\IPT;C:\Program Files (x86)\Intel\Intel(R) Management Engine Components\DAL;C:\Program Files (x86)\Intel\Intel(R) Management Engine Components\IPT;C:\Program Files\Intel\WiFi\bin\;C:\Program Files\Common Files\Intel\WirelessCommon\;C:\Program Files (x86)\GNU\GnuPG\pub;C:\Program Files (x86)\Microsoft SQL Server\100\Tools\Binn\;C:\Program Files\Microsoft SQL Server\100\Tools\Binn\;C:\Program Files\Microsoft SQL Server\100\DTS\Binn\;C:\Program Files (x86)\Skype\Phone\;C:\Program Files\nodejs\;C:\Program Files\MySQL\MySQL Server 5.6\bin;C:\Program Files (x86)\apache-ant-1.9.6\bin;C:\Program Files\jdk1.8.0_05\bin;E:\Engineer\eclipse\android-sdk-windows\tools;E:\Engineer\eclipse\android-sdk-windows\platform-tools;C:\Program Files\jdk1.8.0_05\bin;C:\Program Files\MongoDB\Server\3.0\bin;E:\Engineer\eclipse\eclipse;E:\Engineer\eclipse\myeclipse;C:\Program Files (x86)\apache-maven-3.3.3\bin;C:\Program Files (x86)\GNU\GnuPG;C:\Program Files\openssl-0.9.8k_X64\bin;C:\Program Files\nodejs;C:\Users\new\AppData\Roaming\npm;C:\Program Files\Wireshark;."/>
    <property name="java.specification.name" value="Java Platform API Specification"/>
    <property name="java.class.version" value="52.0"/>
    <property name="sun.management.compiler" value="HotSpot Client Compiler"/>
    <property name="os.version" value="6.3"/>
    <property name="user.home" value="C:\Users\new"/>
    <property name="user.timezone" value="Africa/Nairobi"/>
    <property name="java.awt.printerjob" value="sun.awt.windows.WPrinterJob"/>
    <property name="java.specification.version" value="1.8"/>
    <property name="file.encoding" value="Cp1252"/>
    <property name="user.name" value="new"/>
    <property name="java.class.path" value="C:\Program Files (x86)\apache-maven-3.3.3\bin\..\boot\plexus-classworlds-2.5.2.jar"/>
    <property name="java.vm.specification.version" value="1.8"/>
    <property name="sun.arch.data.model" value="32"/>
    <property name="java.home" value="C:\Program Files\jdk1.8.0_05\jre"/>
    <property name="sun.java.command" value="org.codehaus.plexus.classworlds.launcher.Launcher test"/>
    <property name="java.specification.vendor" value="Oracle Corporation"/>
    <property name="user.language" value="en"/>
    <property name="awt.toolkit" value="sun.awt.windows.WToolkit"/>
    <property name="java.vm.info" value="mixed mode"/>
    <property name="java.version" value="1.8.0_05"/>
    <property name="java.ext.dirs" value="C:\Program Files\jdk1.8.0_05\jre\lib\ext;C:\Windows\Sun\Java\lib\ext"/>
    <property name="sun.boot.class.path" value="C:\Program Files\jdk1.8.0_05\jre\lib\resources.jar;C:\Program Files\jdk1.8.0_05\jre\lib\rt.jar;C:\Program Files\jdk1.8.0_05\jre\lib\sunrsasign.jar;C:\Program Files\jdk1.8.0_05\jre\lib\jsse.jar;C:\Program Files\jdk1.8.0_05\jre\lib\jce.jar;C:\Program Files\jdk1.8.0_05\jre\lib\charsets.jar;C:\Program Files\jdk1.8.0_05\jre\lib\jfr.jar;C:\Program Files\jdk1.8.0_05\jre\classes"/>
    <property name="sun.stderr.encoding" value="cp437"/>
    <property name="java.vendor" value="Oracle Corporation"/>
    <property name="maven.home" value="C:\Program Files (x86)\apache-maven-3.3.3\bin\.."/>
    <property name="file.separator" value="\"/>
    <property name="java.vendor.url.bug" value="http://bugreport.sun.com/bugreport/"/>
    <property name="sun.cpu.endian" value="little"/>
    <property name="sun.io.unicode.encoding" value="UnicodeLittle"/>
    <property name="sun.stdout.encoding" value="cp437"/>
    <property name="sun.desktop" value="windows"/>
    <property name="sun.cpu.isalist" value="pentium_pro+mmx pentium_pro pentium+mmx pentium i486 i386 i86"/>
  </properties>
  <testcase classname="io.cloudboost.table.CloudTableTest" name="getTable" time="2.858"/>
  <testcase classname="io.cloudboost.table.CloudTableTest" name="setTableType" time="2.498"/>
  <testcase classname="io.cloudboost.table.CloudTableTest" name="shouldNotPassStringToUpdateColumn" time="0.003"/>
  <testcase classname="io.cloudboost.table.CloudTableTest" name="createTableSetRelationsToExistingTables" time="2.675"/>
  <testcase classname="io.cloudboost.table.CloudTableTest" name="createTableWithTextListColumnRelation" time="1.131"/>
  <testcase classname="io.cloudboost.table.CloudTableTest" name="duplicateTable" time="0.918"/>
  <testcase classname="io.cloudboost.table.CloudTableTest" name="GetAllTable" time="10.691"/>
  <testcase classname="io.cloudboost.table.CloudTableTest" name="sequentialTests" time="7.031"/>
  <testcase classname="io.cloudboost.table.CloudTableTest" name="shouldGiveSpecificTableByName" time="0.849"/>
  <testcase classname="io.cloudboost.table.CloudTableTest" name="shouldNotChangeDataTypeOfColumn" time="0.991"/>
  <testcase classname="io.cloudboost.table.CloudTableTest" name="createTableSetRelationToDataType" time="0.978"/>
  <testcase classname="io.cloudboost.table.CloudTableTest" name="shouldUpdateColumnInTable" time="0.001"/>
  <testcase classname="io.cloudboost.table.CloudTableTest" name="shouldNotDeleteDefaultColumn" time="0.563"/>
  <testcase classname="io.cloudboost.table.CloudTableTest" name="shouldCreateColumnThenDelete" time="1.506"/>
  <testcase classname="io.cloudboost.table.CloudTableTest" name="shouldCreateAndDeleteTable" time="1.041"/>
  <testcase classname="io.cloudboost.table.CloudTableTest" name="createTableStoreGeoPoint" time="1.019"/>
  <testcase classname="io.cloudboost.table.CloudTableTest" name="shouldGetColumnFromTable" time="0"/>
  <testcase classname="io.cloudboost.table.CloudTableTest" name="shouldNotRenameColumn" time="0.916"/>
  <testcase classname="io.cloudboost.table.CloudTableTest" name="updateCompanySchema" time="0.001"/>
  <testcase classname="io.cloudboost.table.CloudTableTest" name="shouldGetAllTable" time="5.653"/>
  <testcase classname="io.cloudboost.table.CloudTableTest" name="addColumnToExistingTable" time="0.958"/>
  <testcase classname="io.cloudboost.table.CloudTableTest" name="deleteCompanyTable" time="0"/>
  <testcase classname="io.cloudboost.table.CloudTableTest" name="updateEmployeeSchema" time="0.001"/>
  <testcase classname="io.cloudboost.table.CloudTableTest" name="deleteEmployeeTable" time="0"/>
  <testcase classname="io.cloudboost.table.CloudTableTest" name="createTableAllDataTypes" time="1.11"/>
  <testcase classname="io.cloudboost.table.CloudTableTest" name="updateNewColumnIntoTable" time="2.34"/>
  <testcase classname="io.cloudboost.table.CloudTableTest" name="shouldGiveAllTable" time="0"/>
  <testcase classname="io.cloudboost.table.CloudTableTest" name="shouldGiveSpecificTable" time="0.001"/>
  <testcase classname="io.cloudboost.table.CloudTableTest" name="addColumnAfterSave" time="0.829"/>
  <testcase classname="io.cloudboost.table.CloudTableTest" name="createAddressTable" time="0"/>
  <testcase classname="io.cloudboost.table.CloudTableTest" name="createEmployeeTable" time="0.001"/>
  <testcase classname="io.cloudboost.table.CloudTableTest" name="createAndDeleteTable" time="0.78"/>
  <testcase classname="io.cloudboost.table.CloudTableTest" name="createCompanyTable" time="0.001"/>
  <testcase classname="io.cloudboost.table.CloudTableTest" name="deleteAddressTable" time="0.001"/>
  <testcase classname="io.cloudboost.table.CloudTableTest" name="shouldNotChangeUniquePropertyOfDefaultColumn" time="0.757"/>
  <testcase classname="io.cloudboost.table.CloudTableTest" name="shouldNotChangeUniquePropertyOfPreDefinedColumn" time="0.78"/>
  <testcase classname="io.cloudboost.table.CloudTableTest" name="shouldNotChangeRequiredPropertyOfDefaultColumn" time="1.12"/>
  <testcase classname="io.cloudboost.table.CloudTableTest" name="shouldChangeRequiredPropertyOfUserDefinedColumn" time="0.81"/>
  <testcase classname="io.cloudboost.table.CloudTableTest" name="renameTableFails" time="0.742"/>
  <testcase classname="io.cloudboost.table.CloudTableTest" name="createListTable" time="0.758"/>
</testsuite>