<?xml version="1.0" encoding="UTF-8" ?>
<testsuite tests="54" failures="0" name="io.cloudboost.CloudQueryTest" time="43.741" errors="0" skipped="0">
  <properties>
    <property name="java.runtime.name" value="Java(TM) SE Runtime Environment"/>
    <property name="sun.boot.library.path" value="C:\Program Files\jdk1.8.0_05\jre\bin"/>
    <property name="java.vm.version" value="25.5-b02"/>
    <property name="java.vm.vendor" value="Oracle Corporation"/>
    <property name="maven.multiModuleProjectDirectory" value="E:\Engineer\programming\projects\javaSDK\git_repo"/>
    <property name="java.vendor.url" value="http://java.oracle.com/"/>
    <property name="path.separator" value=";"/>
    <property name="guice.disable.misplaced.annotation.check" value="true"/>
    <property name="java.vm.name" value="Java HotSpot(TM) Client VM"/>
    <property name="file.encoding.pkg" value="sun.io"/>
    <property name="user.script" value=""/>
    <property name="user.country" value="US"/>
    <property name="sun.java.launcher" value="SUN_STANDARD"/>
    <property name="sun.os.patch.level" value=""/>
    <property name="java.vm.specification.name" value="Java Virtual Machine Specification"/>
    <property name="user.dir" value="E:\Engineer\programming\projects\javaSDK\git_repo"/>
    <property name="java.runtime.version" value="1.8.0_05-b13"/>
    <property name="java.awt.graphicsenv" value="sun.awt.Win32GraphicsEnvironment"/>
    <property name="java.endorsed.dirs" value="C:\Program Files\jdk1.8.0_05\jre\lib\endorsed"/>
    <property name="os.arch" value="x86"/>
    <property name="java.io.tmpdir" value="C:\Users\new\AppData\Local\Temp\"/>
    <property name="line.separator" value="
"/>
    <property name="java.vm.specification.vendor" value="Oracle Corporation"/>
    <property name="user.variant" value=""/>
    <property name="os.name" value="Windows 8.1"/>
    <property name="classworlds.conf" value="C:\Program Files (x86)\apache-maven-3.3.3\bin\..\bin\m2.conf"/>
    <property name="sun.jnu.encoding" value="Cp1252"/>
    <property name="java.library.path" value="C:\Program Files\jdk1.8.0_05\bin;C:\Windows\Sun\Java\bin;C:\Windows\system32;C:\Windows;C:\ProgramData\Oracle\Java\javapath;C:\oraclexe\app\oracle\product\11.2.0\server\bin;;C:\Program Files (x86)\Intel\iCLS Client\;C:\Program Files\Intel\iCLS Client\;C:\Windows\system32;C:\Windows;C:\Windows\System32\Wbem;C:\Windows\System32\WindowsPowerShell\v1.0\;C:\Program Files\Intel\Intel(R) Management Engine Components\DAL;C:\Program Files\Intel\Intel(R) Management Engine Components\IPT;C:\Program Files (x86)\Intel\Intel(R) Management Engine Components\DAL;C:\Program Files (x86)\Intel\Intel(R) Management Engine Components\IPT;C:\Program Files\Intel\WiFi\bin\;C:\Program Files\Common Files\Intel\WirelessCommon\;C:\Program Files (x86)\GNU\GnuPG\pub;C:\Program Files (x86)\Microsoft SQL Server\100\Tools\Binn\;C:\Program Files\Microsoft SQL Server\100\Tools\Binn\;C:\Program Files\Microsoft SQL Server\100\DTS\Binn\;C:\Program Files (x86)\Skype\Phone\;C:\Program Files\nodejs\;C:\Program Files\MySQL\MySQL Server 5.6\bin;C:\Program Files (x86)\apache-ant-1.9.6\bin;C:\Program Files\jdk1.8.0_05\bin;E:\Engineer\eclipse\android-sdk-windows\tools;E:\Engineer\eclipse\android-sdk-windows\platform-tools;C:\Program Files\jdk1.8.0_05\bin;C:\Program Files\MongoDB\Server\3.0\bin;E:\Engineer\eclipse\eclipse;E:\Engineer\eclipse\myeclipse;C:\Program Files (x86)\apache-maven-3.3.3\bin;C:\Program Files (x86)\GNU\GnuPG;C:\Program Files\openssl-0.9.8k_X64\bin;C:\Program Files\nodejs;C:\Users\new\AppData\Roaming\npm;C:\Program Files\Wireshark;."/>
    <property name="java.specification.name" value="Java Platform API Specification"/>
    <property name="java.class.version" value="52.0"/>
    <property name="sun.management.compiler" value="HotSpot Client Compiler"/>
    <property name="os.version" value="6.3"/>
    <property name="user.home" value="C:\Users\new"/>
    <property name="user.timezone" value="Africa/Nairobi"/>
    <property name="java.awt.printerjob" value="sun.awt.windows.WPrinterJob"/>
    <property name="java.specification.version" value="1.8"/>
    <property name="file.encoding" value="Cp1252"/>
    <property name="user.name" value="new"/>
    <property name="java.class.path" value="C:\Program Files (x86)\apache-maven-3.3.3\bin\..\boot\plexus-classworlds-2.5.2.jar"/>
    <property name="java.vm.specification.version" value="1.8"/>
    <property name="sun.arch.data.model" value="32"/>
    <property name="java.home" value="C:\Program Files\jdk1.8.0_05\jre"/>
    <property name="sun.java.command" value="org.codehaus.plexus.classworlds.launcher.Launcher test"/>
    <property name="java.specification.vendor" value="Oracle Corporation"/>
    <property name="user.language" value="en"/>
    <property name="awt.toolkit" value="sun.awt.windows.WToolkit"/>
    <property name="java.vm.info" value="mixed mode"/>
    <property name="java.version" value="1.8.0_05"/>
    <property name="java.ext.dirs" value="C:\Program Files\jdk1.8.0_05\jre\lib\ext;C:\Windows\Sun\Java\lib\ext"/>
    <property name="sun.boot.class.path" value="C:\Program Files\jdk1.8.0_05\jre\lib\resources.jar;C:\Program Files\jdk1.8.0_05\jre\lib\rt.jar;C:\Program Files\jdk1.8.0_05\jre\lib\sunrsasign.jar;C:\Program Files\jdk1.8.0_05\jre\lib\jsse.jar;C:\Program Files\jdk1.8.0_05\jre\lib\jce.jar;C:\Program Files\jdk1.8.0_05\jre\lib\charsets.jar;C:\Program Files\jdk1.8.0_05\jre\lib\jfr.jar;C:\Program Files\jdk1.8.0_05\jre\classes"/>
    <property name="sun.stderr.encoding" value="cp437"/>
    <property name="java.vendor" value="Oracle Corporation"/>
    <property name="maven.home" value="C:\Program Files (x86)\apache-maven-3.3.3\bin\.."/>
    <property name="file.separator" value="\"/>
    <property name="java.vendor.url.bug" value="http://bugreport.sun.com/bugreport/"/>
    <property name="sun.cpu.endian" value="little"/>
    <property name="sun.io.unicode.encoding" value="UnicodeLittle"/>
    <property name="sun.stdout.encoding" value="cp437"/>
    <property name="sun.desktop" value="windows"/>
    <property name="sun.cpu.isalist" value="pentium_pro+mmx pentium_pro pentium+mmx pentium i486 i386 i86"/>
  </properties>
  <testcase classname="io.cloudboost.CloudQueryTest" name="startsWith" time="1.07"/>
  <testcase classname="io.cloudboost.CloudQueryTest" name="containsAll" time="1.006"/>
  <testcase classname="io.cloudboost.CloudQueryTest" name="exists" time="0.894"/>
  <testcase classname="io.cloudboost.CloudQueryTest" name="shouldIncludeRelationObjectWhenIncludeIsRequestedInQuery" time="0.899"/>
  <testcase classname="io.cloudboost.CloudQueryTest" name="saveDataWithGivenValue" time="0.386"/>
  <testcase classname="io.cloudboost.CloudQueryTest" name="saveListwithInColumn" time="0.588"/>
  <testcase classname="io.cloudboost.CloudQueryTest" name="selectColumnDistinct" time="0.834"/>
  <testcase classname="io.cloudboost.CloudQueryTest" name="notEqualToWithNull" time="0.796"/>
  <testcase classname="io.cloudboost.CloudQueryTest" name="greaterThanEqualTo" time="0.792"/>
  <testcase classname="io.cloudboost.CloudQueryTest" name="saveListWithinColumn" time="0.399"/>
  <testcase classname="io.cloudboost.CloudQueryTest" name="getEncryptedPassword" time="0.899"/>
  <testcase classname="io.cloudboost.CloudQueryTest" name="includeFindById" time="1.081"/>
  <testcase classname="io.cloudboost.CloudQueryTest" name="notContianedIn" time="0.405"/>
  <testcase classname="io.cloudboost.CloudQueryTest" name="ascendingOrder" time="0.786"/>
  <testcase classname="io.cloudboost.CloudQueryTest" name="descendingOrder" time="0.789"/>
  <testcase classname="io.cloudboost.CloudQueryTest" name="doesNotExists" time="1.016"/>
  <testcase classname="io.cloudboost.CloudQueryTest" name="saveListInColumn" time="0.39"/>
  <testcase classname="io.cloudboost.CloudQueryTest" name="findDataWithId" time="0.768"/>
  <testcase classname="io.cloudboost.CloudQueryTest" name="selectColumn" time="0.791"/>
  <testcase classname="io.cloudboost.CloudQueryTest" name="equalToWithNull" time="0.792"/>
  <testcase classname="io.cloudboost.CloudQueryTest" name="findItemById" time="0.739"/>
  <testcase classname="io.cloudboost.CloudQueryTest" name="greaterThan" time="0.851"/>
  <testcase classname="io.cloudboost.CloudQueryTest" name="lessThanEqualTo" time="0.813"/>
  <testcase classname="io.cloudboost.CloudQueryTest" name="saveMultiJoin" time="0.495"/>
  <testcase classname="io.cloudboost.CloudQueryTest" name="saveRelation" time="0.48"/>
  <testcase classname="io.cloudboost.CloudQueryTest" name="shouldRetrieveWhenNullColumn" time="0.903"/>
  <testcase classname="io.cloudboost.CloudQueryTest" name="shouldLimitNumberOfDataItems" time="0.583"/>
  <testcase classname="io.cloudboost.CloudQueryTest" name="shouldQueryOverBooleanType" time="1.129"/>
  <testcase classname="io.cloudboost.CloudQueryTest" name="queryOverLinkedColumnWithEqualTo" time="1.163"/>
  <testcase classname="io.cloudboost.CloudQueryTest" name="shouldIncludeRelationOnDistinct" time="1.205"/>
  <testcase classname="io.cloudboost.CloudQueryTest" name="getEncryptedPasswordOverQuery" time="1.147"/>
  <testcase classname="io.cloudboost.CloudQueryTest" name="shouldQueryOverLinkedColumn" time="1.167"/>
  <testcase classname="io.cloudboost.CloudQueryTest" name="containedInOverListOfCloudObject" time="1.282"/>
  <testcase classname="io.cloudboost.CloudQueryTest" name="retrieveElementWithGivenId" time="1.041"/>
  <testcase classname="io.cloudboost.CloudQueryTest" name="containedInShouldWorkOnId" time="2.307"/>
  <testcase classname="io.cloudboost.CloudQueryTest" name="shouldIncludeWithFindById" time="1.279"/>
  <testcase classname="io.cloudboost.CloudQueryTest" name="selectColumnShouldWorkOnDistinct" time="0.871"/>
  <testcase classname="io.cloudboost.CloudQueryTest" name="selectColumnShouldWorkOnFind" time="0.781"/>
  <testcase classname="io.cloudboost.CloudQueryTest" name="saveDataWithParticularValue" time="0.413"/>
  <testcase classname="io.cloudboost.CloudQueryTest" name="retrieveDataWithParticularValue" time="0.82"/>
  <testcase classname="io.cloudboost.CloudQueryTest" name="saveDataWithAParticularValue" time="0.417"/>
  <testcase classname="io.cloudboost.CloudQueryTest" name="getEncryptedPasswordOverOr" time="0.891"/>
  <testcase classname="io.cloudboost.CloudQueryTest" name="shouldReturnCountAsInteger" time="0.388"/>
  <testcase classname="io.cloudboost.CloudQueryTest" name="shouldRetrieveWhenNotNullColumn" time="1.158"/>
  <testcase classname="io.cloudboost.CloudQueryTest" name="shouldNotRetrieveDataWithAparticularValue" time="0.349"/>
  <testcase classname="io.cloudboost.CloudQueryTest" name="shouldNotEncryptAlreadyEncryptedPassword" time="1.103"/>
  <testcase classname="io.cloudboost.CloudQueryTest" name="shouldLimitNumberOfDataItemsToOne" time="0.33"/>
  <testcase classname="io.cloudboost.CloudQueryTest" name="shouldRetrieveWhenNotNullColumnNotEqFunc" time="0.67"/>
  <testcase classname="io.cloudboost.CloudQueryTest" name="shouldGetElementNotHavingGivenColumnName" time="0.367"/>
  <testcase classname="io.cloudboost.CloudQueryTest" name="shouldNotGiveElementWithGivenRelation" time="1.09"/>
  <testcase classname="io.cloudboost.CloudQueryTest" name="findById" time="0.691"/>
  <testcase classname="io.cloudboost.CloudQueryTest" name="findOne" time="0.372"/>
  <testcase classname="io.cloudboost.CloudQueryTest" name="findData" time="0.356"/>
  <testcase classname="io.cloudboost.CloudQueryTest" name="lessThan" time="0.709"/>
</testsuite>