<?xml version="1.0" encoding="UTF-8" ?>
<testsuite tests="11" failures="2" name="io.cloudboost.CloudSearchTest" time="22.436" errors="9" skipped="0">
  <properties>
    <property name="java.runtime.name" value="Java(TM) SE Runtime Environment"/>
    <property name="sun.boot.library.path" value="C:\Program Files\jdk1.8.0_05\jre\bin"/>
    <property name="java.vm.version" value="25.5-b02"/>
    <property name="java.vm.vendor" value="Oracle Corporation"/>
    <property name="maven.multiModuleProjectDirectory" value="E:\Engineer\programming\projects\javaSDK\git_repo"/>
    <property name="java.vendor.url" value="http://java.oracle.com/"/>
    <property name="path.separator" value=";"/>
    <property name="guice.disable.misplaced.annotation.check" value="true"/>
    <property name="java.vm.name" value="Java HotSpot(TM) Client VM"/>
    <property name="file.encoding.pkg" value="sun.io"/>
    <property name="user.script" value=""/>
    <property name="user.country" value="US"/>
    <property name="sun.java.launcher" value="SUN_STANDARD"/>
    <property name="sun.os.patch.level" value=""/>
    <property name="java.vm.specification.name" value="Java Virtual Machine Specification"/>
    <property name="user.dir" value="E:\Engineer\programming\projects\javaSDK\git_repo"/>
    <property name="java.runtime.version" value="1.8.0_05-b13"/>
    <property name="java.awt.graphicsenv" value="sun.awt.Win32GraphicsEnvironment"/>
    <property name="java.endorsed.dirs" value="C:\Program Files\jdk1.8.0_05\jre\lib\endorsed"/>
    <property name="os.arch" value="x86"/>
    <property name="java.io.tmpdir" value="C:\Users\new\AppData\Local\Temp\"/>
    <property name="line.separator" value="
"/>
    <property name="java.vm.specification.vendor" value="Oracle Corporation"/>
    <property name="user.variant" value=""/>
    <property name="os.name" value="Windows 8.1"/>
    <property name="classworlds.conf" value="C:\Program Files (x86)\apache-maven-3.3.3\bin\..\bin\m2.conf"/>
    <property name="sun.jnu.encoding" value="Cp1252"/>
    <property name="java.library.path" value="C:\Program Files\jdk1.8.0_05\bin;C:\Windows\Sun\Java\bin;C:\Windows\system32;C:\Windows;C:\ProgramData\Oracle\Java\javapath;C:\oraclexe\app\oracle\product\11.2.0\server\bin;;C:\Program Files (x86)\Intel\iCLS Client\;C:\Program Files\Intel\iCLS Client\;C:\Windows\system32;C:\Windows;C:\Windows\System32\Wbem;C:\Windows\System32\WindowsPowerShell\v1.0\;C:\Program Files\Intel\Intel(R) Management Engine Components\DAL;C:\Program Files\Intel\Intel(R) Management Engine Components\IPT;C:\Program Files (x86)\Intel\Intel(R) Management Engine Components\DAL;C:\Program Files (x86)\Intel\Intel(R) Management Engine Components\IPT;C:\Program Files\Intel\WiFi\bin\;C:\Program Files\Common Files\Intel\WirelessCommon\;C:\Program Files (x86)\Skype\Phone\;C:\Program Files (x86)\GNU\GnuPG\pub;C:\Program Files\MySQL\MySQL Server 5.6\bin;C:\Program Files (x86)\apache-ant-1.9.6\bin;C:\Program Files\jdk1.8.0_05\bin;E:\Engineer\eclipse\android-sdk-windows\tools;E:\Engineer\eclipse\android-sdk-windows\platform-tools;C:\Program Files\jdk1.8.0_05\bin;C:\Program Files\MongoDB\Server\3.0\bin;E:\Engineer\eclipse\eclipse;E:\Engineer\eclipse\myeclipse;C:\Program Files (x86)\apache-maven-3.3.3\bin;C:\Program Files (x86)\GNU\GnuPG;."/>
    <property name="java.specification.name" value="Java Platform API Specification"/>
    <property name="java.class.version" value="52.0"/>
    <property name="sun.management.compiler" value="HotSpot Client Compiler"/>
    <property name="os.version" value="6.3"/>
    <property name="user.home" value="C:\Users\new"/>
    <property name="user.timezone" value="Africa/Nairobi"/>
    <property name="java.awt.printerjob" value="sun.awt.windows.WPrinterJob"/>
    <property name="java.specification.version" value="1.8"/>
    <property name="file.encoding" value="Cp1252"/>
    <property name="user.name" value="new"/>
    <property name="java.class.path" value="C:\Program Files (x86)\apache-maven-3.3.3\bin\..\boot\plexus-classworlds-2.5.2.jar"/>
    <property name="java.vm.specification.version" value="1.8"/>
    <property name="sun.arch.data.model" value="32"/>
    <property name="java.home" value="C:\Program Files\jdk1.8.0_05\jre"/>
    <property name="sun.java.command" value="org.codehaus.plexus.classworlds.launcher.Launcher clean deploy"/>
    <property name="java.specification.vendor" value="Oracle Corporation"/>
    <property name="user.language" value="en"/>
    <property name="awt.toolkit" value="sun.awt.windows.WToolkit"/>
    <property name="java.vm.info" value="mixed mode"/>
    <property name="java.version" value="1.8.0_05"/>
    <property name="java.ext.dirs" value="C:\Program Files\jdk1.8.0_05\jre\lib\ext;C:\Windows\Sun\Java\lib\ext"/>
    <property name="sun.boot.class.path" value="C:\Program Files\jdk1.8.0_05\jre\lib\resources.jar;C:\Program Files\jdk1.8.0_05\jre\lib\rt.jar;C:\Program Files\jdk1.8.0_05\jre\lib\sunrsasign.jar;C:\Program Files\jdk1.8.0_05\jre\lib\jsse.jar;C:\Program Files\jdk1.8.0_05\jre\lib\jce.jar;C:\Program Files\jdk1.8.0_05\jre\lib\charsets.jar;C:\Program Files\jdk1.8.0_05\jre\lib\jfr.jar;C:\Program Files\jdk1.8.0_05\jre\classes"/>
    <property name="sun.stderr.encoding" value="cp437"/>
    <property name="java.vendor" value="Oracle Corporation"/>
    <property name="maven.home" value="C:\Program Files (x86)\apache-maven-3.3.3\bin\.."/>
    <property name="file.separator" value="\"/>
    <property name="java.vendor.url.bug" value="http://bugreport.sun.com/bugreport/"/>
    <property name="sun.cpu.endian" value="little"/>
    <property name="sun.io.unicode.encoding" value="UnicodeLittle"/>
    <property name="sun.stdout.encoding" value="cp437"/>
    <property name="sun.desktop" value="windows"/>
    <property name="sun.cpu.isalist" value="pentium_pro+mmx pentium_pro pentium+mmx pentium i486 i386 i86"/>
  </properties>
  <testcase classname="io.cloudboost.CloudSearchTest" name="indexData" time="2.159">
    <failure type="junit.framework.AssertionFailedError:">junit.framework.AssertionFailedError: null
	at junit.framework.Assert.fail(Assert.java:47)
	at io.cloudboost.CloudSearchTest$3.done(CloudSearchTest.java:70)
	at io.cloudboost.CloudObject.save(CloudObject.java:712)
	at io.cloudboost.CloudSearchTest.indexData(CloudSearchTest.java:66)
	at sun.reflect.NativeMethodAccessorImpl.invoke0(Native Method)
	at sun.reflect.NativeMethodAccessorImpl.invoke(NativeMethodAccessorImpl.java:62)
	at sun.reflect.DelegatingMethodAccessorImpl.invoke(DelegatingMethodAccessorImpl.java:43)
	at java.lang.reflect.Method.invoke(Method.java:483)
	at org.junit.runners.model.FrameworkMethod$1.runReflectiveCall(FrameworkMethod.java:44)
	at org.junit.internal.runners.model.ReflectiveCallable.run(ReflectiveCallable.java:15)
	at org.junit.runners.model.FrameworkMethod.invokeExplosively(FrameworkMethod.java:41)
	at org.junit.internal.runners.statements.InvokeMethod.evaluate(InvokeMethod.java:20)
	at org.junit.internal.runners.statements.FailOnTimeout$1.run(FailOnTimeout.java:28)
</failure>
    <system-out>Socket Initializaed
parameters: {&quot;document&quot;:{&quot;expires&quot;:null,&quot;_isModified&quot;:true,&quot;_type&quot;:&quot;custom&quot;,&quot;name&quot;:&quot;Ranjeet Kumar&quot;,&quot;description&quot;:&quot;Ranjeet&quot;,&quot;ACL&quot;:{&quot;read&quot;:{&quot;allow&quot;:{&quot;role&quot;:[],&quot;user&quot;:[&quot;all&quot;]},&quot;deny&quot;:{&quot;role&quot;:[],&quot;user&quot;:[]}},&quot;write&quot;:{&quot;allow&quot;:{&quot;role&quot;:[],&quot;user&quot;:[&quot;all&quot;]},&quot;deny&quot;:{&quot;role&quot;:[],&quot;user&quot;:[]}}},&quot;_isSearchable&quot;:true,&quot;_tableName&quot;:&quot;Student&quot;,&quot;class&quot;:&quot;Java&quot;,&quot;_modifiedColumns&quot;:[&quot;createdAt&quot;,&quot;updatedAt&quot;,&quot;ACL&quot;,&quot;expires&quot;,&quot;description&quot;,&quot;age&quot;,&quot;name&quot;,&quot;class&quot;],&quot;age&quot;:19},&quot;key&quot;:&quot;9SPxp6D3OPWvxj0asw5ryA==&quot;}
</system-out>
    <system-err>java.io.IOException: Server returned HTTP response code: 401 for URL: https://api.cloudboost.io/data/sample123/Student
	at sun.reflect.GeneratedConstructorAccessor17.newInstance(Unknown Source)
	at sun.reflect.DelegatingConstructorAccessorImpl.newInstance(DelegatingConstructorAccessorImpl.java:45)
	at java.lang.reflect.Constructor.newInstance(Constructor.java:408)
	at sun.net.www.protocol.http.HttpURLConnection$10.run(HttpURLConnection.java:1888)
	at sun.net.www.protocol.http.HttpURLConnection$10.run(HttpURLConnection.java:1883)
	at java.security.AccessController.doPrivileged(Native Method)
	at sun.net.www.protocol.http.HttpURLConnection.getChainedException(HttpURLConnection.java:1882)
	at sun.net.www.protocol.http.HttpURLConnection.getInputStream0(HttpURLConnection.java:1455)
	at sun.net.www.protocol.http.HttpURLConnection.getInputStream(HttpURLConnection.java:1439)
	at sun.net.www.protocol.https.HttpsURLConnectionImpl.getInputStream(HttpsURLConnectionImpl.java:254)
	at io.cloudboost.util.CBParser.callJson(CBParser.java:62)
	at io.cloudboost.CloudObject.save(CloudObject.java:708)
	at io.cloudboost.CloudSearchTest.indexData(CloudSearchTest.java:66)
	at sun.reflect.NativeMethodAccessorImpl.invoke0(Native Method)
	at sun.reflect.NativeMethodAccessorImpl.invoke(NativeMethodAccessorImpl.java:62)
	at sun.reflect.DelegatingMethodAccessorImpl.invoke(DelegatingMethodAccessorImpl.java:43)
	at java.lang.reflect.Method.invoke(Method.java:483)
	at org.junit.runners.model.FrameworkMethod$1.runReflectiveCall(FrameworkMethod.java:44)
	at org.junit.internal.runners.model.ReflectiveCallable.run(ReflectiveCallable.java:15)
	at org.junit.runners.model.FrameworkMethod.invokeExplosively(FrameworkMethod.java:41)
	at org.junit.internal.runners.statements.InvokeMethod.evaluate(InvokeMethod.java:20)
	at org.junit.internal.runners.statements.FailOnTimeout$1.run(FailOnTimeout.java:28)
Caused by: java.io.IOException: Server returned HTTP response code: 401 for URL: https://api.cloudboost.io/data/sample123/Student
	at sun.net.www.protocol.http.HttpURLConnection.getInputStream0(HttpURLConnection.java:1838)
	at sun.net.www.protocol.http.HttpURLConnection.getInputStream(HttpURLConnection.java:1439)
	at java.net.HttpURLConnection.getResponseCode(HttpURLConnection.java:480)
	at sun.net.www.protocol.https.HttpsURLConnectionImpl.getResponseCode(HttpsURLConnectionImpl.java:338)
	at io.cloudboost.util.CBParser.callJson(CBParser.java:60)
	... 11 more
</system-err>
  </testcase>
  <testcase classname="io.cloudboost.CloudSearchTest" name="indexObject" time="2.128">
    <failure type="junit.framework.AssertionFailedError:">junit.framework.AssertionFailedError: null
	at junit.framework.Assert.fail(Assert.java:47)
	at io.cloudboost.CloudSearchTest$1.done(CloudSearchTest.java:29)
	at io.cloudboost.CloudObject.save(CloudObject.java:712)
	at io.cloudboost.CloudSearchTest.indexObject(CloudSearchTest.java:25)
	at sun.reflect.NativeMethodAccessorImpl.invoke0(Native Method)
	at sun.reflect.NativeMethodAccessorImpl.invoke(NativeMethodAccessorImpl.java:62)
	at sun.reflect.DelegatingMethodAccessorImpl.invoke(DelegatingMethodAccessorImpl.java:43)
	at java.lang.reflect.Method.invoke(Method.java:483)
	at org.junit.runners.model.FrameworkMethod$1.runReflectiveCall(FrameworkMethod.java:44)
	at org.junit.internal.runners.model.ReflectiveCallable.run(ReflectiveCallable.java:15)
	at org.junit.runners.model.FrameworkMethod.invokeExplosively(FrameworkMethod.java:41)
	at org.junit.internal.runners.statements.InvokeMethod.evaluate(InvokeMethod.java:20)
	at org.junit.internal.runners.statements.FailOnTimeout$1.run(FailOnTimeout.java:28)
</failure>
    <system-out>Socket Initializaed
parameters: {&quot;document&quot;:{&quot;expires&quot;:null,&quot;_isModified&quot;:true,&quot;_type&quot;:&quot;custom&quot;,&quot;description&quot;:&quot;wi-fi&quot;,&quot;ACL&quot;:{&quot;read&quot;:{&quot;allow&quot;:{&quot;role&quot;:[],&quot;user&quot;:[&quot;all&quot;]},&quot;deny&quot;:{&quot;role&quot;:[],&quot;user&quot;:[]}},&quot;write&quot;:{&quot;allow&quot;:{&quot;role&quot;:[],&quot;user&quot;:[&quot;all&quot;]},&quot;deny&quot;:{&quot;role&quot;:[],&quot;user&quot;:[]}}},&quot;_isSearchable&quot;:true,&quot;_tableName&quot;:&quot;Custom1&quot;,&quot;_modifiedColumns&quot;:[&quot;createdAt&quot;,&quot;updatedAt&quot;,&quot;ACL&quot;,&quot;expires&quot;,&quot;description&quot;]},&quot;key&quot;:&quot;9SPxp6D3OPWvxj0asw5ryA==&quot;}
</system-out>
    <system-err>java.io.IOException: Server returned HTTP response code: 401 for URL: https://api.cloudboost.io/data/sample123/Custom1
	at sun.reflect.GeneratedConstructorAccessor17.newInstance(Unknown Source)
	at sun.reflect.DelegatingConstructorAccessorImpl.newInstance(DelegatingConstructorAccessorImpl.java:45)
	at java.lang.reflect.Constructor.newInstance(Constructor.java:408)
	at sun.net.www.protocol.http.HttpURLConnection$10.run(HttpURLConnection.java:1888)
	at sun.net.www.protocol.http.HttpURLConnection$10.run(HttpURLConnection.java:1883)
	at java.security.AccessController.doPrivileged(Native Method)
	at sun.net.www.protocol.http.HttpURLConnection.getChainedException(HttpURLConnection.java:1882)
	at sun.net.www.protocol.http.HttpURLConnection.getInputStream0(HttpURLConnection.java:1455)
	at sun.net.www.protocol.http.HttpURLConnection.getInputStream(HttpURLConnection.java:1439)
	at sun.net.www.protocol.https.HttpsURLConnectionImpl.getInputStream(HttpsURLConnectionImpl.java:254)
	at io.cloudboost.util.CBParser.callJson(CBParser.java:62)
	at io.cloudboost.CloudObject.save(CloudObject.java:708)
	at io.cloudboost.CloudSearchTest.indexObject(CloudSearchTest.java:25)
	at sun.reflect.NativeMethodAccessorImpl.invoke0(Native Method)
	at sun.reflect.NativeMethodAccessorImpl.invoke(NativeMethodAccessorImpl.java:62)
	at sun.reflect.DelegatingMethodAccessorImpl.invoke(DelegatingMethodAccessorImpl.java:43)
	at java.lang.reflect.Method.invoke(Method.java:483)
	at org.junit.runners.model.FrameworkMethod$1.runReflectiveCall(FrameworkMethod.java:44)
	at org.junit.internal.runners.model.ReflectiveCallable.run(ReflectiveCallable.java:15)
	at org.junit.runners.model.FrameworkMethod.invokeExplosively(FrameworkMethod.java:41)
	at org.junit.internal.runners.statements.InvokeMethod.evaluate(InvokeMethod.java:20)
	at org.junit.internal.runners.statements.FailOnTimeout$1.run(FailOnTimeout.java:28)
Caused by: java.io.IOException: Server returned HTTP response code: 401 for URL: https://api.cloudboost.io/data/sample123/Custom1
	at sun.net.www.protocol.http.HttpURLConnection.getInputStream0(HttpURLConnection.java:1838)
	at sun.net.www.protocol.http.HttpURLConnection.getInputStream(HttpURLConnection.java:1439)
	at java.net.HttpURLConnection.getResponseCode(HttpURLConnection.java:480)
	at sun.net.www.protocol.https.HttpsURLConnectionImpl.getResponseCode(HttpsURLConnectionImpl.java:338)
	at io.cloudboost.util.CBParser.callJson(CBParser.java:60)
	... 11 more
</system-err>
  </testcase>
  <testcase classname="io.cloudboost.CloudSearchTest" name="searchindexedObject" time="2.169">
    <error type="java.lang.NullPointerException">java.lang.NullPointerException
	at io.cloudboost.util.CBParser.callJson(CBParser.java:70)
	at io.cloudboost.CloudSearch.search(CloudSearch.java:197)
	at io.cloudboost.CloudSearchTest.searchindexedObject(CloudSearchTest.java:44)
	at sun.reflect.NativeMethodAccessorImpl.invoke0(Native Method)
	at sun.reflect.NativeMethodAccessorImpl.invoke(NativeMethodAccessorImpl.java:62)
	at sun.reflect.DelegatingMethodAccessorImpl.invoke(DelegatingMethodAccessorImpl.java:43)
	at java.lang.reflect.Method.invoke(Method.java:483)
	at org.junit.runners.model.FrameworkMethod$1.runReflectiveCall(FrameworkMethod.java:44)
	at org.junit.internal.runners.model.ReflectiveCallable.run(ReflectiveCallable.java:15)
	at org.junit.runners.model.FrameworkMethod.invokeExplosively(FrameworkMethod.java:41)
	at org.junit.internal.runners.statements.InvokeMethod.evaluate(InvokeMethod.java:20)
	at org.junit.internal.runners.statements.FailOnTimeout$1.run(FailOnTimeout.java:28)
</error>
    <system-out>Socket Initializaed
bool :: {&quot;filter&quot;:{},&quot;query&quot;:{&quot;bool&quot;:{&quot;should&quot;:[{&quot;match&quot;:{&quot;description&quot;:{&quot;fuzziness&quot;:null,&quot;query&quot;:&quot;wi-fi&quot;,&quot;minimum_should_match&quot;:null,&quot;boost&quot;:null,&quot;operator&quot;:null}}}],&quot;must_not&quot;:[],&quot;must&quot;:[]}}}
{&quot;query&quot;:{&quot;filtered&quot;:{&quot;filter&quot;:{},&quot;query&quot;:{&quot;bool&quot;:{&quot;should&quot;:[{&quot;match&quot;:{&quot;description&quot;:{&quot;fuzziness&quot;:null,&quot;query&quot;:&quot;wi-fi&quot;,&quot;minimum_should_match&quot;:null,&quot;boost&quot;:null,&quot;operator&quot;:null}}}],&quot;must_not&quot;:[],&quot;must&quot;:[]}}}},&quot;limit&quot;:10,&quot;skip&quot;:0,&quot;sort&quot;:[],&quot;key&quot;:&quot;9SPxp6D3OPWvxj0asw5ryA==&quot;,&quot;collectionName&quot;:&quot;Custom1&quot;}
parameters: {&quot;query&quot;:{&quot;filtered&quot;:{&quot;filter&quot;:{},&quot;query&quot;:{&quot;bool&quot;:{&quot;should&quot;:[{&quot;match&quot;:{&quot;description&quot;:{&quot;fuzziness&quot;:null,&quot;query&quot;:&quot;wi-fi&quot;,&quot;minimum_should_match&quot;:null,&quot;boost&quot;:null,&quot;operator&quot;:null}}}],&quot;must_not&quot;:[],&quot;must&quot;:[]}}}},&quot;limit&quot;:10,&quot;skip&quot;:0,&quot;sort&quot;:[],&quot;key&quot;:&quot;9SPxp6D3OPWvxj0asw5ryA==&quot;,&quot;collectionName&quot;:&quot;Custom1&quot;}
</system-out>
    <system-err>java.io.IOException: Server returned HTTP response code: 401 for URL: https://api.cloudboost.io/data/sample123/Custom1/search
	at sun.reflect.GeneratedConstructorAccessor17.newInstance(Unknown Source)
	at sun.reflect.DelegatingConstructorAccessorImpl.newInstance(DelegatingConstructorAccessorImpl.java:45)
	at java.lang.reflect.Constructor.newInstance(Constructor.java:408)
	at sun.net.www.protocol.http.HttpURLConnection$10.run(HttpURLConnection.java:1888)
	at sun.net.www.protocol.http.HttpURLConnection$10.run(HttpURLConnection.java:1883)
	at java.security.AccessController.doPrivileged(Native Method)
	at sun.net.www.protocol.http.HttpURLConnection.getChainedException(HttpURLConnection.java:1882)
	at sun.net.www.protocol.http.HttpURLConnection.getInputStream0(HttpURLConnection.java:1455)
	at sun.net.www.protocol.http.HttpURLConnection.getInputStream(HttpURLConnection.java:1439)
	at sun.net.www.protocol.https.HttpsURLConnectionImpl.getInputStream(HttpsURLConnectionImpl.java:254)
	at io.cloudboost.util.CBParser.callJson(CBParser.java:62)
	at io.cloudboost.CloudSearch.search(CloudSearch.java:197)
	at io.cloudboost.CloudSearchTest.searchindexedObject(CloudSearchTest.java:44)
	at sun.reflect.NativeMethodAccessorImpl.invoke0(Native Method)
	at sun.reflect.NativeMethodAccessorImpl.invoke(NativeMethodAccessorImpl.java:62)
	at sun.reflect.DelegatingMethodAccessorImpl.invoke(DelegatingMethodAccessorImpl.java:43)
	at java.lang.reflect.Method.invoke(Method.java:483)
	at org.junit.runners.model.FrameworkMethod$1.runReflectiveCall(FrameworkMethod.java:44)
	at org.junit.internal.runners.model.ReflectiveCallable.run(ReflectiveCallable.java:15)
	at org.junit.runners.model.FrameworkMethod.invokeExplosively(FrameworkMethod.java:41)
	at org.junit.internal.runners.statements.InvokeMethod.evaluate(InvokeMethod.java:20)
	at org.junit.internal.runners.statements.FailOnTimeout$1.run(FailOnTimeout.java:28)
Caused by: java.io.IOException: Server returned HTTP response code: 401 for URL: https://api.cloudboost.io/data/sample123/Custom1/search
	at sun.net.www.protocol.http.HttpURLConnection.getInputStream0(HttpURLConnection.java:1838)
	at sun.net.www.protocol.http.HttpURLConnection.getInputStream(HttpURLConnection.java:1439)
	at java.net.HttpURLConnection.getResponseCode(HttpURLConnection.java:480)
	at sun.net.www.protocol.https.HttpsURLConnectionImpl.getResponseCode(HttpsURLConnectionImpl.java:338)
	at io.cloudboost.util.CBParser.callJson(CBParser.java:60)
	... 11 more
</system-err>
  </testcase>
  <testcase classname="io.cloudboost.CloudSearchTest" name="searchObjectForValue" time="1.702">
    <error type="java.lang.NullPointerException">java.lang.NullPointerException
	at io.cloudboost.util.CBParser.callJson(CBParser.java:70)
	at io.cloudboost.CloudSearch.search(CloudSearch.java:197)
	at io.cloudboost.CloudSearchTest.searchObjectForValue(CloudSearchTest.java:108)
	at sun.reflect.NativeMethodAccessorImpl.invoke0(Native Method)
	at sun.reflect.NativeMethodAccessorImpl.invoke(NativeMethodAccessorImpl.java:62)
	at sun.reflect.DelegatingMethodAccessorImpl.invoke(DelegatingMethodAccessorImpl.java:43)
	at java.lang.reflect.Method.invoke(Method.java:483)
	at org.junit.runners.model.FrameworkMethod$1.runReflectiveCall(FrameworkMethod.java:44)
	at org.junit.internal.runners.model.ReflectiveCallable.run(ReflectiveCallable.java:15)
	at org.junit.runners.model.FrameworkMethod.invokeExplosively(FrameworkMethod.java:41)
	at org.junit.internal.runners.statements.InvokeMethod.evaluate(InvokeMethod.java:20)
	at org.junit.internal.runners.statements.FailOnTimeout$1.run(FailOnTimeout.java:28)
</error>
    <system-out>Socket Initializaed
bool :: {&quot;filter&quot;:{&quot;bool&quot;:{&quot;should&quot;:[],&quot;must_not&quot;:[],&quot;must&quot;:[{&quot;term&quot;:{&quot;age&quot;:19}}]}},&quot;query&quot;:{}}
{&quot;query&quot;:{&quot;filtered&quot;:{&quot;filter&quot;:{&quot;bool&quot;:{&quot;should&quot;:[],&quot;must_not&quot;:[],&quot;must&quot;:[{&quot;term&quot;:{&quot;age&quot;:19}}]}},&quot;query&quot;:{}}},&quot;limit&quot;:10,&quot;skip&quot;:0,&quot;sort&quot;:[],&quot;key&quot;:&quot;9SPxp6D3OPWvxj0asw5ryA==&quot;,&quot;collectionName&quot;:&quot;Student&quot;}
parameters: {&quot;query&quot;:{&quot;filtered&quot;:{&quot;filter&quot;:{&quot;bool&quot;:{&quot;should&quot;:[],&quot;must_not&quot;:[],&quot;must&quot;:[{&quot;term&quot;:{&quot;age&quot;:19}}]}},&quot;query&quot;:{}}},&quot;limit&quot;:10,&quot;skip&quot;:0,&quot;sort&quot;:[],&quot;key&quot;:&quot;9SPxp6D3OPWvxj0asw5ryA==&quot;,&quot;collectionName&quot;:&quot;Student&quot;}
</system-out>
    <system-err>java.io.IOException: Server returned HTTP response code: 401 for URL: https://api.cloudboost.io/data/sample123/Student/search
	at sun.reflect.GeneratedConstructorAccessor17.newInstance(Unknown Source)
	at sun.reflect.DelegatingConstructorAccessorImpl.newInstance(DelegatingConstructorAccessorImpl.java:45)
	at java.lang.reflect.Constructor.newInstance(Constructor.java:408)
	at sun.net.www.protocol.http.HttpURLConnection$10.run(HttpURLConnection.java:1888)
	at sun.net.www.protocol.http.HttpURLConnection$10.run(HttpURLConnection.java:1883)
	at java.security.AccessController.doPrivileged(Native Method)
	at sun.net.www.protocol.http.HttpURLConnection.getChainedException(HttpURLConnection.java:1882)
	at sun.net.www.protocol.http.HttpURLConnection.getInputStream0(HttpURLConnection.java:1455)
	at sun.net.www.protocol.http.HttpURLConnection.getInputStream(HttpURLConnection.java:1439)
	at sun.net.www.protocol.https.HttpsURLConnectionImpl.getInputStream(HttpsURLConnectionImpl.java:254)
	at io.cloudboost.util.CBParser.callJson(CBParser.java:62)
	at io.cloudboost.CloudSearch.search(CloudSearch.java:197)
	at io.cloudboost.CloudSearchTest.searchObjectForValue(CloudSearchTest.java:108)
	at sun.reflect.NativeMethodAccessorImpl.invoke0(Native Method)
	at sun.reflect.NativeMethodAccessorImpl.invoke(NativeMethodAccessorImpl.java:62)
	at sun.reflect.DelegatingMethodAccessorImpl.invoke(DelegatingMethodAccessorImpl.java:43)
	at java.lang.reflect.Method.invoke(Method.java:483)
	at org.junit.runners.model.FrameworkMethod$1.runReflectiveCall(FrameworkMethod.java:44)
	at org.junit.internal.runners.model.ReflectiveCallable.run(ReflectiveCallable.java:15)
	at org.junit.runners.model.FrameworkMethod.invokeExplosively(FrameworkMethod.java:41)
	at org.junit.internal.runners.statements.InvokeMethod.evaluate(InvokeMethod.java:20)
	at org.junit.internal.runners.statements.FailOnTimeout$1.run(FailOnTimeout.java:28)
Caused by: java.io.IOException: Server returned HTTP response code: 401 for URL: https://api.cloudboost.io/data/sample123/Student/search
	at sun.net.www.protocol.http.HttpURLConnection.getInputStream0(HttpURLConnection.java:1838)
	at sun.net.www.protocol.http.HttpURLConnection.getInputStream(HttpURLConnection.java:1439)
	at java.net.HttpURLConnection.getResponseCode(HttpURLConnection.java:480)
	at sun.net.www.protocol.https.HttpsURLConnectionImpl.getResponseCode(HttpsURLConnectionImpl.java:338)
	at io.cloudboost.util.CBParser.callJson(CBParser.java:60)
	... 11 more
</system-err>
  </testcase>
  <testcase classname="io.cloudboost.CloudSearchTest" name="searchObjectWithWildCard" time="2.268">
    <error type="java.lang.NullPointerException">java.lang.NullPointerException
	at io.cloudboost.util.CBParser.callJson(CBParser.java:70)
	at io.cloudboost.CloudSearch.search(CloudSearch.java:197)
	at io.cloudboost.CloudSearchTest.searchObjectWithWildCard(CloudSearchTest.java:147)
	at sun.reflect.NativeMethodAccessorImpl.invoke0(Native Method)
	at sun.reflect.NativeMethodAccessorImpl.invoke(NativeMethodAccessorImpl.java:62)
	at sun.reflect.DelegatingMethodAccessorImpl.invoke(DelegatingMethodAccessorImpl.java:43)
	at java.lang.reflect.Method.invoke(Method.java:483)
	at org.junit.runners.model.FrameworkMethod$1.runReflectiveCall(FrameworkMethod.java:44)
	at org.junit.internal.runners.model.ReflectiveCallable.run(ReflectiveCallable.java:15)
	at org.junit.runners.model.FrameworkMethod.invokeExplosively(FrameworkMethod.java:41)
	at org.junit.internal.runners.statements.InvokeMethod.evaluate(InvokeMethod.java:20)
	at org.junit.internal.runners.statements.FailOnTimeout$1.run(FailOnTimeout.java:28)
</error>
    <system-out>bool :: {&quot;filter&quot;:{},&quot;query&quot;:{&quot;bool&quot;:{&quot;should&quot;:[{&quot;wildcard&quot;:{&quot;name&quot;:{&quot;value&quot;:&quot;R*&quot;}}}],&quot;must_not&quot;:[],&quot;must&quot;:[]}}}
{&quot;query&quot;:{&quot;filtered&quot;:{&quot;filter&quot;:{},&quot;query&quot;:{&quot;bool&quot;:{&quot;should&quot;:[{&quot;wildcard&quot;:{&quot;name&quot;:{&quot;value&quot;:&quot;R*&quot;}}}],&quot;must_not&quot;:[],&quot;must&quot;:[]}}}},&quot;limit&quot;:10,&quot;skip&quot;:0,&quot;sort&quot;:[],&quot;key&quot;:&quot;9SPxp6D3OPWvxj0asw5ryA==&quot;,&quot;collectionName&quot;:&quot;Student&quot;}
parameters: {&quot;query&quot;:{&quot;filtered&quot;:{&quot;filter&quot;:{},&quot;query&quot;:{&quot;bool&quot;:{&quot;should&quot;:[{&quot;wildcard&quot;:{&quot;name&quot;:{&quot;value&quot;:&quot;R*&quot;}}}],&quot;must_not&quot;:[],&quot;must&quot;:[]}}}},&quot;limit&quot;:10,&quot;skip&quot;:0,&quot;sort&quot;:[],&quot;key&quot;:&quot;9SPxp6D3OPWvxj0asw5ryA==&quot;,&quot;collectionName&quot;:&quot;Student&quot;}
</system-out>
    <system-err>java.io.IOException: Server returned HTTP response code: 401 for URL: https://api.cloudboost.io/data/sample123/Student/search
	at sun.reflect.GeneratedConstructorAccessor17.newInstance(Unknown Source)
	at sun.reflect.DelegatingConstructorAccessorImpl.newInstance(DelegatingConstructorAccessorImpl.java:45)
	at java.lang.reflect.Constructor.newInstance(Constructor.java:408)
	at sun.net.www.protocol.http.HttpURLConnection$10.run(HttpURLConnection.java:1888)
	at sun.net.www.protocol.http.HttpURLConnection$10.run(HttpURLConnection.java:1883)
	at java.security.AccessController.doPrivileged(Native Method)
	at sun.net.www.protocol.http.HttpURLConnection.getChainedException(HttpURLConnection.java:1882)
	at sun.net.www.protocol.http.HttpURLConnection.getInputStream0(HttpURLConnection.java:1455)
	at sun.net.www.protocol.http.HttpURLConnection.getInputStream(HttpURLConnection.java:1439)
	at sun.net.www.protocol.https.HttpsURLConnectionImpl.getInputStream(HttpsURLConnectionImpl.java:254)
	at io.cloudboost.util.CBParser.callJson(CBParser.java:62)
	at io.cloudboost.CloudSearch.search(CloudSearch.java:197)
	at io.cloudboost.CloudSearchTest.searchObjectWithWildCard(CloudSearchTest.java:147)
	at sun.reflect.NativeMethodAccessorImpl.invoke0(Native Method)
	at sun.reflect.NativeMethodAccessorImpl.invoke(NativeMethodAccessorImpl.java:62)
	at sun.reflect.DelegatingMethodAccessorImpl.invoke(DelegatingMethodAccessorImpl.java:43)
	at java.lang.reflect.Method.invoke(Method.java:483)
	at org.junit.runners.model.FrameworkMethod$1.runReflectiveCall(FrameworkMethod.java:44)
	at org.junit.internal.runners.model.ReflectiveCallable.run(ReflectiveCallable.java:15)
	at org.junit.runners.model.FrameworkMethod.invokeExplosively(FrameworkMethod.java:41)
	at org.junit.internal.runners.statements.InvokeMethod.evaluate(InvokeMethod.java:20)
	at org.junit.internal.runners.statements.FailOnTimeout$1.run(FailOnTimeout.java:28)
Caused by: java.io.IOException: Server returned HTTP response code: 401 for URL: https://api.cloudboost.io/data/sample123/Student/search
	at sun.net.www.protocol.http.HttpURLConnection.getInputStream0(HttpURLConnection.java:1838)
	at sun.net.www.protocol.http.HttpURLConnection.getInputStream(HttpURLConnection.java:1439)
	at java.net.HttpURLConnection.getResponseCode(HttpURLConnection.java:480)
	at sun.net.www.protocol.https.HttpsURLConnectionImpl.getResponseCode(HttpsURLConnectionImpl.java:338)
	at io.cloudboost.util.CBParser.callJson(CBParser.java:60)
	... 11 more
</system-err>
  </testcase>
  <testcase classname="io.cloudboost.CloudSearchTest" name="searchObjectWithPhrase" time="2.15">
    <error type="java.lang.NullPointerException">java.lang.NullPointerException
	at io.cloudboost.util.CBParser.callJson(CBParser.java:70)
	at io.cloudboost.CloudSearch.search(CloudSearch.java:197)
	at io.cloudboost.CloudSearchTest.searchObjectWithPhrase(CloudSearchTest.java:128)
	at sun.reflect.NativeMethodAccessorImpl.invoke0(Native Method)
	at sun.reflect.NativeMethodAccessorImpl.invoke(NativeMethodAccessorImpl.java:62)
	at sun.reflect.DelegatingMethodAccessorImpl.invoke(DelegatingMethodAccessorImpl.java:43)
	at java.lang.reflect.Method.invoke(Method.java:483)
	at org.junit.runners.model.FrameworkMethod$1.runReflectiveCall(FrameworkMethod.java:44)
	at org.junit.internal.runners.model.ReflectiveCallable.run(ReflectiveCallable.java:15)
	at org.junit.runners.model.FrameworkMethod.invokeExplosively(FrameworkMethod.java:41)
	at org.junit.internal.runners.statements.InvokeMethod.evaluate(InvokeMethod.java:20)
	at org.junit.internal.runners.statements.FailOnTimeout$1.run(FailOnTimeout.java:28)
</error>
    <system-out>Socket Initializaed
bool :: {&quot;filter&quot;:{},&quot;query&quot;:{&quot;bool&quot;:{&quot;should&quot;:[{&quot;match&quot;:{&quot;name&quot;:{&quot;query&quot;:&quot;Ravi Teja&quot;,&quot;type&quot;:&quot;phrase&quot;,&quot;slop&quot;:null}}}],&quot;must_not&quot;:[],&quot;must&quot;:[]}}}
{&quot;query&quot;:{&quot;filtered&quot;:{&quot;filter&quot;:{},&quot;query&quot;:{&quot;bool&quot;:{&quot;should&quot;:[{&quot;match&quot;:{&quot;name&quot;:{&quot;query&quot;:&quot;Ravi Teja&quot;,&quot;type&quot;:&quot;phrase&quot;,&quot;slop&quot;:null}}}],&quot;must_not&quot;:[],&quot;must&quot;:[]}}}},&quot;limit&quot;:10,&quot;skip&quot;:0,&quot;sort&quot;:[],&quot;key&quot;:&quot;9SPxp6D3OPWvxj0asw5ryA==&quot;,&quot;collectionName&quot;:&quot;Student&quot;}
parameters: {&quot;query&quot;:{&quot;filtered&quot;:{&quot;filter&quot;:{},&quot;query&quot;:{&quot;bool&quot;:{&quot;should&quot;:[{&quot;match&quot;:{&quot;name&quot;:{&quot;query&quot;:&quot;Ravi Teja&quot;,&quot;type&quot;:&quot;phrase&quot;,&quot;slop&quot;:null}}}],&quot;must_not&quot;:[],&quot;must&quot;:[]}}}},&quot;limit&quot;:10,&quot;skip&quot;:0,&quot;sort&quot;:[],&quot;key&quot;:&quot;9SPxp6D3OPWvxj0asw5ryA==&quot;,&quot;collectionName&quot;:&quot;Student&quot;}
</system-out>
    <system-err>java.io.IOException: Server returned HTTP response code: 401 for URL: https://api.cloudboost.io/data/sample123/Student/search
	at sun.reflect.GeneratedConstructorAccessor17.newInstance(Unknown Source)
	at sun.reflect.DelegatingConstructorAccessorImpl.newInstance(DelegatingConstructorAccessorImpl.java:45)
	at java.lang.reflect.Constructor.newInstance(Constructor.java:408)
	at sun.net.www.protocol.http.HttpURLConnection$10.run(HttpURLConnection.java:1888)
	at sun.net.www.protocol.http.HttpURLConnection$10.run(HttpURLConnection.java:1883)
	at java.security.AccessController.doPrivileged(Native Method)
	at sun.net.www.protocol.http.HttpURLConnection.getChainedException(HttpURLConnection.java:1882)
	at sun.net.www.protocol.http.HttpURLConnection.getInputStream0(HttpURLConnection.java:1455)
	at sun.net.www.protocol.http.HttpURLConnection.getInputStream(HttpURLConnection.java:1439)
	at sun.net.www.protocol.https.HttpsURLConnectionImpl.getInputStream(HttpsURLConnectionImpl.java:254)
	at io.cloudboost.util.CBParser.callJson(CBParser.java:62)
	at io.cloudboost.CloudSearch.search(CloudSearch.java:197)
	at io.cloudboost.CloudSearchTest.searchObjectWithPhrase(CloudSearchTest.java:128)
	at sun.reflect.NativeMethodAccessorImpl.invoke0(Native Method)
	at sun.reflect.NativeMethodAccessorImpl.invoke(NativeMethodAccessorImpl.java:62)
	at sun.reflect.DelegatingMethodAccessorImpl.invoke(DelegatingMethodAccessorImpl.java:43)
	at java.lang.reflect.Method.invoke(Method.java:483)
	at org.junit.runners.model.FrameworkMethod$1.runReflectiveCall(FrameworkMethod.java:44)
	at org.junit.internal.runners.model.ReflectiveCallable.run(ReflectiveCallable.java:15)
	at org.junit.runners.model.FrameworkMethod.invokeExplosively(FrameworkMethod.java:41)
	at org.junit.internal.runners.statements.InvokeMethod.evaluate(InvokeMethod.java:20)
	at org.junit.internal.runners.statements.FailOnTimeout$1.run(FailOnTimeout.java:28)
Caused by: java.io.IOException: Server returned HTTP response code: 401 for URL: https://api.cloudboost.io/data/sample123/Student/search
	at sun.net.www.protocol.http.HttpURLConnection.getInputStream0(HttpURLConnection.java:1838)
	at sun.net.www.protocol.http.HttpURLConnection.getInputStream(HttpURLConnection.java:1439)
	at java.net.HttpURLConnection.getResponseCode(HttpURLConnection.java:480)
	at sun.net.www.protocol.https.HttpsURLConnectionImpl.getResponseCode(HttpsURLConnectionImpl.java:338)
	at io.cloudboost.util.CBParser.callJson(CBParser.java:60)
	... 11 more
</system-err>
  </testcase>
  <testcase classname="io.cloudboost.CloudSearchTest" name="limitNumberOfSearch" time="2.248">
    <error type="java.lang.NullPointerException">java.lang.NullPointerException
	at io.cloudboost.util.CBParser.callJson(CBParser.java:70)
	at io.cloudboost.CloudSearch.search(CloudSearch.java:197)
	at io.cloudboost.CloudSearchTest.limitNumberOfSearch(CloudSearchTest.java:250)
	at sun.reflect.NativeMethodAccessorImpl.invoke0(Native Method)
	at sun.reflect.NativeMethodAccessorImpl.invoke(NativeMethodAccessorImpl.java:62)
	at sun.reflect.DelegatingMethodAccessorImpl.invoke(DelegatingMethodAccessorImpl.java:43)
	at java.lang.reflect.Method.invoke(Method.java:483)
	at org.junit.runners.model.FrameworkMethod$1.runReflectiveCall(FrameworkMethod.java:44)
	at org.junit.internal.runners.model.ReflectiveCallable.run(ReflectiveCallable.java:15)
	at org.junit.runners.model.FrameworkMethod.invokeExplosively(FrameworkMethod.java:41)
	at org.junit.internal.runners.statements.InvokeMethod.evaluate(InvokeMethod.java:20)
	at org.junit.internal.runners.statements.FailOnTimeout$1.run(FailOnTimeout.java:28)
</error>
    <system-out>Socket Initializaed
bool :: {&quot;filter&quot;:{&quot;bool&quot;:{&quot;should&quot;:[],&quot;must_not&quot;:[{&quot;term&quot;:{&quot;age&quot;:19}}],&quot;must&quot;:[]}},&quot;query&quot;:{}}
{&quot;query&quot;:{&quot;filtered&quot;:{&quot;filter&quot;:{&quot;bool&quot;:{&quot;should&quot;:[],&quot;must_not&quot;:[{&quot;term&quot;:{&quot;age&quot;:19}}],&quot;must&quot;:[]}},&quot;query&quot;:{}}},&quot;limit&quot;:0,&quot;skip&quot;:0,&quot;sort&quot;:[],&quot;key&quot;:&quot;9SPxp6D3OPWvxj0asw5ryA==&quot;,&quot;collectionName&quot;:&quot;Student&quot;}
parameters: {&quot;query&quot;:{&quot;filtered&quot;:{&quot;filter&quot;:{&quot;bool&quot;:{&quot;should&quot;:[],&quot;must_not&quot;:[{&quot;term&quot;:{&quot;age&quot;:19}}],&quot;must&quot;:[]}},&quot;query&quot;:{}}},&quot;limit&quot;:0,&quot;skip&quot;:0,&quot;sort&quot;:[],&quot;key&quot;:&quot;9SPxp6D3OPWvxj0asw5ryA==&quot;,&quot;collectionName&quot;:&quot;Student&quot;}
</system-out>
    <system-err>java.io.IOException: Server returned HTTP response code: 401 for URL: https://api.cloudboost.io/data/sample123/Student/search
	at sun.reflect.GeneratedConstructorAccessor17.newInstance(Unknown Source)
	at sun.reflect.DelegatingConstructorAccessorImpl.newInstance(DelegatingConstructorAccessorImpl.java:45)
	at java.lang.reflect.Constructor.newInstance(Constructor.java:408)
	at sun.net.www.protocol.http.HttpURLConnection$10.run(HttpURLConnection.java:1888)
	at sun.net.www.protocol.http.HttpURLConnection$10.run(HttpURLConnection.java:1883)
	at java.security.AccessController.doPrivileged(Native Method)
	at sun.net.www.protocol.http.HttpURLConnection.getChainedException(HttpURLConnection.java:1882)
	at sun.net.www.protocol.http.HttpURLConnection.getInputStream0(HttpURLConnection.java:1455)
	at sun.net.www.protocol.http.HttpURLConnection.getInputStream(HttpURLConnection.java:1439)
	at sun.net.www.protocol.https.HttpsURLConnectionImpl.getInputStream(HttpsURLConnectionImpl.java:254)
	at io.cloudboost.util.CBParser.callJson(CBParser.java:62)
	at io.cloudboost.CloudSearch.search(CloudSearch.java:197)
	at io.cloudboost.CloudSearchTest.limitNumberOfSearch(CloudSearchTest.java:250)
	at sun.reflect.NativeMethodAccessorImpl.invoke0(Native Method)
	at sun.reflect.NativeMethodAccessorImpl.invoke(NativeMethodAccessorImpl.java:62)
	at sun.reflect.DelegatingMethodAccessorImpl.invoke(DelegatingMethodAccessorImpl.java:43)
	at java.lang.reflect.Method.invoke(Method.java:483)
	at org.junit.runners.model.FrameworkMethod$1.runReflectiveCall(FrameworkMethod.java:44)
	at org.junit.internal.runners.model.ReflectiveCallable.run(ReflectiveCallable.java:15)
	at org.junit.runners.model.FrameworkMethod.invokeExplosively(FrameworkMethod.java:41)
	at org.junit.internal.runners.statements.InvokeMethod.evaluate(InvokeMethod.java:20)
	at org.junit.internal.runners.statements.FailOnTimeout$1.run(FailOnTimeout.java:28)
Caused by: java.io.IOException: Server returned HTTP response code: 401 for URL: https://api.cloudboost.io/data/sample123/Student/search
	at sun.net.www.protocol.http.HttpURLConnection.getInputStream0(HttpURLConnection.java:1838)
	at sun.net.www.protocol.http.HttpURLConnection.getInputStream(HttpURLConnection.java:1439)
	at java.net.HttpURLConnection.getResponseCode(HttpURLConnection.java:480)
	at sun.net.www.protocol.https.HttpsURLConnectionImpl.getResponseCode(HttpsURLConnectionImpl.java:338)
	at io.cloudboost.util.CBParser.callJson(CBParser.java:60)
	... 11 more
</system-err>
  </testcase>
  <testcase classname="io.cloudboost.CloudSearchTest" name="searchObjectWithNotEqualTo" time="1.641">
    <error type="java.lang.NullPointerException">java.lang.NullPointerException
	at io.cloudboost.util.CBParser.callJson(CBParser.java:70)
	at io.cloudboost.CloudSearch.search(CloudSearch.java:197)
	at io.cloudboost.CloudSearchTest.searchObjectWithNotEqualTo(CloudSearchTest.java:229)
	at sun.reflect.NativeMethodAccessorImpl.invoke0(Native Method)
	at sun.reflect.NativeMethodAccessorImpl.invoke(NativeMethodAccessorImpl.java:62)
	at sun.reflect.DelegatingMethodAccessorImpl.invoke(DelegatingMethodAccessorImpl.java:43)
	at java.lang.reflect.Method.invoke(Method.java:483)
	at org.junit.runners.model.FrameworkMethod$1.runReflectiveCall(FrameworkMethod.java:44)
	at org.junit.internal.runners.model.ReflectiveCallable.run(ReflectiveCallable.java:15)
	at org.junit.runners.model.FrameworkMethod.invokeExplosively(FrameworkMethod.java:41)
	at org.junit.internal.runners.statements.InvokeMethod.evaluate(InvokeMethod.java:20)
	at org.junit.internal.runners.statements.FailOnTimeout$1.run(FailOnTimeout.java:28)
</error>
    <system-out>Socket Initializaed
bool :: {&quot;filter&quot;:{&quot;bool&quot;:{&quot;should&quot;:[],&quot;must_not&quot;:[],&quot;must&quot;:[{&quot;term&quot;:{&quot;age&quot;:19}}]}},&quot;query&quot;:{}}
{&quot;query&quot;:{&quot;filtered&quot;:{&quot;filter&quot;:{&quot;bool&quot;:{&quot;should&quot;:[],&quot;must_not&quot;:[],&quot;must&quot;:[{&quot;term&quot;:{&quot;age&quot;:19}}]}},&quot;query&quot;:{}}},&quot;limit&quot;:10,&quot;skip&quot;:0,&quot;sort&quot;:[],&quot;key&quot;:&quot;9SPxp6D3OPWvxj0asw5ryA==&quot;,&quot;collectionName&quot;:&quot;Student&quot;}
parameters: {&quot;query&quot;:{&quot;filtered&quot;:{&quot;filter&quot;:{&quot;bool&quot;:{&quot;should&quot;:[],&quot;must_not&quot;:[],&quot;must&quot;:[{&quot;term&quot;:{&quot;age&quot;:19}}]}},&quot;query&quot;:{}}},&quot;limit&quot;:10,&quot;skip&quot;:0,&quot;sort&quot;:[],&quot;key&quot;:&quot;9SPxp6D3OPWvxj0asw5ryA==&quot;,&quot;collectionName&quot;:&quot;Student&quot;}
</system-out>
    <system-err>java.io.IOException: Server returned HTTP response code: 401 for URL: https://api.cloudboost.io/data/sample123/Student/search
	at sun.reflect.GeneratedConstructorAccessor17.newInstance(Unknown Source)
	at sun.reflect.DelegatingConstructorAccessorImpl.newInstance(DelegatingConstructorAccessorImpl.java:45)
	at java.lang.reflect.Constructor.newInstance(Constructor.java:408)
	at sun.net.www.protocol.http.HttpURLConnection$10.run(HttpURLConnection.java:1888)
	at sun.net.www.protocol.http.HttpURLConnection$10.run(HttpURLConnection.java:1883)
	at java.security.AccessController.doPrivileged(Native Method)
	at sun.net.www.protocol.http.HttpURLConnection.getChainedException(HttpURLConnection.java:1882)
	at sun.net.www.protocol.http.HttpURLConnection.getInputStream0(HttpURLConnection.java:1455)
	at sun.net.www.protocol.http.HttpURLConnection.getInputStream(HttpURLConnection.java:1439)
	at sun.net.www.protocol.https.HttpsURLConnectionImpl.getInputStream(HttpsURLConnectionImpl.java:254)
	at io.cloudboost.util.CBParser.callJson(CBParser.java:62)
	at io.cloudboost.CloudSearch.search(CloudSearch.java:197)
	at io.cloudboost.CloudSearchTest.searchObjectWithNotEqualTo(CloudSearchTest.java:229)
	at sun.reflect.NativeMethodAccessorImpl.invoke0(Native Method)
	at sun.reflect.NativeMethodAccessorImpl.invoke(NativeMethodAccessorImpl.java:62)
	at sun.reflect.DelegatingMethodAccessorImpl.invoke(DelegatingMethodAccessorImpl.java:43)
	at java.lang.reflect.Method.invoke(Method.java:483)
	at org.junit.runners.model.FrameworkMethod$1.runReflectiveCall(FrameworkMethod.java:44)
	at org.junit.internal.runners.model.ReflectiveCallable.run(ReflectiveCallable.java:15)
	at org.junit.runners.model.FrameworkMethod.invokeExplosively(FrameworkMethod.java:41)
	at org.junit.internal.runners.statements.InvokeMethod.evaluate(InvokeMethod.java:20)
	at org.junit.internal.runners.statements.FailOnTimeout$1.run(FailOnTimeout.java:28)
Caused by: java.io.IOException: Server returned HTTP response code: 401 for URL: https://api.cloudboost.io/data/sample123/Student/search
	at sun.net.www.protocol.http.HttpURLConnection.getInputStream0(HttpURLConnection.java:1838)
	at sun.net.www.protocol.http.HttpURLConnection.getInputStream(HttpURLConnection.java:1439)
	at java.net.HttpURLConnection.getResponseCode(HttpURLConnection.java:480)
	at sun.net.www.protocol.https.HttpsURLConnectionImpl.getResponseCode(HttpsURLConnectionImpl.java:338)
	at io.cloudboost.util.CBParser.callJson(CBParser.java:60)
	... 11 more
</system-err>
  </testcase>
  <testcase classname="io.cloudboost.CloudSearchTest" name="searchObjectWithBestColumn" time="2.161">
    <error type="java.lang.NullPointerException">java.lang.NullPointerException
	at io.cloudboost.util.CBParser.callJson(CBParser.java:70)
	at io.cloudboost.CloudSearch.search(CloudSearch.java:197)
	at io.cloudboost.CloudSearchTest.searchObjectWithBestColumn(CloudSearchTest.java:209)
	at sun.reflect.NativeMethodAccessorImpl.invoke0(Native Method)
	at sun.reflect.NativeMethodAccessorImpl.invoke(NativeMethodAccessorImpl.java:62)
	at sun.reflect.DelegatingMethodAccessorImpl.invoke(DelegatingMethodAccessorImpl.java:43)
	at java.lang.reflect.Method.invoke(Method.java:483)
	at org.junit.runners.model.FrameworkMethod$1.runReflectiveCall(FrameworkMethod.java:44)
	at org.junit.internal.runners.model.ReflectiveCallable.run(ReflectiveCallable.java:15)
	at org.junit.runners.model.FrameworkMethod.invokeExplosively(FrameworkMethod.java:41)
	at org.junit.internal.runners.statements.InvokeMethod.evaluate(InvokeMethod.java:20)
	at org.junit.internal.runners.statements.FailOnTimeout$1.run(FailOnTimeout.java:28)
</error>
    <system-out>Socket Initializaed
bool :: {&quot;filter&quot;:{},&quot;query&quot;:{&quot;bool&quot;:{&quot;should&quot;:[{&quot;multi_match&quot;:{&quot;fuzziness&quot;:null,&quot;query&quot;:&quot;R&quot;,&quot;minimum_should_match&quot;:null,&quot;boost&quot;:null,&quot;fields&quot;:[&quot;name&quot;,&quot;descrition&quot;],&quot;type&quot;:&quot;best_fields&quot;,&quot;operator&quot;:null}}],&quot;must_not&quot;:[],&quot;must&quot;:[]}}}
{&quot;query&quot;:{&quot;filtered&quot;:{&quot;filter&quot;:{},&quot;query&quot;:{&quot;bool&quot;:{&quot;should&quot;:[{&quot;multi_match&quot;:{&quot;fuzziness&quot;:null,&quot;query&quot;:&quot;R&quot;,&quot;minimum_should_match&quot;:null,&quot;boost&quot;:null,&quot;fields&quot;:[&quot;name&quot;,&quot;descrition&quot;],&quot;type&quot;:&quot;best_fields&quot;,&quot;operator&quot;:null}}],&quot;must_not&quot;:[],&quot;must&quot;:[]}}}},&quot;limit&quot;:10,&quot;skip&quot;:0,&quot;sort&quot;:[],&quot;key&quot;:&quot;9SPxp6D3OPWvxj0asw5ryA==&quot;,&quot;collectionName&quot;:&quot;Student&quot;}
parameters: {&quot;query&quot;:{&quot;filtered&quot;:{&quot;filter&quot;:{},&quot;query&quot;:{&quot;bool&quot;:{&quot;should&quot;:[{&quot;multi_match&quot;:{&quot;fuzziness&quot;:null,&quot;query&quot;:&quot;R&quot;,&quot;minimum_should_match&quot;:null,&quot;boost&quot;:null,&quot;fields&quot;:[&quot;name&quot;,&quot;descrition&quot;],&quot;type&quot;:&quot;best_fields&quot;,&quot;operator&quot;:null}}],&quot;must_not&quot;:[],&quot;must&quot;:[]}}}},&quot;limit&quot;:10,&quot;skip&quot;:0,&quot;sort&quot;:[],&quot;key&quot;:&quot;9SPxp6D3OPWvxj0asw5ryA==&quot;,&quot;collectionName&quot;:&quot;Student&quot;}
</system-out>
    <system-err>java.io.IOException: Server returned HTTP response code: 401 for URL: https://api.cloudboost.io/data/sample123/Student/search
	at sun.reflect.GeneratedConstructorAccessor17.newInstance(Unknown Source)
	at sun.reflect.DelegatingConstructorAccessorImpl.newInstance(DelegatingConstructorAccessorImpl.java:45)
	at java.lang.reflect.Constructor.newInstance(Constructor.java:408)
	at sun.net.www.protocol.http.HttpURLConnection$10.run(HttpURLConnection.java:1888)
	at sun.net.www.protocol.http.HttpURLConnection$10.run(HttpURLConnection.java:1883)
	at java.security.AccessController.doPrivileged(Native Method)
	at sun.net.www.protocol.http.HttpURLConnection.getChainedException(HttpURLConnection.java:1882)
	at sun.net.www.protocol.http.HttpURLConnection.getInputStream0(HttpURLConnection.java:1455)
	at sun.net.www.protocol.http.HttpURLConnection.getInputStream(HttpURLConnection.java:1439)
	at sun.net.www.protocol.https.HttpsURLConnectionImpl.getInputStream(HttpsURLConnectionImpl.java:254)
	at io.cloudboost.util.CBParser.callJson(CBParser.java:62)
	at io.cloudboost.CloudSearch.search(CloudSearch.java:197)
	at io.cloudboost.CloudSearchTest.searchObjectWithBestColumn(CloudSearchTest.java:209)
	at sun.reflect.NativeMethodAccessorImpl.invoke0(Native Method)
	at sun.reflect.NativeMethodAccessorImpl.invoke(NativeMethodAccessorImpl.java:62)
	at sun.reflect.DelegatingMethodAccessorImpl.invoke(DelegatingMethodAccessorImpl.java:43)
	at java.lang.reflect.Method.invoke(Method.java:483)
	at org.junit.runners.model.FrameworkMethod$1.runReflectiveCall(FrameworkMethod.java:44)
	at org.junit.internal.runners.model.ReflectiveCallable.run(ReflectiveCallable.java:15)
	at org.junit.runners.model.FrameworkMethod.invokeExplosively(FrameworkMethod.java:41)
	at org.junit.internal.runners.statements.InvokeMethod.evaluate(InvokeMethod.java:20)
	at org.junit.internal.runners.statements.FailOnTimeout$1.run(FailOnTimeout.java:28)
Caused by: java.io.IOException: Server returned HTTP response code: 401 for URL: https://api.cloudboost.io/data/sample123/Student/search
	at sun.net.www.protocol.http.HttpURLConnection.getInputStream0(HttpURLConnection.java:1838)
	at sun.net.www.protocol.http.HttpURLConnection.getInputStream(HttpURLConnection.java:1439)
	at java.net.HttpURLConnection.getResponseCode(HttpURLConnection.java:480)
	at sun.net.www.protocol.https.HttpsURLConnectionImpl.getResponseCode(HttpsURLConnectionImpl.java:338)
	at io.cloudboost.util.CBParser.callJson(CBParser.java:60)
	... 11 more
</system-err>
  </testcase>
  <testcase classname="io.cloudboost.CloudSearchTest" name="searchObjectWithStartsWith" time="2.161">
    <error type="java.lang.NullPointerException">java.lang.NullPointerException
	at io.cloudboost.util.CBParser.callJson(CBParser.java:70)
	at io.cloudboost.CloudSearch.search(CloudSearch.java:197)
	at io.cloudboost.CloudSearchTest.searchObjectWithStartsWith(CloudSearchTest.java:167)
	at sun.reflect.NativeMethodAccessorImpl.invoke0(Native Method)
	at sun.reflect.NativeMethodAccessorImpl.invoke(NativeMethodAccessorImpl.java:62)
	at sun.reflect.DelegatingMethodAccessorImpl.invoke(DelegatingMethodAccessorImpl.java:43)
	at java.lang.reflect.Method.invoke(Method.java:483)
	at org.junit.runners.model.FrameworkMethod$1.runReflectiveCall(FrameworkMethod.java:44)
	at org.junit.internal.runners.model.ReflectiveCallable.run(ReflectiveCallable.java:15)
	at org.junit.runners.model.FrameworkMethod.invokeExplosively(FrameworkMethod.java:41)
	at org.junit.internal.runners.statements.InvokeMethod.evaluate(InvokeMethod.java:20)
	at org.junit.internal.runners.statements.FailOnTimeout$1.run(FailOnTimeout.java:28)
</error>
    <system-out>Socket Initializaed
bool :: {&quot;filter&quot;:{},&quot;query&quot;:{&quot;bool&quot;:{&quot;should&quot;:[],&quot;must_not&quot;:[],&quot;must&quot;:[{&quot;prefix&quot;:{&quot;name&quot;:{&quot;value&quot;:&quot;R&quot;}}}]}}}
{&quot;query&quot;:{&quot;filtered&quot;:{&quot;filter&quot;:{},&quot;query&quot;:{&quot;bool&quot;:{&quot;should&quot;:[],&quot;must_not&quot;:[],&quot;must&quot;:[{&quot;prefix&quot;:{&quot;name&quot;:{&quot;value&quot;:&quot;R&quot;}}}]}}}},&quot;limit&quot;:10,&quot;skip&quot;:0,&quot;sort&quot;:[],&quot;key&quot;:&quot;9SPxp6D3OPWvxj0asw5ryA==&quot;,&quot;collectionName&quot;:&quot;Student&quot;}
parameters: {&quot;query&quot;:{&quot;filtered&quot;:{&quot;filter&quot;:{},&quot;query&quot;:{&quot;bool&quot;:{&quot;should&quot;:[],&quot;must_not&quot;:[],&quot;must&quot;:[{&quot;prefix&quot;:{&quot;name&quot;:{&quot;value&quot;:&quot;R&quot;}}}]}}}},&quot;limit&quot;:10,&quot;skip&quot;:0,&quot;sort&quot;:[],&quot;key&quot;:&quot;9SPxp6D3OPWvxj0asw5ryA==&quot;,&quot;collectionName&quot;:&quot;Student&quot;}
</system-out>
    <system-err>java.io.IOException: Server returned HTTP response code: 401 for URL: https://api.cloudboost.io/data/sample123/Student/search
	at sun.reflect.GeneratedConstructorAccessor17.newInstance(Unknown Source)
	at sun.reflect.DelegatingConstructorAccessorImpl.newInstance(DelegatingConstructorAccessorImpl.java:45)
	at java.lang.reflect.Constructor.newInstance(Constructor.java:408)
	at sun.net.www.protocol.http.HttpURLConnection$10.run(HttpURLConnection.java:1888)
	at sun.net.www.protocol.http.HttpURLConnection$10.run(HttpURLConnection.java:1883)
	at java.security.AccessController.doPrivileged(Native Method)
	at sun.net.www.protocol.http.HttpURLConnection.getChainedException(HttpURLConnection.java:1882)
	at sun.net.www.protocol.http.HttpURLConnection.getInputStream0(HttpURLConnection.java:1455)
	at sun.net.www.protocol.http.HttpURLConnection.getInputStream(HttpURLConnection.java:1439)
	at sun.net.www.protocol.https.HttpsURLConnectionImpl.getInputStream(HttpsURLConnectionImpl.java:254)
	at io.cloudboost.util.CBParser.callJson(CBParser.java:62)
	at io.cloudboost.CloudSearch.search(CloudSearch.java:197)
	at io.cloudboost.CloudSearchTest.searchObjectWithStartsWith(CloudSearchTest.java:167)
	at sun.reflect.NativeMethodAccessorImpl.invoke0(Native Method)
	at sun.reflect.NativeMethodAccessorImpl.invoke(NativeMethodAccessorImpl.java:62)
	at sun.reflect.DelegatingMethodAccessorImpl.invoke(DelegatingMethodAccessorImpl.java:43)
	at java.lang.reflect.Method.invoke(Method.java:483)
	at org.junit.runners.model.FrameworkMethod$1.runReflectiveCall(FrameworkMethod.java:44)
	at org.junit.internal.runners.model.ReflectiveCallable.run(ReflectiveCallable.java:15)
	at org.junit.runners.model.FrameworkMethod.invokeExplosively(FrameworkMethod.java:41)
	at org.junit.internal.runners.statements.InvokeMethod.evaluate(InvokeMethod.java:20)
	at org.junit.internal.runners.statements.FailOnTimeout$1.run(FailOnTimeout.java:28)
Caused by: java.io.IOException: Server returned HTTP response code: 401 for URL: https://api.cloudboost.io/data/sample123/Student/search
	at sun.net.www.protocol.http.HttpURLConnection.getInputStream0(HttpURLConnection.java:1838)
	at sun.net.www.protocol.http.HttpURLConnection.getInputStream(HttpURLConnection.java:1439)
	at java.net.HttpURLConnection.getResponseCode(HttpURLConnection.java:480)
	at sun.net.www.protocol.https.HttpsURLConnectionImpl.getResponseCode(HttpsURLConnectionImpl.java:338)
	at io.cloudboost.util.CBParser.callJson(CBParser.java:60)
	... 11 more
</system-err>
  </testcase>
  <testcase classname="io.cloudboost.CloudSearchTest" name="searchObjectWithMostColumn" time="1.649">
    <error type="java.lang.NullPointerException">java.lang.NullPointerException
	at io.cloudboost.util.CBParser.callJson(CBParser.java:70)
	at io.cloudboost.CloudSearch.search(CloudSearch.java:197)
	at io.cloudboost.CloudSearchTest.searchObjectWithMostColumn(CloudSearchTest.java:188)
	at sun.reflect.NativeMethodAccessorImpl.invoke0(Native Method)
	at sun.reflect.NativeMethodAccessorImpl.invoke(NativeMethodAccessorImpl.java:62)
	at sun.reflect.DelegatingMethodAccessorImpl.invoke(DelegatingMethodAccessorImpl.java:43)
	at java.lang.reflect.Method.invoke(Method.java:483)
	at org.junit.runners.model.FrameworkMethod$1.runReflectiveCall(FrameworkMethod.java:44)
	at org.junit.internal.runners.model.ReflectiveCallable.run(ReflectiveCallable.java:15)
	at org.junit.runners.model.FrameworkMethod.invokeExplosively(FrameworkMethod.java:41)
	at org.junit.internal.runners.statements.InvokeMethod.evaluate(InvokeMethod.java:20)
	at org.junit.internal.runners.statements.FailOnTimeout$1.run(FailOnTimeout.java:28)
</error>
    <system-out>Socket Initializaed
bool :: {&quot;filter&quot;:{},&quot;query&quot;:{&quot;bool&quot;:{&quot;should&quot;:[{&quot;multi_match&quot;:{&quot;fuzziness&quot;:null,&quot;query&quot;:&quot;R&quot;,&quot;minimum_should_match&quot;:null,&quot;boost&quot;:null,&quot;fields&quot;:[&quot;name&quot;,&quot;descrition&quot;],&quot;type&quot;:&quot;most_fields&quot;,&quot;operator&quot;:null}}],&quot;must_not&quot;:[],&quot;must&quot;:[]}}}
{&quot;query&quot;:{&quot;filtered&quot;:{&quot;filter&quot;:{},&quot;query&quot;:{&quot;bool&quot;:{&quot;should&quot;:[{&quot;multi_match&quot;:{&quot;fuzziness&quot;:null,&quot;query&quot;:&quot;R&quot;,&quot;minimum_should_match&quot;:null,&quot;boost&quot;:null,&quot;fields&quot;:[&quot;name&quot;,&quot;descrition&quot;],&quot;type&quot;:&quot;most_fields&quot;,&quot;operator&quot;:null}}],&quot;must_not&quot;:[],&quot;must&quot;:[]}}}},&quot;limit&quot;:10,&quot;skip&quot;:0,&quot;sort&quot;:[],&quot;key&quot;:&quot;9SPxp6D3OPWvxj0asw5ryA==&quot;,&quot;collectionName&quot;:&quot;Student&quot;}
parameters: {&quot;query&quot;:{&quot;filtered&quot;:{&quot;filter&quot;:{},&quot;query&quot;:{&quot;bool&quot;:{&quot;should&quot;:[{&quot;multi_match&quot;:{&quot;fuzziness&quot;:null,&quot;query&quot;:&quot;R&quot;,&quot;minimum_should_match&quot;:null,&quot;boost&quot;:null,&quot;fields&quot;:[&quot;name&quot;,&quot;descrition&quot;],&quot;type&quot;:&quot;most_fields&quot;,&quot;operator&quot;:null}}],&quot;must_not&quot;:[],&quot;must&quot;:[]}}}},&quot;limit&quot;:10,&quot;skip&quot;:0,&quot;sort&quot;:[],&quot;key&quot;:&quot;9SPxp6D3OPWvxj0asw5ryA==&quot;,&quot;collectionName&quot;:&quot;Student&quot;}
</system-out>
    <system-err>java.io.IOException: Server returned HTTP response code: 401 for URL: https://api.cloudboost.io/data/sample123/Student/search
	at sun.reflect.GeneratedConstructorAccessor17.newInstance(Unknown Source)
	at sun.reflect.DelegatingConstructorAccessorImpl.newInstance(DelegatingConstructorAccessorImpl.java:45)
	at java.lang.reflect.Constructor.newInstance(Constructor.java:408)
	at sun.net.www.protocol.http.HttpURLConnection$10.run(HttpURLConnection.java:1888)
	at sun.net.www.protocol.http.HttpURLConnection$10.run(HttpURLConnection.java:1883)
	at java.security.AccessController.doPrivileged(Native Method)
	at sun.net.www.protocol.http.HttpURLConnection.getChainedException(HttpURLConnection.java:1882)
	at sun.net.www.protocol.http.HttpURLConnection.getInputStream0(HttpURLConnection.java:1455)
	at sun.net.www.protocol.http.HttpURLConnection.getInputStream(HttpURLConnection.java:1439)
	at sun.net.www.protocol.https.HttpsURLConnectionImpl.getInputStream(HttpsURLConnectionImpl.java:254)
	at io.cloudboost.util.CBParser.callJson(CBParser.java:62)
	at io.cloudboost.CloudSearch.search(CloudSearch.java:197)
	at io.cloudboost.CloudSearchTest.searchObjectWithMostColumn(CloudSearchTest.java:188)
	at sun.reflect.NativeMethodAccessorImpl.invoke0(Native Method)
	at sun.reflect.NativeMethodAccessorImpl.invoke(NativeMethodAccessorImpl.java:62)
	at sun.reflect.DelegatingMethodAccessorImpl.invoke(DelegatingMethodAccessorImpl.java:43)
	at java.lang.reflect.Method.invoke(Method.java:483)
	at org.junit.runners.model.FrameworkMethod$1.runReflectiveCall(FrameworkMethod.java:44)
	at org.junit.internal.runners.model.ReflectiveCallable.run(ReflectiveCallable.java:15)
	at org.junit.runners.model.FrameworkMethod.invokeExplosively(FrameworkMethod.java:41)
	at org.junit.internal.runners.statements.InvokeMethod.evaluate(InvokeMethod.java:20)
	at org.junit.internal.runners.statements.FailOnTimeout$1.run(FailOnTimeout.java:28)
Caused by: java.io.IOException: Server returned HTTP response code: 401 for URL: https://api.cloudboost.io/data/sample123/Student/search
	at sun.net.www.protocol.http.HttpURLConnection.getInputStream0(HttpURLConnection.java:1838)
	at sun.net.www.protocol.http.HttpURLConnection.getInputStream(HttpURLConnection.java:1439)
	at java.net.HttpURLConnection.getResponseCode(HttpURLConnection.java:480)
	at sun.net.www.protocol.https.HttpsURLConnectionImpl.getResponseCode(HttpsURLConnectionImpl.java:338)
	at io.cloudboost.util.CBParser.callJson(CBParser.java:60)
	... 11 more
</system-err>
  </testcase>
</testsuite>