<?xml version="1.0" encoding="UTF-8" ?>
<testsuite tests="46" failures="0" name="io.cloudboost.queue.QueueTest" time="59.681" errors="0" skipped="0">
  <properties>
    <property name="java.runtime.name" value="Java(TM) SE Runtime Environment"/>
    <property name="sun.boot.library.path" value="C:\Program Files\jdk1.8.0_05\jre\bin"/>
    <property name="java.vm.version" value="25.5-b02"/>
    <property name="java.vm.vendor" value="Oracle Corporation"/>
    <property name="maven.multiModuleProjectDirectory" value="E:\Engineer\programming\projects\javaSDK\git_repo"/>
    <property name="java.vendor.url" value="http://java.oracle.com/"/>
    <property name="path.separator" value=";"/>
    <property name="guice.disable.misplaced.annotation.check" value="true"/>
    <property name="java.vm.name" value="Java HotSpot(TM) Client VM"/>
    <property name="file.encoding.pkg" value="sun.io"/>
    <property name="user.script" value=""/>
    <property name="user.country" value="US"/>
    <property name="sun.java.launcher" value="SUN_STANDARD"/>
    <property name="sun.os.patch.level" value=""/>
    <property name="java.vm.specification.name" value="Java Virtual Machine Specification"/>
    <property name="user.dir" value="E:\Engineer\programming\projects\javaSDK\git_repo"/>
    <property name="java.runtime.version" value="1.8.0_05-b13"/>
    <property name="java.awt.graphicsenv" value="sun.awt.Win32GraphicsEnvironment"/>
    <property name="java.endorsed.dirs" value="C:\Program Files\jdk1.8.0_05\jre\lib\endorsed"/>
    <property name="os.arch" value="x86"/>
    <property name="java.io.tmpdir" value="C:\Users\new\AppData\Local\Temp\"/>
    <property name="line.separator" value="
"/>
    <property name="java.vm.specification.vendor" value="Oracle Corporation"/>
    <property name="user.variant" value=""/>
    <property name="os.name" value="Windows 8.1"/>
    <property name="classworlds.conf" value="C:\Program Files (x86)\apache-maven-3.3.3\bin\..\bin\m2.conf"/>
    <property name="sun.jnu.encoding" value="Cp1252"/>
    <property name="java.library.path" value="C:\Program Files\jdk1.8.0_05\bin;C:\Windows\Sun\Java\bin;C:\Windows\system32;C:\Windows;C:\ProgramData\Oracle\Java\javapath;C:\oraclexe\app\oracle\product\11.2.0\server\bin;;C:\Program Files (x86)\Intel\iCLS Client\;C:\Program Files\Intel\iCLS Client\;C:\Windows\system32;C:\Windows;C:\Windows\System32\Wbem;C:\Windows\System32\WindowsPowerShell\v1.0\;C:\Program Files\Intel\Intel(R) Management Engine Components\DAL;C:\Program Files\Intel\Intel(R) Management Engine Components\IPT;C:\Program Files (x86)\Intel\Intel(R) Management Engine Components\DAL;C:\Program Files (x86)\Intel\Intel(R) Management Engine Components\IPT;C:\Program Files\Intel\WiFi\bin\;C:\Program Files\Common Files\Intel\WirelessCommon\;C:\Program Files (x86)\GNU\GnuPG\pub;C:\Program Files (x86)\Microsoft SQL Server\100\Tools\Binn\;C:\Program Files\Microsoft SQL Server\100\Tools\Binn\;C:\Program Files\Microsoft SQL Server\100\DTS\Binn\;C:\Program Files (x86)\Skype\Phone\;C:\Program Files\nodejs\;C:\Program Files\MySQL\MySQL Server 5.6\bin;C:\Program Files (x86)\apache-ant-1.9.6\bin;C:\Program Files\jdk1.8.0_05\bin;E:\Engineer\eclipse\android-sdk-windows\tools;E:\Engineer\eclipse\android-sdk-windows\platform-tools;C:\Program Files\jdk1.8.0_05\bin;C:\Program Files\MongoDB\Server\3.0\bin;E:\Engineer\eclipse\eclipse;E:\Engineer\eclipse\myeclipse;C:\Program Files (x86)\apache-maven-3.3.3\bin;C:\Program Files (x86)\GNU\GnuPG;C:\Program Files\openssl-0.9.8k_X64\bin;C:\Program Files\nodejs;C:\Users\new\AppData\Roaming\npm;C:\Program Files\Wireshark;."/>
    <property name="java.specification.name" value="Java Platform API Specification"/>
    <property name="java.class.version" value="52.0"/>
    <property name="sun.management.compiler" value="HotSpot Client Compiler"/>
    <property name="os.version" value="6.3"/>
    <property name="user.home" value="C:\Users\new"/>
    <property name="user.timezone" value="Africa/Nairobi"/>
    <property name="java.awt.printerjob" value="sun.awt.windows.WPrinterJob"/>
    <property name="java.specification.version" value="1.8"/>
    <property name="file.encoding" value="Cp1252"/>
    <property name="user.name" value="new"/>
    <property name="java.class.path" value="C:\Program Files (x86)\apache-maven-3.3.3\bin\..\boot\plexus-classworlds-2.5.2.jar"/>
    <property name="java.vm.specification.version" value="1.8"/>
    <property name="sun.arch.data.model" value="32"/>
    <property name="java.home" value="C:\Program Files\jdk1.8.0_05\jre"/>
    <property name="sun.java.command" value="org.codehaus.plexus.classworlds.launcher.Launcher test"/>
    <property name="java.specification.vendor" value="Oracle Corporation"/>
    <property name="user.language" value="en"/>
    <property name="awt.toolkit" value="sun.awt.windows.WToolkit"/>
    <property name="java.vm.info" value="mixed mode"/>
    <property name="java.version" value="1.8.0_05"/>
    <property name="java.ext.dirs" value="C:\Program Files\jdk1.8.0_05\jre\lib\ext;C:\Windows\Sun\Java\lib\ext"/>
    <property name="sun.boot.class.path" value="C:\Program Files\jdk1.8.0_05\jre\lib\resources.jar;C:\Program Files\jdk1.8.0_05\jre\lib\rt.jar;C:\Program Files\jdk1.8.0_05\jre\lib\sunrsasign.jar;C:\Program Files\jdk1.8.0_05\jre\lib\jsse.jar;C:\Program Files\jdk1.8.0_05\jre\lib\jce.jar;C:\Program Files\jdk1.8.0_05\jre\lib\charsets.jar;C:\Program Files\jdk1.8.0_05\jre\lib\jfr.jar;C:\Program Files\jdk1.8.0_05\jre\classes"/>
    <property name="sun.stderr.encoding" value="cp437"/>
    <property name="java.vendor" value="Oracle Corporation"/>
    <property name="maven.home" value="C:\Program Files (x86)\apache-maven-3.3.3\bin\.."/>
    <property name="file.separator" value="\"/>
    <property name="java.vendor.url.bug" value="http://bugreport.sun.com/bugreport/"/>
    <property name="sun.cpu.endian" value="little"/>
    <property name="sun.io.unicode.encoding" value="UnicodeLittle"/>
    <property name="sun.stdout.encoding" value="cp437"/>
    <property name="sun.desktop" value="windows"/>
    <property name="sun.cpu.isalist" value="pentium_pro+mmx pentium_pro pentium+mmx pentium i486 i386 i86"/>
  </properties>
  <testcase classname="io.cloudboost.queue.QueueTest" name="push" time="0.43"/>
  <testcase classname="io.cloudboost.queue.QueueTest" name="dontAllowEmptyQueueName" time="0.002"/>
  <testcase classname="io.cloudboost.queue.QueueTest" name="shouldDeleteSubscriber" time="0.825"/>
  <testcase classname="io.cloudboost.queue.QueueTest" name="shouldGetQueueByName" time="0.842"/>
  <testcase classname="io.cloudboost.queue.QueueTest" name="shouldGet$TwoMessages" time="1.249"/>
  <testcase classname="io.cloudboost.queue.QueueTest" name="pullMessageAfterTimeout" time="4.209"/>
  <testcase classname="io.cloudboost.queue.QueueTest" name="shouldUpdateQueue" time="1.27"/>
  <testcase classname="io.cloudboost.queue.QueueTest" name="pushDuplicateMessages" time="0.851"/>
  <testcase classname="io.cloudboost.queue.QueueTest" name="shouldGetTwoMessages" time="1.25"/>
  <testcase classname="io.cloudboost.queue.QueueTest" name="deleteByMessageObject" time="0.799"/>
  <testcase classname="io.cloudboost.queue.QueueTest" name="shouldUpdateMessage" time="0.842"/>
  <testcase classname="io.cloudboost.queue.QueueTest" name="shouldGetMessageById" time="0.84"/>
  <testcase classname="io.cloudboost.queue.QueueTest" name="shouldNotGetAfterDelete" time="1.178"/>
  <testcase classname="io.cloudboost.queue.QueueTest" name="getMessagesInFIFO" time="1.61"/>
  <testcase classname="io.cloudboost.queue.QueueTest" name="shouldDeleteQueueByName" time="1.59"/>
  <testcase classname="io.cloudboost.queue.QueueTest" name="shouldDeleteTheQueue" time="1.75"/>
  <testcase classname="io.cloudboost.queue.QueueTest" name="pullMessageAfterDelay" time="3.078"/>
  <testcase classname="io.cloudboost.queue.QueueTest" name="shouldGetMessageWhenExpiresIsSetToFutureDate" time="1.132"/>
  <testcase classname="io.cloudboost.queue.QueueTest" name="noPushNull" time="0.003"/>
  <testcase classname="io.cloudboost.queue.QueueTest" name="deleteById" time="1.076"/>
  <testcase classname="io.cloudboost.queue.QueueTest" name="pushArray" time="0.72"/>
  <testcase classname="io.cloudboost.queue.QueueTest" name="shouldGetMessage" time="1.12"/>
  <testcase classname="io.cloudboost.queue.QueueTest" name="shouldGetQueue" time="1.198"/>
  <testcase classname="io.cloudboost.queue.QueueTest" name="pushMessageArray" time="0.61"/>
  <testcase classname="io.cloudboost.queue.QueueTest" name="shouldPullTwo" time="1.243"/>
  <testcase classname="io.cloudboost.queue.QueueTest" name="shouldClearQueue" time="1.426"/>
  <testcase classname="io.cloudboost.queue.QueueTest" name="shoulGetAll" time="10.996"/>
  <testcase classname="io.cloudboost.queue.QueueTest" name="shouldReturnNoQueueObjectsWhenNoneInDB" time="0.444"/>
  <testcase classname="io.cloudboost.queue.QueueTest" name="refreshMessageTimeoutPulledMessage" time="1.519"/>
  <testcase classname="io.cloudboost.queue.QueueTest" name="refreshMessageTimeoutSpecifiedTimeout" time="1.122"/>
  <testcase classname="io.cloudboost.queue.QueueTest" name="shouldNotUpdateUnsavedDataIntoQueue" time="0.003"/>
  <testcase classname="io.cloudboost.queue.QueueTest" name="refreshMessageTimeoutUnSpecifiedTimeout" time="1.075"/>
  <testcase classname="io.cloudboost.queue.QueueTest" name="shouldAddSubscriberToQueue" time="0.552"/>
  <testcase classname="io.cloudboost.queue.QueueTest" name="shouldAddExpiresIntoQueueMessage" time="0.62"/>
  <testcase classname="io.cloudboost.queue.QueueTest" name="shouldCreateAndDeleteQueue" time="1.087"/>
  <testcase classname="io.cloudboost.queue.QueueTest" name="shouldNotPullMessageWithDelay" time="1.092"/>
  <testcase classname="io.cloudboost.queue.QueueTest" name="shouldGetNullForWrongMessageById" time="1.149"/>
  <testcase classname="io.cloudboost.queue.QueueTest" name="shouldAddMultiplerSubscribers" time="0.981"/>
  <testcase classname="io.cloudboost.queue.QueueTest" name="shouldAddandRemoveSubscriber" time="0.819"/>
  <testcase classname="io.cloudboost.queue.QueueTest" name="shoulNotPullSameMessageTwice" time="1.259"/>
  <testcase classname="io.cloudboost.queue.QueueTest" name="shouldDeleteMultipleSubscribers" time="1.168"/>
  <testcase classname="io.cloudboost.queue.QueueTest" name="shouldNotSubscribeInvalidUrl" time="0.583"/>
  <testcase classname="io.cloudboost.queue.QueueTest" name="shouldAddAndGetSameMessage" time="1.962"/>
  <testcase classname="io.cloudboost.queue.QueueTest" name="shouldNotGetTheQueueWithNullName" time="1.168"/>
  <testcase classname="io.cloudboost.queue.QueueTest" name="shouldNotGetInexistentQueue" time="0.479"/>
  <testcase classname="io.cloudboost.queue.QueueTest" name="shouldNotPullFromInexistentQueue" time="0.46"/>
</testsuite>