<?xml version="1.0" encoding="UTF-8" ?>
<testsuite tests="40" failures="3" name="io.cloudboost.CloudQueueTest" time="170.077" errors="0" skipped="0">
  <properties>
    <property name="java.runtime.name" value="Java(TM) SE Runtime Environment"/>
    <property name="sun.boot.library.path" value="C:\Program Files\jdk1.8.0_05\jre\bin"/>
    <property name="java.vm.version" value="25.5-b02"/>
    <property name="java.vm.vendor" value="Oracle Corporation"/>
    <property name="maven.multiModuleProjectDirectory" value="E:\Engineer\programming\projects\javaSDK\git_repo"/>
    <property name="java.vendor.url" value="http://java.oracle.com/"/>
    <property name="path.separator" value=";"/>
    <property name="guice.disable.misplaced.annotation.check" value="true"/>
    <property name="java.vm.name" value="Java HotSpot(TM) Client VM"/>
    <property name="file.encoding.pkg" value="sun.io"/>
    <property name="user.script" value=""/>
    <property name="user.country" value="US"/>
    <property name="sun.java.launcher" value="SUN_STANDARD"/>
    <property name="sun.os.patch.level" value=""/>
    <property name="java.vm.specification.name" value="Java Virtual Machine Specification"/>
    <property name="user.dir" value="E:\Engineer\programming\projects\javaSDK\git_repo"/>
    <property name="java.runtime.version" value="1.8.0_05-b13"/>
    <property name="java.awt.graphicsenv" value="sun.awt.Win32GraphicsEnvironment"/>
    <property name="java.endorsed.dirs" value="C:\Program Files\jdk1.8.0_05\jre\lib\endorsed"/>
    <property name="os.arch" value="x86"/>
    <property name="java.io.tmpdir" value="C:\Users\new\AppData\Local\Temp\"/>
    <property name="line.separator" value="
"/>
    <property name="java.vm.specification.vendor" value="Oracle Corporation"/>
    <property name="user.variant" value=""/>
    <property name="os.name" value="Windows 8.1"/>
    <property name="classworlds.conf" value="C:\Program Files (x86)\apache-maven-3.3.3\bin\..\bin\m2.conf"/>
    <property name="sun.jnu.encoding" value="Cp1252"/>
    <property name="java.library.path" value="C:\Program Files\jdk1.8.0_05\bin;C:\Windows\Sun\Java\bin;C:\Windows\system32;C:\Windows;C:\ProgramData\Oracle\Java\javapath;C:\oraclexe\app\oracle\product\11.2.0\server\bin;;C:\Program Files (x86)\Intel\iCLS Client\;C:\Program Files\Intel\iCLS Client\;C:\Windows\system32;C:\Windows;C:\Windows\System32\Wbem;C:\Windows\System32\WindowsPowerShell\v1.0\;C:\Program Files\Intel\Intel(R) Management Engine Components\DAL;C:\Program Files\Intel\Intel(R) Management Engine Components\IPT;C:\Program Files (x86)\Intel\Intel(R) Management Engine Components\DAL;C:\Program Files (x86)\Intel\Intel(R) Management Engine Components\IPT;C:\Program Files\Intel\WiFi\bin\;C:\Program Files\Common Files\Intel\WirelessCommon\;C:\Program Files (x86)\Skype\Phone\;C:\Program Files (x86)\GNU\GnuPG\pub;C:\Program Files\MySQL\MySQL Server 5.6\bin;C:\Program Files (x86)\apache-ant-1.9.6\bin;C:\Program Files\jdk1.8.0_05\bin;E:\Engineer\eclipse\android-sdk-windows\tools;E:\Engineer\eclipse\android-sdk-windows\platform-tools;C:\Program Files\jdk1.8.0_05\bin;C:\Program Files\MongoDB\Server\3.0\bin;E:\Engineer\eclipse\eclipse;E:\Engineer\eclipse\myeclipse;C:\Program Files (x86)\apache-maven-3.3.3\bin;C:\Program Files (x86)\GNU\GnuPG;."/>
    <property name="java.specification.name" value="Java Platform API Specification"/>
    <property name="java.class.version" value="52.0"/>
    <property name="sun.management.compiler" value="HotSpot Client Compiler"/>
    <property name="os.version" value="6.3"/>
    <property name="user.home" value="C:\Users\new"/>
    <property name="user.timezone" value="Africa/Nairobi"/>
    <property name="java.awt.printerjob" value="sun.awt.windows.WPrinterJob"/>
    <property name="java.specification.version" value="1.8"/>
    <property name="file.encoding" value="Cp1252"/>
    <property name="user.name" value="new"/>
    <property name="java.class.path" value="C:\Program Files (x86)\apache-maven-3.3.3\bin\..\boot\plexus-classworlds-2.5.2.jar"/>
    <property name="java.vm.specification.version" value="1.8"/>
    <property name="sun.arch.data.model" value="32"/>
    <property name="java.home" value="C:\Program Files\jdk1.8.0_05\jre"/>
    <property name="sun.java.command" value="org.codehaus.plexus.classworlds.launcher.Launcher test"/>
    <property name="java.specification.vendor" value="Oracle Corporation"/>
    <property name="user.language" value="en"/>
    <property name="awt.toolkit" value="sun.awt.windows.WToolkit"/>
    <property name="java.vm.info" value="mixed mode"/>
    <property name="java.version" value="1.8.0_05"/>
    <property name="java.ext.dirs" value="C:\Program Files\jdk1.8.0_05\jre\lib\ext;C:\Windows\Sun\Java\lib\ext"/>
    <property name="sun.boot.class.path" value="C:\Program Files\jdk1.8.0_05\jre\lib\resources.jar;C:\Program Files\jdk1.8.0_05\jre\lib\rt.jar;C:\Program Files\jdk1.8.0_05\jre\lib\sunrsasign.jar;C:\Program Files\jdk1.8.0_05\jre\lib\jsse.jar;C:\Program Files\jdk1.8.0_05\jre\lib\jce.jar;C:\Program Files\jdk1.8.0_05\jre\lib\charsets.jar;C:\Program Files\jdk1.8.0_05\jre\lib\jfr.jar;C:\Program Files\jdk1.8.0_05\jre\classes"/>
    <property name="sun.stderr.encoding" value="cp437"/>
    <property name="java.vendor" value="Oracle Corporation"/>
    <property name="maven.home" value="C:\Program Files (x86)\apache-maven-3.3.3\bin\.."/>
    <property name="file.separator" value="\"/>
    <property name="java.vendor.url.bug" value="http://bugreport.sun.com/bugreport/"/>
    <property name="sun.cpu.endian" value="little"/>
    <property name="sun.io.unicode.encoding" value="UnicodeLittle"/>
    <property name="sun.stdout.encoding" value="cp437"/>
    <property name="sun.desktop" value="windows"/>
    <property name="sun.cpu.isalist" value="pentium_pro+mmx pentium_pro pentium+mmx pentium i486 i386 i86"/>
  </properties>
  <testcase classname="io.cloudboost.CloudQueueTest" name="push" time="0.94"/>
  <testcase classname="io.cloudboost.CloudQueueTest" name="getMessagesInFIFO" time="3.32"/>
  <testcase classname="io.cloudboost.CloudQueueTest" name="shouldDeleteSubscriber" time="1.73"/>
  <testcase classname="io.cloudboost.CloudQueueTest" name="shouldDeleteQueueByName" time="10.003">
    <failure type="junit.framework.AssertionFailedError:">junit.framework.AssertionFailedError: null
	at junit.framework.Assert.fail(Assert.java:47)
	at io.cloudboost.CloudQueueTest$27.done(CloudQueueTest.java:968)
	at io.cloudboost.CloudQueue.push(CloudQueue.java:547)
	at io.cloudboost.CloudQueueTest.shouldDeleteQueueByName(CloudQueueTest.java:963)
	at sun.reflect.NativeMethodAccessorImpl.invoke0(Native Method)
	at sun.reflect.NativeMethodAccessorImpl.invoke(NativeMethodAccessorImpl.java:62)
	at sun.reflect.DelegatingMethodAccessorImpl.invoke(DelegatingMethodAccessorImpl.java:43)
	at java.lang.reflect.Method.invoke(Method.java:483)
	at org.junit.runners.model.FrameworkMethod$1.runReflectiveCall(FrameworkMethod.java:44)
	at org.junit.internal.runners.model.ReflectiveCallable.run(ReflectiveCallable.java:15)
	at org.junit.runners.model.FrameworkMethod.invokeExplosively(FrameworkMethod.java:41)
	at org.junit.internal.runners.statements.InvokeMethod.evaluate(InvokeMethod.java:20)
	at org.junit.internal.runners.statements.FailOnTimeout$1.run(FailOnTimeout.java:28)
</failure>
  </testcase>
  <testcase classname="io.cloudboost.CloudQueueTest" name="shouldDeleteTheQueue" time="5.723"/>
  <testcase classname="io.cloudboost.CloudQueueTest" name="pushDuplicateMessages" time="1.963"/>
  <testcase classname="io.cloudboost.CloudQueueTest" name="shouldGetMessageById" time="9.348"/>
  <testcase classname="io.cloudboost.CloudQueueTest" name="pullMessageAfterDelay" time="4.46"/>
  <testcase classname="io.cloudboost.CloudQueueTest" name="shouldUpdateQueue" time="7.193"/>
  <testcase classname="io.cloudboost.CloudQueueTest" name="shouldGetQueueByName" time="6.699"/>
  <testcase classname="io.cloudboost.CloudQueueTest" name="dontAllowEmptyQueueName" time="0.001"/>
  <testcase classname="io.cloudboost.CloudQueueTest" name="pullMessageAfterTimeout" time="17.133"/>
  <testcase classname="io.cloudboost.CloudQueueTest" name="pushAndPullSameMessage" time="1.728"/>
  <testcase classname="io.cloudboost.CloudQueueTest" name="shouldPeekTwoMessages" time="10.653"/>
  <testcase classname="io.cloudboost.CloudQueueTest" name="deleteByMessageObject" time="1.671"/>
  <testcase classname="io.cloudboost.CloudQueueTest" name="shouldNotGetAfterDelete" time="2.359"/>
  <testcase classname="io.cloudboost.CloudQueueTest" name="shouldNotPullFromInexistentQueue" time="1.149"/>
  <testcase classname="io.cloudboost.CloudQueueTest" name="shoulNotPullSameMessageTwice" time="2.5"/>
  <testcase classname="io.cloudboost.CloudQueueTest" name="shouldNotSubscribeInvalidUrl" time="0.73"/>
  <testcase classname="io.cloudboost.CloudQueueTest" name="shouldNotGetTheQueueWithNullName" time="2.047"/>
  <testcase classname="io.cloudboost.CloudQueueTest" name="shouldNotGetInexistentQueue" time="6.034"/>
  <testcase classname="io.cloudboost.CloudQueueTest" name="shouldAddandRemoveSubscriber" time="1.826"/>
  <testcase classname="io.cloudboost.CloudQueueTest" name="shouldNotPullMessageWithDelay" time="1.899"/>
  <testcase classname="io.cloudboost.CloudQueueTest" name="shouldGetNullForWrongMessageById" time="6.966"/>
  <testcase classname="io.cloudboost.CloudQueueTest" name="shouldAddSubscriberToQueue" time="0.828"/>
  <testcase classname="io.cloudboost.CloudQueueTest" name="shouldDeleteMultipleSubscribers" time="1.862"/>
  <testcase classname="io.cloudboost.CloudQueueTest" name="shouldAddMultiplerSubscribers" time="1.14"/>
  <testcase classname="io.cloudboost.CloudQueueTest" name="refreshMessageTimeoutUnSpecifiedTimeout" time="1.96"/>
  <testcase classname="io.cloudboost.CloudQueueTest" name="refreshMessageTimeoutSpecifiedTimeout" time="2.177"/>
  <testcase classname="io.cloudboost.CloudQueueTest" name="shouldPullTwo" time="3.013"/>
  <testcase classname="io.cloudboost.CloudQueueTest" name="shouldPeekTwo" time="11.038">
    <failure type="junit.framework.AssertionFailedError:">junit.framework.AssertionFailedError: null
	at junit.framework.Assert.fail(Assert.java:47)
	at io.cloudboost.CloudQueueTest$11$1.done(CloudQueueTest.java:383)
	at io.cloudboost.CloudQueue.push(CloudQueue.java:547)
	at io.cloudboost.CloudQueueTest$11.done(CloudQueueTest.java:377)
	at io.cloudboost.CloudQueue.push(CloudQueue.java:545)
	at io.cloudboost.CloudQueueTest.shouldPeekTwo(CloudQueueTest.java:368)
	at sun.reflect.NativeMethodAccessorImpl.invoke0(Native Method)
	at sun.reflect.NativeMethodAccessorImpl.invoke(NativeMethodAccessorImpl.java:62)
	at sun.reflect.DelegatingMethodAccessorImpl.invoke(DelegatingMethodAccessorImpl.java:43)
	at java.lang.reflect.Method.invoke(Method.java:483)
	at org.junit.runners.model.FrameworkMethod$1.runReflectiveCall(FrameworkMethod.java:44)
	at org.junit.internal.runners.model.ReflectiveCallable.run(ReflectiveCallable.java:15)
	at org.junit.runners.model.FrameworkMethod.invokeExplosively(FrameworkMethod.java:41)
	at org.junit.internal.runners.statements.InvokeMethod.evaluate(InvokeMethod.java:20)
	at org.junit.internal.runners.statements.FailOnTimeout$1.run(FailOnTimeout.java:28)
</failure>
  </testcase>
  <testcase classname="io.cloudboost.CloudQueueTest" name="pushArray" time="3.601"/>
  <testcase classname="io.cloudboost.CloudQueueTest" name="shouldPeek" time="2.001"/>
  <testcase classname="io.cloudboost.CloudQueueTest" name="pushMessageArray" time="3.319"/>
  <testcase classname="io.cloudboost.CloudQueueTest" name="shouldGetQueue" time="2.118"/>
  <testcase classname="io.cloudboost.CloudQueueTest" name="shouldClearQueue" time="11.706">
    <failure type="junit.framework.AssertionFailedError:">junit.framework.AssertionFailedError: null
	at junit.framework.Assert.fail(Assert.java:47)
	at io.cloudboost.CloudQueueTest$29$1.done(CloudQueueTest.java:1054)
	at io.cloudboost.CloudQueue.clear(CloudQueue.java:659)
	at io.cloudboost.CloudQueueTest$29.done(CloudQueueTest.java:1049)
	at io.cloudboost.CloudQueue.push(CloudQueue.java:545)
	at io.cloudboost.CloudQueueTest.shouldClearQueue(CloudQueueTest.java:1040)
	at sun.reflect.NativeMethodAccessorImpl.invoke0(Native Method)
	at sun.reflect.NativeMethodAccessorImpl.invoke(NativeMethodAccessorImpl.java:62)
	at sun.reflect.DelegatingMethodAccessorImpl.invoke(DelegatingMethodAccessorImpl.java:43)
	at java.lang.reflect.Method.invoke(Method.java:483)
	at org.junit.runners.model.FrameworkMethod$1.runReflectiveCall(FrameworkMethod.java:44)
	at org.junit.internal.runners.model.ReflectiveCallable.run(ReflectiveCallable.java:15)
	at org.junit.runners.model.FrameworkMethod.invokeExplosively(FrameworkMethod.java:41)
	at org.junit.internal.runners.statements.InvokeMethod.evaluate(InvokeMethod.java:20)
	at org.junit.internal.runners.statements.FailOnTimeout$1.run(FailOnTimeout.java:28)
</failure>
  </testcase>
  <testcase classname="io.cloudboost.CloudQueueTest" name="deleteById" time="4.706"/>
  <testcase classname="io.cloudboost.CloudQueueTest" name="noPushNull" time="0.001"/>
  <testcase classname="io.cloudboost.CloudQueueTest" name="shoulGetAll" time="2.213"/>
  <testcase classname="io.cloudboost.CloudQueueTest" name="refreshMessageTimeoutPulledMessage" time="10.319"/>
</testsuite>