<?xml version="1.0" encoding="UTF-8" ?>
<testsuite tests="32" failures="0" name="io.cloudboost.CloudTableTest" time="79.811" errors="31" skipped="0">
  <properties>
    <property name="java.runtime.name" value="Java(TM) SE Runtime Environment"/>
    <property name="sun.boot.library.path" value="C:\Program Files\jdk1.8.0_05\jre\bin"/>
    <property name="java.vm.version" value="25.5-b02"/>
    <property name="java.vm.vendor" value="Oracle Corporation"/>
    <property name="maven.multiModuleProjectDirectory" value="E:\Engineer\programming\projects\javaSDK\git_repo"/>
    <property name="java.vendor.url" value="http://java.oracle.com/"/>
    <property name="path.separator" value=";"/>
    <property name="guice.disable.misplaced.annotation.check" value="true"/>
    <property name="java.vm.name" value="Java HotSpot(TM) Client VM"/>
    <property name="file.encoding.pkg" value="sun.io"/>
    <property name="user.script" value=""/>
    <property name="user.country" value="US"/>
    <property name="sun.java.launcher" value="SUN_STANDARD"/>
    <property name="sun.os.patch.level" value=""/>
    <property name="java.vm.specification.name" value="Java Virtual Machine Specification"/>
    <property name="user.dir" value="E:\Engineer\programming\projects\javaSDK\git_repo"/>
    <property name="java.runtime.version" value="1.8.0_05-b13"/>
    <property name="java.awt.graphicsenv" value="sun.awt.Win32GraphicsEnvironment"/>
    <property name="java.endorsed.dirs" value="C:\Program Files\jdk1.8.0_05\jre\lib\endorsed"/>
    <property name="os.arch" value="x86"/>
    <property name="java.io.tmpdir" value="C:\Users\new\AppData\Local\Temp\"/>
    <property name="line.separator" value="
"/>
    <property name="java.vm.specification.vendor" value="Oracle Corporation"/>
    <property name="user.variant" value=""/>
    <property name="os.name" value="Windows 8.1"/>
    <property name="classworlds.conf" value="C:\Program Files (x86)\apache-maven-3.3.3\bin\..\bin\m2.conf"/>
    <property name="sun.jnu.encoding" value="Cp1252"/>
    <property name="java.library.path" value="C:\Program Files\jdk1.8.0_05\bin;C:\Windows\Sun\Java\bin;C:\Windows\system32;C:\Windows;C:\ProgramData\Oracle\Java\javapath;C:\oraclexe\app\oracle\product\11.2.0\server\bin;;C:\Program Files (x86)\Intel\iCLS Client\;C:\Program Files\Intel\iCLS Client\;C:\Windows\system32;C:\Windows;C:\Windows\System32\Wbem;C:\Windows\System32\WindowsPowerShell\v1.0\;C:\Program Files\Intel\Intel(R) Management Engine Components\DAL;C:\Program Files\Intel\Intel(R) Management Engine Components\IPT;C:\Program Files (x86)\Intel\Intel(R) Management Engine Components\DAL;C:\Program Files (x86)\Intel\Intel(R) Management Engine Components\IPT;C:\Program Files\Intel\WiFi\bin\;C:\Program Files\Common Files\Intel\WirelessCommon\;C:\Program Files (x86)\Skype\Phone\;C:\Program Files (x86)\GNU\GnuPG\pub;C:\Program Files\MySQL\MySQL Server 5.6\bin;C:\Program Files (x86)\apache-ant-1.9.6\bin;C:\Program Files\jdk1.8.0_05\bin;E:\Engineer\eclipse\android-sdk-windows\tools;E:\Engineer\eclipse\android-sdk-windows\platform-tools;C:\Program Files\jdk1.8.0_05\bin;C:\Program Files\MongoDB\Server\3.0\bin;E:\Engineer\eclipse\eclipse;E:\Engineer\eclipse\myeclipse;C:\Program Files (x86)\apache-maven-3.3.3\bin;C:\Program Files (x86)\GNU\GnuPG;."/>
    <property name="java.specification.name" value="Java Platform API Specification"/>
    <property name="java.class.version" value="52.0"/>
    <property name="sun.management.compiler" value="HotSpot Client Compiler"/>
    <property name="os.version" value="6.3"/>
    <property name="user.home" value="C:\Users\new"/>
    <property name="user.timezone" value="Africa/Nairobi"/>
    <property name="java.awt.printerjob" value="sun.awt.windows.WPrinterJob"/>
    <property name="java.specification.version" value="1.8"/>
    <property name="file.encoding" value="Cp1252"/>
    <property name="user.name" value="new"/>
    <property name="java.class.path" value="C:\Program Files (x86)\apache-maven-3.3.3\bin\..\boot\plexus-classworlds-2.5.2.jar"/>
    <property name="java.vm.specification.version" value="1.8"/>
    <property name="sun.arch.data.model" value="32"/>
    <property name="java.home" value="C:\Program Files\jdk1.8.0_05\jre"/>
    <property name="sun.java.command" value="org.codehaus.plexus.classworlds.launcher.Launcher clean deploy"/>
    <property name="java.specification.vendor" value="Oracle Corporation"/>
    <property name="user.language" value="en"/>
    <property name="awt.toolkit" value="sun.awt.windows.WToolkit"/>
    <property name="java.vm.info" value="mixed mode"/>
    <property name="java.version" value="1.8.0_05"/>
    <property name="java.ext.dirs" value="C:\Program Files\jdk1.8.0_05\jre\lib\ext;C:\Windows\Sun\Java\lib\ext"/>
    <property name="sun.boot.class.path" value="C:\Program Files\jdk1.8.0_05\jre\lib\resources.jar;C:\Program Files\jdk1.8.0_05\jre\lib\rt.jar;C:\Program Files\jdk1.8.0_05\jre\lib\sunrsasign.jar;C:\Program Files\jdk1.8.0_05\jre\lib\jsse.jar;C:\Program Files\jdk1.8.0_05\jre\lib\jce.jar;C:\Program Files\jdk1.8.0_05\jre\lib\charsets.jar;C:\Program Files\jdk1.8.0_05\jre\lib\jfr.jar;C:\Program Files\jdk1.8.0_05\jre\classes"/>
    <property name="sun.stderr.encoding" value="cp437"/>
    <property name="java.vendor" value="Oracle Corporation"/>
    <property name="maven.home" value="C:\Program Files (x86)\apache-maven-3.3.3\bin\.."/>
    <property name="file.separator" value="\"/>
    <property name="java.vendor.url.bug" value="http://bugreport.sun.com/bugreport/"/>
    <property name="sun.cpu.endian" value="little"/>
    <property name="sun.io.unicode.encoding" value="UnicodeLittle"/>
    <property name="sun.stdout.encoding" value="cp437"/>
    <property name="sun.desktop" value="windows"/>
    <property name="sun.cpu.isalist" value="pentium_pro+mmx pentium_pro pentium+mmx pentium i486 i386 i86"/>
  </properties>
  <testcase classname="io.cloudboost.CloudTableTest" name="getTable" time="4.303">
    <error type="java.lang.NullPointerException">java.lang.NullPointerException
	at io.cloudboost.util.CBParser.callJson(CBParser.java:70)
	at io.cloudboost.CloudTable.get(CloudTable.java:224)
	at io.cloudboost.CloudTableTest.getTable(CloudTableTest.java:81)
	at sun.reflect.NativeMethodAccessorImpl.invoke0(Native Method)
	at sun.reflect.NativeMethodAccessorImpl.invoke(NativeMethodAccessorImpl.java:62)
	at sun.reflect.DelegatingMethodAccessorImpl.invoke(DelegatingMethodAccessorImpl.java:43)
	at java.lang.reflect.Method.invoke(Method.java:483)
	at org.junit.runners.model.FrameworkMethod$1.runReflectiveCall(FrameworkMethod.java:44)
	at org.junit.internal.runners.model.ReflectiveCallable.run(ReflectiveCallable.java:15)
	at org.junit.runners.model.FrameworkMethod.invokeExplosively(FrameworkMethod.java:41)
	at org.junit.internal.runners.statements.InvokeMethod.evaluate(InvokeMethod.java:20)
	at org.junit.internal.runners.statements.FailOnTimeout$1.run(FailOnTimeout.java:28)
</error>
    <system-out>Socket Initializaed
parameters: {&quot;appId&quot;:&quot;sample123&quot;,&quot;key&quot;:&quot;Qopoy/kXd+6G734HsjQMqGPGOvwEJYmBG84lQawRmWM=&quot;}
</system-out>
    <system-err>java.io.IOException: Server returned HTTP response code: 401 for URL: https://service.cloudboost.io/sample123/table/Address
	at sun.reflect.GeneratedConstructorAccessor17.newInstance(Unknown Source)
	at sun.reflect.DelegatingConstructorAccessorImpl.newInstance(DelegatingConstructorAccessorImpl.java:45)
	at java.lang.reflect.Constructor.newInstance(Constructor.java:408)
	at sun.net.www.protocol.http.HttpURLConnection$10.run(HttpURLConnection.java:1888)
	at sun.net.www.protocol.http.HttpURLConnection$10.run(HttpURLConnection.java:1883)
	at java.security.AccessController.doPrivileged(Native Method)
	at sun.net.www.protocol.http.HttpURLConnection.getChainedException(HttpURLConnection.java:1882)
	at sun.net.www.protocol.http.HttpURLConnection.getInputStream0(HttpURLConnection.java:1455)
	at sun.net.www.protocol.http.HttpURLConnection.getInputStream(HttpURLConnection.java:1439)
	at sun.net.www.protocol.https.HttpsURLConnectionImpl.getInputStream(HttpsURLConnectionImpl.java:254)
	at io.cloudboost.util.CBParser.callJson(CBParser.java:62)
	at io.cloudboost.CloudTable.get(CloudTable.java:224)
	at io.cloudboost.CloudTableTest.getTable(CloudTableTest.java:81)
	at sun.reflect.NativeMethodAccessorImpl.invoke0(Native Method)
	at sun.reflect.NativeMethodAccessorImpl.invoke(NativeMethodAccessorImpl.java:62)
	at sun.reflect.DelegatingMethodAccessorImpl.invoke(DelegatingMethodAccessorImpl.java:43)
	at java.lang.reflect.Method.invoke(Method.java:483)
	at org.junit.runners.model.FrameworkMethod$1.runReflectiveCall(FrameworkMethod.java:44)
	at org.junit.internal.runners.model.ReflectiveCallable.run(ReflectiveCallable.java:15)
	at org.junit.runners.model.FrameworkMethod.invokeExplosively(FrameworkMethod.java:41)
	at org.junit.internal.runners.statements.InvokeMethod.evaluate(InvokeMethod.java:20)
	at org.junit.internal.runners.statements.FailOnTimeout$1.run(FailOnTimeout.java:28)
Caused by: java.io.IOException: Server returned HTTP response code: 401 for URL: https://service.cloudboost.io/sample123/table/Address
	at sun.net.www.protocol.http.HttpURLConnection.getInputStream0(HttpURLConnection.java:1838)
	at sun.net.www.protocol.http.HttpURLConnection.getInputStream(HttpURLConnection.java:1439)
	at java.net.HttpURLConnection.getResponseCode(HttpURLConnection.java:480)
	at sun.net.www.protocol.https.HttpsURLConnectionImpl.getResponseCode(HttpsURLConnectionImpl.java:338)
	at io.cloudboost.util.CBParser.callJson(CBParser.java:60)
	... 11 more
</system-err>
  </testcase>
  <testcase classname="io.cloudboost.CloudTableTest" name="duplicateTable" time="2.354">
    <error type="java.lang.NullPointerException">java.lang.NullPointerException
	at io.cloudboost.util.CBParser.callJson(CBParser.java:70)
	at io.cloudboost.CloudTable.save(CloudTable.java:264)
	at io.cloudboost.CloudTableTest.duplicateTable(CloudTableTest.java:25)
	at sun.reflect.NativeMethodAccessorImpl.invoke0(Native Method)
	at sun.reflect.NativeMethodAccessorImpl.invoke(NativeMethodAccessorImpl.java:62)
	at sun.reflect.DelegatingMethodAccessorImpl.invoke(DelegatingMethodAccessorImpl.java:43)
	at java.lang.reflect.Method.invoke(Method.java:483)
	at org.junit.runners.model.FrameworkMethod$1.runReflectiveCall(FrameworkMethod.java:44)
	at org.junit.internal.runners.model.ReflectiveCallable.run(ReflectiveCallable.java:15)
	at org.junit.runners.model.FrameworkMethod.invokeExplosively(FrameworkMethod.java:41)
	at org.junit.internal.runners.statements.InvokeMethod.evaluate(InvokeMethod.java:20)
	at org.junit.internal.runners.statements.FailOnTimeout$1.run(FailOnTimeout.java:28)
</error>
    <system-out>Socket Initializaed
wcivwlpw
{&quot;data&quot;:{&quot;columns&quot;:[{&quot;relationType&quot;:null,&quot;isDeletable&quot;:false,&quot;isEditable&quot;:false,&quot;dataType&quot;:&quot;Id&quot;,&quot;unique&quot;:true,&quot;name&quot;:&quot;id&quot;,&quot;_type&quot;:&quot;column&quot;,&quot;isRenamable&quot;:false,&quot;required&quot;:true,&quot;relatedTo&quot;:null},{&quot;relationType&quot;:null,&quot;isDeletable&quot;:false,&quot;isEditable&quot;:false,&quot;dataType&quot;:&quot;DateTime&quot;,&quot;unique&quot;:false,&quot;name&quot;:&quot;expires&quot;,&quot;_type&quot;:&quot;column&quot;,&quot;isRenamable&quot;:false,&quot;required&quot;:false,&quot;relatedTo&quot;:null},{&quot;relationType&quot;:null,&quot;isDeletable&quot;:false,&quot;isEditable&quot;:false,&quot;dataType&quot;:&quot;DateTime&quot;,&quot;unique&quot;:false,&quot;name&quot;:&quot;createdAt&quot;,&quot;_type&quot;:&quot;column&quot;,&quot;isRenamable&quot;:false,&quot;required&quot;:true,&quot;relatedTo&quot;:null},{&quot;relationType&quot;:null,&quot;isDeletable&quot;:false,&quot;isEditable&quot;:false,&quot;dataType&quot;:&quot;DateTime&quot;,&quot;unique&quot;:false,&quot;name&quot;:&quot;updatedAt&quot;,&quot;_type&quot;:&quot;column&quot;,&quot;isRenamable&quot;:false,&quot;required&quot;:true,&quot;relatedTo&quot;:null},{&quot;relationType&quot;:null,&quot;isDeletable&quot;:false,&quot;isEditable&quot;:false,&quot;dataType&quot;:&quot;ACL&quot;,&quot;unique&quot;:false,&quot;name&quot;:&quot;ACL&quot;,&quot;_type&quot;:&quot;column&quot;,&quot;isRenamable&quot;:false,&quot;required&quot;:true,&quot;relatedTo&quot;:null}],&quot;appId&quot;:&quot;sample123&quot;,&quot;name&quot;:&quot;wcivwlpw&quot;,&quot;_type&quot;:&quot;table&quot;,&quot;type&quot;:&quot;custom&quot;,&quot;maxCount&quot;:9999},&quot;key&quot;:&quot;Qopoy/kXd+6G734HsjQMqGPGOvwEJYmBG84lQawRmWM=&quot;}
parameters: {&quot;data&quot;:{&quot;columns&quot;:[{&quot;relationType&quot;:null,&quot;isDeletable&quot;:false,&quot;isEditable&quot;:false,&quot;dataType&quot;:&quot;Id&quot;,&quot;unique&quot;:true,&quot;name&quot;:&quot;id&quot;,&quot;_type&quot;:&quot;column&quot;,&quot;isRenamable&quot;:false,&quot;required&quot;:true,&quot;relatedTo&quot;:null},{&quot;relationType&quot;:null,&quot;isDeletable&quot;:false,&quot;isEditable&quot;:false,&quot;dataType&quot;:&quot;DateTime&quot;,&quot;unique&quot;:false,&quot;name&quot;:&quot;expires&quot;,&quot;_type&quot;:&quot;column&quot;,&quot;isRenamable&quot;:false,&quot;required&quot;:false,&quot;relatedTo&quot;:null},{&quot;relationType&quot;:null,&quot;isDeletable&quot;:false,&quot;isEditable&quot;:false,&quot;dataType&quot;:&quot;DateTime&quot;,&quot;unique&quot;:false,&quot;name&quot;:&quot;createdAt&quot;,&quot;_type&quot;:&quot;column&quot;,&quot;isRenamable&quot;:false,&quot;required&quot;:true,&quot;relatedTo&quot;:null},{&quot;relationType&quot;:null,&quot;isDeletable&quot;:false,&quot;isEditable&quot;:false,&quot;dataType&quot;:&quot;DateTime&quot;,&quot;unique&quot;:false,&quot;name&quot;:&quot;updatedAt&quot;,&quot;_type&quot;:&quot;column&quot;,&quot;isRenamable&quot;:false,&quot;required&quot;:true,&quot;relatedTo&quot;:null},{&quot;relationType&quot;:null,&quot;isDeletable&quot;:false,&quot;isEditable&quot;:false,&quot;dataType&quot;:&quot;ACL&quot;,&quot;unique&quot;:false,&quot;name&quot;:&quot;ACL&quot;,&quot;_type&quot;:&quot;column&quot;,&quot;isRenamable&quot;:false,&quot;required&quot;:true,&quot;relatedTo&quot;:null}],&quot;appId&quot;:&quot;sample123&quot;,&quot;name&quot;:&quot;wcivwlpw&quot;,&quot;_type&quot;:&quot;table&quot;,&quot;type&quot;:&quot;custom&quot;,&quot;maxCount&quot;:9999},&quot;key&quot;:&quot;Qopoy/kXd+6G734HsjQMqGPGOvwEJYmBG84lQawRmWM=&quot;}
</system-out>
    <system-err>java.io.IOException: Server returned HTTP response code: 401 for URL: https://service.cloudboost.io/sample123/table/wcivwlpw
	at sun.reflect.GeneratedConstructorAccessor17.newInstance(Unknown Source)
	at sun.reflect.DelegatingConstructorAccessorImpl.newInstance(DelegatingConstructorAccessorImpl.java:45)
	at java.lang.reflect.Constructor.newInstance(Constructor.java:408)
	at sun.net.www.protocol.http.HttpURLConnection$10.run(HttpURLConnection.java:1888)
	at sun.net.www.protocol.http.HttpURLConnection$10.run(HttpURLConnection.java:1883)
	at java.security.AccessController.doPrivileged(Native Method)
	at sun.net.www.protocol.http.HttpURLConnection.getChainedException(HttpURLConnection.java:1882)
	at sun.net.www.protocol.http.HttpURLConnection.getInputStream0(HttpURLConnection.java:1455)
	at sun.net.www.protocol.http.HttpURLConnection.getInputStream(HttpURLConnection.java:1439)
	at sun.net.www.protocol.https.HttpsURLConnectionImpl.getInputStream(HttpsURLConnectionImpl.java:254)
	at io.cloudboost.util.CBParser.callJson(CBParser.java:62)
	at io.cloudboost.CloudTable.save(CloudTable.java:264)
	at io.cloudboost.CloudTableTest.duplicateTable(CloudTableTest.java:25)
	at sun.reflect.NativeMethodAccessorImpl.invoke0(Native Method)
	at sun.reflect.NativeMethodAccessorImpl.invoke(NativeMethodAccessorImpl.java:62)
	at sun.reflect.DelegatingMethodAccessorImpl.invoke(DelegatingMethodAccessorImpl.java:43)
	at java.lang.reflect.Method.invoke(Method.java:483)
	at org.junit.runners.model.FrameworkMethod$1.runReflectiveCall(FrameworkMethod.java:44)
	at org.junit.internal.runners.model.ReflectiveCallable.run(ReflectiveCallable.java:15)
	at org.junit.runners.model.FrameworkMethod.invokeExplosively(FrameworkMethod.java:41)
	at org.junit.internal.runners.statements.InvokeMethod.evaluate(InvokeMethod.java:20)
	at org.junit.internal.runners.statements.FailOnTimeout$1.run(FailOnTimeout.java:28)
Caused by: java.io.IOException: Server returned HTTP response code: 401 for URL: https://service.cloudboost.io/sample123/table/wcivwlpw
	at sun.net.www.protocol.http.HttpURLConnection.getInputStream0(HttpURLConnection.java:1838)
	at sun.net.www.protocol.http.HttpURLConnection.getInputStream(HttpURLConnection.java:1439)
	at java.net.HttpURLConnection.getResponseCode(HttpURLConnection.java:480)
	at sun.net.www.protocol.https.HttpsURLConnectionImpl.getResponseCode(HttpsURLConnectionImpl.java:338)
	at io.cloudboost.util.CBParser.callJson(CBParser.java:60)
	... 11 more
</system-err>
  </testcase>
  <testcase classname="io.cloudboost.CloudTableTest" name="GetAllTable" time="3.175">
    <error type="java.lang.NullPointerException">java.lang.NullPointerException
	at io.cloudboost.util.CBParser.callJson(CBParser.java:70)
	at io.cloudboost.CloudTable.getAll(CloudTable.java:181)
	at io.cloudboost.CloudTableTest.GetAllTable(CloudTableTest.java:100)
	at sun.reflect.NativeMethodAccessorImpl.invoke0(Native Method)
	at sun.reflect.NativeMethodAccessorImpl.invoke(NativeMethodAccessorImpl.java:62)
	at sun.reflect.DelegatingMethodAccessorImpl.invoke(DelegatingMethodAccessorImpl.java:43)
	at java.lang.reflect.Method.invoke(Method.java:483)
	at org.junit.runners.model.FrameworkMethod$1.runReflectiveCall(FrameworkMethod.java:44)
	at org.junit.internal.runners.model.ReflectiveCallable.run(ReflectiveCallable.java:15)
	at org.junit.runners.model.FrameworkMethod.invokeExplosively(FrameworkMethod.java:41)
	at org.junit.internal.runners.statements.InvokeMethod.evaluate(InvokeMethod.java:20)
	at org.junit.internal.runners.statements.FailOnTimeout$1.run(FailOnTimeout.java:28)
</error>
    <system-out>Socket Initializaed
url: https://service.cloudboost.io/sample123/table
{&quot;key&quot;:&quot;Qopoy/kXd+6G734HsjQMqGPGOvwEJYmBG84lQawRmWM=&quot;}
parameters: {&quot;key&quot;:&quot;Qopoy/kXd+6G734HsjQMqGPGOvwEJYmBG84lQawRmWM=&quot;}
</system-out>
    <system-err>java.io.IOException: Server returned HTTP response code: 401 for URL: https://service.cloudboost.io/sample123/table
	at sun.reflect.GeneratedConstructorAccessor17.newInstance(Unknown Source)
	at sun.reflect.DelegatingConstructorAccessorImpl.newInstance(DelegatingConstructorAccessorImpl.java:45)
	at java.lang.reflect.Constructor.newInstance(Constructor.java:408)
	at sun.net.www.protocol.http.HttpURLConnection$10.run(HttpURLConnection.java:1888)
	at sun.net.www.protocol.http.HttpURLConnection$10.run(HttpURLConnection.java:1883)
	at java.security.AccessController.doPrivileged(Native Method)
	at sun.net.www.protocol.http.HttpURLConnection.getChainedException(HttpURLConnection.java:1882)
	at sun.net.www.protocol.http.HttpURLConnection.getInputStream0(HttpURLConnection.java:1455)
	at sun.net.www.protocol.http.HttpURLConnection.getInputStream(HttpURLConnection.java:1439)
	at sun.net.www.protocol.https.HttpsURLConnectionImpl.getInputStream(HttpsURLConnectionImpl.java:254)
	at io.cloudboost.util.CBParser.callJson(CBParser.java:62)
	at io.cloudboost.CloudTable.getAll(CloudTable.java:181)
	at io.cloudboost.CloudTableTest.GetAllTable(CloudTableTest.java:100)
	at sun.reflect.NativeMethodAccessorImpl.invoke0(Native Method)
	at sun.reflect.NativeMethodAccessorImpl.invoke(NativeMethodAccessorImpl.java:62)
	at sun.reflect.DelegatingMethodAccessorImpl.invoke(DelegatingMethodAccessorImpl.java:43)
	at java.lang.reflect.Method.invoke(Method.java:483)
	at org.junit.runners.model.FrameworkMethod$1.runReflectiveCall(FrameworkMethod.java:44)
	at org.junit.internal.runners.model.ReflectiveCallable.run(ReflectiveCallable.java:15)
	at org.junit.runners.model.FrameworkMethod.invokeExplosively(FrameworkMethod.java:41)
	at org.junit.internal.runners.statements.InvokeMethod.evaluate(InvokeMethod.java:20)
	at org.junit.internal.runners.statements.FailOnTimeout$1.run(FailOnTimeout.java:28)
Caused by: java.io.IOException: Server returned HTTP response code: 401 for URL: https://service.cloudboost.io/sample123/table
	at sun.net.www.protocol.http.HttpURLConnection.getInputStream0(HttpURLConnection.java:1838)
	at sun.net.www.protocol.http.HttpURLConnection.getInputStream(HttpURLConnection.java:1439)
	at java.net.HttpURLConnection.getResponseCode(HttpURLConnection.java:480)
	at sun.net.www.protocol.https.HttpsURLConnectionImpl.getResponseCode(HttpsURLConnectionImpl.java:338)
	at io.cloudboost.util.CBParser.callJson(CBParser.java:60)
	... 11 more
</system-err>
  </testcase>
  <testcase classname="io.cloudboost.CloudTableTest" name="createTableRole" time="2.356">
    <error type="java.lang.NullPointerException">java.lang.NullPointerException
	at io.cloudboost.util.CBParser.callJson(CBParser.java:70)
	at io.cloudboost.CloudTable.save(CloudTable.java:264)
	at io.cloudboost.CloudTableTest.createTableRole(CloudTableTest.java:464)
	at sun.reflect.NativeMethodAccessorImpl.invoke0(Native Method)
	at sun.reflect.NativeMethodAccessorImpl.invoke(NativeMethodAccessorImpl.java:62)
	at sun.reflect.DelegatingMethodAccessorImpl.invoke(DelegatingMethodAccessorImpl.java:43)
	at java.lang.reflect.Method.invoke(Method.java:483)
	at org.junit.runners.model.FrameworkMethod$1.runReflectiveCall(FrameworkMethod.java:44)
	at org.junit.internal.runners.model.ReflectiveCallable.run(ReflectiveCallable.java:15)
	at org.junit.runners.model.FrameworkMethod.invokeExplosively(FrameworkMethod.java:41)
	at org.junit.internal.runners.statements.InvokeMethod.evaluate(InvokeMethod.java:20)
	at org.junit.internal.runners.statements.FailOnTimeout$1.run(FailOnTimeout.java:28)
</error>
    <system-out>Socket Initializaed
{&quot;data&quot;:{&quot;columns&quot;:[{&quot;relationType&quot;:null,&quot;isDeletable&quot;:false,&quot;isEditable&quot;:false,&quot;dataType&quot;:&quot;Id&quot;,&quot;unique&quot;:true,&quot;name&quot;:&quot;id&quot;,&quot;_type&quot;:&quot;column&quot;,&quot;isRenamable&quot;:false,&quot;required&quot;:true,&quot;relatedTo&quot;:null},{&quot;relationType&quot;:null,&quot;isDeletable&quot;:false,&quot;isEditable&quot;:false,&quot;dataType&quot;:&quot;DateTime&quot;,&quot;unique&quot;:false,&quot;name&quot;:&quot;expires&quot;,&quot;_type&quot;:&quot;column&quot;,&quot;isRenamable&quot;:false,&quot;required&quot;:false,&quot;relatedTo&quot;:null},{&quot;relationType&quot;:null,&quot;isDeletable&quot;:false,&quot;isEditable&quot;:false,&quot;dataType&quot;:&quot;DateTime&quot;,&quot;unique&quot;:false,&quot;name&quot;:&quot;createdAt&quot;,&quot;_type&quot;:&quot;column&quot;,&quot;isRenamable&quot;:false,&quot;required&quot;:true,&quot;relatedTo&quot;:null},{&quot;relationType&quot;:null,&quot;isDeletable&quot;:false,&quot;isEditable&quot;:false,&quot;dataType&quot;:&quot;DateTime&quot;,&quot;unique&quot;:false,&quot;name&quot;:&quot;updatedAt&quot;,&quot;_type&quot;:&quot;column&quot;,&quot;isRenamable&quot;:false,&quot;required&quot;:true,&quot;relatedTo&quot;:null},{&quot;relationType&quot;:null,&quot;isDeletable&quot;:false,&quot;isEditable&quot;:false,&quot;dataType&quot;:&quot;ACL&quot;,&quot;unique&quot;:false,&quot;name&quot;:&quot;ACL&quot;,&quot;_type&quot;:&quot;column&quot;,&quot;isRenamable&quot;:false,&quot;required&quot;:true,&quot;relatedTo&quot;:null}],&quot;appId&quot;:&quot;sample123&quot;,&quot;name&quot;:&quot;Role&quot;,&quot;_type&quot;:&quot;table&quot;,&quot;type&quot;:&quot;custom&quot;,&quot;maxCount&quot;:9999},&quot;key&quot;:&quot;Qopoy/kXd+6G734HsjQMqGPGOvwEJYmBG84lQawRmWM=&quot;}
parameters: {&quot;data&quot;:{&quot;columns&quot;:[{&quot;relationType&quot;:null,&quot;isDeletable&quot;:false,&quot;isEditable&quot;:false,&quot;dataType&quot;:&quot;Id&quot;,&quot;unique&quot;:true,&quot;name&quot;:&quot;id&quot;,&quot;_type&quot;:&quot;column&quot;,&quot;isRenamable&quot;:false,&quot;required&quot;:true,&quot;relatedTo&quot;:null},{&quot;relationType&quot;:null,&quot;isDeletable&quot;:false,&quot;isEditable&quot;:false,&quot;dataType&quot;:&quot;DateTime&quot;,&quot;unique&quot;:false,&quot;name&quot;:&quot;expires&quot;,&quot;_type&quot;:&quot;column&quot;,&quot;isRenamable&quot;:false,&quot;required&quot;:false,&quot;relatedTo&quot;:null},{&quot;relationType&quot;:null,&quot;isDeletable&quot;:false,&quot;isEditable&quot;:false,&quot;dataType&quot;:&quot;DateTime&quot;,&quot;unique&quot;:false,&quot;name&quot;:&quot;createdAt&quot;,&quot;_type&quot;:&quot;column&quot;,&quot;isRenamable&quot;:false,&quot;required&quot;:true,&quot;relatedTo&quot;:null},{&quot;relationType&quot;:null,&quot;isDeletable&quot;:false,&quot;isEditable&quot;:false,&quot;dataType&quot;:&quot;DateTime&quot;,&quot;unique&quot;:false,&quot;name&quot;:&quot;updatedAt&quot;,&quot;_type&quot;:&quot;column&quot;,&quot;isRenamable&quot;:false,&quot;required&quot;:true,&quot;relatedTo&quot;:null},{&quot;relationType&quot;:null,&quot;isDeletable&quot;:false,&quot;isEditable&quot;:false,&quot;dataType&quot;:&quot;ACL&quot;,&quot;unique&quot;:false,&quot;name&quot;:&quot;ACL&quot;,&quot;_type&quot;:&quot;column&quot;,&quot;isRenamable&quot;:false,&quot;required&quot;:true,&quot;relatedTo&quot;:null}],&quot;appId&quot;:&quot;sample123&quot;,&quot;name&quot;:&quot;Role&quot;,&quot;_type&quot;:&quot;table&quot;,&quot;type&quot;:&quot;custom&quot;,&quot;maxCount&quot;:9999},&quot;key&quot;:&quot;Qopoy/kXd+6G734HsjQMqGPGOvwEJYmBG84lQawRmWM=&quot;}
</system-out>
    <system-err>java.io.IOException: Server returned HTTP response code: 401 for URL: https://service.cloudboost.io/sample123/table/Role
	at sun.reflect.GeneratedConstructorAccessor17.newInstance(Unknown Source)
	at sun.reflect.DelegatingConstructorAccessorImpl.newInstance(DelegatingConstructorAccessorImpl.java:45)
	at java.lang.reflect.Constructor.newInstance(Constructor.java:408)
	at sun.net.www.protocol.http.HttpURLConnection$10.run(HttpURLConnection.java:1888)
	at sun.net.www.protocol.http.HttpURLConnection$10.run(HttpURLConnection.java:1883)
	at java.security.AccessController.doPrivileged(Native Method)
	at sun.net.www.protocol.http.HttpURLConnection.getChainedException(HttpURLConnection.java:1882)
	at sun.net.www.protocol.http.HttpURLConnection.getInputStream0(HttpURLConnection.java:1455)
	at sun.net.www.protocol.http.HttpURLConnection.getInputStream(HttpURLConnection.java:1439)
	at sun.net.www.protocol.https.HttpsURLConnectionImpl.getInputStream(HttpsURLConnectionImpl.java:254)
	at io.cloudboost.util.CBParser.callJson(CBParser.java:62)
	at io.cloudboost.CloudTable.save(CloudTable.java:264)
	at io.cloudboost.CloudTableTest.createTableRole(CloudTableTest.java:464)
	at sun.reflect.NativeMethodAccessorImpl.invoke0(Native Method)
	at sun.reflect.NativeMethodAccessorImpl.invoke(NativeMethodAccessorImpl.java:62)
	at sun.reflect.DelegatingMethodAccessorImpl.invoke(DelegatingMethodAccessorImpl.java:43)
	at java.lang.reflect.Method.invoke(Method.java:483)
	at org.junit.runners.model.FrameworkMethod$1.runReflectiveCall(FrameworkMethod.java:44)
	at org.junit.internal.runners.model.ReflectiveCallable.run(ReflectiveCallable.java:15)
	at org.junit.runners.model.FrameworkMethod.invokeExplosively(FrameworkMethod.java:41)
	at org.junit.internal.runners.statements.InvokeMethod.evaluate(InvokeMethod.java:20)
	at org.junit.internal.runners.statements.FailOnTimeout$1.run(FailOnTimeout.java:28)
Caused by: java.io.IOException: Server returned HTTP response code: 401 for URL: https://service.cloudboost.io/sample123/table/Role
	at sun.net.www.protocol.http.HttpURLConnection.getInputStream0(HttpURLConnection.java:1838)
	at sun.net.www.protocol.http.HttpURLConnection.getInputStream(HttpURLConnection.java:1439)
	at java.net.HttpURLConnection.getResponseCode(HttpURLConnection.java:480)
	at sun.net.www.protocol.https.HttpsURLConnectionImpl.getResponseCode(HttpsURLConnectionImpl.java:338)
	at io.cloudboost.util.CBParser.callJson(CBParser.java:60)
	... 11 more
</system-err>
  </testcase>
  <testcase classname="io.cloudboost.CloudTableTest" name="createTableUser" time="1.942">
    <error type="java.lang.NullPointerException">java.lang.NullPointerException
	at io.cloudboost.util.CBParser.callJson(CBParser.java:70)
	at io.cloudboost.CloudTable.save(CloudTable.java:264)
	at io.cloudboost.CloudTableTest.createTableUser(CloudTableTest.java:491)
	at sun.reflect.NativeMethodAccessorImpl.invoke0(Native Method)
	at sun.reflect.NativeMethodAccessorImpl.invoke(NativeMethodAccessorImpl.java:62)
	at sun.reflect.DelegatingMethodAccessorImpl.invoke(DelegatingMethodAccessorImpl.java:43)
	at java.lang.reflect.Method.invoke(Method.java:483)
	at org.junit.runners.model.FrameworkMethod$1.runReflectiveCall(FrameworkMethod.java:44)
	at org.junit.internal.runners.model.ReflectiveCallable.run(ReflectiveCallable.java:15)
	at org.junit.runners.model.FrameworkMethod.invokeExplosively(FrameworkMethod.java:41)
	at org.junit.internal.runners.statements.InvokeMethod.evaluate(InvokeMethod.java:20)
	at org.junit.internal.runners.statements.FailOnTimeout$1.run(FailOnTimeout.java:28)
</error>
    <system-out>Socket Initializaed
{&quot;data&quot;:{&quot;columns&quot;:[{&quot;relationType&quot;:null,&quot;isDeletable&quot;:false,&quot;isEditable&quot;:false,&quot;dataType&quot;:&quot;Id&quot;,&quot;unique&quot;:true,&quot;name&quot;:&quot;id&quot;,&quot;_type&quot;:&quot;column&quot;,&quot;isRenamable&quot;:false,&quot;required&quot;:true,&quot;relatedTo&quot;:null},{&quot;relationType&quot;:null,&quot;isDeletable&quot;:false,&quot;isEditable&quot;:false,&quot;dataType&quot;:&quot;DateTime&quot;,&quot;unique&quot;:false,&quot;name&quot;:&quot;expires&quot;,&quot;_type&quot;:&quot;column&quot;,&quot;isRenamable&quot;:false,&quot;required&quot;:false,&quot;relatedTo&quot;:null},{&quot;relationType&quot;:null,&quot;isDeletable&quot;:false,&quot;isEditable&quot;:false,&quot;dataType&quot;:&quot;DateTime&quot;,&quot;unique&quot;:false,&quot;name&quot;:&quot;createdAt&quot;,&quot;_type&quot;:&quot;column&quot;,&quot;isRenamable&quot;:false,&quot;required&quot;:true,&quot;relatedTo&quot;:null},{&quot;relationType&quot;:null,&quot;isDeletable&quot;:false,&quot;isEditable&quot;:false,&quot;dataType&quot;:&quot;DateTime&quot;,&quot;unique&quot;:false,&quot;name&quot;:&quot;updatedAt&quot;,&quot;_type&quot;:&quot;column&quot;,&quot;isRenamable&quot;:false,&quot;required&quot;:true,&quot;relatedTo&quot;:null},{&quot;relationType&quot;:null,&quot;isDeletable&quot;:false,&quot;isEditable&quot;:false,&quot;dataType&quot;:&quot;ACL&quot;,&quot;unique&quot;:false,&quot;name&quot;:&quot;ACL&quot;,&quot;_type&quot;:&quot;column&quot;,&quot;isRenamable&quot;:false,&quot;required&quot;:true,&quot;relatedTo&quot;:null}],&quot;appId&quot;:&quot;sample123&quot;,&quot;name&quot;:&quot;User&quot;,&quot;_type&quot;:&quot;table&quot;,&quot;type&quot;:&quot;custom&quot;,&quot;maxCount&quot;:9999},&quot;key&quot;:&quot;Qopoy/kXd+6G734HsjQMqGPGOvwEJYmBG84lQawRmWM=&quot;}
parameters: {&quot;data&quot;:{&quot;columns&quot;:[{&quot;relationType&quot;:null,&quot;isDeletable&quot;:false,&quot;isEditable&quot;:false,&quot;dataType&quot;:&quot;Id&quot;,&quot;unique&quot;:true,&quot;name&quot;:&quot;id&quot;,&quot;_type&quot;:&quot;column&quot;,&quot;isRenamable&quot;:false,&quot;required&quot;:true,&quot;relatedTo&quot;:null},{&quot;relationType&quot;:null,&quot;isDeletable&quot;:false,&quot;isEditable&quot;:false,&quot;dataType&quot;:&quot;DateTime&quot;,&quot;unique&quot;:false,&quot;name&quot;:&quot;expires&quot;,&quot;_type&quot;:&quot;column&quot;,&quot;isRenamable&quot;:false,&quot;required&quot;:false,&quot;relatedTo&quot;:null},{&quot;relationType&quot;:null,&quot;isDeletable&quot;:false,&quot;isEditable&quot;:false,&quot;dataType&quot;:&quot;DateTime&quot;,&quot;unique&quot;:false,&quot;name&quot;:&quot;createdAt&quot;,&quot;_type&quot;:&quot;column&quot;,&quot;isRenamable&quot;:false,&quot;required&quot;:true,&quot;relatedTo&quot;:null},{&quot;relationType&quot;:null,&quot;isDeletable&quot;:false,&quot;isEditable&quot;:false,&quot;dataType&quot;:&quot;DateTime&quot;,&quot;unique&quot;:false,&quot;name&quot;:&quot;updatedAt&quot;,&quot;_type&quot;:&quot;column&quot;,&quot;isRenamable&quot;:false,&quot;required&quot;:true,&quot;relatedTo&quot;:null},{&quot;relationType&quot;:null,&quot;isDeletable&quot;:false,&quot;isEditable&quot;:false,&quot;dataType&quot;:&quot;ACL&quot;,&quot;unique&quot;:false,&quot;name&quot;:&quot;ACL&quot;,&quot;_type&quot;:&quot;column&quot;,&quot;isRenamable&quot;:false,&quot;required&quot;:true,&quot;relatedTo&quot;:null}],&quot;appId&quot;:&quot;sample123&quot;,&quot;name&quot;:&quot;User&quot;,&quot;_type&quot;:&quot;table&quot;,&quot;type&quot;:&quot;custom&quot;,&quot;maxCount&quot;:9999},&quot;key&quot;:&quot;Qopoy/kXd+6G734HsjQMqGPGOvwEJYmBG84lQawRmWM=&quot;}
</system-out>
    <system-err>java.io.IOException: Server returned HTTP response code: 401 for URL: https://service.cloudboost.io/sample123/table/User
	at sun.reflect.GeneratedConstructorAccessor17.newInstance(Unknown Source)
	at sun.reflect.DelegatingConstructorAccessorImpl.newInstance(DelegatingConstructorAccessorImpl.java:45)
	at java.lang.reflect.Constructor.newInstance(Constructor.java:408)
	at sun.net.www.protocol.http.HttpURLConnection$10.run(HttpURLConnection.java:1888)
	at sun.net.www.protocol.http.HttpURLConnection$10.run(HttpURLConnection.java:1883)
	at java.security.AccessController.doPrivileged(Native Method)
	at sun.net.www.protocol.http.HttpURLConnection.getChainedException(HttpURLConnection.java:1882)
	at sun.net.www.protocol.http.HttpURLConnection.getInputStream0(HttpURLConnection.java:1455)
	at sun.net.www.protocol.http.HttpURLConnection.getInputStream(HttpURLConnection.java:1439)
	at sun.net.www.protocol.https.HttpsURLConnectionImpl.getInputStream(HttpsURLConnectionImpl.java:254)
	at io.cloudboost.util.CBParser.callJson(CBParser.java:62)
	at io.cloudboost.CloudTable.save(CloudTable.java:264)
	at io.cloudboost.CloudTableTest.createTableUser(CloudTableTest.java:491)
	at sun.reflect.NativeMethodAccessorImpl.invoke0(Native Method)
	at sun.reflect.NativeMethodAccessorImpl.invoke(NativeMethodAccessorImpl.java:62)
	at sun.reflect.DelegatingMethodAccessorImpl.invoke(DelegatingMethodAccessorImpl.java:43)
	at java.lang.reflect.Method.invoke(Method.java:483)
	at org.junit.runners.model.FrameworkMethod$1.runReflectiveCall(FrameworkMethod.java:44)
	at org.junit.internal.runners.model.ReflectiveCallable.run(ReflectiveCallable.java:15)
	at org.junit.runners.model.FrameworkMethod.invokeExplosively(FrameworkMethod.java:41)
	at org.junit.internal.runners.statements.InvokeMethod.evaluate(InvokeMethod.java:20)
	at org.junit.internal.runners.statements.FailOnTimeout$1.run(FailOnTimeout.java:28)
Caused by: java.io.IOException: Server returned HTTP response code: 401 for URL: https://service.cloudboost.io/sample123/table/User
	at sun.net.www.protocol.http.HttpURLConnection.getInputStream0(HttpURLConnection.java:1838)
	at sun.net.www.protocol.http.HttpURLConnection.getInputStream(HttpURLConnection.java:1439)
	at java.net.HttpURLConnection.getResponseCode(HttpURLConnection.java:480)
	at sun.net.www.protocol.https.HttpsURLConnectionImpl.getResponseCode(HttpsURLConnectionImpl.java:338)
	at io.cloudboost.util.CBParser.callJson(CBParser.java:60)
	... 11 more
</system-err>
  </testcase>
  <testcase classname="io.cloudboost.CloudTableTest" name="renameTable" time="2.57">
    <error type="java.lang.NullPointerException">java.lang.NullPointerException
	at io.cloudboost.util.CBParser.callJson(CBParser.java:70)
	at io.cloudboost.CloudTable.get(CloudTable.java:224)
	at io.cloudboost.CloudTableTest.renameTable(CloudTableTest.java:197)
	at sun.reflect.NativeMethodAccessorImpl.invoke0(Native Method)
	at sun.reflect.NativeMethodAccessorImpl.invoke(NativeMethodAccessorImpl.java:62)
	at sun.reflect.DelegatingMethodAccessorImpl.invoke(DelegatingMethodAccessorImpl.java:43)
	at java.lang.reflect.Method.invoke(Method.java:483)
	at org.junit.runners.model.FrameworkMethod$1.runReflectiveCall(FrameworkMethod.java:44)
	at org.junit.internal.runners.model.ReflectiveCallable.run(ReflectiveCallable.java:15)
	at org.junit.runners.model.FrameworkMethod.invokeExplosively(FrameworkMethod.java:41)
	at org.junit.internal.runners.statements.InvokeMethod.evaluate(InvokeMethod.java:20)
	at org.junit.internal.runners.statements.FailOnTimeout$1.run(FailOnTimeout.java:28)
</error>
    <system-out>Socket Initializaed
parameters: {&quot;appId&quot;:&quot;sample123&quot;,&quot;key&quot;:&quot;Qopoy/kXd+6G734HsjQMqGPGOvwEJYmBG84lQawRmWM=&quot;}
</system-out>
    <system-err>java.io.IOException: Server returned HTTP response code: 401 for URL: https://service.cloudboost.io/sample123/table/Address
	at sun.reflect.GeneratedConstructorAccessor17.newInstance(Unknown Source)
	at sun.reflect.DelegatingConstructorAccessorImpl.newInstance(DelegatingConstructorAccessorImpl.java:45)
	at java.lang.reflect.Constructor.newInstance(Constructor.java:408)
	at sun.net.www.protocol.http.HttpURLConnection$10.run(HttpURLConnection.java:1888)
	at sun.net.www.protocol.http.HttpURLConnection$10.run(HttpURLConnection.java:1883)
	at java.security.AccessController.doPrivileged(Native Method)
	at sun.net.www.protocol.http.HttpURLConnection.getChainedException(HttpURLConnection.java:1882)
	at sun.net.www.protocol.http.HttpURLConnection.getInputStream0(HttpURLConnection.java:1455)
	at sun.net.www.protocol.http.HttpURLConnection.getInputStream(HttpURLConnection.java:1439)
	at sun.net.www.protocol.https.HttpsURLConnectionImpl.getInputStream(HttpsURLConnectionImpl.java:254)
	at io.cloudboost.util.CBParser.callJson(CBParser.java:62)
	at io.cloudboost.CloudTable.get(CloudTable.java:224)
	at io.cloudboost.CloudTableTest.renameTable(CloudTableTest.java:197)
	at sun.reflect.NativeMethodAccessorImpl.invoke0(Native Method)
	at sun.reflect.NativeMethodAccessorImpl.invoke(NativeMethodAccessorImpl.java:62)
	at sun.reflect.DelegatingMethodAccessorImpl.invoke(DelegatingMethodAccessorImpl.java:43)
	at java.lang.reflect.Method.invoke(Method.java:483)
	at org.junit.runners.model.FrameworkMethod$1.runReflectiveCall(FrameworkMethod.java:44)
	at org.junit.internal.runners.model.ReflectiveCallable.run(ReflectiveCallable.java:15)
	at org.junit.runners.model.FrameworkMethod.invokeExplosively(FrameworkMethod.java:41)
	at org.junit.internal.runners.statements.InvokeMethod.evaluate(InvokeMethod.java:20)
	at org.junit.internal.runners.statements.FailOnTimeout$1.run(FailOnTimeout.java:28)
Caused by: java.io.IOException: Server returned HTTP response code: 401 for URL: https://service.cloudboost.io/sample123/table/Address
	at sun.net.www.protocol.http.HttpURLConnection.getInputStream0(HttpURLConnection.java:1838)
	at sun.net.www.protocol.http.HttpURLConnection.getInputStream(HttpURLConnection.java:1439)
	at java.net.HttpURLConnection.getResponseCode(HttpURLConnection.java:480)
	at sun.net.www.protocol.https.HttpsURLConnectionImpl.getResponseCode(HttpsURLConnectionImpl.java:338)
	at io.cloudboost.util.CBParser.callJson(CBParser.java:60)
	... 11 more
</system-err>
  </testcase>
  <testcase classname="io.cloudboost.CloudTableTest" name="createTableCustom2" time="2.811">
    <error type="java.lang.NullPointerException">java.lang.NullPointerException
	at io.cloudboost.util.CBParser.callJson(CBParser.java:70)
	at io.cloudboost.CloudTable.save(CloudTable.java:264)
	at io.cloudboost.CloudTableTest.createTableCustom2(CloudTableTest.java:834)
	at sun.reflect.NativeMethodAccessorImpl.invoke0(Native Method)
	at sun.reflect.NativeMethodAccessorImpl.invoke(NativeMethodAccessorImpl.java:62)
	at sun.reflect.DelegatingMethodAccessorImpl.invoke(DelegatingMethodAccessorImpl.java:43)
	at java.lang.reflect.Method.invoke(Method.java:483)
	at org.junit.runners.model.FrameworkMethod$1.runReflectiveCall(FrameworkMethod.java:44)
	at org.junit.internal.runners.model.ReflectiveCallable.run(ReflectiveCallable.java:15)
	at org.junit.runners.model.FrameworkMethod.invokeExplosively(FrameworkMethod.java:41)
	at org.junit.internal.runners.statements.InvokeMethod.evaluate(InvokeMethod.java:20)
	at org.junit.internal.runners.statements.FailOnTimeout$1.run(FailOnTimeout.java:28)
</error>
    <system-out>Socket Initializaed
{&quot;data&quot;:{&quot;columns&quot;:[{&quot;relationType&quot;:null,&quot;isDeletable&quot;:false,&quot;isEditable&quot;:false,&quot;dataType&quot;:&quot;Id&quot;,&quot;unique&quot;:true,&quot;name&quot;:&quot;id&quot;,&quot;_type&quot;:&quot;column&quot;,&quot;isRenamable&quot;:false,&quot;required&quot;:true,&quot;relatedTo&quot;:null},{&quot;relationType&quot;:null,&quot;isDeletable&quot;:false,&quot;isEditable&quot;:false,&quot;dataType&quot;:&quot;DateTime&quot;,&quot;unique&quot;:false,&quot;name&quot;:&quot;expires&quot;,&quot;_type&quot;:&quot;column&quot;,&quot;isRenamable&quot;:false,&quot;required&quot;:false,&quot;relatedTo&quot;:null},{&quot;relationType&quot;:null,&quot;isDeletable&quot;:false,&quot;isEditable&quot;:false,&quot;dataType&quot;:&quot;DateTime&quot;,&quot;unique&quot;:false,&quot;name&quot;:&quot;createdAt&quot;,&quot;_type&quot;:&quot;column&quot;,&quot;isRenamable&quot;:false,&quot;required&quot;:true,&quot;relatedTo&quot;:null},{&quot;relationType&quot;:null,&quot;isDeletable&quot;:false,&quot;isEditable&quot;:false,&quot;dataType&quot;:&quot;DateTime&quot;,&quot;unique&quot;:false,&quot;name&quot;:&quot;updatedAt&quot;,&quot;_type&quot;:&quot;column&quot;,&quot;isRenamable&quot;:false,&quot;required&quot;:true,&quot;relatedTo&quot;:null},{&quot;relationType&quot;:null,&quot;isDeletable&quot;:false,&quot;isEditable&quot;:false,&quot;dataType&quot;:&quot;ACL&quot;,&quot;unique&quot;:false,&quot;name&quot;:&quot;ACL&quot;,&quot;_type&quot;:&quot;column&quot;,&quot;isRenamable&quot;:false,&quot;required&quot;:true,&quot;relatedTo&quot;:null},{&quot;relationType&quot;:null,&quot;isDeletable&quot;:true,&quot;isEditable&quot;:true,&quot;dataType&quot;:&quot;Text&quot;,&quot;unique&quot;:false,&quot;name&quot;:&quot;newColumn1&quot;,&quot;_type&quot;:&quot;column&quot;,&quot;isRenamable&quot;:false,&quot;required&quot;:false,&quot;relatedTo&quot;:null},{&quot;relationType&quot;:null,&quot;isDeletable&quot;:true,&quot;isEditable&quot;:true,&quot;dataType&quot;:&quot;Relation&quot;,&quot;unique&quot;:false,&quot;name&quot;:&quot;newColumn7&quot;,&quot;_type&quot;:&quot;column&quot;,&quot;isRenamable&quot;:false,&quot;required&quot;:false,&quot;relatedTo&quot;:&quot;{\&quot;columns\&quot;:[{\&quot;relationType\&quot;:null,\&quot;isDeletable\&quot;:false,\&quot;isEditable\&quot;:false,\&quot;dataType\&quot;:\&quot;Id\&quot;,\&quot;unique\&quot;:true,\&quot;name\&quot;:\&quot;id\&quot;,\&quot;_type\&quot;:\&quot;column\&quot;,\&quot;isRenamable\&quot;:false,\&quot;required\&quot;:true,\&quot;relatedTo\&quot;:null},{\&quot;relationType\&quot;:null,\&quot;isDeletable\&quot;:false,\&quot;isEditable\&quot;:false,\&quot;dataType\&quot;:\&quot;DateTime\&quot;,\&quot;unique\&quot;:false,\&quot;name\&quot;:\&quot;expires\&quot;,\&quot;_type\&quot;:\&quot;column\&quot;,\&quot;isRenamable\&quot;:false,\&quot;required\&quot;:false,\&quot;relatedTo\&quot;:null},{\&quot;relationType\&quot;:null,\&quot;isDeletable\&quot;:false,\&quot;isEditable\&quot;:false,\&quot;dataType\&quot;:\&quot;DateTime\&quot;,\&quot;unique\&quot;:false,\&quot;name\&quot;:\&quot;createdAt\&quot;,\&quot;_type\&quot;:\&quot;column\&quot;,\&quot;isRenamable\&quot;:false,\&quot;required\&quot;:true,\&quot;relatedTo\&quot;:null},{\&quot;relationType\&quot;:null,\&quot;isDeletable\&quot;:false,\&quot;isEditable\&quot;:false,\&quot;dataType\&quot;:\&quot;DateTime\&quot;,\&quot;unique\&quot;:false,\&quot;name\&quot;:\&quot;updatedAt\&quot;,\&quot;_type\&quot;:\&quot;column\&quot;,\&quot;isRenamable\&quot;:false,\&quot;required\&quot;:true,\&quot;relatedTo\&quot;:null},{\&quot;relationType\&quot;:null,\&quot;isDeletable\&quot;:false,\&quot;isEditable\&quot;:false,\&quot;dataType\&quot;:\&quot;ACL\&quot;,\&quot;unique\&quot;:false,\&quot;name\&quot;:\&quot;ACL\&quot;,\&quot;_type\&quot;:\&quot;column\&quot;,\&quot;isRenamable\&quot;:false,\&quot;required\&quot;:true,\&quot;relatedTo\&quot;:null}],\&quot;appId\&quot;:\&quot;sample123\&quot;,\&quot;name\&quot;:\&quot;student1\&quot;,\&quot;_type\&quot;:\&quot;table\&quot;,\&quot;type\&quot;:\&quot;custom\&quot;,\&quot;maxCount\&quot;:9999}&quot;},{&quot;relationType&quot;:null,&quot;isDeletable&quot;:true,&quot;isEditable&quot;:true,&quot;dataType&quot;:&quot;Relation&quot;,&quot;unique&quot;:false,&quot;name&quot;:&quot;newColumn2&quot;,&quot;_type&quot;:&quot;column&quot;,&quot;isRenamable&quot;:false,&quot;required&quot;:false,&quot;relatedTo&quot;:&quot;{\&quot;columns\&quot;:[{\&quot;relationType\&quot;:null,\&quot;isDeletable\&quot;:false,\&quot;isEditable\&quot;:false,\&quot;dataType\&quot;:\&quot;Id\&quot;,\&quot;unique\&quot;:true,\&quot;name\&quot;:\&quot;id\&quot;,\&quot;_type\&quot;:\&quot;column\&quot;,\&quot;isRenamable\&quot;:false,\&quot;required\&quot;:true,\&quot;relatedTo\&quot;:null},{\&quot;relationType\&quot;:null,\&quot;isDeletable\&quot;:false,\&quot;isEditable\&quot;:false,\&quot;dataType\&quot;:\&quot;DateTime\&quot;,\&quot;unique\&quot;:false,\&quot;name\&quot;:\&quot;expires\&quot;,\&quot;_type\&quot;:\&quot;column\&quot;,\&quot;isRenamable\&quot;:false,\&quot;required\&quot;:false,\&quot;relatedTo\&quot;:null},{\&quot;relationType\&quot;:null,\&quot;isDeletable\&quot;:false,\&quot;isEditable\&quot;:false,\&quot;dataType\&quot;:\&quot;DateTime\&quot;,\&quot;unique\&quot;:false,\&quot;name\&quot;:\&quot;createdAt\&quot;,\&quot;_type\&quot;:\&quot;column\&quot;,\&quot;isRenamable\&quot;:false,\&quot;required\&quot;:true,\&quot;relatedTo\&quot;:null},{\&quot;relationType\&quot;:null,\&quot;isDeletable\&quot;:false,\&quot;isEditable\&quot;:false,\&quot;dataType\&quot;:\&quot;DateTime\&quot;,\&quot;unique\&quot;:false,\&quot;name\&quot;:\&quot;updatedAt\&quot;,\&quot;_type\&quot;:\&quot;column\&quot;,\&quot;isRenamable\&quot;:false,\&quot;required\&quot;:true,\&quot;relatedTo\&quot;:null},{\&quot;relationType\&quot;:null,\&quot;isDeletable\&quot;:false,\&quot;isEditable\&quot;:false,\&quot;dataType\&quot;:\&quot;ACL\&quot;,\&quot;unique\&quot;:false,\&quot;name\&quot;:\&quot;ACL\&quot;,\&quot;_type\&quot;:\&quot;column\&quot;,\&quot;isRenamable\&quot;:false,\&quot;required\&quot;:true,\&quot;relatedTo\&quot;:null}],\&quot;appId\&quot;:\&quot;sample123\&quot;,\&quot;name\&quot;:\&quot;Custom3\&quot;,\&quot;_type\&quot;:\&quot;table\&quot;,\&quot;type\&quot;:\&quot;custom\&quot;,\&quot;maxCount\&quot;:9999}&quot;}],&quot;appId&quot;:&quot;sample123&quot;,&quot;name&quot;:&quot;Custom2&quot;,&quot;_type&quot;:&quot;table&quot;,&quot;type&quot;:&quot;custom&quot;,&quot;maxCount&quot;:9999},&quot;key&quot;:&quot;Qopoy/kXd+6G734HsjQMqGPGOvwEJYmBG84lQawRmWM=&quot;}
parameters: {&quot;data&quot;:{&quot;columns&quot;:[{&quot;relationType&quot;:null,&quot;isDeletable&quot;:false,&quot;isEditable&quot;:false,&quot;dataType&quot;:&quot;Id&quot;,&quot;unique&quot;:true,&quot;name&quot;:&quot;id&quot;,&quot;_type&quot;:&quot;column&quot;,&quot;isRenamable&quot;:false,&quot;required&quot;:true,&quot;relatedTo&quot;:null},{&quot;relationType&quot;:null,&quot;isDeletable&quot;:false,&quot;isEditable&quot;:false,&quot;dataType&quot;:&quot;DateTime&quot;,&quot;unique&quot;:false,&quot;name&quot;:&quot;expires&quot;,&quot;_type&quot;:&quot;column&quot;,&quot;isRenamable&quot;:false,&quot;required&quot;:false,&quot;relatedTo&quot;:null},{&quot;relationType&quot;:null,&quot;isDeletable&quot;:false,&quot;isEditable&quot;:false,&quot;dataType&quot;:&quot;DateTime&quot;,&quot;unique&quot;:false,&quot;name&quot;:&quot;createdAt&quot;,&quot;_type&quot;:&quot;column&quot;,&quot;isRenamable&quot;:false,&quot;required&quot;:true,&quot;relatedTo&quot;:null},{&quot;relationType&quot;:null,&quot;isDeletable&quot;:false,&quot;isEditable&quot;:false,&quot;dataType&quot;:&quot;DateTime&quot;,&quot;unique&quot;:false,&quot;name&quot;:&quot;updatedAt&quot;,&quot;_type&quot;:&quot;column&quot;,&quot;isRenamable&quot;:false,&quot;required&quot;:true,&quot;relatedTo&quot;:null},{&quot;relationType&quot;:null,&quot;isDeletable&quot;:false,&quot;isEditable&quot;:false,&quot;dataType&quot;:&quot;ACL&quot;,&quot;unique&quot;:false,&quot;name&quot;:&quot;ACL&quot;,&quot;_type&quot;:&quot;column&quot;,&quot;isRenamable&quot;:false,&quot;required&quot;:true,&quot;relatedTo&quot;:null},{&quot;relationType&quot;:null,&quot;isDeletable&quot;:true,&quot;isEditable&quot;:true,&quot;dataType&quot;:&quot;Text&quot;,&quot;unique&quot;:false,&quot;name&quot;:&quot;newColumn1&quot;,&quot;_type&quot;:&quot;column&quot;,&quot;isRenamable&quot;:false,&quot;required&quot;:false,&quot;relatedTo&quot;:null},{&quot;relationType&quot;:null,&quot;isDeletable&quot;:true,&quot;isEditable&quot;:true,&quot;dataType&quot;:&quot;Relation&quot;,&quot;unique&quot;:false,&quot;name&quot;:&quot;newColumn7&quot;,&quot;_type&quot;:&quot;column&quot;,&quot;isRenamable&quot;:false,&quot;required&quot;:false,&quot;relatedTo&quot;:&quot;{\&quot;columns\&quot;:[{\&quot;relationType\&quot;:null,\&quot;isDeletable\&quot;:false,\&quot;isEditable\&quot;:false,\&quot;dataType\&quot;:\&quot;Id\&quot;,\&quot;unique\&quot;:true,\&quot;name\&quot;:\&quot;id\&quot;,\&quot;_type\&quot;:\&quot;column\&quot;,\&quot;isRenamable\&quot;:false,\&quot;required\&quot;:true,\&quot;relatedTo\&quot;:null},{\&quot;relationType\&quot;:null,\&quot;isDeletable\&quot;:false,\&quot;isEditable\&quot;:false,\&quot;dataType\&quot;:\&quot;DateTime\&quot;,\&quot;unique\&quot;:false,\&quot;name\&quot;:\&quot;expires\&quot;,\&quot;_type\&quot;:\&quot;column\&quot;,\&quot;isRenamable\&quot;:false,\&quot;required\&quot;:false,\&quot;relatedTo\&quot;:null},{\&quot;relationType\&quot;:null,\&quot;isDeletable\&quot;:false,\&quot;isEditable\&quot;:false,\&quot;dataType\&quot;:\&quot;DateTime\&quot;,\&quot;unique\&quot;:false,\&quot;name\&quot;:\&quot;createdAt\&quot;,\&quot;_type\&quot;:\&quot;column\&quot;,\&quot;isRenamable\&quot;:false,\&quot;required\&quot;:true,\&quot;relatedTo\&quot;:null},{\&quot;relationType\&quot;:null,\&quot;isDeletable\&quot;:false,\&quot;isEditable\&quot;:false,\&quot;dataType\&quot;:\&quot;DateTime\&quot;,\&quot;unique\&quot;:false,\&quot;name\&quot;:\&quot;updatedAt\&quot;,\&quot;_type\&quot;:\&quot;column\&quot;,\&quot;isRenamable\&quot;:false,\&quot;required\&quot;:true,\&quot;relatedTo\&quot;:null},{\&quot;relationType\&quot;:null,\&quot;isDeletable\&quot;:false,\&quot;isEditable\&quot;:false,\&quot;dataType\&quot;:\&quot;ACL\&quot;,\&quot;unique\&quot;:false,\&quot;name\&quot;:\&quot;ACL\&quot;,\&quot;_type\&quot;:\&quot;column\&quot;,\&quot;isRenamable\&quot;:false,\&quot;required\&quot;:true,\&quot;relatedTo\&quot;:null}],\&quot;appId\&quot;:\&quot;sample123\&quot;,\&quot;name\&quot;:\&quot;student1\&quot;,\&quot;_type\&quot;:\&quot;table\&quot;,\&quot;type\&quot;:\&quot;custom\&quot;,\&quot;maxCount\&quot;:9999}&quot;},{&quot;relationType&quot;:null,&quot;isDeletable&quot;:true,&quot;isEditable&quot;:true,&quot;dataType&quot;:&quot;Relation&quot;,&quot;unique&quot;:false,&quot;name&quot;:&quot;newColumn2&quot;,&quot;_type&quot;:&quot;column&quot;,&quot;isRenamable&quot;:false,&quot;required&quot;:false,&quot;relatedTo&quot;:&quot;{\&quot;columns\&quot;:[{\&quot;relationType\&quot;:null,\&quot;isDeletable\&quot;:false,\&quot;isEditable\&quot;:false,\&quot;dataType\&quot;:\&quot;Id\&quot;,\&quot;unique\&quot;:true,\&quot;name\&quot;:\&quot;id\&quot;,\&quot;_type\&quot;:\&quot;column\&quot;,\&quot;isRenamable\&quot;:false,\&quot;required\&quot;:true,\&quot;relatedTo\&quot;:null},{\&quot;relationType\&quot;:null,\&quot;isDeletable\&quot;:false,\&quot;isEditable\&quot;:false,\&quot;dataType\&quot;:\&quot;DateTime\&quot;,\&quot;unique\&quot;:false,\&quot;name\&quot;:\&quot;expires\&quot;,\&quot;_type\&quot;:\&quot;column\&quot;,\&quot;isRenamable\&quot;:false,\&quot;required\&quot;:false,\&quot;relatedTo\&quot;:null},{\&quot;relationType\&quot;:null,\&quot;isDeletable\&quot;:false,\&quot;isEditable\&quot;:false,\&quot;dataType\&quot;:\&quot;DateTime\&quot;,\&quot;unique\&quot;:false,\&quot;name\&quot;:\&quot;createdAt\&quot;,\&quot;_type\&quot;:\&quot;column\&quot;,\&quot;isRenamable\&quot;:false,\&quot;required\&quot;:true,\&quot;relatedTo\&quot;:null},{\&quot;relationType\&quot;:null,\&quot;isDeletable\&quot;:false,\&quot;isEditable\&quot;:false,\&quot;dataType\&quot;:\&quot;DateTime\&quot;,\&quot;unique\&quot;:false,\&quot;name\&quot;:\&quot;updatedAt\&quot;,\&quot;_type\&quot;:\&quot;column\&quot;,\&quot;isRenamable\&quot;:false,\&quot;required\&quot;:true,\&quot;relatedTo\&quot;:null},{\&quot;relationType\&quot;:null,\&quot;isDeletable\&quot;:false,\&quot;isEditable\&quot;:false,\&quot;dataType\&quot;:\&quot;ACL\&quot;,\&quot;unique\&quot;:false,\&quot;name\&quot;:\&quot;ACL\&quot;,\&quot;_type\&quot;:\&quot;column\&quot;,\&quot;isRenamable\&quot;:false,\&quot;required\&quot;:true,\&quot;relatedTo\&quot;:null}],\&quot;appId\&quot;:\&quot;sample123\&quot;,\&quot;name\&quot;:\&quot;Custom3\&quot;,\&quot;_type\&quot;:\&quot;table\&quot;,\&quot;type\&quot;:\&quot;custom\&quot;,\&quot;maxCount\&quot;:9999}&quot;}],&quot;appId&quot;:&quot;sample123&quot;,&quot;name&quot;:&quot;Custom2&quot;,&quot;_type&quot;:&quot;table&quot;,&quot;type&quot;:&quot;custom&quot;,&quot;maxCount&quot;:9999},&quot;key&quot;:&quot;Qopoy/kXd+6G734HsjQMqGPGOvwEJYmBG84lQawRmWM=&quot;}
</system-out>
    <system-err>java.io.IOException: Server returned HTTP response code: 401 for URL: https://service.cloudboost.io/sample123/table/Custom2
	at sun.reflect.GeneratedConstructorAccessor17.newInstance(Unknown Source)
	at sun.reflect.DelegatingConstructorAccessorImpl.newInstance(DelegatingConstructorAccessorImpl.java:45)
	at java.lang.reflect.Constructor.newInstance(Constructor.java:408)
	at sun.net.www.protocol.http.HttpURLConnection$10.run(HttpURLConnection.java:1888)
	at sun.net.www.protocol.http.HttpURLConnection$10.run(HttpURLConnection.java:1883)
	at java.security.AccessController.doPrivileged(Native Method)
	at sun.net.www.protocol.http.HttpURLConnection.getChainedException(HttpURLConnection.java:1882)
	at sun.net.www.protocol.http.HttpURLConnection.getInputStream0(HttpURLConnection.java:1455)
	at sun.net.www.protocol.http.HttpURLConnection.getInputStream(HttpURLConnection.java:1439)
	at sun.net.www.protocol.https.HttpsURLConnectionImpl.getInputStream(HttpsURLConnectionImpl.java:254)
	at io.cloudboost.util.CBParser.callJson(CBParser.java:62)
	at io.cloudboost.CloudTable.save(CloudTable.java:264)
	at io.cloudboost.CloudTableTest.createTableCustom2(CloudTableTest.java:834)
	at sun.reflect.NativeMethodAccessorImpl.invoke0(Native Method)
	at sun.reflect.NativeMethodAccessorImpl.invoke(NativeMethodAccessorImpl.java:62)
	at sun.reflect.DelegatingMethodAccessorImpl.invoke(DelegatingMethodAccessorImpl.java:43)
	at java.lang.reflect.Method.invoke(Method.java:483)
	at org.junit.runners.model.FrameworkMethod$1.runReflectiveCall(FrameworkMethod.java:44)
	at org.junit.internal.runners.model.ReflectiveCallable.run(ReflectiveCallable.java:15)
	at org.junit.runners.model.FrameworkMethod.invokeExplosively(FrameworkMethod.java:41)
	at org.junit.internal.runners.statements.InvokeMethod.evaluate(InvokeMethod.java:20)
	at org.junit.internal.runners.statements.FailOnTimeout$1.run(FailOnTimeout.java:28)
Caused by: java.io.IOException: Server returned HTTP response code: 401 for URL: https://service.cloudboost.io/sample123/table/Custom2
	at sun.net.www.protocol.http.HttpURLConnection.getInputStream0(HttpURLConnection.java:1838)
	at sun.net.www.protocol.http.HttpURLConnection.getInputStream(HttpURLConnection.java:1439)
	at java.net.HttpURLConnection.getResponseCode(HttpURLConnection.java:480)
	at sun.net.www.protocol.https.HttpsURLConnectionImpl.getResponseCode(HttpsURLConnectionImpl.java:338)
	at io.cloudboost.util.CBParser.callJson(CBParser.java:60)
	... 11 more
</system-err>
  </testcase>
  <testcase classname="io.cloudboost.CloudTableTest" name="createTableCustom1" time="1.789">
    <error type="java.lang.NullPointerException">java.lang.NullPointerException
	at io.cloudboost.util.CBParser.callJson(CBParser.java:70)
	at io.cloudboost.CloudTable.save(CloudTable.java:264)
	at io.cloudboost.CloudTableTest.createTableCustom1(CloudTableTest.java:930)
	at sun.reflect.NativeMethodAccessorImpl.invoke0(Native Method)
	at sun.reflect.NativeMethodAccessorImpl.invoke(NativeMethodAccessorImpl.java:62)
	at sun.reflect.DelegatingMethodAccessorImpl.invoke(DelegatingMethodAccessorImpl.java:43)
	at java.lang.reflect.Method.invoke(Method.java:483)
	at org.junit.runners.model.FrameworkMethod$1.runReflectiveCall(FrameworkMethod.java:44)
	at org.junit.internal.runners.model.ReflectiveCallable.run(ReflectiveCallable.java:15)
	at org.junit.runners.model.FrameworkMethod.invokeExplosively(FrameworkMethod.java:41)
	at org.junit.internal.runners.statements.InvokeMethod.evaluate(InvokeMethod.java:20)
	at org.junit.internal.runners.statements.FailOnTimeout$1.run(FailOnTimeout.java:28)
</error>
    <system-out>Socket Initializaed
{&quot;data&quot;:{&quot;columns&quot;:[{&quot;relationType&quot;:null,&quot;isDeletable&quot;:false,&quot;isEditable&quot;:false,&quot;dataType&quot;:&quot;Id&quot;,&quot;unique&quot;:true,&quot;name&quot;:&quot;id&quot;,&quot;_type&quot;:&quot;column&quot;,&quot;isRenamable&quot;:false,&quot;required&quot;:true,&quot;relatedTo&quot;:null},{&quot;relationType&quot;:null,&quot;isDeletable&quot;:false,&quot;isEditable&quot;:false,&quot;dataType&quot;:&quot;DateTime&quot;,&quot;unique&quot;:false,&quot;name&quot;:&quot;expires&quot;,&quot;_type&quot;:&quot;column&quot;,&quot;isRenamable&quot;:false,&quot;required&quot;:false,&quot;relatedTo&quot;:null},{&quot;relationType&quot;:null,&quot;isDeletable&quot;:false,&quot;isEditable&quot;:false,&quot;dataType&quot;:&quot;DateTime&quot;,&quot;unique&quot;:false,&quot;name&quot;:&quot;createdAt&quot;,&quot;_type&quot;:&quot;column&quot;,&quot;isRenamable&quot;:false,&quot;required&quot;:true,&quot;relatedTo&quot;:null},{&quot;relationType&quot;:null,&quot;isDeletable&quot;:false,&quot;isEditable&quot;:false,&quot;dataType&quot;:&quot;DateTime&quot;,&quot;unique&quot;:false,&quot;name&quot;:&quot;updatedAt&quot;,&quot;_type&quot;:&quot;column&quot;,&quot;isRenamable&quot;:false,&quot;required&quot;:true,&quot;relatedTo&quot;:null},{&quot;relationType&quot;:null,&quot;isDeletable&quot;:false,&quot;isEditable&quot;:false,&quot;dataType&quot;:&quot;ACL&quot;,&quot;unique&quot;:false,&quot;name&quot;:&quot;ACL&quot;,&quot;_type&quot;:&quot;column&quot;,&quot;isRenamable&quot;:false,&quot;required&quot;:true,&quot;relatedTo&quot;:null},{&quot;relationType&quot;:null,&quot;isDeletable&quot;:true,&quot;isEditable&quot;:true,&quot;dataType&quot;:&quot;Text&quot;,&quot;unique&quot;:false,&quot;name&quot;:&quot;newColumn&quot;,&quot;_type&quot;:&quot;column&quot;,&quot;isRenamable&quot;:false,&quot;required&quot;:false,&quot;relatedTo&quot;:null},{&quot;relationType&quot;:null,&quot;isDeletable&quot;:true,&quot;isEditable&quot;:true,&quot;dataType&quot;:&quot;Boolean&quot;,&quot;unique&quot;:false,&quot;name&quot;:&quot;newColumn1&quot;,&quot;_type&quot;:&quot;column&quot;,&quot;isRenamable&quot;:false,&quot;required&quot;:false,&quot;relatedTo&quot;:null},{&quot;relationType&quot;:null,&quot;isDeletable&quot;:true,&quot;isEditable&quot;:true,&quot;dataType&quot;:&quot;Text&quot;,&quot;unique&quot;:false,&quot;name&quot;:&quot;description&quot;,&quot;_type&quot;:&quot;column&quot;,&quot;isRenamable&quot;:false,&quot;required&quot;:false,&quot;relatedTo&quot;:null}],&quot;appId&quot;:&quot;sample123&quot;,&quot;name&quot;:&quot;Custom1&quot;,&quot;_type&quot;:&quot;table&quot;,&quot;type&quot;:&quot;custom&quot;,&quot;maxCount&quot;:9999},&quot;key&quot;:&quot;Qopoy/kXd+6G734HsjQMqGPGOvwEJYmBG84lQawRmWM=&quot;}
parameters: {&quot;data&quot;:{&quot;columns&quot;:[{&quot;relationType&quot;:null,&quot;isDeletable&quot;:false,&quot;isEditable&quot;:false,&quot;dataType&quot;:&quot;Id&quot;,&quot;unique&quot;:true,&quot;name&quot;:&quot;id&quot;,&quot;_type&quot;:&quot;column&quot;,&quot;isRenamable&quot;:false,&quot;required&quot;:true,&quot;relatedTo&quot;:null},{&quot;relationType&quot;:null,&quot;isDeletable&quot;:false,&quot;isEditable&quot;:false,&quot;dataType&quot;:&quot;DateTime&quot;,&quot;unique&quot;:false,&quot;name&quot;:&quot;expires&quot;,&quot;_type&quot;:&quot;column&quot;,&quot;isRenamable&quot;:false,&quot;required&quot;:false,&quot;relatedTo&quot;:null},{&quot;relationType&quot;:null,&quot;isDeletable&quot;:false,&quot;isEditable&quot;:false,&quot;dataType&quot;:&quot;DateTime&quot;,&quot;unique&quot;:false,&quot;name&quot;:&quot;createdAt&quot;,&quot;_type&quot;:&quot;column&quot;,&quot;isRenamable&quot;:false,&quot;required&quot;:true,&quot;relatedTo&quot;:null},{&quot;relationType&quot;:null,&quot;isDeletable&quot;:false,&quot;isEditable&quot;:false,&quot;dataType&quot;:&quot;DateTime&quot;,&quot;unique&quot;:false,&quot;name&quot;:&quot;updatedAt&quot;,&quot;_type&quot;:&quot;column&quot;,&quot;isRenamable&quot;:false,&quot;required&quot;:true,&quot;relatedTo&quot;:null},{&quot;relationType&quot;:null,&quot;isDeletable&quot;:false,&quot;isEditable&quot;:false,&quot;dataType&quot;:&quot;ACL&quot;,&quot;unique&quot;:false,&quot;name&quot;:&quot;ACL&quot;,&quot;_type&quot;:&quot;column&quot;,&quot;isRenamable&quot;:false,&quot;required&quot;:true,&quot;relatedTo&quot;:null},{&quot;relationType&quot;:null,&quot;isDeletable&quot;:true,&quot;isEditable&quot;:true,&quot;dataType&quot;:&quot;Text&quot;,&quot;unique&quot;:false,&quot;name&quot;:&quot;newColumn&quot;,&quot;_type&quot;:&quot;column&quot;,&quot;isRenamable&quot;:false,&quot;required&quot;:false,&quot;relatedTo&quot;:null},{&quot;relationType&quot;:null,&quot;isDeletable&quot;:true,&quot;isEditable&quot;:true,&quot;dataType&quot;:&quot;Boolean&quot;,&quot;unique&quot;:false,&quot;name&quot;:&quot;newColumn1&quot;,&quot;_type&quot;:&quot;column&quot;,&quot;isRenamable&quot;:false,&quot;required&quot;:false,&quot;relatedTo&quot;:null},{&quot;relationType&quot;:null,&quot;isDeletable&quot;:true,&quot;isEditable&quot;:true,&quot;dataType&quot;:&quot;Text&quot;,&quot;unique&quot;:false,&quot;name&quot;:&quot;description&quot;,&quot;_type&quot;:&quot;column&quot;,&quot;isRenamable&quot;:false,&quot;required&quot;:false,&quot;relatedTo&quot;:null}],&quot;appId&quot;:&quot;sample123&quot;,&quot;name&quot;:&quot;Custom1&quot;,&quot;_type&quot;:&quot;table&quot;,&quot;type&quot;:&quot;custom&quot;,&quot;maxCount&quot;:9999},&quot;key&quot;:&quot;Qopoy/kXd+6G734HsjQMqGPGOvwEJYmBG84lQawRmWM=&quot;}
</system-out>
    <system-err>java.io.IOException: Server returned HTTP response code: 401 for URL: https://service.cloudboost.io/sample123/table/Custom1
	at sun.reflect.GeneratedConstructorAccessor17.newInstance(Unknown Source)
	at sun.reflect.DelegatingConstructorAccessorImpl.newInstance(DelegatingConstructorAccessorImpl.java:45)
	at java.lang.reflect.Constructor.newInstance(Constructor.java:408)
	at sun.net.www.protocol.http.HttpURLConnection$10.run(HttpURLConnection.java:1888)
	at sun.net.www.protocol.http.HttpURLConnection$10.run(HttpURLConnection.java:1883)
	at java.security.AccessController.doPrivileged(Native Method)
	at sun.net.www.protocol.http.HttpURLConnection.getChainedException(HttpURLConnection.java:1882)
	at sun.net.www.protocol.http.HttpURLConnection.getInputStream0(HttpURLConnection.java:1455)
	at sun.net.www.protocol.http.HttpURLConnection.getInputStream(HttpURLConnection.java:1439)
	at sun.net.www.protocol.https.HttpsURLConnectionImpl.getInputStream(HttpsURLConnectionImpl.java:254)
	at io.cloudboost.util.CBParser.callJson(CBParser.java:62)
	at io.cloudboost.CloudTable.save(CloudTable.java:264)
	at io.cloudboost.CloudTableTest.createTableCustom1(CloudTableTest.java:930)
	at sun.reflect.NativeMethodAccessorImpl.invoke0(Native Method)
	at sun.reflect.NativeMethodAccessorImpl.invoke(NativeMethodAccessorImpl.java:62)
	at sun.reflect.DelegatingMethodAccessorImpl.invoke(DelegatingMethodAccessorImpl.java:43)
	at java.lang.reflect.Method.invoke(Method.java:483)
	at org.junit.runners.model.FrameworkMethod$1.runReflectiveCall(FrameworkMethod.java:44)
	at org.junit.internal.runners.model.ReflectiveCallable.run(ReflectiveCallable.java:15)
	at org.junit.runners.model.FrameworkMethod.invokeExplosively(FrameworkMethod.java:41)
	at org.junit.internal.runners.statements.InvokeMethod.evaluate(InvokeMethod.java:20)
	at org.junit.internal.runners.statements.FailOnTimeout$1.run(FailOnTimeout.java:28)
Caused by: java.io.IOException: Server returned HTTP response code: 401 for URL: https://service.cloudboost.io/sample123/table/Custom1
	at sun.net.www.protocol.http.HttpURLConnection.getInputStream0(HttpURLConnection.java:1838)
	at sun.net.www.protocol.http.HttpURLConnection.getInputStream(HttpURLConnection.java:1439)
	at java.net.HttpURLConnection.getResponseCode(HttpURLConnection.java:480)
	at sun.net.www.protocol.https.HttpsURLConnectionImpl.getResponseCode(HttpsURLConnectionImpl.java:338)
	at io.cloudboost.util.CBParser.callJson(CBParser.java:60)
	... 11 more
</system-err>
  </testcase>
  <testcase classname="io.cloudboost.CloudTableTest" name="createTableCustom4" time="1.835">
    <error type="java.lang.NullPointerException">java.lang.NullPointerException
	at io.cloudboost.util.CBParser.callJson(CBParser.java:70)
	at io.cloudboost.CloudTable.save(CloudTable.java:264)
	at io.cloudboost.CloudTableTest.createTableCustom4(CloudTableTest.java:866)
	at sun.reflect.NativeMethodAccessorImpl.invoke0(Native Method)
	at sun.reflect.NativeMethodAccessorImpl.invoke(NativeMethodAccessorImpl.java:62)
	at sun.reflect.DelegatingMethodAccessorImpl.invoke(DelegatingMethodAccessorImpl.java:43)
	at java.lang.reflect.Method.invoke(Method.java:483)
	at org.junit.runners.model.FrameworkMethod$1.runReflectiveCall(FrameworkMethod.java:44)
	at org.junit.internal.runners.model.ReflectiveCallable.run(ReflectiveCallable.java:15)
	at org.junit.runners.model.FrameworkMethod.invokeExplosively(FrameworkMethod.java:41)
	at org.junit.internal.runners.statements.InvokeMethod.evaluate(InvokeMethod.java:20)
	at org.junit.internal.runners.statements.FailOnTimeout$1.run(FailOnTimeout.java:28)
</error>
    <system-out>Socket Initializaed
{&quot;data&quot;:{&quot;columns&quot;:[{&quot;relationType&quot;:null,&quot;isDeletable&quot;:false,&quot;isEditable&quot;:false,&quot;dataType&quot;:&quot;Id&quot;,&quot;unique&quot;:true,&quot;name&quot;:&quot;id&quot;,&quot;_type&quot;:&quot;column&quot;,&quot;isRenamable&quot;:false,&quot;required&quot;:true,&quot;relatedTo&quot;:null},{&quot;relationType&quot;:null,&quot;isDeletable&quot;:false,&quot;isEditable&quot;:false,&quot;dataType&quot;:&quot;DateTime&quot;,&quot;unique&quot;:false,&quot;name&quot;:&quot;expires&quot;,&quot;_type&quot;:&quot;column&quot;,&quot;isRenamable&quot;:false,&quot;required&quot;:false,&quot;relatedTo&quot;:null},{&quot;relationType&quot;:null,&quot;isDeletable&quot;:false,&quot;isEditable&quot;:false,&quot;dataType&quot;:&quot;DateTime&quot;,&quot;unique&quot;:false,&quot;name&quot;:&quot;createdAt&quot;,&quot;_type&quot;:&quot;column&quot;,&quot;isRenamable&quot;:false,&quot;required&quot;:true,&quot;relatedTo&quot;:null},{&quot;relationType&quot;:null,&quot;isDeletable&quot;:false,&quot;isEditable&quot;:false,&quot;dataType&quot;:&quot;DateTime&quot;,&quot;unique&quot;:false,&quot;name&quot;:&quot;updatedAt&quot;,&quot;_type&quot;:&quot;column&quot;,&quot;isRenamable&quot;:false,&quot;required&quot;:true,&quot;relatedTo&quot;:null},{&quot;relationType&quot;:null,&quot;isDeletable&quot;:false,&quot;isEditable&quot;:false,&quot;dataType&quot;:&quot;ACL&quot;,&quot;unique&quot;:false,&quot;name&quot;:&quot;ACL&quot;,&quot;_type&quot;:&quot;column&quot;,&quot;isRenamable&quot;:false,&quot;required&quot;:true,&quot;relatedTo&quot;:null},{&quot;relationType&quot;:null,&quot;isDeletable&quot;:true,&quot;isEditable&quot;:true,&quot;dataType&quot;:&quot;Text&quot;,&quot;unique&quot;:false,&quot;name&quot;:&quot;newColumn1&quot;,&quot;_type&quot;:&quot;column&quot;,&quot;isRenamable&quot;:false,&quot;required&quot;:false,&quot;relatedTo&quot;:null},{&quot;relationType&quot;:null,&quot;isDeletable&quot;:true,&quot;isEditable&quot;:true,&quot;dataType&quot;:&quot;List&quot;,&quot;unique&quot;:false,&quot;name&quot;:&quot;newColumn7&quot;,&quot;_type&quot;:&quot;column&quot;,&quot;isRenamable&quot;:false,&quot;required&quot;:false,&quot;relatedTo&quot;:&quot;{\&quot;columns\&quot;:[{\&quot;relationType\&quot;:null,\&quot;isDeletable\&quot;:false,\&quot;isEditable\&quot;:false,\&quot;dataType\&quot;:\&quot;Id\&quot;,\&quot;unique\&quot;:true,\&quot;name\&quot;:\&quot;id\&quot;,\&quot;_type\&quot;:\&quot;column\&quot;,\&quot;isRenamable\&quot;:false,\&quot;required\&quot;:true,\&quot;relatedTo\&quot;:null},{\&quot;relationType\&quot;:null,\&quot;isDeletable\&quot;:false,\&quot;isEditable\&quot;:false,\&quot;dataType\&quot;:\&quot;DateTime\&quot;,\&quot;unique\&quot;:false,\&quot;name\&quot;:\&quot;expires\&quot;,\&quot;_type\&quot;:\&quot;column\&quot;,\&quot;isRenamable\&quot;:false,\&quot;required\&quot;:false,\&quot;relatedTo\&quot;:null},{\&quot;relationType\&quot;:null,\&quot;isDeletable\&quot;:false,\&quot;isEditable\&quot;:false,\&quot;dataType\&quot;:\&quot;DateTime\&quot;,\&quot;unique\&quot;:false,\&quot;name\&quot;:\&quot;createdAt\&quot;,\&quot;_type\&quot;:\&quot;column\&quot;,\&quot;isRenamable\&quot;:false,\&quot;required\&quot;:true,\&quot;relatedTo\&quot;:null},{\&quot;relationType\&quot;:null,\&quot;isDeletable\&quot;:false,\&quot;isEditable\&quot;:false,\&quot;dataType\&quot;:\&quot;DateTime\&quot;,\&quot;unique\&quot;:false,\&quot;name\&quot;:\&quot;updatedAt\&quot;,\&quot;_type\&quot;:\&quot;column\&quot;,\&quot;isRenamable\&quot;:false,\&quot;required\&quot;:true,\&quot;relatedTo\&quot;:null},{\&quot;relationType\&quot;:null,\&quot;isDeletable\&quot;:false,\&quot;isEditable\&quot;:false,\&quot;dataType\&quot;:\&quot;ACL\&quot;,\&quot;unique\&quot;:false,\&quot;name\&quot;:\&quot;ACL\&quot;,\&quot;_type\&quot;:\&quot;column\&quot;,\&quot;isRenamable\&quot;:false,\&quot;required\&quot;:true,\&quot;relatedTo\&quot;:null}],\&quot;appId\&quot;:\&quot;sample123\&quot;,\&quot;name\&quot;:\&quot;student1\&quot;,\&quot;_type\&quot;:\&quot;table\&quot;,\&quot;type\&quot;:\&quot;custom\&quot;,\&quot;maxCount\&quot;:9999}&quot;}],&quot;appId&quot;:&quot;sample123&quot;,&quot;name&quot;:&quot;Custom4&quot;,&quot;_type&quot;:&quot;table&quot;,&quot;type&quot;:&quot;custom&quot;,&quot;maxCount&quot;:9999},&quot;key&quot;:&quot;Qopoy/kXd+6G734HsjQMqGPGOvwEJYmBG84lQawRmWM=&quot;}
parameters: {&quot;data&quot;:{&quot;columns&quot;:[{&quot;relationType&quot;:null,&quot;isDeletable&quot;:false,&quot;isEditable&quot;:false,&quot;dataType&quot;:&quot;Id&quot;,&quot;unique&quot;:true,&quot;name&quot;:&quot;id&quot;,&quot;_type&quot;:&quot;column&quot;,&quot;isRenamable&quot;:false,&quot;required&quot;:true,&quot;relatedTo&quot;:null},{&quot;relationType&quot;:null,&quot;isDeletable&quot;:false,&quot;isEditable&quot;:false,&quot;dataType&quot;:&quot;DateTime&quot;,&quot;unique&quot;:false,&quot;name&quot;:&quot;expires&quot;,&quot;_type&quot;:&quot;column&quot;,&quot;isRenamable&quot;:false,&quot;required&quot;:false,&quot;relatedTo&quot;:null},{&quot;relationType&quot;:null,&quot;isDeletable&quot;:false,&quot;isEditable&quot;:false,&quot;dataType&quot;:&quot;DateTime&quot;,&quot;unique&quot;:false,&quot;name&quot;:&quot;createdAt&quot;,&quot;_type&quot;:&quot;column&quot;,&quot;isRenamable&quot;:false,&quot;required&quot;:true,&quot;relatedTo&quot;:null},{&quot;relationType&quot;:null,&quot;isDeletable&quot;:false,&quot;isEditable&quot;:false,&quot;dataType&quot;:&quot;DateTime&quot;,&quot;unique&quot;:false,&quot;name&quot;:&quot;updatedAt&quot;,&quot;_type&quot;:&quot;column&quot;,&quot;isRenamable&quot;:false,&quot;required&quot;:true,&quot;relatedTo&quot;:null},{&quot;relationType&quot;:null,&quot;isDeletable&quot;:false,&quot;isEditable&quot;:false,&quot;dataType&quot;:&quot;ACL&quot;,&quot;unique&quot;:false,&quot;name&quot;:&quot;ACL&quot;,&quot;_type&quot;:&quot;column&quot;,&quot;isRenamable&quot;:false,&quot;required&quot;:true,&quot;relatedTo&quot;:null},{&quot;relationType&quot;:null,&quot;isDeletable&quot;:true,&quot;isEditable&quot;:true,&quot;dataType&quot;:&quot;Text&quot;,&quot;unique&quot;:false,&quot;name&quot;:&quot;newColumn1&quot;,&quot;_type&quot;:&quot;column&quot;,&quot;isRenamable&quot;:false,&quot;required&quot;:false,&quot;relatedTo&quot;:null},{&quot;relationType&quot;:null,&quot;isDeletable&quot;:true,&quot;isEditable&quot;:true,&quot;dataType&quot;:&quot;List&quot;,&quot;unique&quot;:false,&quot;name&quot;:&quot;newColumn7&quot;,&quot;_type&quot;:&quot;column&quot;,&quot;isRenamable&quot;:false,&quot;required&quot;:false,&quot;relatedTo&quot;:&quot;{\&quot;columns\&quot;:[{\&quot;relationType\&quot;:null,\&quot;isDeletable\&quot;:false,\&quot;isEditable\&quot;:false,\&quot;dataType\&quot;:\&quot;Id\&quot;,\&quot;unique\&quot;:true,\&quot;name\&quot;:\&quot;id\&quot;,\&quot;_type\&quot;:\&quot;column\&quot;,\&quot;isRenamable\&quot;:false,\&quot;required\&quot;:true,\&quot;relatedTo\&quot;:null},{\&quot;relationType\&quot;:null,\&quot;isDeletable\&quot;:false,\&quot;isEditable\&quot;:false,\&quot;dataType\&quot;:\&quot;DateTime\&quot;,\&quot;unique\&quot;:false,\&quot;name\&quot;:\&quot;expires\&quot;,\&quot;_type\&quot;:\&quot;column\&quot;,\&quot;isRenamable\&quot;:false,\&quot;required\&quot;:false,\&quot;relatedTo\&quot;:null},{\&quot;relationType\&quot;:null,\&quot;isDeletable\&quot;:false,\&quot;isEditable\&quot;:false,\&quot;dataType\&quot;:\&quot;DateTime\&quot;,\&quot;unique\&quot;:false,\&quot;name\&quot;:\&quot;createdAt\&quot;,\&quot;_type\&quot;:\&quot;column\&quot;,\&quot;isRenamable\&quot;:false,\&quot;required\&quot;:true,\&quot;relatedTo\&quot;:null},{\&quot;relationType\&quot;:null,\&quot;isDeletable\&quot;:false,\&quot;isEditable\&quot;:false,\&quot;dataType\&quot;:\&quot;DateTime\&quot;,\&quot;unique\&quot;:false,\&quot;name\&quot;:\&quot;updatedAt\&quot;,\&quot;_type\&quot;:\&quot;column\&quot;,\&quot;isRenamable\&quot;:false,\&quot;required\&quot;:true,\&quot;relatedTo\&quot;:null},{\&quot;relationType\&quot;:null,\&quot;isDeletable\&quot;:false,\&quot;isEditable\&quot;:false,\&quot;dataType\&quot;:\&quot;ACL\&quot;,\&quot;unique\&quot;:false,\&quot;name\&quot;:\&quot;ACL\&quot;,\&quot;_type\&quot;:\&quot;column\&quot;,\&quot;isRenamable\&quot;:false,\&quot;required\&quot;:true,\&quot;relatedTo\&quot;:null}],\&quot;appId\&quot;:\&quot;sample123\&quot;,\&quot;name\&quot;:\&quot;student1\&quot;,\&quot;_type\&quot;:\&quot;table\&quot;,\&quot;type\&quot;:\&quot;custom\&quot;,\&quot;maxCount\&quot;:9999}&quot;}],&quot;appId&quot;:&quot;sample123&quot;,&quot;name&quot;:&quot;Custom4&quot;,&quot;_type&quot;:&quot;table&quot;,&quot;type&quot;:&quot;custom&quot;,&quot;maxCount&quot;:9999},&quot;key&quot;:&quot;Qopoy/kXd+6G734HsjQMqGPGOvwEJYmBG84lQawRmWM=&quot;}
</system-out>
    <system-err>java.io.IOException: Server returned HTTP response code: 401 for URL: https://service.cloudboost.io/sample123/table/Custom4
	at sun.reflect.GeneratedConstructorAccessor17.newInstance(Unknown Source)
	at sun.reflect.DelegatingConstructorAccessorImpl.newInstance(DelegatingConstructorAccessorImpl.java:45)
	at java.lang.reflect.Constructor.newInstance(Constructor.java:408)
	at sun.net.www.protocol.http.HttpURLConnection$10.run(HttpURLConnection.java:1888)
	at sun.net.www.protocol.http.HttpURLConnection$10.run(HttpURLConnection.java:1883)
	at java.security.AccessController.doPrivileged(Native Method)
	at sun.net.www.protocol.http.HttpURLConnection.getChainedException(HttpURLConnection.java:1882)
	at sun.net.www.protocol.http.HttpURLConnection.getInputStream0(HttpURLConnection.java:1455)
	at sun.net.www.protocol.http.HttpURLConnection.getInputStream(HttpURLConnection.java:1439)
	at sun.net.www.protocol.https.HttpsURLConnectionImpl.getInputStream(HttpsURLConnectionImpl.java:254)
	at io.cloudboost.util.CBParser.callJson(CBParser.java:62)
	at io.cloudboost.CloudTable.save(CloudTable.java:264)
	at io.cloudboost.CloudTableTest.createTableCustom4(CloudTableTest.java:866)
	at sun.reflect.NativeMethodAccessorImpl.invoke0(Native Method)
	at sun.reflect.NativeMethodAccessorImpl.invoke(NativeMethodAccessorImpl.java:62)
	at sun.reflect.DelegatingMethodAccessorImpl.invoke(DelegatingMethodAccessorImpl.java:43)
	at java.lang.reflect.Method.invoke(Method.java:483)
	at org.junit.runners.model.FrameworkMethod$1.runReflectiveCall(FrameworkMethod.java:44)
	at org.junit.internal.runners.model.ReflectiveCallable.run(ReflectiveCallable.java:15)
	at org.junit.runners.model.FrameworkMethod.invokeExplosively(FrameworkMethod.java:41)
	at org.junit.internal.runners.statements.InvokeMethod.evaluate(InvokeMethod.java:20)
	at org.junit.internal.runners.statements.FailOnTimeout$1.run(FailOnTimeout.java:28)
Caused by: java.io.IOException: Server returned HTTP response code: 401 for URL: https://service.cloudboost.io/sample123/table/Custom4
	at sun.net.www.protocol.http.HttpURLConnection.getInputStream0(HttpURLConnection.java:1838)
	at sun.net.www.protocol.http.HttpURLConnection.getInputStream(HttpURLConnection.java:1439)
	at java.net.HttpURLConnection.getResponseCode(HttpURLConnection.java:480)
	at sun.net.www.protocol.https.HttpsURLConnectionImpl.getResponseCode(HttpsURLConnectionImpl.java:338)
	at io.cloudboost.util.CBParser.callJson(CBParser.java:60)
	... 11 more
</system-err>
  </testcase>
  <testcase classname="io.cloudboost.CloudTableTest" name="createTableCustom18" time="2.286">
    <error type="java.lang.NullPointerException">java.lang.NullPointerException
	at io.cloudboost.util.CBParser.callJson(CBParser.java:70)
	at io.cloudboost.CloudTable.save(CloudTable.java:264)
	at io.cloudboost.CloudTableTest.createTableCustom18(CloudTableTest.java:739)
	at sun.reflect.NativeMethodAccessorImpl.invoke0(Native Method)
	at sun.reflect.NativeMethodAccessorImpl.invoke(NativeMethodAccessorImpl.java:62)
	at sun.reflect.DelegatingMethodAccessorImpl.invoke(DelegatingMethodAccessorImpl.java:43)
	at java.lang.reflect.Method.invoke(Method.java:483)
	at org.junit.runners.model.FrameworkMethod$1.runReflectiveCall(FrameworkMethod.java:44)
	at org.junit.internal.runners.model.ReflectiveCallable.run(ReflectiveCallable.java:15)
	at org.junit.runners.model.FrameworkMethod.invokeExplosively(FrameworkMethod.java:41)
	at org.junit.internal.runners.statements.InvokeMethod.evaluate(InvokeMethod.java:20)
	at org.junit.internal.runners.statements.FailOnTimeout$1.run(FailOnTimeout.java:28)
</error>
    <system-out>Socket Initializaed
{&quot;data&quot;:{&quot;columns&quot;:[{&quot;relationType&quot;:null,&quot;isDeletable&quot;:false,&quot;isEditable&quot;:false,&quot;dataType&quot;:&quot;Id&quot;,&quot;unique&quot;:true,&quot;name&quot;:&quot;id&quot;,&quot;_type&quot;:&quot;column&quot;,&quot;isRenamable&quot;:false,&quot;required&quot;:true,&quot;relatedTo&quot;:null},{&quot;relationType&quot;:null,&quot;isDeletable&quot;:false,&quot;isEditable&quot;:false,&quot;dataType&quot;:&quot;DateTime&quot;,&quot;unique&quot;:false,&quot;name&quot;:&quot;expires&quot;,&quot;_type&quot;:&quot;column&quot;,&quot;isRenamable&quot;:false,&quot;required&quot;:false,&quot;relatedTo&quot;:null},{&quot;relationType&quot;:null,&quot;isDeletable&quot;:false,&quot;isEditable&quot;:false,&quot;dataType&quot;:&quot;DateTime&quot;,&quot;unique&quot;:false,&quot;name&quot;:&quot;createdAt&quot;,&quot;_type&quot;:&quot;column&quot;,&quot;isRenamable&quot;:false,&quot;required&quot;:true,&quot;relatedTo&quot;:null},{&quot;relationType&quot;:null,&quot;isDeletable&quot;:false,&quot;isEditable&quot;:false,&quot;dataType&quot;:&quot;DateTime&quot;,&quot;unique&quot;:false,&quot;name&quot;:&quot;updatedAt&quot;,&quot;_type&quot;:&quot;column&quot;,&quot;isRenamable&quot;:false,&quot;required&quot;:true,&quot;relatedTo&quot;:null},{&quot;relationType&quot;:null,&quot;isDeletable&quot;:false,&quot;isEditable&quot;:false,&quot;dataType&quot;:&quot;ACL&quot;,&quot;unique&quot;:false,&quot;name&quot;:&quot;ACL&quot;,&quot;_type&quot;:&quot;column&quot;,&quot;isRenamable&quot;:false,&quot;required&quot;:true,&quot;relatedTo&quot;:null},{&quot;relationType&quot;:null,&quot;isDeletable&quot;:true,&quot;isEditable&quot;:true,&quot;dataType&quot;:&quot;Number&quot;,&quot;unique&quot;:false,&quot;name&quot;:&quot;number&quot;,&quot;_type&quot;:&quot;column&quot;,&quot;isRenamable&quot;:false,&quot;required&quot;:false,&quot;relatedTo&quot;:null}],&quot;appId&quot;:&quot;sample123&quot;,&quot;name&quot;:&quot;Custom18&quot;,&quot;_type&quot;:&quot;table&quot;,&quot;type&quot;:&quot;custom&quot;,&quot;maxCount&quot;:9999},&quot;key&quot;:&quot;Qopoy/kXd+6G734HsjQMqGPGOvwEJYmBG84lQawRmWM=&quot;}
parameters: {&quot;data&quot;:{&quot;columns&quot;:[{&quot;relationType&quot;:null,&quot;isDeletable&quot;:false,&quot;isEditable&quot;:false,&quot;dataType&quot;:&quot;Id&quot;,&quot;unique&quot;:true,&quot;name&quot;:&quot;id&quot;,&quot;_type&quot;:&quot;column&quot;,&quot;isRenamable&quot;:false,&quot;required&quot;:true,&quot;relatedTo&quot;:null},{&quot;relationType&quot;:null,&quot;isDeletable&quot;:false,&quot;isEditable&quot;:false,&quot;dataType&quot;:&quot;DateTime&quot;,&quot;unique&quot;:false,&quot;name&quot;:&quot;expires&quot;,&quot;_type&quot;:&quot;column&quot;,&quot;isRenamable&quot;:false,&quot;required&quot;:false,&quot;relatedTo&quot;:null},{&quot;relationType&quot;:null,&quot;isDeletable&quot;:false,&quot;isEditable&quot;:false,&quot;dataType&quot;:&quot;DateTime&quot;,&quot;unique&quot;:false,&quot;name&quot;:&quot;createdAt&quot;,&quot;_type&quot;:&quot;column&quot;,&quot;isRenamable&quot;:false,&quot;required&quot;:true,&quot;relatedTo&quot;:null},{&quot;relationType&quot;:null,&quot;isDeletable&quot;:false,&quot;isEditable&quot;:false,&quot;dataType&quot;:&quot;DateTime&quot;,&quot;unique&quot;:false,&quot;name&quot;:&quot;updatedAt&quot;,&quot;_type&quot;:&quot;column&quot;,&quot;isRenamable&quot;:false,&quot;required&quot;:true,&quot;relatedTo&quot;:null},{&quot;relationType&quot;:null,&quot;isDeletable&quot;:false,&quot;isEditable&quot;:false,&quot;dataType&quot;:&quot;ACL&quot;,&quot;unique&quot;:false,&quot;name&quot;:&quot;ACL&quot;,&quot;_type&quot;:&quot;column&quot;,&quot;isRenamable&quot;:false,&quot;required&quot;:true,&quot;relatedTo&quot;:null},{&quot;relationType&quot;:null,&quot;isDeletable&quot;:true,&quot;isEditable&quot;:true,&quot;dataType&quot;:&quot;Number&quot;,&quot;unique&quot;:false,&quot;name&quot;:&quot;number&quot;,&quot;_type&quot;:&quot;column&quot;,&quot;isRenamable&quot;:false,&quot;required&quot;:false,&quot;relatedTo&quot;:null}],&quot;appId&quot;:&quot;sample123&quot;,&quot;name&quot;:&quot;Custom18&quot;,&quot;_type&quot;:&quot;table&quot;,&quot;type&quot;:&quot;custom&quot;,&quot;maxCount&quot;:9999},&quot;key&quot;:&quot;Qopoy/kXd+6G734HsjQMqGPGOvwEJYmBG84lQawRmWM=&quot;}
</system-out>
    <system-err>java.io.IOException: Server returned HTTP response code: 401 for URL: https://service.cloudboost.io/sample123/table/Custom18
	at sun.reflect.GeneratedConstructorAccessor17.newInstance(Unknown Source)
	at sun.reflect.DelegatingConstructorAccessorImpl.newInstance(DelegatingConstructorAccessorImpl.java:45)
	at java.lang.reflect.Constructor.newInstance(Constructor.java:408)
	at sun.net.www.protocol.http.HttpURLConnection$10.run(HttpURLConnection.java:1888)
	at sun.net.www.protocol.http.HttpURLConnection$10.run(HttpURLConnection.java:1883)
	at java.security.AccessController.doPrivileged(Native Method)
	at sun.net.www.protocol.http.HttpURLConnection.getChainedException(HttpURLConnection.java:1882)
	at sun.net.www.protocol.http.HttpURLConnection.getInputStream0(HttpURLConnection.java:1455)
	at sun.net.www.protocol.http.HttpURLConnection.getInputStream(HttpURLConnection.java:1439)
	at sun.net.www.protocol.https.HttpsURLConnectionImpl.getInputStream(HttpsURLConnectionImpl.java:254)
	at io.cloudboost.util.CBParser.callJson(CBParser.java:62)
	at io.cloudboost.CloudTable.save(CloudTable.java:264)
	at io.cloudboost.CloudTableTest.createTableCustom18(CloudTableTest.java:739)
	at sun.reflect.NativeMethodAccessorImpl.invoke0(Native Method)
	at sun.reflect.NativeMethodAccessorImpl.invoke(NativeMethodAccessorImpl.java:62)
	at sun.reflect.DelegatingMethodAccessorImpl.invoke(DelegatingMethodAccessorImpl.java:43)
	at java.lang.reflect.Method.invoke(Method.java:483)
	at org.junit.runners.model.FrameworkMethod$1.runReflectiveCall(FrameworkMethod.java:44)
	at org.junit.internal.runners.model.ReflectiveCallable.run(ReflectiveCallable.java:15)
	at org.junit.runners.model.FrameworkMethod.invokeExplosively(FrameworkMethod.java:41)
	at org.junit.internal.runners.statements.InvokeMethod.evaluate(InvokeMethod.java:20)
	at org.junit.internal.runners.statements.FailOnTimeout$1.run(FailOnTimeout.java:28)
Caused by: java.io.IOException: Server returned HTTP response code: 401 for URL: https://service.cloudboost.io/sample123/table/Custom18
	at sun.net.www.protocol.http.HttpURLConnection.getInputStream0(HttpURLConnection.java:1838)
	at sun.net.www.protocol.http.HttpURLConnection.getInputStream(HttpURLConnection.java:1439)
	at java.net.HttpURLConnection.getResponseCode(HttpURLConnection.java:480)
	at sun.net.www.protocol.https.HttpsURLConnectionImpl.getResponseCode(HttpsURLConnectionImpl.java:338)
	at io.cloudboost.util.CBParser.callJson(CBParser.java:60)
	... 11 more
</system-err>
  </testcase>
  <testcase classname="io.cloudboost.CloudTableTest" name="createTableCustom14" time="2.151">
    <error type="java.lang.NullPointerException">java.lang.NullPointerException
	at io.cloudboost.util.CBParser.callJson(CBParser.java:70)
	at io.cloudboost.CloudTable.save(CloudTable.java:264)
	at io.cloudboost.CloudTableTest.createTableCustom14(CloudTableTest.java:898)
	at sun.reflect.NativeMethodAccessorImpl.invoke0(Native Method)
	at sun.reflect.NativeMethodAccessorImpl.invoke(NativeMethodAccessorImpl.java:62)
	at sun.reflect.DelegatingMethodAccessorImpl.invoke(DelegatingMethodAccessorImpl.java:43)
	at java.lang.reflect.Method.invoke(Method.java:483)
	at org.junit.runners.model.FrameworkMethod$1.runReflectiveCall(FrameworkMethod.java:44)
	at org.junit.internal.runners.model.ReflectiveCallable.run(ReflectiveCallable.java:15)
	at org.junit.runners.model.FrameworkMethod.invokeExplosively(FrameworkMethod.java:41)
	at org.junit.internal.runners.statements.InvokeMethod.evaluate(InvokeMethod.java:20)
	at org.junit.internal.runners.statements.FailOnTimeout$1.run(FailOnTimeout.java:28)
</error>
    <system-out>Socket Initializaed
{&quot;data&quot;:{&quot;columns&quot;:[{&quot;relationType&quot;:null,&quot;isDeletable&quot;:false,&quot;isEditable&quot;:false,&quot;dataType&quot;:&quot;Id&quot;,&quot;unique&quot;:true,&quot;name&quot;:&quot;id&quot;,&quot;_type&quot;:&quot;column&quot;,&quot;isRenamable&quot;:false,&quot;required&quot;:true,&quot;relatedTo&quot;:null},{&quot;relationType&quot;:null,&quot;isDeletable&quot;:false,&quot;isEditable&quot;:false,&quot;dataType&quot;:&quot;DateTime&quot;,&quot;unique&quot;:false,&quot;name&quot;:&quot;expires&quot;,&quot;_type&quot;:&quot;column&quot;,&quot;isRenamable&quot;:false,&quot;required&quot;:false,&quot;relatedTo&quot;:null},{&quot;relationType&quot;:null,&quot;isDeletable&quot;:false,&quot;isEditable&quot;:false,&quot;dataType&quot;:&quot;DateTime&quot;,&quot;unique&quot;:false,&quot;name&quot;:&quot;createdAt&quot;,&quot;_type&quot;:&quot;column&quot;,&quot;isRenamable&quot;:false,&quot;required&quot;:true,&quot;relatedTo&quot;:null},{&quot;relationType&quot;:null,&quot;isDeletable&quot;:false,&quot;isEditable&quot;:false,&quot;dataType&quot;:&quot;DateTime&quot;,&quot;unique&quot;:false,&quot;name&quot;:&quot;updatedAt&quot;,&quot;_type&quot;:&quot;column&quot;,&quot;isRenamable&quot;:false,&quot;required&quot;:true,&quot;relatedTo&quot;:null},{&quot;relationType&quot;:null,&quot;isDeletable&quot;:false,&quot;isEditable&quot;:false,&quot;dataType&quot;:&quot;ACL&quot;,&quot;unique&quot;:false,&quot;name&quot;:&quot;ACL&quot;,&quot;_type&quot;:&quot;column&quot;,&quot;isRenamable&quot;:false,&quot;required&quot;:true,&quot;relatedTo&quot;:null},{&quot;relationType&quot;:null,&quot;isDeletable&quot;:true,&quot;isEditable&quot;:true,&quot;dataType&quot;:&quot;List&quot;,&quot;unique&quot;:false,&quot;name&quot;:&quot;List_Number&quot;,&quot;_type&quot;:&quot;column&quot;,&quot;isRenamable&quot;:false,&quot;required&quot;:false,&quot;relatedTo&quot;:&quot;Number&quot;},{&quot;relationType&quot;:null,&quot;isDeletable&quot;:true,&quot;isEditable&quot;:true,&quot;dataType&quot;:&quot;List&quot;,&quot;unique&quot;:false,&quot;name&quot;:&quot;List_GeoPoint&quot;,&quot;_type&quot;:&quot;column&quot;,&quot;isRenamable&quot;:false,&quot;required&quot;:false,&quot;relatedTo&quot;:&quot;GeoPoint&quot;}],&quot;appId&quot;:&quot;sample123&quot;,&quot;name&quot;:&quot;Custom14&quot;,&quot;_type&quot;:&quot;table&quot;,&quot;type&quot;:&quot;custom&quot;,&quot;maxCount&quot;:9999},&quot;key&quot;:&quot;Qopoy/kXd+6G734HsjQMqGPGOvwEJYmBG84lQawRmWM=&quot;}
parameters: {&quot;data&quot;:{&quot;columns&quot;:[{&quot;relationType&quot;:null,&quot;isDeletable&quot;:false,&quot;isEditable&quot;:false,&quot;dataType&quot;:&quot;Id&quot;,&quot;unique&quot;:true,&quot;name&quot;:&quot;id&quot;,&quot;_type&quot;:&quot;column&quot;,&quot;isRenamable&quot;:false,&quot;required&quot;:true,&quot;relatedTo&quot;:null},{&quot;relationType&quot;:null,&quot;isDeletable&quot;:false,&quot;isEditable&quot;:false,&quot;dataType&quot;:&quot;DateTime&quot;,&quot;unique&quot;:false,&quot;name&quot;:&quot;expires&quot;,&quot;_type&quot;:&quot;column&quot;,&quot;isRenamable&quot;:false,&quot;required&quot;:false,&quot;relatedTo&quot;:null},{&quot;relationType&quot;:null,&quot;isDeletable&quot;:false,&quot;isEditable&quot;:false,&quot;dataType&quot;:&quot;DateTime&quot;,&quot;unique&quot;:false,&quot;name&quot;:&quot;createdAt&quot;,&quot;_type&quot;:&quot;column&quot;,&quot;isRenamable&quot;:false,&quot;required&quot;:true,&quot;relatedTo&quot;:null},{&quot;relationType&quot;:null,&quot;isDeletable&quot;:false,&quot;isEditable&quot;:false,&quot;dataType&quot;:&quot;DateTime&quot;,&quot;unique&quot;:false,&quot;name&quot;:&quot;updatedAt&quot;,&quot;_type&quot;:&quot;column&quot;,&quot;isRenamable&quot;:false,&quot;required&quot;:true,&quot;relatedTo&quot;:null},{&quot;relationType&quot;:null,&quot;isDeletable&quot;:false,&quot;isEditable&quot;:false,&quot;dataType&quot;:&quot;ACL&quot;,&quot;unique&quot;:false,&quot;name&quot;:&quot;ACL&quot;,&quot;_type&quot;:&quot;column&quot;,&quot;isRenamable&quot;:false,&quot;required&quot;:true,&quot;relatedTo&quot;:null},{&quot;relationType&quot;:null,&quot;isDeletable&quot;:true,&quot;isEditable&quot;:true,&quot;dataType&quot;:&quot;List&quot;,&quot;unique&quot;:false,&quot;name&quot;:&quot;List_Number&quot;,&quot;_type&quot;:&quot;column&quot;,&quot;isRenamable&quot;:false,&quot;required&quot;:false,&quot;relatedTo&quot;:&quot;Number&quot;},{&quot;relationType&quot;:null,&quot;isDeletable&quot;:true,&quot;isEditable&quot;:true,&quot;dataType&quot;:&quot;List&quot;,&quot;unique&quot;:false,&quot;name&quot;:&quot;List_GeoPoint&quot;,&quot;_type&quot;:&quot;column&quot;,&quot;isRenamable&quot;:false,&quot;required&quot;:false,&quot;relatedTo&quot;:&quot;GeoPoint&quot;}],&quot;appId&quot;:&quot;sample123&quot;,&quot;name&quot;:&quot;Custom14&quot;,&quot;_type&quot;:&quot;table&quot;,&quot;type&quot;:&quot;custom&quot;,&quot;maxCount&quot;:9999},&quot;key&quot;:&quot;Qopoy/kXd+6G734HsjQMqGPGOvwEJYmBG84lQawRmWM=&quot;}
</system-out>
    <system-err>java.io.IOException: Server returned HTTP response code: 401 for URL: https://service.cloudboost.io/sample123/table/Custom14
	at sun.reflect.GeneratedConstructorAccessor17.newInstance(Unknown Source)
	at sun.reflect.DelegatingConstructorAccessorImpl.newInstance(DelegatingConstructorAccessorImpl.java:45)
	at java.lang.reflect.Constructor.newInstance(Constructor.java:408)
	at sun.net.www.protocol.http.HttpURLConnection$10.run(HttpURLConnection.java:1888)
	at sun.net.www.protocol.http.HttpURLConnection$10.run(HttpURLConnection.java:1883)
	at java.security.AccessController.doPrivileged(Native Method)
	at sun.net.www.protocol.http.HttpURLConnection.getChainedException(HttpURLConnection.java:1882)
	at sun.net.www.protocol.http.HttpURLConnection.getInputStream0(HttpURLConnection.java:1455)
	at sun.net.www.protocol.http.HttpURLConnection.getInputStream(HttpURLConnection.java:1439)
	at sun.net.www.protocol.https.HttpsURLConnectionImpl.getInputStream(HttpsURLConnectionImpl.java:254)
	at io.cloudboost.util.CBParser.callJson(CBParser.java:62)
	at io.cloudboost.CloudTable.save(CloudTable.java:264)
	at io.cloudboost.CloudTableTest.createTableCustom14(CloudTableTest.java:898)
	at sun.reflect.NativeMethodAccessorImpl.invoke0(Native Method)
	at sun.reflect.NativeMethodAccessorImpl.invoke(NativeMethodAccessorImpl.java:62)
	at sun.reflect.DelegatingMethodAccessorImpl.invoke(DelegatingMethodAccessorImpl.java:43)
	at java.lang.reflect.Method.invoke(Method.java:483)
	at org.junit.runners.model.FrameworkMethod$1.runReflectiveCall(FrameworkMethod.java:44)
	at org.junit.internal.runners.model.ReflectiveCallable.run(ReflectiveCallable.java:15)
	at org.junit.runners.model.FrameworkMethod.invokeExplosively(FrameworkMethod.java:41)
	at org.junit.internal.runners.statements.InvokeMethod.evaluate(InvokeMethod.java:20)
	at org.junit.internal.runners.statements.FailOnTimeout$1.run(FailOnTimeout.java:28)
Caused by: java.io.IOException: Server returned HTTP response code: 401 for URL: https://service.cloudboost.io/sample123/table/Custom14
	at sun.net.www.protocol.http.HttpURLConnection.getInputStream0(HttpURLConnection.java:1838)
	at sun.net.www.protocol.http.HttpURLConnection.getInputStream(HttpURLConnection.java:1439)
	at java.net.HttpURLConnection.getResponseCode(HttpURLConnection.java:480)
	at sun.net.www.protocol.https.HttpsURLConnectionImpl.getResponseCode(HttpsURLConnectionImpl.java:338)
	at io.cloudboost.util.CBParser.callJson(CBParser.java:60)
	... 11 more
</system-err>
  </testcase>
  <testcase classname="io.cloudboost.CloudTableTest" name="createTableCustom3" time="4.887">
    <error type="java.lang.NullPointerException">java.lang.NullPointerException
	at io.cloudboost.util.CBParser.callJson(CBParser.java:70)
	at io.cloudboost.CloudTable.save(CloudTable.java:264)
	at io.cloudboost.CloudTableTest.createTableCustom3(CloudTableTest.java:768)
	at sun.reflect.NativeMethodAccessorImpl.invoke0(Native Method)
	at sun.reflect.NativeMethodAccessorImpl.invoke(NativeMethodAccessorImpl.java:62)
	at sun.reflect.DelegatingMethodAccessorImpl.invoke(DelegatingMethodAccessorImpl.java:43)
	at java.lang.reflect.Method.invoke(Method.java:483)
	at org.junit.runners.model.FrameworkMethod$1.runReflectiveCall(FrameworkMethod.java:44)
	at org.junit.internal.runners.model.ReflectiveCallable.run(ReflectiveCallable.java:15)
	at org.junit.runners.model.FrameworkMethod.invokeExplosively(FrameworkMethod.java:41)
	at org.junit.internal.runners.statements.InvokeMethod.evaluate(InvokeMethod.java:20)
	at org.junit.internal.runners.statements.FailOnTimeout$1.run(FailOnTimeout.java:28)
</error>
    <system-out>Socket Initializaed
{&quot;data&quot;:{&quot;columns&quot;:[{&quot;relationType&quot;:null,&quot;isDeletable&quot;:false,&quot;isEditable&quot;:false,&quot;dataType&quot;:&quot;Id&quot;,&quot;unique&quot;:true,&quot;name&quot;:&quot;id&quot;,&quot;_type&quot;:&quot;column&quot;,&quot;isRenamable&quot;:false,&quot;required&quot;:true,&quot;relatedTo&quot;:null},{&quot;relationType&quot;:null,&quot;isDeletable&quot;:false,&quot;isEditable&quot;:false,&quot;dataType&quot;:&quot;DateTime&quot;,&quot;unique&quot;:false,&quot;name&quot;:&quot;expires&quot;,&quot;_type&quot;:&quot;column&quot;,&quot;isRenamable&quot;:false,&quot;required&quot;:false,&quot;relatedTo&quot;:null},{&quot;relationType&quot;:null,&quot;isDeletable&quot;:false,&quot;isEditable&quot;:false,&quot;dataType&quot;:&quot;DateTime&quot;,&quot;unique&quot;:false,&quot;name&quot;:&quot;createdAt&quot;,&quot;_type&quot;:&quot;column&quot;,&quot;isRenamable&quot;:false,&quot;required&quot;:true,&quot;relatedTo&quot;:null},{&quot;relationType&quot;:null,&quot;isDeletable&quot;:false,&quot;isEditable&quot;:false,&quot;dataType&quot;:&quot;DateTime&quot;,&quot;unique&quot;:false,&quot;name&quot;:&quot;updatedAt&quot;,&quot;_type&quot;:&quot;column&quot;,&quot;isRenamable&quot;:false,&quot;required&quot;:true,&quot;relatedTo&quot;:null},{&quot;relationType&quot;:null,&quot;isDeletable&quot;:false,&quot;isEditable&quot;:false,&quot;dataType&quot;:&quot;ACL&quot;,&quot;unique&quot;:false,&quot;name&quot;:&quot;ACL&quot;,&quot;_type&quot;:&quot;column&quot;,&quot;isRenamable&quot;:false,&quot;required&quot;:true,&quot;relatedTo&quot;:null},{&quot;relationType&quot;:null,&quot;isDeletable&quot;:true,&quot;isEditable&quot;:true,&quot;dataType&quot;:&quot;Text&quot;,&quot;unique&quot;:false,&quot;name&quot;:&quot;address&quot;,&quot;_type&quot;:&quot;column&quot;,&quot;isRenamable&quot;:false,&quot;required&quot;:false,&quot;relatedTo&quot;:null}],&quot;appId&quot;:&quot;sample123&quot;,&quot;name&quot;:&quot;Custom3&quot;,&quot;_type&quot;:&quot;table&quot;,&quot;type&quot;:&quot;custom&quot;,&quot;maxCount&quot;:9999},&quot;key&quot;:&quot;Qopoy/kXd+6G734HsjQMqGPGOvwEJYmBG84lQawRmWM=&quot;}
parameters: {&quot;data&quot;:{&quot;columns&quot;:[{&quot;relationType&quot;:null,&quot;isDeletable&quot;:false,&quot;isEditable&quot;:false,&quot;dataType&quot;:&quot;Id&quot;,&quot;unique&quot;:true,&quot;name&quot;:&quot;id&quot;,&quot;_type&quot;:&quot;column&quot;,&quot;isRenamable&quot;:false,&quot;required&quot;:true,&quot;relatedTo&quot;:null},{&quot;relationType&quot;:null,&quot;isDeletable&quot;:false,&quot;isEditable&quot;:false,&quot;dataType&quot;:&quot;DateTime&quot;,&quot;unique&quot;:false,&quot;name&quot;:&quot;expires&quot;,&quot;_type&quot;:&quot;column&quot;,&quot;isRenamable&quot;:false,&quot;required&quot;:false,&quot;relatedTo&quot;:null},{&quot;relationType&quot;:null,&quot;isDeletable&quot;:false,&quot;isEditable&quot;:false,&quot;dataType&quot;:&quot;DateTime&quot;,&quot;unique&quot;:false,&quot;name&quot;:&quot;createdAt&quot;,&quot;_type&quot;:&quot;column&quot;,&quot;isRenamable&quot;:false,&quot;required&quot;:true,&quot;relatedTo&quot;:null},{&quot;relationType&quot;:null,&quot;isDeletable&quot;:false,&quot;isEditable&quot;:false,&quot;dataType&quot;:&quot;DateTime&quot;,&quot;unique&quot;:false,&quot;name&quot;:&quot;updatedAt&quot;,&quot;_type&quot;:&quot;column&quot;,&quot;isRenamable&quot;:false,&quot;required&quot;:true,&quot;relatedTo&quot;:null},{&quot;relationType&quot;:null,&quot;isDeletable&quot;:false,&quot;isEditable&quot;:false,&quot;dataType&quot;:&quot;ACL&quot;,&quot;unique&quot;:false,&quot;name&quot;:&quot;ACL&quot;,&quot;_type&quot;:&quot;column&quot;,&quot;isRenamable&quot;:false,&quot;required&quot;:true,&quot;relatedTo&quot;:null},{&quot;relationType&quot;:null,&quot;isDeletable&quot;:true,&quot;isEditable&quot;:true,&quot;dataType&quot;:&quot;Text&quot;,&quot;unique&quot;:false,&quot;name&quot;:&quot;address&quot;,&quot;_type&quot;:&quot;column&quot;,&quot;isRenamable&quot;:false,&quot;required&quot;:false,&quot;relatedTo&quot;:null}],&quot;appId&quot;:&quot;sample123&quot;,&quot;name&quot;:&quot;Custom3&quot;,&quot;_type&quot;:&quot;table&quot;,&quot;type&quot;:&quot;custom&quot;,&quot;maxCount&quot;:9999},&quot;key&quot;:&quot;Qopoy/kXd+6G734HsjQMqGPGOvwEJYmBG84lQawRmWM=&quot;}
</system-out>
    <system-err>java.io.IOException: Server returned HTTP response code: 401 for URL: https://service.cloudboost.io/sample123/table/Custom3
	at sun.reflect.GeneratedConstructorAccessor17.newInstance(Unknown Source)
	at sun.reflect.DelegatingConstructorAccessorImpl.newInstance(DelegatingConstructorAccessorImpl.java:45)
	at java.lang.reflect.Constructor.newInstance(Constructor.java:408)
	at sun.net.www.protocol.http.HttpURLConnection$10.run(HttpURLConnection.java:1888)
	at sun.net.www.protocol.http.HttpURLConnection$10.run(HttpURLConnection.java:1883)
	at java.security.AccessController.doPrivileged(Native Method)
	at sun.net.www.protocol.http.HttpURLConnection.getChainedException(HttpURLConnection.java:1882)
	at sun.net.www.protocol.http.HttpURLConnection.getInputStream0(HttpURLConnection.java:1455)
	at sun.net.www.protocol.http.HttpURLConnection.getInputStream(HttpURLConnection.java:1439)
	at sun.net.www.protocol.https.HttpsURLConnectionImpl.getInputStream(HttpsURLConnectionImpl.java:254)
	at io.cloudboost.util.CBParser.callJson(CBParser.java:62)
	at io.cloudboost.CloudTable.save(CloudTable.java:264)
	at io.cloudboost.CloudTableTest.createTableCustom3(CloudTableTest.java:768)
	at sun.reflect.NativeMethodAccessorImpl.invoke0(Native Method)
	at sun.reflect.NativeMethodAccessorImpl.invoke(NativeMethodAccessorImpl.java:62)
	at sun.reflect.DelegatingMethodAccessorImpl.invoke(DelegatingMethodAccessorImpl.java:43)
	at java.lang.reflect.Method.invoke(Method.java:483)
	at org.junit.runners.model.FrameworkMethod$1.runReflectiveCall(FrameworkMethod.java:44)
	at org.junit.internal.runners.model.ReflectiveCallable.run(ReflectiveCallable.java:15)
	at org.junit.runners.model.FrameworkMethod.invokeExplosively(FrameworkMethod.java:41)
	at org.junit.internal.runners.statements.InvokeMethod.evaluate(InvokeMethod.java:20)
	at org.junit.internal.runners.statements.FailOnTimeout$1.run(FailOnTimeout.java:28)
Caused by: java.io.IOException: Server returned HTTP response code: 401 for URL: https://service.cloudboost.io/sample123/table/Custom3
	at sun.net.www.protocol.http.HttpURLConnection.getInputStream0(HttpURLConnection.java:1838)
	at sun.net.www.protocol.http.HttpURLConnection.getInputStream(HttpURLConnection.java:1439)
	at java.net.HttpURLConnection.getResponseCode(HttpURLConnection.java:480)
	at sun.net.www.protocol.https.HttpsURLConnectionImpl.getResponseCode(HttpsURLConnectionImpl.java:338)
	at io.cloudboost.util.CBParser.callJson(CBParser.java:60)
	... 11 more
</system-err>
  </testcase>
  <testcase classname="io.cloudboost.CloudTableTest" name="createTableCustom7" time="2.861">
    <error type="java.lang.NullPointerException">java.lang.NullPointerException
	at io.cloudboost.util.CBParser.callJson(CBParser.java:70)
	at io.cloudboost.CloudTable.save(CloudTable.java:264)
	at io.cloudboost.CloudTableTest.createTableCustom7(CloudTableTest.java:798)
	at sun.reflect.NativeMethodAccessorImpl.invoke0(Native Method)
	at sun.reflect.NativeMethodAccessorImpl.invoke(NativeMethodAccessorImpl.java:62)
	at sun.reflect.DelegatingMethodAccessorImpl.invoke(DelegatingMethodAccessorImpl.java:43)
	at java.lang.reflect.Method.invoke(Method.java:483)
	at org.junit.runners.model.FrameworkMethod$1.runReflectiveCall(FrameworkMethod.java:44)
	at org.junit.internal.runners.model.ReflectiveCallable.run(ReflectiveCallable.java:15)
	at org.junit.runners.model.FrameworkMethod.invokeExplosively(FrameworkMethod.java:41)
	at org.junit.internal.runners.statements.InvokeMethod.evaluate(InvokeMethod.java:20)
	at org.junit.internal.runners.statements.FailOnTimeout$1.run(FailOnTimeout.java:28)
</error>
    <system-out>Socket Initializaed
{&quot;data&quot;:{&quot;columns&quot;:[{&quot;relationType&quot;:null,&quot;isDeletable&quot;:false,&quot;isEditable&quot;:false,&quot;dataType&quot;:&quot;Id&quot;,&quot;unique&quot;:true,&quot;name&quot;:&quot;id&quot;,&quot;_type&quot;:&quot;column&quot;,&quot;isRenamable&quot;:false,&quot;required&quot;:true,&quot;relatedTo&quot;:null},{&quot;relationType&quot;:null,&quot;isDeletable&quot;:false,&quot;isEditable&quot;:false,&quot;dataType&quot;:&quot;DateTime&quot;,&quot;unique&quot;:false,&quot;name&quot;:&quot;expires&quot;,&quot;_type&quot;:&quot;column&quot;,&quot;isRenamable&quot;:false,&quot;required&quot;:false,&quot;relatedTo&quot;:null},{&quot;relationType&quot;:null,&quot;isDeletable&quot;:false,&quot;isEditable&quot;:false,&quot;dataType&quot;:&quot;DateTime&quot;,&quot;unique&quot;:false,&quot;name&quot;:&quot;createdAt&quot;,&quot;_type&quot;:&quot;column&quot;,&quot;isRenamable&quot;:false,&quot;required&quot;:true,&quot;relatedTo&quot;:null},{&quot;relationType&quot;:null,&quot;isDeletable&quot;:false,&quot;isEditable&quot;:false,&quot;dataType&quot;:&quot;DateTime&quot;,&quot;unique&quot;:false,&quot;name&quot;:&quot;updatedAt&quot;,&quot;_type&quot;:&quot;column&quot;,&quot;isRenamable&quot;:false,&quot;required&quot;:true,&quot;relatedTo&quot;:null},{&quot;relationType&quot;:null,&quot;isDeletable&quot;:false,&quot;isEditable&quot;:false,&quot;dataType&quot;:&quot;ACL&quot;,&quot;unique&quot;:false,&quot;name&quot;:&quot;ACL&quot;,&quot;_type&quot;:&quot;column&quot;,&quot;isRenamable&quot;:false,&quot;required&quot;:true,&quot;relatedTo&quot;:null},{&quot;relationType&quot;:null,&quot;isDeletable&quot;:true,&quot;isEditable&quot;:true,&quot;dataType&quot;:&quot;Number&quot;,&quot;unique&quot;:false,&quot;name&quot;:&quot;requiredNumber&quot;,&quot;_type&quot;:&quot;column&quot;,&quot;isRenamable&quot;:false,&quot;required&quot;:false,&quot;relatedTo&quot;:null}],&quot;appId&quot;:&quot;sample123&quot;,&quot;name&quot;:&quot;Custom7&quot;,&quot;_type&quot;:&quot;table&quot;,&quot;type&quot;:&quot;custom&quot;,&quot;maxCount&quot;:9999},&quot;key&quot;:&quot;Qopoy/kXd+6G734HsjQMqGPGOvwEJYmBG84lQawRmWM=&quot;}
parameters: {&quot;data&quot;:{&quot;columns&quot;:[{&quot;relationType&quot;:null,&quot;isDeletable&quot;:false,&quot;isEditable&quot;:false,&quot;dataType&quot;:&quot;Id&quot;,&quot;unique&quot;:true,&quot;name&quot;:&quot;id&quot;,&quot;_type&quot;:&quot;column&quot;,&quot;isRenamable&quot;:false,&quot;required&quot;:true,&quot;relatedTo&quot;:null},{&quot;relationType&quot;:null,&quot;isDeletable&quot;:false,&quot;isEditable&quot;:false,&quot;dataType&quot;:&quot;DateTime&quot;,&quot;unique&quot;:false,&quot;name&quot;:&quot;expires&quot;,&quot;_type&quot;:&quot;column&quot;,&quot;isRenamable&quot;:false,&quot;required&quot;:false,&quot;relatedTo&quot;:null},{&quot;relationType&quot;:null,&quot;isDeletable&quot;:false,&quot;isEditable&quot;:false,&quot;dataType&quot;:&quot;DateTime&quot;,&quot;unique&quot;:false,&quot;name&quot;:&quot;createdAt&quot;,&quot;_type&quot;:&quot;column&quot;,&quot;isRenamable&quot;:false,&quot;required&quot;:true,&quot;relatedTo&quot;:null},{&quot;relationType&quot;:null,&quot;isDeletable&quot;:false,&quot;isEditable&quot;:false,&quot;dataType&quot;:&quot;DateTime&quot;,&quot;unique&quot;:false,&quot;name&quot;:&quot;updatedAt&quot;,&quot;_type&quot;:&quot;column&quot;,&quot;isRenamable&quot;:false,&quot;required&quot;:true,&quot;relatedTo&quot;:null},{&quot;relationType&quot;:null,&quot;isDeletable&quot;:false,&quot;isEditable&quot;:false,&quot;dataType&quot;:&quot;ACL&quot;,&quot;unique&quot;:false,&quot;name&quot;:&quot;ACL&quot;,&quot;_type&quot;:&quot;column&quot;,&quot;isRenamable&quot;:false,&quot;required&quot;:true,&quot;relatedTo&quot;:null},{&quot;relationType&quot;:null,&quot;isDeletable&quot;:true,&quot;isEditable&quot;:true,&quot;dataType&quot;:&quot;Number&quot;,&quot;unique&quot;:false,&quot;name&quot;:&quot;requiredNumber&quot;,&quot;_type&quot;:&quot;column&quot;,&quot;isRenamable&quot;:false,&quot;required&quot;:false,&quot;relatedTo&quot;:null}],&quot;appId&quot;:&quot;sample123&quot;,&quot;name&quot;:&quot;Custom7&quot;,&quot;_type&quot;:&quot;table&quot;,&quot;type&quot;:&quot;custom&quot;,&quot;maxCount&quot;:9999},&quot;key&quot;:&quot;Qopoy/kXd+6G734HsjQMqGPGOvwEJYmBG84lQawRmWM=&quot;}
</system-out>
    <system-err>java.io.IOException: Server returned HTTP response code: 401 for URL: https://service.cloudboost.io/sample123/table/Custom7
	at sun.reflect.GeneratedConstructorAccessor17.newInstance(Unknown Source)
	at sun.reflect.DelegatingConstructorAccessorImpl.newInstance(DelegatingConstructorAccessorImpl.java:45)
	at java.lang.reflect.Constructor.newInstance(Constructor.java:408)
	at sun.net.www.protocol.http.HttpURLConnection$10.run(HttpURLConnection.java:1888)
	at sun.net.www.protocol.http.HttpURLConnection$10.run(HttpURLConnection.java:1883)
	at java.security.AccessController.doPrivileged(Native Method)
	at sun.net.www.protocol.http.HttpURLConnection.getChainedException(HttpURLConnection.java:1882)
	at sun.net.www.protocol.http.HttpURLConnection.getInputStream0(HttpURLConnection.java:1455)
	at sun.net.www.protocol.http.HttpURLConnection.getInputStream(HttpURLConnection.java:1439)
	at sun.net.www.protocol.https.HttpsURLConnectionImpl.getInputStream(HttpsURLConnectionImpl.java:254)
	at io.cloudboost.util.CBParser.callJson(CBParser.java:62)
	at io.cloudboost.CloudTable.save(CloudTable.java:264)
	at io.cloudboost.CloudTableTest.createTableCustom7(CloudTableTest.java:798)
	at sun.reflect.NativeMethodAccessorImpl.invoke0(Native Method)
	at sun.reflect.NativeMethodAccessorImpl.invoke(NativeMethodAccessorImpl.java:62)
	at sun.reflect.DelegatingMethodAccessorImpl.invoke(DelegatingMethodAccessorImpl.java:43)
	at java.lang.reflect.Method.invoke(Method.java:483)
	at org.junit.runners.model.FrameworkMethod$1.runReflectiveCall(FrameworkMethod.java:44)
	at org.junit.internal.runners.model.ReflectiveCallable.run(ReflectiveCallable.java:15)
	at org.junit.runners.model.FrameworkMethod.invokeExplosively(FrameworkMethod.java:41)
	at org.junit.internal.runners.statements.InvokeMethod.evaluate(InvokeMethod.java:20)
	at org.junit.internal.runners.statements.FailOnTimeout$1.run(FailOnTimeout.java:28)
Caused by: java.io.IOException: Server returned HTTP response code: 401 for URL: https://service.cloudboost.io/sample123/table/Custom7
	at sun.net.www.protocol.http.HttpURLConnection.getInputStream0(HttpURLConnection.java:1838)
	at sun.net.www.protocol.http.HttpURLConnection.getInputStream(HttpURLConnection.java:1439)
	at java.net.HttpURLConnection.getResponseCode(HttpURLConnection.java:480)
	at sun.net.www.protocol.https.HttpsURLConnectionImpl.getResponseCode(HttpsURLConnectionImpl.java:338)
	at io.cloudboost.util.CBParser.callJson(CBParser.java:60)
	... 11 more
</system-err>
  </testcase>
  <testcase classname="io.cloudboost.CloudTableTest" name="addColumnAfterSave" time="4.622">
    <error type="java.lang.NullPointerException">java.lang.NullPointerException
	at io.cloudboost.util.CBParser.callJson(CBParser.java:70)
	at io.cloudboost.CloudTable.save(CloudTable.java:264)
	at io.cloudboost.CloudTableTest.addColumnAfterSave(CloudTableTest.java:168)
	at sun.reflect.NativeMethodAccessorImpl.invoke0(Native Method)
	at sun.reflect.NativeMethodAccessorImpl.invoke(NativeMethodAccessorImpl.java:62)
	at sun.reflect.DelegatingMethodAccessorImpl.invoke(DelegatingMethodAccessorImpl.java:43)
	at java.lang.reflect.Method.invoke(Method.java:483)
	at org.junit.runners.model.FrameworkMethod$1.runReflectiveCall(FrameworkMethod.java:44)
	at org.junit.internal.runners.model.ReflectiveCallable.run(ReflectiveCallable.java:15)
	at org.junit.runners.model.FrameworkMethod.invokeExplosively(FrameworkMethod.java:41)
	at org.junit.internal.runners.statements.InvokeMethod.evaluate(InvokeMethod.java:20)
	at org.junit.internal.runners.statements.FailOnTimeout$1.run(FailOnTimeout.java:28)
</error>
    <system-out>Socket Initializaed
{&quot;data&quot;:{&quot;columns&quot;:[{&quot;relationType&quot;:null,&quot;isDeletable&quot;:false,&quot;isEditable&quot;:false,&quot;dataType&quot;:&quot;Id&quot;,&quot;unique&quot;:true,&quot;name&quot;:&quot;id&quot;,&quot;_type&quot;:&quot;column&quot;,&quot;isRenamable&quot;:false,&quot;required&quot;:true,&quot;relatedTo&quot;:null},{&quot;relationType&quot;:null,&quot;isDeletable&quot;:false,&quot;isEditable&quot;:false,&quot;dataType&quot;:&quot;DateTime&quot;,&quot;unique&quot;:false,&quot;name&quot;:&quot;expires&quot;,&quot;_type&quot;:&quot;column&quot;,&quot;isRenamable&quot;:false,&quot;required&quot;:false,&quot;relatedTo&quot;:null},{&quot;relationType&quot;:null,&quot;isDeletable&quot;:false,&quot;isEditable&quot;:false,&quot;dataType&quot;:&quot;DateTime&quot;,&quot;unique&quot;:false,&quot;name&quot;:&quot;createdAt&quot;,&quot;_type&quot;:&quot;column&quot;,&quot;isRenamable&quot;:false,&quot;required&quot;:true,&quot;relatedTo&quot;:null},{&quot;relationType&quot;:null,&quot;isDeletable&quot;:false,&quot;isEditable&quot;:false,&quot;dataType&quot;:&quot;DateTime&quot;,&quot;unique&quot;:false,&quot;name&quot;:&quot;updatedAt&quot;,&quot;_type&quot;:&quot;column&quot;,&quot;isRenamable&quot;:false,&quot;required&quot;:true,&quot;relatedTo&quot;:null},{&quot;relationType&quot;:null,&quot;isDeletable&quot;:false,&quot;isEditable&quot;:false,&quot;dataType&quot;:&quot;ACL&quot;,&quot;unique&quot;:false,&quot;name&quot;:&quot;ACL&quot;,&quot;_type&quot;:&quot;column&quot;,&quot;isRenamable&quot;:false,&quot;required&quot;:true,&quot;relatedTo&quot;:null}],&quot;appId&quot;:&quot;sample123&quot;,&quot;name&quot;:&quot;mfsrosht&quot;,&quot;_type&quot;:&quot;table&quot;,&quot;type&quot;:&quot;custom&quot;,&quot;maxCount&quot;:9999},&quot;key&quot;:&quot;Qopoy/kXd+6G734HsjQMqGPGOvwEJYmBG84lQawRmWM=&quot;}
parameters: {&quot;data&quot;:{&quot;columns&quot;:[{&quot;relationType&quot;:null,&quot;isDeletable&quot;:false,&quot;isEditable&quot;:false,&quot;dataType&quot;:&quot;Id&quot;,&quot;unique&quot;:true,&quot;name&quot;:&quot;id&quot;,&quot;_type&quot;:&quot;column&quot;,&quot;isRenamable&quot;:false,&quot;required&quot;:true,&quot;relatedTo&quot;:null},{&quot;relationType&quot;:null,&quot;isDeletable&quot;:false,&quot;isEditable&quot;:false,&quot;dataType&quot;:&quot;DateTime&quot;,&quot;unique&quot;:false,&quot;name&quot;:&quot;expires&quot;,&quot;_type&quot;:&quot;column&quot;,&quot;isRenamable&quot;:false,&quot;required&quot;:false,&quot;relatedTo&quot;:null},{&quot;relationType&quot;:null,&quot;isDeletable&quot;:false,&quot;isEditable&quot;:false,&quot;dataType&quot;:&quot;DateTime&quot;,&quot;unique&quot;:false,&quot;name&quot;:&quot;createdAt&quot;,&quot;_type&quot;:&quot;column&quot;,&quot;isRenamable&quot;:false,&quot;required&quot;:true,&quot;relatedTo&quot;:null},{&quot;relationType&quot;:null,&quot;isDeletable&quot;:false,&quot;isEditable&quot;:false,&quot;dataType&quot;:&quot;DateTime&quot;,&quot;unique&quot;:false,&quot;name&quot;:&quot;updatedAt&quot;,&quot;_type&quot;:&quot;column&quot;,&quot;isRenamable&quot;:false,&quot;required&quot;:true,&quot;relatedTo&quot;:null},{&quot;relationType&quot;:null,&quot;isDeletable&quot;:false,&quot;isEditable&quot;:false,&quot;dataType&quot;:&quot;ACL&quot;,&quot;unique&quot;:false,&quot;name&quot;:&quot;ACL&quot;,&quot;_type&quot;:&quot;column&quot;,&quot;isRenamable&quot;:false,&quot;required&quot;:true,&quot;relatedTo&quot;:null}],&quot;appId&quot;:&quot;sample123&quot;,&quot;name&quot;:&quot;mfsrosht&quot;,&quot;_type&quot;:&quot;table&quot;,&quot;type&quot;:&quot;custom&quot;,&quot;maxCount&quot;:9999},&quot;key&quot;:&quot;Qopoy/kXd+6G734HsjQMqGPGOvwEJYmBG84lQawRmWM=&quot;}
</system-out>
    <system-err>java.io.IOException: Server returned HTTP response code: 401 for URL: https://service.cloudboost.io/sample123/table/mfsrosht
	at sun.reflect.GeneratedConstructorAccessor17.newInstance(Unknown Source)
	at sun.reflect.DelegatingConstructorAccessorImpl.newInstance(DelegatingConstructorAccessorImpl.java:45)
	at java.lang.reflect.Constructor.newInstance(Constructor.java:408)
	at sun.net.www.protocol.http.HttpURLConnection$10.run(HttpURLConnection.java:1888)
	at sun.net.www.protocol.http.HttpURLConnection$10.run(HttpURLConnection.java:1883)
	at java.security.AccessController.doPrivileged(Native Method)
	at sun.net.www.protocol.http.HttpURLConnection.getChainedException(HttpURLConnection.java:1882)
	at sun.net.www.protocol.http.HttpURLConnection.getInputStream0(HttpURLConnection.java:1455)
	at sun.net.www.protocol.http.HttpURLConnection.getInputStream(HttpURLConnection.java:1439)
	at sun.net.www.protocol.https.HttpsURLConnectionImpl.getInputStream(HttpsURLConnectionImpl.java:254)
	at io.cloudboost.util.CBParser.callJson(CBParser.java:62)
	at io.cloudboost.CloudTable.save(CloudTable.java:264)
	at io.cloudboost.CloudTableTest.addColumnAfterSave(CloudTableTest.java:168)
	at sun.reflect.NativeMethodAccessorImpl.invoke0(Native Method)
	at sun.reflect.NativeMethodAccessorImpl.invoke(NativeMethodAccessorImpl.java:62)
	at sun.reflect.DelegatingMethodAccessorImpl.invoke(DelegatingMethodAccessorImpl.java:43)
	at java.lang.reflect.Method.invoke(Method.java:483)
	at org.junit.runners.model.FrameworkMethod$1.runReflectiveCall(FrameworkMethod.java:44)
	at org.junit.internal.runners.model.ReflectiveCallable.run(ReflectiveCallable.java:15)
	at org.junit.runners.model.FrameworkMethod.invokeExplosively(FrameworkMethod.java:41)
	at org.junit.internal.runners.statements.InvokeMethod.evaluate(InvokeMethod.java:20)
	at org.junit.internal.runners.statements.FailOnTimeout$1.run(FailOnTimeout.java:28)
Caused by: java.io.IOException: Server returned HTTP response code: 401 for URL: https://service.cloudboost.io/sample123/table/mfsrosht
	at sun.net.www.protocol.http.HttpURLConnection.getInputStream0(HttpURLConnection.java:1838)
	at sun.net.www.protocol.http.HttpURLConnection.getInputStream(HttpURLConnection.java:1439)
	at java.net.HttpURLConnection.getResponseCode(HttpURLConnection.java:480)
	at sun.net.www.protocol.https.HttpsURLConnectionImpl.getResponseCode(HttpsURLConnectionImpl.java:338)
	at io.cloudboost.util.CBParser.callJson(CBParser.java:60)
	... 11 more
</system-err>
  </testcase>
  <testcase classname="io.cloudboost.CloudTableTest" name="deleteTableAddress" time="2.078">
    <error type="java.lang.NullPointerException">java.lang.NullPointerException
	at io.cloudboost.util.CBParser.callJson(CBParser.java:70)
	at io.cloudboost.CloudTable.get(CloudTable.java:224)
	at io.cloudboost.CloudTableTest.deleteTableAddress(CloudTableTest.java:222)
	at sun.reflect.NativeMethodAccessorImpl.invoke0(Native Method)
	at sun.reflect.NativeMethodAccessorImpl.invoke(NativeMethodAccessorImpl.java:62)
	at sun.reflect.DelegatingMethodAccessorImpl.invoke(DelegatingMethodAccessorImpl.java:43)
	at java.lang.reflect.Method.invoke(Method.java:483)
	at org.junit.runners.model.FrameworkMethod$1.runReflectiveCall(FrameworkMethod.java:44)
	at org.junit.internal.runners.model.ReflectiveCallable.run(ReflectiveCallable.java:15)
	at org.junit.runners.model.FrameworkMethod.invokeExplosively(FrameworkMethod.java:41)
	at org.junit.internal.runners.statements.InvokeMethod.evaluate(InvokeMethod.java:20)
	at org.junit.internal.runners.statements.FailOnTimeout$1.run(FailOnTimeout.java:28)
</error>
    <system-out>Socket Initializaed
parameters: {&quot;appId&quot;:&quot;sample123&quot;,&quot;key&quot;:&quot;Qopoy/kXd+6G734HsjQMqGPGOvwEJYmBG84lQawRmWM=&quot;}
</system-out>
    <system-err>java.io.IOException: Server returned HTTP response code: 401 for URL: https://service.cloudboost.io/sample123/table/Address
	at sun.reflect.GeneratedConstructorAccessor17.newInstance(Unknown Source)
	at sun.reflect.DelegatingConstructorAccessorImpl.newInstance(DelegatingConstructorAccessorImpl.java:45)
	at java.lang.reflect.Constructor.newInstance(Constructor.java:408)
	at sun.net.www.protocol.http.HttpURLConnection$10.run(HttpURLConnection.java:1888)
	at sun.net.www.protocol.http.HttpURLConnection$10.run(HttpURLConnection.java:1883)
	at java.security.AccessController.doPrivileged(Native Method)
	at sun.net.www.protocol.http.HttpURLConnection.getChainedException(HttpURLConnection.java:1882)
	at sun.net.www.protocol.http.HttpURLConnection.getInputStream0(HttpURLConnection.java:1455)
	at sun.net.www.protocol.http.HttpURLConnection.getInputStream(HttpURLConnection.java:1439)
	at sun.net.www.protocol.https.HttpsURLConnectionImpl.getInputStream(HttpsURLConnectionImpl.java:254)
	at io.cloudboost.util.CBParser.callJson(CBParser.java:62)
	at io.cloudboost.CloudTable.get(CloudTable.java:224)
	at io.cloudboost.CloudTableTest.deleteTableAddress(CloudTableTest.java:222)
	at sun.reflect.NativeMethodAccessorImpl.invoke0(Native Method)
	at sun.reflect.NativeMethodAccessorImpl.invoke(NativeMethodAccessorImpl.java:62)
	at sun.reflect.DelegatingMethodAccessorImpl.invoke(DelegatingMethodAccessorImpl.java:43)
	at java.lang.reflect.Method.invoke(Method.java:483)
	at org.junit.runners.model.FrameworkMethod$1.runReflectiveCall(FrameworkMethod.java:44)
	at org.junit.internal.runners.model.ReflectiveCallable.run(ReflectiveCallable.java:15)
	at org.junit.runners.model.FrameworkMethod.invokeExplosively(FrameworkMethod.java:41)
	at org.junit.internal.runners.statements.InvokeMethod.evaluate(InvokeMethod.java:20)
	at org.junit.internal.runners.statements.FailOnTimeout$1.run(FailOnTimeout.java:28)
Caused by: java.io.IOException: Server returned HTTP response code: 401 for URL: https://service.cloudboost.io/sample123/table/Address
	at sun.net.www.protocol.http.HttpURLConnection.getInputStream0(HttpURLConnection.java:1838)
	at sun.net.www.protocol.http.HttpURLConnection.getInputStream(HttpURLConnection.java:1439)
	at java.net.HttpURLConnection.getResponseCode(HttpURLConnection.java:480)
	at sun.net.www.protocol.https.HttpsURLConnectionImpl.getResponseCode(HttpsURLConnectionImpl.java:338)
	at io.cloudboost.util.CBParser.callJson(CBParser.java:60)
	... 11 more
</system-err>
  </testcase>
  <testcase classname="io.cloudboost.CloudTableTest" name="deleteTableCompany" time="2.361">
    <error type="java.lang.NullPointerException">java.lang.NullPointerException
	at io.cloudboost.util.CBParser.callJson(CBParser.java:70)
	at io.cloudboost.CloudTable.get(CloudTable.java:224)
	at io.cloudboost.CloudTableTest.deleteTableCompany(CloudTableTest.java:247)
	at sun.reflect.NativeMethodAccessorImpl.invoke0(Native Method)
	at sun.reflect.NativeMethodAccessorImpl.invoke(NativeMethodAccessorImpl.java:62)
	at sun.reflect.DelegatingMethodAccessorImpl.invoke(DelegatingMethodAccessorImpl.java:43)
	at java.lang.reflect.Method.invoke(Method.java:483)
	at org.junit.runners.model.FrameworkMethod$1.runReflectiveCall(FrameworkMethod.java:44)
	at org.junit.internal.runners.model.ReflectiveCallable.run(ReflectiveCallable.java:15)
	at org.junit.runners.model.FrameworkMethod.invokeExplosively(FrameworkMethod.java:41)
	at org.junit.internal.runners.statements.InvokeMethod.evaluate(InvokeMethod.java:20)
	at org.junit.internal.runners.statements.FailOnTimeout$1.run(FailOnTimeout.java:28)
</error>
    <system-out>Socket Initializaed
parameters: {&quot;appId&quot;:&quot;sample123&quot;,&quot;key&quot;:&quot;Qopoy/kXd+6G734HsjQMqGPGOvwEJYmBG84lQawRmWM=&quot;}
</system-out>
    <system-err>java.io.IOException: Server returned HTTP response code: 401 for URL: https://service.cloudboost.io/sample123/table/Company
	at sun.reflect.GeneratedConstructorAccessor17.newInstance(Unknown Source)
	at sun.reflect.DelegatingConstructorAccessorImpl.newInstance(DelegatingConstructorAccessorImpl.java:45)
	at java.lang.reflect.Constructor.newInstance(Constructor.java:408)
	at sun.net.www.protocol.http.HttpURLConnection$10.run(HttpURLConnection.java:1888)
	at sun.net.www.protocol.http.HttpURLConnection$10.run(HttpURLConnection.java:1883)
	at java.security.AccessController.doPrivileged(Native Method)
	at sun.net.www.protocol.http.HttpURLConnection.getChainedException(HttpURLConnection.java:1882)
	at sun.net.www.protocol.http.HttpURLConnection.getInputStream0(HttpURLConnection.java:1455)
	at sun.net.www.protocol.http.HttpURLConnection.getInputStream(HttpURLConnection.java:1439)
	at sun.net.www.protocol.https.HttpsURLConnectionImpl.getInputStream(HttpsURLConnectionImpl.java:254)
	at io.cloudboost.util.CBParser.callJson(CBParser.java:62)
	at io.cloudboost.CloudTable.get(CloudTable.java:224)
	at io.cloudboost.CloudTableTest.deleteTableCompany(CloudTableTest.java:247)
	at sun.reflect.NativeMethodAccessorImpl.invoke0(Native Method)
	at sun.reflect.NativeMethodAccessorImpl.invoke(NativeMethodAccessorImpl.java:62)
	at sun.reflect.DelegatingMethodAccessorImpl.invoke(DelegatingMethodAccessorImpl.java:43)
	at java.lang.reflect.Method.invoke(Method.java:483)
	at org.junit.runners.model.FrameworkMethod$1.runReflectiveCall(FrameworkMethod.java:44)
	at org.junit.internal.runners.model.ReflectiveCallable.run(ReflectiveCallable.java:15)
	at org.junit.runners.model.FrameworkMethod.invokeExplosively(FrameworkMethod.java:41)
	at org.junit.internal.runners.statements.InvokeMethod.evaluate(InvokeMethod.java:20)
	at org.junit.internal.runners.statements.FailOnTimeout$1.run(FailOnTimeout.java:28)
Caused by: java.io.IOException: Server returned HTTP response code: 401 for URL: https://service.cloudboost.io/sample123/table/Company
	at sun.net.www.protocol.http.HttpURLConnection.getInputStream0(HttpURLConnection.java:1838)
	at sun.net.www.protocol.http.HttpURLConnection.getInputStream(HttpURLConnection.java:1439)
	at java.net.HttpURLConnection.getResponseCode(HttpURLConnection.java:480)
	at sun.net.www.protocol.https.HttpsURLConnectionImpl.getResponseCode(HttpsURLConnectionImpl.java:338)
	at io.cloudboost.util.CBParser.callJson(CBParser.java:60)
	... 11 more
</system-err>
  </testcase>
  <testcase classname="io.cloudboost.CloudTableTest" name="deleteTableEmployee" time="2.039">
    <error type="java.lang.NullPointerException">java.lang.NullPointerException
	at io.cloudboost.util.CBParser.callJson(CBParser.java:70)
	at io.cloudboost.CloudTable.get(CloudTable.java:224)
	at io.cloudboost.CloudTableTest.deleteTableEmployee(CloudTableTest.java:272)
	at sun.reflect.NativeMethodAccessorImpl.invoke0(Native Method)
	at sun.reflect.NativeMethodAccessorImpl.invoke(NativeMethodAccessorImpl.java:62)
	at sun.reflect.DelegatingMethodAccessorImpl.invoke(DelegatingMethodAccessorImpl.java:43)
	at java.lang.reflect.Method.invoke(Method.java:483)
	at org.junit.runners.model.FrameworkMethod$1.runReflectiveCall(FrameworkMethod.java:44)
	at org.junit.internal.runners.model.ReflectiveCallable.run(ReflectiveCallable.java:15)
	at org.junit.runners.model.FrameworkMethod.invokeExplosively(FrameworkMethod.java:41)
	at org.junit.internal.runners.statements.InvokeMethod.evaluate(InvokeMethod.java:20)
	at org.junit.internal.runners.statements.FailOnTimeout$1.run(FailOnTimeout.java:28)
</error>
    <system-out>Socket Initializaed
parameters: {&quot;appId&quot;:&quot;sample123&quot;,&quot;key&quot;:&quot;Qopoy/kXd+6G734HsjQMqGPGOvwEJYmBG84lQawRmWM=&quot;}
</system-out>
    <system-err>java.io.IOException: Server returned HTTP response code: 401 for URL: https://service.cloudboost.io/sample123/table/Employee
	at sun.reflect.GeneratedConstructorAccessor17.newInstance(Unknown Source)
	at sun.reflect.DelegatingConstructorAccessorImpl.newInstance(DelegatingConstructorAccessorImpl.java:45)
	at java.lang.reflect.Constructor.newInstance(Constructor.java:408)
	at sun.net.www.protocol.http.HttpURLConnection$10.run(HttpURLConnection.java:1888)
	at sun.net.www.protocol.http.HttpURLConnection$10.run(HttpURLConnection.java:1883)
	at java.security.AccessController.doPrivileged(Native Method)
	at sun.net.www.protocol.http.HttpURLConnection.getChainedException(HttpURLConnection.java:1882)
	at sun.net.www.protocol.http.HttpURLConnection.getInputStream0(HttpURLConnection.java:1455)
	at sun.net.www.protocol.http.HttpURLConnection.getInputStream(HttpURLConnection.java:1439)
	at sun.net.www.protocol.https.HttpsURLConnectionImpl.getInputStream(HttpsURLConnectionImpl.java:254)
	at io.cloudboost.util.CBParser.callJson(CBParser.java:62)
	at io.cloudboost.CloudTable.get(CloudTable.java:224)
	at io.cloudboost.CloudTableTest.deleteTableEmployee(CloudTableTest.java:272)
	at sun.reflect.NativeMethodAccessorImpl.invoke0(Native Method)
	at sun.reflect.NativeMethodAccessorImpl.invoke(NativeMethodAccessorImpl.java:62)
	at sun.reflect.DelegatingMethodAccessorImpl.invoke(DelegatingMethodAccessorImpl.java:43)
	at java.lang.reflect.Method.invoke(Method.java:483)
	at org.junit.runners.model.FrameworkMethod$1.runReflectiveCall(FrameworkMethod.java:44)
	at org.junit.internal.runners.model.ReflectiveCallable.run(ReflectiveCallable.java:15)
	at org.junit.runners.model.FrameworkMethod.invokeExplosively(FrameworkMethod.java:41)
	at org.junit.internal.runners.statements.InvokeMethod.evaluate(InvokeMethod.java:20)
	at org.junit.internal.runners.statements.FailOnTimeout$1.run(FailOnTimeout.java:28)
Caused by: java.io.IOException: Server returned HTTP response code: 401 for URL: https://service.cloudboost.io/sample123/table/Employee
	at sun.net.www.protocol.http.HttpURLConnection.getInputStream0(HttpURLConnection.java:1838)
	at sun.net.www.protocol.http.HttpURLConnection.getInputStream(HttpURLConnection.java:1439)
	at java.net.HttpURLConnection.getResponseCode(HttpURLConnection.java:480)
	at sun.net.www.protocol.https.HttpsURLConnectionImpl.getResponseCode(HttpsURLConnectionImpl.java:338)
	at io.cloudboost.util.CBParser.callJson(CBParser.java:60)
	... 11 more
</system-err>
  </testcase>
  <testcase classname="io.cloudboost.CloudTableTest" name="createTableEmployee" time="2.229">
    <error type="java.lang.NullPointerException">java.lang.NullPointerException
	at io.cloudboost.util.CBParser.callJson(CBParser.java:70)
	at io.cloudboost.CloudTable.save(CloudTable.java:264)
	at io.cloudboost.CloudTableTest.createTableEmployee(CloudTableTest.java:301)
	at sun.reflect.NativeMethodAccessorImpl.invoke0(Native Method)
	at sun.reflect.NativeMethodAccessorImpl.invoke(NativeMethodAccessorImpl.java:62)
	at sun.reflect.DelegatingMethodAccessorImpl.invoke(DelegatingMethodAccessorImpl.java:43)
	at java.lang.reflect.Method.invoke(Method.java:483)
	at org.junit.runners.model.FrameworkMethod$1.runReflectiveCall(FrameworkMethod.java:44)
	at org.junit.internal.runners.model.ReflectiveCallable.run(ReflectiveCallable.java:15)
	at org.junit.runners.model.FrameworkMethod.invokeExplosively(FrameworkMethod.java:41)
	at org.junit.internal.runners.statements.InvokeMethod.evaluate(InvokeMethod.java:20)
	at org.junit.internal.runners.statements.FailOnTimeout$1.run(FailOnTimeout.java:28)
</error>
    <system-out>Socket Initializaed
{&quot;data&quot;:{&quot;columns&quot;:[{&quot;relationType&quot;:null,&quot;isDeletable&quot;:false,&quot;isEditable&quot;:false,&quot;dataType&quot;:&quot;Id&quot;,&quot;unique&quot;:true,&quot;name&quot;:&quot;id&quot;,&quot;_type&quot;:&quot;column&quot;,&quot;isRenamable&quot;:false,&quot;required&quot;:true,&quot;relatedTo&quot;:null},{&quot;relationType&quot;:null,&quot;isDeletable&quot;:false,&quot;isEditable&quot;:false,&quot;dataType&quot;:&quot;DateTime&quot;,&quot;unique&quot;:false,&quot;name&quot;:&quot;expires&quot;,&quot;_type&quot;:&quot;column&quot;,&quot;isRenamable&quot;:false,&quot;required&quot;:false,&quot;relatedTo&quot;:null},{&quot;relationType&quot;:null,&quot;isDeletable&quot;:false,&quot;isEditable&quot;:false,&quot;dataType&quot;:&quot;DateTime&quot;,&quot;unique&quot;:false,&quot;name&quot;:&quot;createdAt&quot;,&quot;_type&quot;:&quot;column&quot;,&quot;isRenamable&quot;:false,&quot;required&quot;:true,&quot;relatedTo&quot;:null},{&quot;relationType&quot;:null,&quot;isDeletable&quot;:false,&quot;isEditable&quot;:false,&quot;dataType&quot;:&quot;DateTime&quot;,&quot;unique&quot;:false,&quot;name&quot;:&quot;updatedAt&quot;,&quot;_type&quot;:&quot;column&quot;,&quot;isRenamable&quot;:false,&quot;required&quot;:true,&quot;relatedTo&quot;:null},{&quot;relationType&quot;:null,&quot;isDeletable&quot;:false,&quot;isEditable&quot;:false,&quot;dataType&quot;:&quot;ACL&quot;,&quot;unique&quot;:false,&quot;name&quot;:&quot;ACL&quot;,&quot;_type&quot;:&quot;column&quot;,&quot;isRenamable&quot;:false,&quot;required&quot;:true,&quot;relatedTo&quot;:null},{&quot;relationType&quot;:null,&quot;isDeletable&quot;:true,&quot;isEditable&quot;:true,&quot;dataType&quot;:&quot;Number&quot;,&quot;unique&quot;:false,&quot;name&quot;:&quot;Age&quot;,&quot;_type&quot;:&quot;column&quot;,&quot;isRenamable&quot;:false,&quot;required&quot;:false,&quot;relatedTo&quot;:null},{&quot;relationType&quot;:null,&quot;isDeletable&quot;:true,&quot;isEditable&quot;:true,&quot;dataType&quot;:&quot;Text&quot;,&quot;unique&quot;:false,&quot;name&quot;:&quot;Name&quot;,&quot;_type&quot;:&quot;column&quot;,&quot;isRenamable&quot;:false,&quot;required&quot;:false,&quot;relatedTo&quot;:null}],&quot;appId&quot;:&quot;sample123&quot;,&quot;name&quot;:&quot;Employee&quot;,&quot;_type&quot;:&quot;table&quot;,&quot;type&quot;:&quot;custom&quot;,&quot;maxCount&quot;:9999},&quot;key&quot;:&quot;Qopoy/kXd+6G734HsjQMqGPGOvwEJYmBG84lQawRmWM=&quot;}
parameters: {&quot;data&quot;:{&quot;columns&quot;:[{&quot;relationType&quot;:null,&quot;isDeletable&quot;:false,&quot;isEditable&quot;:false,&quot;dataType&quot;:&quot;Id&quot;,&quot;unique&quot;:true,&quot;name&quot;:&quot;id&quot;,&quot;_type&quot;:&quot;column&quot;,&quot;isRenamable&quot;:false,&quot;required&quot;:true,&quot;relatedTo&quot;:null},{&quot;relationType&quot;:null,&quot;isDeletable&quot;:false,&quot;isEditable&quot;:false,&quot;dataType&quot;:&quot;DateTime&quot;,&quot;unique&quot;:false,&quot;name&quot;:&quot;expires&quot;,&quot;_type&quot;:&quot;column&quot;,&quot;isRenamable&quot;:false,&quot;required&quot;:false,&quot;relatedTo&quot;:null},{&quot;relationType&quot;:null,&quot;isDeletable&quot;:false,&quot;isEditable&quot;:false,&quot;dataType&quot;:&quot;DateTime&quot;,&quot;unique&quot;:false,&quot;name&quot;:&quot;createdAt&quot;,&quot;_type&quot;:&quot;column&quot;,&quot;isRenamable&quot;:false,&quot;required&quot;:true,&quot;relatedTo&quot;:null},{&quot;relationType&quot;:null,&quot;isDeletable&quot;:false,&quot;isEditable&quot;:false,&quot;dataType&quot;:&quot;DateTime&quot;,&quot;unique&quot;:false,&quot;name&quot;:&quot;updatedAt&quot;,&quot;_type&quot;:&quot;column&quot;,&quot;isRenamable&quot;:false,&quot;required&quot;:true,&quot;relatedTo&quot;:null},{&quot;relationType&quot;:null,&quot;isDeletable&quot;:false,&quot;isEditable&quot;:false,&quot;dataType&quot;:&quot;ACL&quot;,&quot;unique&quot;:false,&quot;name&quot;:&quot;ACL&quot;,&quot;_type&quot;:&quot;column&quot;,&quot;isRenamable&quot;:false,&quot;required&quot;:true,&quot;relatedTo&quot;:null},{&quot;relationType&quot;:null,&quot;isDeletable&quot;:true,&quot;isEditable&quot;:true,&quot;dataType&quot;:&quot;Number&quot;,&quot;unique&quot;:false,&quot;name&quot;:&quot;Age&quot;,&quot;_type&quot;:&quot;column&quot;,&quot;isRenamable&quot;:false,&quot;required&quot;:false,&quot;relatedTo&quot;:null},{&quot;relationType&quot;:null,&quot;isDeletable&quot;:true,&quot;isEditable&quot;:true,&quot;dataType&quot;:&quot;Text&quot;,&quot;unique&quot;:false,&quot;name&quot;:&quot;Name&quot;,&quot;_type&quot;:&quot;column&quot;,&quot;isRenamable&quot;:false,&quot;required&quot;:false,&quot;relatedTo&quot;:null}],&quot;appId&quot;:&quot;sample123&quot;,&quot;name&quot;:&quot;Employee&quot;,&quot;_type&quot;:&quot;table&quot;,&quot;type&quot;:&quot;custom&quot;,&quot;maxCount&quot;:9999},&quot;key&quot;:&quot;Qopoy/kXd+6G734HsjQMqGPGOvwEJYmBG84lQawRmWM=&quot;}
</system-out>
    <system-err>java.io.IOException: Server returned HTTP response code: 401 for URL: https://service.cloudboost.io/sample123/table/Employee
	at sun.reflect.GeneratedConstructorAccessor17.newInstance(Unknown Source)
	at sun.reflect.DelegatingConstructorAccessorImpl.newInstance(DelegatingConstructorAccessorImpl.java:45)
	at java.lang.reflect.Constructor.newInstance(Constructor.java:408)
	at sun.net.www.protocol.http.HttpURLConnection$10.run(HttpURLConnection.java:1888)
	at sun.net.www.protocol.http.HttpURLConnection$10.run(HttpURLConnection.java:1883)
	at java.security.AccessController.doPrivileged(Native Method)
	at sun.net.www.protocol.http.HttpURLConnection.getChainedException(HttpURLConnection.java:1882)
	at sun.net.www.protocol.http.HttpURLConnection.getInputStream0(HttpURLConnection.java:1455)
	at sun.net.www.protocol.http.HttpURLConnection.getInputStream(HttpURLConnection.java:1439)
	at sun.net.www.protocol.https.HttpsURLConnectionImpl.getInputStream(HttpsURLConnectionImpl.java:254)
	at io.cloudboost.util.CBParser.callJson(CBParser.java:62)
	at io.cloudboost.CloudTable.save(CloudTable.java:264)
	at io.cloudboost.CloudTableTest.createTableEmployee(CloudTableTest.java:301)
	at sun.reflect.NativeMethodAccessorImpl.invoke0(Native Method)
	at sun.reflect.NativeMethodAccessorImpl.invoke(NativeMethodAccessorImpl.java:62)
	at sun.reflect.DelegatingMethodAccessorImpl.invoke(DelegatingMethodAccessorImpl.java:43)
	at java.lang.reflect.Method.invoke(Method.java:483)
	at org.junit.runners.model.FrameworkMethod$1.runReflectiveCall(FrameworkMethod.java:44)
	at org.junit.internal.runners.model.ReflectiveCallable.run(ReflectiveCallable.java:15)
	at org.junit.runners.model.FrameworkMethod.invokeExplosively(FrameworkMethod.java:41)
	at org.junit.internal.runners.statements.InvokeMethod.evaluate(InvokeMethod.java:20)
	at org.junit.internal.runners.statements.FailOnTimeout$1.run(FailOnTimeout.java:28)
Caused by: java.io.IOException: Server returned HTTP response code: 401 for URL: https://service.cloudboost.io/sample123/table/Employee
	at sun.net.www.protocol.http.HttpURLConnection.getInputStream0(HttpURLConnection.java:1838)
	at sun.net.www.protocol.http.HttpURLConnection.getInputStream(HttpURLConnection.java:1439)
	at java.net.HttpURLConnection.getResponseCode(HttpURLConnection.java:480)
	at sun.net.www.protocol.https.HttpsURLConnectionImpl.getResponseCode(HttpsURLConnectionImpl.java:338)
	at io.cloudboost.util.CBParser.callJson(CBParser.java:60)
	... 11 more
</system-err>
  </testcase>
  <testcase classname="io.cloudboost.CloudTableTest" name="createTableCompany" time="2.211">
    <error type="java.lang.NullPointerException">java.lang.NullPointerException
	at io.cloudboost.util.CBParser.callJson(CBParser.java:70)
	at io.cloudboost.CloudTable.save(CloudTable.java:264)
	at io.cloudboost.CloudTableTest.createTableCompany(CloudTableTest.java:323)
	at sun.reflect.NativeMethodAccessorImpl.invoke0(Native Method)
	at sun.reflect.NativeMethodAccessorImpl.invoke(NativeMethodAccessorImpl.java:62)
	at sun.reflect.DelegatingMethodAccessorImpl.invoke(DelegatingMethodAccessorImpl.java:43)
	at java.lang.reflect.Method.invoke(Method.java:483)
	at org.junit.runners.model.FrameworkMethod$1.runReflectiveCall(FrameworkMethod.java:44)
	at org.junit.internal.runners.model.ReflectiveCallable.run(ReflectiveCallable.java:15)
	at org.junit.runners.model.FrameworkMethod.invokeExplosively(FrameworkMethod.java:41)
	at org.junit.internal.runners.statements.InvokeMethod.evaluate(InvokeMethod.java:20)
	at org.junit.internal.runners.statements.FailOnTimeout$1.run(FailOnTimeout.java:28)
</error>
    <system-out>Socket Initializaed
{&quot;data&quot;:{&quot;columns&quot;:[{&quot;relationType&quot;:null,&quot;isDeletable&quot;:false,&quot;isEditable&quot;:false,&quot;dataType&quot;:&quot;Id&quot;,&quot;unique&quot;:true,&quot;name&quot;:&quot;id&quot;,&quot;_type&quot;:&quot;column&quot;,&quot;isRenamable&quot;:false,&quot;required&quot;:true,&quot;relatedTo&quot;:null},{&quot;relationType&quot;:null,&quot;isDeletable&quot;:false,&quot;isEditable&quot;:false,&quot;dataType&quot;:&quot;DateTime&quot;,&quot;unique&quot;:false,&quot;name&quot;:&quot;expires&quot;,&quot;_type&quot;:&quot;column&quot;,&quot;isRenamable&quot;:false,&quot;required&quot;:false,&quot;relatedTo&quot;:null},{&quot;relationType&quot;:null,&quot;isDeletable&quot;:false,&quot;isEditable&quot;:false,&quot;dataType&quot;:&quot;DateTime&quot;,&quot;unique&quot;:false,&quot;name&quot;:&quot;createdAt&quot;,&quot;_type&quot;:&quot;column&quot;,&quot;isRenamable&quot;:false,&quot;required&quot;:true,&quot;relatedTo&quot;:null},{&quot;relationType&quot;:null,&quot;isDeletable&quot;:false,&quot;isEditable&quot;:false,&quot;dataType&quot;:&quot;DateTime&quot;,&quot;unique&quot;:false,&quot;name&quot;:&quot;updatedAt&quot;,&quot;_type&quot;:&quot;column&quot;,&quot;isRenamable&quot;:false,&quot;required&quot;:true,&quot;relatedTo&quot;:null},{&quot;relationType&quot;:null,&quot;isDeletable&quot;:false,&quot;isEditable&quot;:false,&quot;dataType&quot;:&quot;ACL&quot;,&quot;unique&quot;:false,&quot;name&quot;:&quot;ACL&quot;,&quot;_type&quot;:&quot;column&quot;,&quot;isRenamable&quot;:false,&quot;required&quot;:true,&quot;relatedTo&quot;:null},{&quot;relationType&quot;:null,&quot;isDeletable&quot;:true,&quot;isEditable&quot;:true,&quot;dataType&quot;:&quot;Number&quot;,&quot;unique&quot;:false,&quot;name&quot;:&quot;Revenue&quot;,&quot;_type&quot;:&quot;column&quot;,&quot;isRenamable&quot;:false,&quot;required&quot;:false,&quot;relatedTo&quot;:null},{&quot;relationType&quot;:null,&quot;isDeletable&quot;:true,&quot;isEditable&quot;:true,&quot;dataType&quot;:&quot;Text&quot;,&quot;unique&quot;:false,&quot;name&quot;:&quot;Name&quot;,&quot;_type&quot;:&quot;column&quot;,&quot;isRenamable&quot;:false,&quot;required&quot;:false,&quot;relatedTo&quot;:null}],&quot;appId&quot;:&quot;sample123&quot;,&quot;name&quot;:&quot;Company&quot;,&quot;_type&quot;:&quot;table&quot;,&quot;type&quot;:&quot;custom&quot;,&quot;maxCount&quot;:9999},&quot;key&quot;:&quot;Qopoy/kXd+6G734HsjQMqGPGOvwEJYmBG84lQawRmWM=&quot;}
parameters: {&quot;data&quot;:{&quot;columns&quot;:[{&quot;relationType&quot;:null,&quot;isDeletable&quot;:false,&quot;isEditable&quot;:false,&quot;dataType&quot;:&quot;Id&quot;,&quot;unique&quot;:true,&quot;name&quot;:&quot;id&quot;,&quot;_type&quot;:&quot;column&quot;,&quot;isRenamable&quot;:false,&quot;required&quot;:true,&quot;relatedTo&quot;:null},{&quot;relationType&quot;:null,&quot;isDeletable&quot;:false,&quot;isEditable&quot;:false,&quot;dataType&quot;:&quot;DateTime&quot;,&quot;unique&quot;:false,&quot;name&quot;:&quot;expires&quot;,&quot;_type&quot;:&quot;column&quot;,&quot;isRenamable&quot;:false,&quot;required&quot;:false,&quot;relatedTo&quot;:null},{&quot;relationType&quot;:null,&quot;isDeletable&quot;:false,&quot;isEditable&quot;:false,&quot;dataType&quot;:&quot;DateTime&quot;,&quot;unique&quot;:false,&quot;name&quot;:&quot;createdAt&quot;,&quot;_type&quot;:&quot;column&quot;,&quot;isRenamable&quot;:false,&quot;required&quot;:true,&quot;relatedTo&quot;:null},{&quot;relationType&quot;:null,&quot;isDeletable&quot;:false,&quot;isEditable&quot;:false,&quot;dataType&quot;:&quot;DateTime&quot;,&quot;unique&quot;:false,&quot;name&quot;:&quot;updatedAt&quot;,&quot;_type&quot;:&quot;column&quot;,&quot;isRenamable&quot;:false,&quot;required&quot;:true,&quot;relatedTo&quot;:null},{&quot;relationType&quot;:null,&quot;isDeletable&quot;:false,&quot;isEditable&quot;:false,&quot;dataType&quot;:&quot;ACL&quot;,&quot;unique&quot;:false,&quot;name&quot;:&quot;ACL&quot;,&quot;_type&quot;:&quot;column&quot;,&quot;isRenamable&quot;:false,&quot;required&quot;:true,&quot;relatedTo&quot;:null},{&quot;relationType&quot;:null,&quot;isDeletable&quot;:true,&quot;isEditable&quot;:true,&quot;dataType&quot;:&quot;Number&quot;,&quot;unique&quot;:false,&quot;name&quot;:&quot;Revenue&quot;,&quot;_type&quot;:&quot;column&quot;,&quot;isRenamable&quot;:false,&quot;required&quot;:false,&quot;relatedTo&quot;:null},{&quot;relationType&quot;:null,&quot;isDeletable&quot;:true,&quot;isEditable&quot;:true,&quot;dataType&quot;:&quot;Text&quot;,&quot;unique&quot;:false,&quot;name&quot;:&quot;Name&quot;,&quot;_type&quot;:&quot;column&quot;,&quot;isRenamable&quot;:false,&quot;required&quot;:false,&quot;relatedTo&quot;:null}],&quot;appId&quot;:&quot;sample123&quot;,&quot;name&quot;:&quot;Company&quot;,&quot;_type&quot;:&quot;table&quot;,&quot;type&quot;:&quot;custom&quot;,&quot;maxCount&quot;:9999},&quot;key&quot;:&quot;Qopoy/kXd+6G734HsjQMqGPGOvwEJYmBG84lQawRmWM=&quot;}
</system-out>
    <system-err>java.io.IOException: Server returned HTTP response code: 401 for URL: https://service.cloudboost.io/sample123/table/Company
	at sun.reflect.GeneratedConstructorAccessor17.newInstance(Unknown Source)
	at sun.reflect.DelegatingConstructorAccessorImpl.newInstance(DelegatingConstructorAccessorImpl.java:45)
	at java.lang.reflect.Constructor.newInstance(Constructor.java:408)
	at sun.net.www.protocol.http.HttpURLConnection$10.run(HttpURLConnection.java:1888)
	at sun.net.www.protocol.http.HttpURLConnection$10.run(HttpURLConnection.java:1883)
	at java.security.AccessController.doPrivileged(Native Method)
	at sun.net.www.protocol.http.HttpURLConnection.getChainedException(HttpURLConnection.java:1882)
	at sun.net.www.protocol.http.HttpURLConnection.getInputStream0(HttpURLConnection.java:1455)
	at sun.net.www.protocol.http.HttpURLConnection.getInputStream(HttpURLConnection.java:1439)
	at sun.net.www.protocol.https.HttpsURLConnectionImpl.getInputStream(HttpsURLConnectionImpl.java:254)
	at io.cloudboost.util.CBParser.callJson(CBParser.java:62)
	at io.cloudboost.CloudTable.save(CloudTable.java:264)
	at io.cloudboost.CloudTableTest.createTableCompany(CloudTableTest.java:323)
	at sun.reflect.NativeMethodAccessorImpl.invoke0(Native Method)
	at sun.reflect.NativeMethodAccessorImpl.invoke(NativeMethodAccessorImpl.java:62)
	at sun.reflect.DelegatingMethodAccessorImpl.invoke(DelegatingMethodAccessorImpl.java:43)
	at java.lang.reflect.Method.invoke(Method.java:483)
	at org.junit.runners.model.FrameworkMethod$1.runReflectiveCall(FrameworkMethod.java:44)
	at org.junit.internal.runners.model.ReflectiveCallable.run(ReflectiveCallable.java:15)
	at org.junit.runners.model.FrameworkMethod.invokeExplosively(FrameworkMethod.java:41)
	at org.junit.internal.runners.statements.InvokeMethod.evaluate(InvokeMethod.java:20)
	at org.junit.internal.runners.statements.FailOnTimeout$1.run(FailOnTimeout.java:28)
Caused by: java.io.IOException: Server returned HTTP response code: 401 for URL: https://service.cloudboost.io/sample123/table/Company
	at sun.net.www.protocol.http.HttpURLConnection.getInputStream0(HttpURLConnection.java:1838)
	at sun.net.www.protocol.http.HttpURLConnection.getInputStream(HttpURLConnection.java:1439)
	at java.net.HttpURLConnection.getResponseCode(HttpURLConnection.java:480)
	at sun.net.www.protocol.https.HttpsURLConnectionImpl.getResponseCode(HttpsURLConnectionImpl.java:338)
	at io.cloudboost.util.CBParser.callJson(CBParser.java:60)
	... 11 more
</system-err>
  </testcase>
  <testcase classname="io.cloudboost.CloudTableTest" name="createTableAddress" time="2.21">
    <error type="java.lang.NullPointerException">java.lang.NullPointerException
	at io.cloudboost.util.CBParser.callJson(CBParser.java:70)
	at io.cloudboost.CloudTable.save(CloudTable.java:264)
	at io.cloudboost.CloudTableTest.createTableAddress(CloudTableTest.java:346)
	at sun.reflect.NativeMethodAccessorImpl.invoke0(Native Method)
	at sun.reflect.NativeMethodAccessorImpl.invoke(NativeMethodAccessorImpl.java:62)
	at sun.reflect.DelegatingMethodAccessorImpl.invoke(DelegatingMethodAccessorImpl.java:43)
	at java.lang.reflect.Method.invoke(Method.java:483)
	at org.junit.runners.model.FrameworkMethod$1.runReflectiveCall(FrameworkMethod.java:44)
	at org.junit.internal.runners.model.ReflectiveCallable.run(ReflectiveCallable.java:15)
	at org.junit.runners.model.FrameworkMethod.invokeExplosively(FrameworkMethod.java:41)
	at org.junit.internal.runners.statements.InvokeMethod.evaluate(InvokeMethod.java:20)
	at org.junit.internal.runners.statements.FailOnTimeout$1.run(FailOnTimeout.java:28)
</error>
    <system-out>Socket Initializaed
{&quot;data&quot;:{&quot;columns&quot;:[{&quot;relationType&quot;:null,&quot;isDeletable&quot;:false,&quot;isEditable&quot;:false,&quot;dataType&quot;:&quot;Id&quot;,&quot;unique&quot;:true,&quot;name&quot;:&quot;id&quot;,&quot;_type&quot;:&quot;column&quot;,&quot;isRenamable&quot;:false,&quot;required&quot;:true,&quot;relatedTo&quot;:null},{&quot;relationType&quot;:null,&quot;isDeletable&quot;:false,&quot;isEditable&quot;:false,&quot;dataType&quot;:&quot;DateTime&quot;,&quot;unique&quot;:false,&quot;name&quot;:&quot;expires&quot;,&quot;_type&quot;:&quot;column&quot;,&quot;isRenamable&quot;:false,&quot;required&quot;:false,&quot;relatedTo&quot;:null},{&quot;relationType&quot;:null,&quot;isDeletable&quot;:false,&quot;isEditable&quot;:false,&quot;dataType&quot;:&quot;DateTime&quot;,&quot;unique&quot;:false,&quot;name&quot;:&quot;createdAt&quot;,&quot;_type&quot;:&quot;column&quot;,&quot;isRenamable&quot;:false,&quot;required&quot;:true,&quot;relatedTo&quot;:null},{&quot;relationType&quot;:null,&quot;isDeletable&quot;:false,&quot;isEditable&quot;:false,&quot;dataType&quot;:&quot;DateTime&quot;,&quot;unique&quot;:false,&quot;name&quot;:&quot;updatedAt&quot;,&quot;_type&quot;:&quot;column&quot;,&quot;isRenamable&quot;:false,&quot;required&quot;:true,&quot;relatedTo&quot;:null},{&quot;relationType&quot;:null,&quot;isDeletable&quot;:false,&quot;isEditable&quot;:false,&quot;dataType&quot;:&quot;ACL&quot;,&quot;unique&quot;:false,&quot;name&quot;:&quot;ACL&quot;,&quot;_type&quot;:&quot;column&quot;,&quot;isRenamable&quot;:false,&quot;required&quot;:true,&quot;relatedTo&quot;:null},{&quot;relationType&quot;:null,&quot;isDeletable&quot;:true,&quot;isEditable&quot;:true,&quot;dataType&quot;:&quot;Text&quot;,&quot;unique&quot;:false,&quot;name&quot;:&quot;City&quot;,&quot;_type&quot;:&quot;column&quot;,&quot;isRenamable&quot;:false,&quot;required&quot;:false,&quot;relatedTo&quot;:null},{&quot;relationType&quot;:null,&quot;isDeletable&quot;:true,&quot;isEditable&quot;:true,&quot;dataType&quot;:&quot;Number&quot;,&quot;unique&quot;:false,&quot;name&quot;:&quot;PinCode&quot;,&quot;_type&quot;:&quot;column&quot;,&quot;isRenamable&quot;:false,&quot;required&quot;:false,&quot;relatedTo&quot;:null}],&quot;appId&quot;:&quot;sample123&quot;,&quot;name&quot;:&quot;Address&quot;,&quot;_type&quot;:&quot;table&quot;,&quot;type&quot;:&quot;custom&quot;,&quot;maxCount&quot;:9999},&quot;key&quot;:&quot;Qopoy/kXd+6G734HsjQMqGPGOvwEJYmBG84lQawRmWM=&quot;}
parameters: {&quot;data&quot;:{&quot;columns&quot;:[{&quot;relationType&quot;:null,&quot;isDeletable&quot;:false,&quot;isEditable&quot;:false,&quot;dataType&quot;:&quot;Id&quot;,&quot;unique&quot;:true,&quot;name&quot;:&quot;id&quot;,&quot;_type&quot;:&quot;column&quot;,&quot;isRenamable&quot;:false,&quot;required&quot;:true,&quot;relatedTo&quot;:null},{&quot;relationType&quot;:null,&quot;isDeletable&quot;:false,&quot;isEditable&quot;:false,&quot;dataType&quot;:&quot;DateTime&quot;,&quot;unique&quot;:false,&quot;name&quot;:&quot;expires&quot;,&quot;_type&quot;:&quot;column&quot;,&quot;isRenamable&quot;:false,&quot;required&quot;:false,&quot;relatedTo&quot;:null},{&quot;relationType&quot;:null,&quot;isDeletable&quot;:false,&quot;isEditable&quot;:false,&quot;dataType&quot;:&quot;DateTime&quot;,&quot;unique&quot;:false,&quot;name&quot;:&quot;createdAt&quot;,&quot;_type&quot;:&quot;column&quot;,&quot;isRenamable&quot;:false,&quot;required&quot;:true,&quot;relatedTo&quot;:null},{&quot;relationType&quot;:null,&quot;isDeletable&quot;:false,&quot;isEditable&quot;:false,&quot;dataType&quot;:&quot;DateTime&quot;,&quot;unique&quot;:false,&quot;name&quot;:&quot;updatedAt&quot;,&quot;_type&quot;:&quot;column&quot;,&quot;isRenamable&quot;:false,&quot;required&quot;:true,&quot;relatedTo&quot;:null},{&quot;relationType&quot;:null,&quot;isDeletable&quot;:false,&quot;isEditable&quot;:false,&quot;dataType&quot;:&quot;ACL&quot;,&quot;unique&quot;:false,&quot;name&quot;:&quot;ACL&quot;,&quot;_type&quot;:&quot;column&quot;,&quot;isRenamable&quot;:false,&quot;required&quot;:true,&quot;relatedTo&quot;:null},{&quot;relationType&quot;:null,&quot;isDeletable&quot;:true,&quot;isEditable&quot;:true,&quot;dataType&quot;:&quot;Text&quot;,&quot;unique&quot;:false,&quot;name&quot;:&quot;City&quot;,&quot;_type&quot;:&quot;column&quot;,&quot;isRenamable&quot;:false,&quot;required&quot;:false,&quot;relatedTo&quot;:null},{&quot;relationType&quot;:null,&quot;isDeletable&quot;:true,&quot;isEditable&quot;:true,&quot;dataType&quot;:&quot;Number&quot;,&quot;unique&quot;:false,&quot;name&quot;:&quot;PinCode&quot;,&quot;_type&quot;:&quot;column&quot;,&quot;isRenamable&quot;:false,&quot;required&quot;:false,&quot;relatedTo&quot;:null}],&quot;appId&quot;:&quot;sample123&quot;,&quot;name&quot;:&quot;Address&quot;,&quot;_type&quot;:&quot;table&quot;,&quot;type&quot;:&quot;custom&quot;,&quot;maxCount&quot;:9999},&quot;key&quot;:&quot;Qopoy/kXd+6G734HsjQMqGPGOvwEJYmBG84lQawRmWM=&quot;}
</system-out>
    <system-err>java.io.IOException: Server returned HTTP response code: 401 for URL: https://service.cloudboost.io/sample123/table/Address
	at sun.reflect.GeneratedConstructorAccessor17.newInstance(Unknown Source)
	at sun.reflect.DelegatingConstructorAccessorImpl.newInstance(DelegatingConstructorAccessorImpl.java:45)
	at java.lang.reflect.Constructor.newInstance(Constructor.java:408)
	at sun.net.www.protocol.http.HttpURLConnection$10.run(HttpURLConnection.java:1888)
	at sun.net.www.protocol.http.HttpURLConnection$10.run(HttpURLConnection.java:1883)
	at java.security.AccessController.doPrivileged(Native Method)
	at sun.net.www.protocol.http.HttpURLConnection.getChainedException(HttpURLConnection.java:1882)
	at sun.net.www.protocol.http.HttpURLConnection.getInputStream0(HttpURLConnection.java:1455)
	at sun.net.www.protocol.http.HttpURLConnection.getInputStream(HttpURLConnection.java:1439)
	at sun.net.www.protocol.https.HttpsURLConnectionImpl.getInputStream(HttpsURLConnectionImpl.java:254)
	at io.cloudboost.util.CBParser.callJson(CBParser.java:62)
	at io.cloudboost.CloudTable.save(CloudTable.java:264)
	at io.cloudboost.CloudTableTest.createTableAddress(CloudTableTest.java:346)
	at sun.reflect.NativeMethodAccessorImpl.invoke0(Native Method)
	at sun.reflect.NativeMethodAccessorImpl.invoke(NativeMethodAccessorImpl.java:62)
	at sun.reflect.DelegatingMethodAccessorImpl.invoke(DelegatingMethodAccessorImpl.java:43)
	at java.lang.reflect.Method.invoke(Method.java:483)
	at org.junit.runners.model.FrameworkMethod$1.runReflectiveCall(FrameworkMethod.java:44)
	at org.junit.internal.runners.model.ReflectiveCallable.run(ReflectiveCallable.java:15)
	at org.junit.runners.model.FrameworkMethod.invokeExplosively(FrameworkMethod.java:41)
	at org.junit.internal.runners.statements.InvokeMethod.evaluate(InvokeMethod.java:20)
	at org.junit.internal.runners.statements.FailOnTimeout$1.run(FailOnTimeout.java:28)
Caused by: java.io.IOException: Server returned HTTP response code: 401 for URL: https://service.cloudboost.io/sample123/table/Address
	at sun.net.www.protocol.http.HttpURLConnection.getInputStream0(HttpURLConnection.java:1838)
	at sun.net.www.protocol.http.HttpURLConnection.getInputStream(HttpURLConnection.java:1439)
	at java.net.HttpURLConnection.getResponseCode(HttpURLConnection.java:480)
	at sun.net.www.protocol.https.HttpsURLConnectionImpl.getResponseCode(HttpsURLConnectionImpl.java:338)
	at io.cloudboost.util.CBParser.callJson(CBParser.java:60)
	... 11 more
</system-err>
  </testcase>
  <testcase classname="io.cloudboost.CloudTableTest" name="updateTableSchemaCompany" time="2.088">
    <error type="java.lang.NullPointerException">java.lang.NullPointerException
	at io.cloudboost.util.CBParser.callJson(CBParser.java:70)
	at io.cloudboost.CloudTable.get(CloudTable.java:224)
	at io.cloudboost.CloudTableTest.updateTableSchemaCompany(CloudTableTest.java:398)
	at sun.reflect.NativeMethodAccessorImpl.invoke0(Native Method)
	at sun.reflect.NativeMethodAccessorImpl.invoke(NativeMethodAccessorImpl.java:62)
	at sun.reflect.DelegatingMethodAccessorImpl.invoke(DelegatingMethodAccessorImpl.java:43)
	at java.lang.reflect.Method.invoke(Method.java:483)
	at org.junit.runners.model.FrameworkMethod$1.runReflectiveCall(FrameworkMethod.java:44)
	at org.junit.internal.runners.model.ReflectiveCallable.run(ReflectiveCallable.java:15)
	at org.junit.runners.model.FrameworkMethod.invokeExplosively(FrameworkMethod.java:41)
	at org.junit.internal.runners.statements.InvokeMethod.evaluate(InvokeMethod.java:20)
	at org.junit.internal.runners.statements.FailOnTimeout$1.run(FailOnTimeout.java:28)
</error>
    <system-out>Socket Initializaed
parameters: {&quot;appId&quot;:&quot;sample123&quot;,&quot;key&quot;:&quot;Qopoy/kXd+6G734HsjQMqGPGOvwEJYmBG84lQawRmWM=&quot;}
</system-out>
    <system-err>java.io.IOException: Server returned HTTP response code: 401 for URL: https://service.cloudboost.io/sample123/table/Company
	at sun.reflect.GeneratedConstructorAccessor17.newInstance(Unknown Source)
	at sun.reflect.DelegatingConstructorAccessorImpl.newInstance(DelegatingConstructorAccessorImpl.java:45)
	at java.lang.reflect.Constructor.newInstance(Constructor.java:408)
	at sun.net.www.protocol.http.HttpURLConnection$10.run(HttpURLConnection.java:1888)
	at sun.net.www.protocol.http.HttpURLConnection$10.run(HttpURLConnection.java:1883)
	at java.security.AccessController.doPrivileged(Native Method)
	at sun.net.www.protocol.http.HttpURLConnection.getChainedException(HttpURLConnection.java:1882)
	at sun.net.www.protocol.http.HttpURLConnection.getInputStream0(HttpURLConnection.java:1455)
	at sun.net.www.protocol.http.HttpURLConnection.getInputStream(HttpURLConnection.java:1439)
	at sun.net.www.protocol.https.HttpsURLConnectionImpl.getInputStream(HttpsURLConnectionImpl.java:254)
	at io.cloudboost.util.CBParser.callJson(CBParser.java:62)
	at io.cloudboost.CloudTable.get(CloudTable.java:224)
	at io.cloudboost.CloudTableTest.updateTableSchemaCompany(CloudTableTest.java:398)
	at sun.reflect.NativeMethodAccessorImpl.invoke0(Native Method)
	at sun.reflect.NativeMethodAccessorImpl.invoke(NativeMethodAccessorImpl.java:62)
	at sun.reflect.DelegatingMethodAccessorImpl.invoke(DelegatingMethodAccessorImpl.java:43)
	at java.lang.reflect.Method.invoke(Method.java:483)
	at org.junit.runners.model.FrameworkMethod$1.runReflectiveCall(FrameworkMethod.java:44)
	at org.junit.internal.runners.model.ReflectiveCallable.run(ReflectiveCallable.java:15)
	at org.junit.runners.model.FrameworkMethod.invokeExplosively(FrameworkMethod.java:41)
	at org.junit.internal.runners.statements.InvokeMethod.evaluate(InvokeMethod.java:20)
	at org.junit.internal.runners.statements.FailOnTimeout$1.run(FailOnTimeout.java:28)
Caused by: java.io.IOException: Server returned HTTP response code: 401 for URL: https://service.cloudboost.io/sample123/table/Company
	at sun.net.www.protocol.http.HttpURLConnection.getInputStream0(HttpURLConnection.java:1838)
	at sun.net.www.protocol.http.HttpURLConnection.getInputStream(HttpURLConnection.java:1439)
	at java.net.HttpURLConnection.getResponseCode(HttpURLConnection.java:480)
	at sun.net.www.protocol.https.HttpsURLConnectionImpl.getResponseCode(HttpsURLConnectionImpl.java:338)
	at io.cloudboost.util.CBParser.callJson(CBParser.java:60)
	... 11 more
</system-err>
  </testcase>
  <testcase classname="io.cloudboost.CloudTableTest" name="createTableCustom" time="2.251">
    <error type="java.lang.NullPointerException">java.lang.NullPointerException
	at io.cloudboost.util.CBParser.callJson(CBParser.java:70)
	at io.cloudboost.CloudTable.save(CloudTable.java:264)
	at io.cloudboost.CloudTableTest.createTableCustom(CloudTableTest.java:533)
	at sun.reflect.NativeMethodAccessorImpl.invoke0(Native Method)
	at sun.reflect.NativeMethodAccessorImpl.invoke(NativeMethodAccessorImpl.java:62)
	at sun.reflect.DelegatingMethodAccessorImpl.invoke(DelegatingMethodAccessorImpl.java:43)
	at java.lang.reflect.Method.invoke(Method.java:483)
	at org.junit.runners.model.FrameworkMethod$1.runReflectiveCall(FrameworkMethod.java:44)
	at org.junit.internal.runners.model.ReflectiveCallable.run(ReflectiveCallable.java:15)
	at org.junit.runners.model.FrameworkMethod.invokeExplosively(FrameworkMethod.java:41)
	at org.junit.internal.runners.statements.InvokeMethod.evaluate(InvokeMethod.java:20)
	at org.junit.internal.runners.statements.FailOnTimeout$1.run(FailOnTimeout.java:28)
</error>
    <system-out>Socket Initializaed
{&quot;data&quot;:{&quot;columns&quot;:[{&quot;relationType&quot;:null,&quot;isDeletable&quot;:false,&quot;isEditable&quot;:false,&quot;dataType&quot;:&quot;Id&quot;,&quot;unique&quot;:true,&quot;name&quot;:&quot;id&quot;,&quot;_type&quot;:&quot;column&quot;,&quot;isRenamable&quot;:false,&quot;required&quot;:true,&quot;relatedTo&quot;:null},{&quot;relationType&quot;:null,&quot;isDeletable&quot;:false,&quot;isEditable&quot;:false,&quot;dataType&quot;:&quot;DateTime&quot;,&quot;unique&quot;:false,&quot;name&quot;:&quot;expires&quot;,&quot;_type&quot;:&quot;column&quot;,&quot;isRenamable&quot;:false,&quot;required&quot;:false,&quot;relatedTo&quot;:null},{&quot;relationType&quot;:null,&quot;isDeletable&quot;:false,&quot;isEditable&quot;:false,&quot;dataType&quot;:&quot;DateTime&quot;,&quot;unique&quot;:false,&quot;name&quot;:&quot;createdAt&quot;,&quot;_type&quot;:&quot;column&quot;,&quot;isRenamable&quot;:false,&quot;required&quot;:true,&quot;relatedTo&quot;:null},{&quot;relationType&quot;:null,&quot;isDeletable&quot;:false,&quot;isEditable&quot;:false,&quot;dataType&quot;:&quot;DateTime&quot;,&quot;unique&quot;:false,&quot;name&quot;:&quot;updatedAt&quot;,&quot;_type&quot;:&quot;column&quot;,&quot;isRenamable&quot;:false,&quot;required&quot;:true,&quot;relatedTo&quot;:null},{&quot;relationType&quot;:null,&quot;isDeletable&quot;:false,&quot;isEditable&quot;:false,&quot;dataType&quot;:&quot;ACL&quot;,&quot;unique&quot;:false,&quot;name&quot;:&quot;ACL&quot;,&quot;_type&quot;:&quot;column&quot;,&quot;isRenamable&quot;:false,&quot;required&quot;:true,&quot;relatedTo&quot;:null},{&quot;relationType&quot;:null,&quot;isDeletable&quot;:true,&quot;isEditable&quot;:true,&quot;dataType&quot;:&quot;Email&quot;,&quot;unique&quot;:false,&quot;name&quot;:&quot;newColumn&quot;,&quot;_type&quot;:&quot;column&quot;,&quot;isRenamable&quot;:false,&quot;required&quot;:false,&quot;relatedTo&quot;:null},{&quot;relationType&quot;:null,&quot;isDeletable&quot;:true,&quot;isEditable&quot;:true,&quot;dataType&quot;:&quot;Text&quot;,&quot;unique&quot;:false,&quot;name&quot;:&quot;newColumn1&quot;,&quot;_type&quot;:&quot;column&quot;,&quot;isRenamable&quot;:false,&quot;required&quot;:false,&quot;relatedTo&quot;:null},{&quot;relationType&quot;:null,&quot;isDeletable&quot;:true,&quot;isEditable&quot;:true,&quot;dataType&quot;:&quot;URL&quot;,&quot;unique&quot;:false,&quot;name&quot;:&quot;newColumn2&quot;,&quot;_type&quot;:&quot;column&quot;,&quot;isRenamable&quot;:false,&quot;required&quot;:false,&quot;relatedTo&quot;:null},{&quot;relationType&quot;:null,&quot;isDeletable&quot;:true,&quot;isEditable&quot;:true,&quot;dataType&quot;:&quot;Number&quot;,&quot;unique&quot;:false,&quot;name&quot;:&quot;newColumn3&quot;,&quot;_type&quot;:&quot;column&quot;,&quot;isRenamable&quot;:false,&quot;required&quot;:false,&quot;relatedTo&quot;:null},{&quot;relationType&quot;:null,&quot;isDeletable&quot;:true,&quot;isEditable&quot;:true,&quot;dataType&quot;:&quot;Boolean&quot;,&quot;unique&quot;:false,&quot;name&quot;:&quot;newColumn4&quot;,&quot;_type&quot;:&quot;column&quot;,&quot;isRenamable&quot;:false,&quot;required&quot;:false,&quot;relatedTo&quot;:null},{&quot;relationType&quot;:null,&quot;isDeletable&quot;:true,&quot;isEditable&quot;:true,&quot;dataType&quot;:&quot;DateTime&quot;,&quot;unique&quot;:false,&quot;name&quot;:&quot;newColumn5&quot;,&quot;_type&quot;:&quot;column&quot;,&quot;isRenamable&quot;:false,&quot;required&quot;:false,&quot;relatedTo&quot;:null},{&quot;relationType&quot;:null,&quot;isDeletable&quot;:true,&quot;isEditable&quot;:true,&quot;dataType&quot;:&quot;Object&quot;,&quot;unique&quot;:false,&quot;name&quot;:&quot;newColumn6&quot;,&quot;_type&quot;:&quot;column&quot;,&quot;isRenamable&quot;:false,&quot;required&quot;:false,&quot;relatedTo&quot;:null}],&quot;appId&quot;:&quot;sample123&quot;,&quot;name&quot;:&quot;Custom&quot;,&quot;_type&quot;:&quot;table&quot;,&quot;type&quot;:&quot;custom&quot;,&quot;maxCount&quot;:9999},&quot;key&quot;:&quot;Qopoy/kXd+6G734HsjQMqGPGOvwEJYmBG84lQawRmWM=&quot;}
parameters: {&quot;data&quot;:{&quot;columns&quot;:[{&quot;relationType&quot;:null,&quot;isDeletable&quot;:false,&quot;isEditable&quot;:false,&quot;dataType&quot;:&quot;Id&quot;,&quot;unique&quot;:true,&quot;name&quot;:&quot;id&quot;,&quot;_type&quot;:&quot;column&quot;,&quot;isRenamable&quot;:false,&quot;required&quot;:true,&quot;relatedTo&quot;:null},{&quot;relationType&quot;:null,&quot;isDeletable&quot;:false,&quot;isEditable&quot;:false,&quot;dataType&quot;:&quot;DateTime&quot;,&quot;unique&quot;:false,&quot;name&quot;:&quot;expires&quot;,&quot;_type&quot;:&quot;column&quot;,&quot;isRenamable&quot;:false,&quot;required&quot;:false,&quot;relatedTo&quot;:null},{&quot;relationType&quot;:null,&quot;isDeletable&quot;:false,&quot;isEditable&quot;:false,&quot;dataType&quot;:&quot;DateTime&quot;,&quot;unique&quot;:false,&quot;name&quot;:&quot;createdAt&quot;,&quot;_type&quot;:&quot;column&quot;,&quot;isRenamable&quot;:false,&quot;required&quot;:true,&quot;relatedTo&quot;:null},{&quot;relationType&quot;:null,&quot;isDeletable&quot;:false,&quot;isEditable&quot;:false,&quot;dataType&quot;:&quot;DateTime&quot;,&quot;unique&quot;:false,&quot;name&quot;:&quot;updatedAt&quot;,&quot;_type&quot;:&quot;column&quot;,&quot;isRenamable&quot;:false,&quot;required&quot;:true,&quot;relatedTo&quot;:null},{&quot;relationType&quot;:null,&quot;isDeletable&quot;:false,&quot;isEditable&quot;:false,&quot;dataType&quot;:&quot;ACL&quot;,&quot;unique&quot;:false,&quot;name&quot;:&quot;ACL&quot;,&quot;_type&quot;:&quot;column&quot;,&quot;isRenamable&quot;:false,&quot;required&quot;:true,&quot;relatedTo&quot;:null},{&quot;relationType&quot;:null,&quot;isDeletable&quot;:true,&quot;isEditable&quot;:true,&quot;dataType&quot;:&quot;Email&quot;,&quot;unique&quot;:false,&quot;name&quot;:&quot;newColumn&quot;,&quot;_type&quot;:&quot;column&quot;,&quot;isRenamable&quot;:false,&quot;required&quot;:false,&quot;relatedTo&quot;:null},{&quot;relationType&quot;:null,&quot;isDeletable&quot;:true,&quot;isEditable&quot;:true,&quot;dataType&quot;:&quot;Text&quot;,&quot;unique&quot;:false,&quot;name&quot;:&quot;newColumn1&quot;,&quot;_type&quot;:&quot;column&quot;,&quot;isRenamable&quot;:false,&quot;required&quot;:false,&quot;relatedTo&quot;:null},{&quot;relationType&quot;:null,&quot;isDeletable&quot;:true,&quot;isEditable&quot;:true,&quot;dataType&quot;:&quot;URL&quot;,&quot;unique&quot;:false,&quot;name&quot;:&quot;newColumn2&quot;,&quot;_type&quot;:&quot;column&quot;,&quot;isRenamable&quot;:false,&quot;required&quot;:false,&quot;relatedTo&quot;:null},{&quot;relationType&quot;:null,&quot;isDeletable&quot;:true,&quot;isEditable&quot;:true,&quot;dataType&quot;:&quot;Number&quot;,&quot;unique&quot;:false,&quot;name&quot;:&quot;newColumn3&quot;,&quot;_type&quot;:&quot;column&quot;,&quot;isRenamable&quot;:false,&quot;required&quot;:false,&quot;relatedTo&quot;:null},{&quot;relationType&quot;:null,&quot;isDeletable&quot;:true,&quot;isEditable&quot;:true,&quot;dataType&quot;:&quot;Boolean&quot;,&quot;unique&quot;:false,&quot;name&quot;:&quot;newColumn4&quot;,&quot;_type&quot;:&quot;column&quot;,&quot;isRenamable&quot;:false,&quot;required&quot;:false,&quot;relatedTo&quot;:null},{&quot;relationType&quot;:null,&quot;isDeletable&quot;:true,&quot;isEditable&quot;:true,&quot;dataType&quot;:&quot;DateTime&quot;,&quot;unique&quot;:false,&quot;name&quot;:&quot;newColumn5&quot;,&quot;_type&quot;:&quot;column&quot;,&quot;isRenamable&quot;:false,&quot;required&quot;:false,&quot;relatedTo&quot;:null},{&quot;relationType&quot;:null,&quot;isDeletable&quot;:true,&quot;isEditable&quot;:true,&quot;dataType&quot;:&quot;Object&quot;,&quot;unique&quot;:false,&quot;name&quot;:&quot;newColumn6&quot;,&quot;_type&quot;:&quot;column&quot;,&quot;isRenamable&quot;:false,&quot;required&quot;:false,&quot;relatedTo&quot;:null}],&quot;appId&quot;:&quot;sample123&quot;,&quot;name&quot;:&quot;Custom&quot;,&quot;_type&quot;:&quot;table&quot;,&quot;type&quot;:&quot;custom&quot;,&quot;maxCount&quot;:9999},&quot;key&quot;:&quot;Qopoy/kXd+6G734HsjQMqGPGOvwEJYmBG84lQawRmWM=&quot;}
</system-out>
    <system-err>java.io.IOException: Server returned HTTP response code: 401 for URL: https://service.cloudboost.io/sample123/table/Custom
	at sun.reflect.GeneratedConstructorAccessor17.newInstance(Unknown Source)
	at sun.reflect.DelegatingConstructorAccessorImpl.newInstance(DelegatingConstructorAccessorImpl.java:45)
	at java.lang.reflect.Constructor.newInstance(Constructor.java:408)
	at sun.net.www.protocol.http.HttpURLConnection$10.run(HttpURLConnection.java:1888)
	at sun.net.www.protocol.http.HttpURLConnection$10.run(HttpURLConnection.java:1883)
	at java.security.AccessController.doPrivileged(Native Method)
	at sun.net.www.protocol.http.HttpURLConnection.getChainedException(HttpURLConnection.java:1882)
	at sun.net.www.protocol.http.HttpURLConnection.getInputStream0(HttpURLConnection.java:1455)
	at sun.net.www.protocol.http.HttpURLConnection.getInputStream(HttpURLConnection.java:1439)
	at sun.net.www.protocol.https.HttpsURLConnectionImpl.getInputStream(HttpsURLConnectionImpl.java:254)
	at io.cloudboost.util.CBParser.callJson(CBParser.java:62)
	at io.cloudboost.CloudTable.save(CloudTable.java:264)
	at io.cloudboost.CloudTableTest.createTableCustom(CloudTableTest.java:533)
	at sun.reflect.NativeMethodAccessorImpl.invoke0(Native Method)
	at sun.reflect.NativeMethodAccessorImpl.invoke(NativeMethodAccessorImpl.java:62)
	at sun.reflect.DelegatingMethodAccessorImpl.invoke(DelegatingMethodAccessorImpl.java:43)
	at java.lang.reflect.Method.invoke(Method.java:483)
	at org.junit.runners.model.FrameworkMethod$1.runReflectiveCall(FrameworkMethod.java:44)
	at org.junit.internal.runners.model.ReflectiveCallable.run(ReflectiveCallable.java:15)
	at org.junit.runners.model.FrameworkMethod.invokeExplosively(FrameworkMethod.java:41)
	at org.junit.internal.runners.statements.InvokeMethod.evaluate(InvokeMethod.java:20)
	at org.junit.internal.runners.statements.FailOnTimeout$1.run(FailOnTimeout.java:28)
Caused by: java.io.IOException: Server returned HTTP response code: 401 for URL: https://service.cloudboost.io/sample123/table/Custom
	at sun.net.www.protocol.http.HttpURLConnection.getInputStream0(HttpURLConnection.java:1838)
	at sun.net.www.protocol.http.HttpURLConnection.getInputStream(HttpURLConnection.java:1439)
	at java.net.HttpURLConnection.getResponseCode(HttpURLConnection.java:480)
	at sun.net.www.protocol.https.HttpsURLConnectionImpl.getResponseCode(HttpsURLConnectionImpl.java:338)
	at io.cloudboost.util.CBParser.callJson(CBParser.java:60)
	... 11 more
</system-err>
  </testcase>
  <testcase classname="io.cloudboost.CloudTableTest" name="updateTableCustom" time="0"/>
  <testcase classname="io.cloudboost.CloudTableTest" name="createTableStudent4" time="2.23">
    <error type="java.lang.NullPointerException">java.lang.NullPointerException
	at io.cloudboost.util.CBParser.callJson(CBParser.java:70)
	at io.cloudboost.CloudTable.save(CloudTable.java:264)
	at io.cloudboost.CloudTableTest.createTableStudent4(CloudTableTest.java:435)
	at sun.reflect.NativeMethodAccessorImpl.invoke0(Native Method)
	at sun.reflect.NativeMethodAccessorImpl.invoke(NativeMethodAccessorImpl.java:62)
	at sun.reflect.DelegatingMethodAccessorImpl.invoke(DelegatingMethodAccessorImpl.java:43)
	at java.lang.reflect.Method.invoke(Method.java:483)
	at org.junit.runners.model.FrameworkMethod$1.runReflectiveCall(FrameworkMethod.java:44)
	at org.junit.internal.runners.model.ReflectiveCallable.run(ReflectiveCallable.java:15)
	at org.junit.runners.model.FrameworkMethod.invokeExplosively(FrameworkMethod.java:41)
	at org.junit.internal.runners.statements.InvokeMethod.evaluate(InvokeMethod.java:20)
	at org.junit.internal.runners.statements.FailOnTimeout$1.run(FailOnTimeout.java:28)
</error>
    <system-out>Socket Initializaed
{&quot;data&quot;:{&quot;columns&quot;:[{&quot;relationType&quot;:null,&quot;isDeletable&quot;:false,&quot;isEditable&quot;:false,&quot;dataType&quot;:&quot;Id&quot;,&quot;unique&quot;:true,&quot;name&quot;:&quot;id&quot;,&quot;_type&quot;:&quot;column&quot;,&quot;isRenamable&quot;:false,&quot;required&quot;:true,&quot;relatedTo&quot;:null},{&quot;relationType&quot;:null,&quot;isDeletable&quot;:false,&quot;isEditable&quot;:false,&quot;dataType&quot;:&quot;DateTime&quot;,&quot;unique&quot;:false,&quot;name&quot;:&quot;expires&quot;,&quot;_type&quot;:&quot;column&quot;,&quot;isRenamable&quot;:false,&quot;required&quot;:false,&quot;relatedTo&quot;:null},{&quot;relationType&quot;:null,&quot;isDeletable&quot;:false,&quot;isEditable&quot;:false,&quot;dataType&quot;:&quot;DateTime&quot;,&quot;unique&quot;:false,&quot;name&quot;:&quot;createdAt&quot;,&quot;_type&quot;:&quot;column&quot;,&quot;isRenamable&quot;:false,&quot;required&quot;:true,&quot;relatedTo&quot;:null},{&quot;relationType&quot;:null,&quot;isDeletable&quot;:false,&quot;isEditable&quot;:false,&quot;dataType&quot;:&quot;DateTime&quot;,&quot;unique&quot;:false,&quot;name&quot;:&quot;updatedAt&quot;,&quot;_type&quot;:&quot;column&quot;,&quot;isRenamable&quot;:false,&quot;required&quot;:true,&quot;relatedTo&quot;:null},{&quot;relationType&quot;:null,&quot;isDeletable&quot;:false,&quot;isEditable&quot;:false,&quot;dataType&quot;:&quot;ACL&quot;,&quot;unique&quot;:false,&quot;name&quot;:&quot;ACL&quot;,&quot;_type&quot;:&quot;column&quot;,&quot;isRenamable&quot;:false,&quot;required&quot;:true,&quot;relatedTo&quot;:null},{&quot;relationType&quot;:null,&quot;isDeletable&quot;:true,&quot;isEditable&quot;:true,&quot;dataType&quot;:&quot;List&quot;,&quot;unique&quot;:false,&quot;name&quot;:&quot;subject&quot;,&quot;_type&quot;:&quot;column&quot;,&quot;isRenamable&quot;:false,&quot;required&quot;:false,&quot;relatedTo&quot;:&quot;Text&quot;},{&quot;relationType&quot;:null,&quot;isDeletable&quot;:true,&quot;isEditable&quot;:true,&quot;dataType&quot;:&quot;Number&quot;,&quot;unique&quot;:false,&quot;name&quot;:&quot;age&quot;,&quot;_type&quot;:&quot;column&quot;,&quot;isRenamable&quot;:false,&quot;required&quot;:false,&quot;relatedTo&quot;:null}],&quot;appId&quot;:&quot;sample123&quot;,&quot;name&quot;:&quot;student4&quot;,&quot;_type&quot;:&quot;table&quot;,&quot;type&quot;:&quot;custom&quot;,&quot;maxCount&quot;:9999},&quot;key&quot;:&quot;Qopoy/kXd+6G734HsjQMqGPGOvwEJYmBG84lQawRmWM=&quot;}
parameters: {&quot;data&quot;:{&quot;columns&quot;:[{&quot;relationType&quot;:null,&quot;isDeletable&quot;:false,&quot;isEditable&quot;:false,&quot;dataType&quot;:&quot;Id&quot;,&quot;unique&quot;:true,&quot;name&quot;:&quot;id&quot;,&quot;_type&quot;:&quot;column&quot;,&quot;isRenamable&quot;:false,&quot;required&quot;:true,&quot;relatedTo&quot;:null},{&quot;relationType&quot;:null,&quot;isDeletable&quot;:false,&quot;isEditable&quot;:false,&quot;dataType&quot;:&quot;DateTime&quot;,&quot;unique&quot;:false,&quot;name&quot;:&quot;expires&quot;,&quot;_type&quot;:&quot;column&quot;,&quot;isRenamable&quot;:false,&quot;required&quot;:false,&quot;relatedTo&quot;:null},{&quot;relationType&quot;:null,&quot;isDeletable&quot;:false,&quot;isEditable&quot;:false,&quot;dataType&quot;:&quot;DateTime&quot;,&quot;unique&quot;:false,&quot;name&quot;:&quot;createdAt&quot;,&quot;_type&quot;:&quot;column&quot;,&quot;isRenamable&quot;:false,&quot;required&quot;:true,&quot;relatedTo&quot;:null},{&quot;relationType&quot;:null,&quot;isDeletable&quot;:false,&quot;isEditable&quot;:false,&quot;dataType&quot;:&quot;DateTime&quot;,&quot;unique&quot;:false,&quot;name&quot;:&quot;updatedAt&quot;,&quot;_type&quot;:&quot;column&quot;,&quot;isRenamable&quot;:false,&quot;required&quot;:true,&quot;relatedTo&quot;:null},{&quot;relationType&quot;:null,&quot;isDeletable&quot;:false,&quot;isEditable&quot;:false,&quot;dataType&quot;:&quot;ACL&quot;,&quot;unique&quot;:false,&quot;name&quot;:&quot;ACL&quot;,&quot;_type&quot;:&quot;column&quot;,&quot;isRenamable&quot;:false,&quot;required&quot;:true,&quot;relatedTo&quot;:null},{&quot;relationType&quot;:null,&quot;isDeletable&quot;:true,&quot;isEditable&quot;:true,&quot;dataType&quot;:&quot;List&quot;,&quot;unique&quot;:false,&quot;name&quot;:&quot;subject&quot;,&quot;_type&quot;:&quot;column&quot;,&quot;isRenamable&quot;:false,&quot;required&quot;:false,&quot;relatedTo&quot;:&quot;Text&quot;},{&quot;relationType&quot;:null,&quot;isDeletable&quot;:true,&quot;isEditable&quot;:true,&quot;dataType&quot;:&quot;Number&quot;,&quot;unique&quot;:false,&quot;name&quot;:&quot;age&quot;,&quot;_type&quot;:&quot;column&quot;,&quot;isRenamable&quot;:false,&quot;required&quot;:false,&quot;relatedTo&quot;:null}],&quot;appId&quot;:&quot;sample123&quot;,&quot;name&quot;:&quot;student4&quot;,&quot;_type&quot;:&quot;table&quot;,&quot;type&quot;:&quot;custom&quot;,&quot;maxCount&quot;:9999},&quot;key&quot;:&quot;Qopoy/kXd+6G734HsjQMqGPGOvwEJYmBG84lQawRmWM=&quot;}
</system-out>
    <system-err>java.io.IOException: Server returned HTTP response code: 401 for URL: https://service.cloudboost.io/sample123/table/student4
	at sun.reflect.GeneratedConstructorAccessor17.newInstance(Unknown Source)
	at sun.reflect.DelegatingConstructorAccessorImpl.newInstance(DelegatingConstructorAccessorImpl.java:45)
	at java.lang.reflect.Constructor.newInstance(Constructor.java:408)
	at sun.net.www.protocol.http.HttpURLConnection$10.run(HttpURLConnection.java:1888)
	at sun.net.www.protocol.http.HttpURLConnection$10.run(HttpURLConnection.java:1883)
	at java.security.AccessController.doPrivileged(Native Method)
	at sun.net.www.protocol.http.HttpURLConnection.getChainedException(HttpURLConnection.java:1882)
	at sun.net.www.protocol.http.HttpURLConnection.getInputStream0(HttpURLConnection.java:1455)
	at sun.net.www.protocol.http.HttpURLConnection.getInputStream(HttpURLConnection.java:1439)
	at sun.net.www.protocol.https.HttpsURLConnectionImpl.getInputStream(HttpsURLConnectionImpl.java:254)
	at io.cloudboost.util.CBParser.callJson(CBParser.java:62)
	at io.cloudboost.CloudTable.save(CloudTable.java:264)
	at io.cloudboost.CloudTableTest.createTableStudent4(CloudTableTest.java:435)
	at sun.reflect.NativeMethodAccessorImpl.invoke0(Native Method)
	at sun.reflect.NativeMethodAccessorImpl.invoke(NativeMethodAccessorImpl.java:62)
	at sun.reflect.DelegatingMethodAccessorImpl.invoke(DelegatingMethodAccessorImpl.java:43)
	at java.lang.reflect.Method.invoke(Method.java:483)
	at org.junit.runners.model.FrameworkMethod$1.runReflectiveCall(FrameworkMethod.java:44)
	at org.junit.internal.runners.model.ReflectiveCallable.run(ReflectiveCallable.java:15)
	at org.junit.runners.model.FrameworkMethod.invokeExplosively(FrameworkMethod.java:41)
	at org.junit.internal.runners.statements.InvokeMethod.evaluate(InvokeMethod.java:20)
	at org.junit.internal.runners.statements.FailOnTimeout$1.run(FailOnTimeout.java:28)
Caused by: java.io.IOException: Server returned HTTP response code: 401 for URL: https://service.cloudboost.io/sample123/table/student4
	at sun.net.www.protocol.http.HttpURLConnection.getInputStream0(HttpURLConnection.java:1838)
	at sun.net.www.protocol.http.HttpURLConnection.getInputStream(HttpURLConnection.java:1439)
	at java.net.HttpURLConnection.getResponseCode(HttpURLConnection.java:480)
	at sun.net.www.protocol.https.HttpsURLConnectionImpl.getResponseCode(HttpsURLConnectionImpl.java:338)
	at io.cloudboost.util.CBParser.callJson(CBParser.java:60)
	... 11 more
</system-err>
  </testcase>
  <testcase classname="io.cloudboost.CloudTableTest" name="updateNewColumnIntoTable" time="2.842">
    <error type="java.lang.NullPointerException">java.lang.NullPointerException
	at io.cloudboost.util.CBParser.callJson(CBParser.java:70)
	at io.cloudboost.CloudTable.save(CloudTable.java:264)
	at io.cloudboost.CloudTableTest.updateNewColumnIntoTable(CloudTableTest.java:123)
	at sun.reflect.NativeMethodAccessorImpl.invoke0(Native Method)
	at sun.reflect.NativeMethodAccessorImpl.invoke(NativeMethodAccessorImpl.java:62)
	at sun.reflect.DelegatingMethodAccessorImpl.invoke(DelegatingMethodAccessorImpl.java:43)
	at java.lang.reflect.Method.invoke(Method.java:483)
	at org.junit.runners.model.FrameworkMethod$1.runReflectiveCall(FrameworkMethod.java:44)
	at org.junit.internal.runners.model.ReflectiveCallable.run(ReflectiveCallable.java:15)
	at org.junit.runners.model.FrameworkMethod.invokeExplosively(FrameworkMethod.java:41)
	at org.junit.internal.runners.statements.InvokeMethod.evaluate(InvokeMethod.java:20)
	at org.junit.internal.runners.statements.FailOnTimeout$1.run(FailOnTimeout.java:28)
</error>
    <system-out>Socket Initializaed
{&quot;data&quot;:{&quot;columns&quot;:[{&quot;relationType&quot;:null,&quot;isDeletable&quot;:false,&quot;isEditable&quot;:false,&quot;dataType&quot;:&quot;Id&quot;,&quot;unique&quot;:true,&quot;name&quot;:&quot;id&quot;,&quot;_type&quot;:&quot;column&quot;,&quot;isRenamable&quot;:false,&quot;required&quot;:true,&quot;relatedTo&quot;:null},{&quot;relationType&quot;:null,&quot;isDeletable&quot;:false,&quot;isEditable&quot;:false,&quot;dataType&quot;:&quot;DateTime&quot;,&quot;unique&quot;:false,&quot;name&quot;:&quot;expires&quot;,&quot;_type&quot;:&quot;column&quot;,&quot;isRenamable&quot;:false,&quot;required&quot;:false,&quot;relatedTo&quot;:null},{&quot;relationType&quot;:null,&quot;isDeletable&quot;:false,&quot;isEditable&quot;:false,&quot;dataType&quot;:&quot;DateTime&quot;,&quot;unique&quot;:false,&quot;name&quot;:&quot;createdAt&quot;,&quot;_type&quot;:&quot;column&quot;,&quot;isRenamable&quot;:false,&quot;required&quot;:true,&quot;relatedTo&quot;:null},{&quot;relationType&quot;:null,&quot;isDeletable&quot;:false,&quot;isEditable&quot;:false,&quot;dataType&quot;:&quot;DateTime&quot;,&quot;unique&quot;:false,&quot;name&quot;:&quot;updatedAt&quot;,&quot;_type&quot;:&quot;column&quot;,&quot;isRenamable&quot;:false,&quot;required&quot;:true,&quot;relatedTo&quot;:null},{&quot;relationType&quot;:null,&quot;isDeletable&quot;:false,&quot;isEditable&quot;:false,&quot;dataType&quot;:&quot;ACL&quot;,&quot;unique&quot;:false,&quot;name&quot;:&quot;ACL&quot;,&quot;_type&quot;:&quot;column&quot;,&quot;isRenamable&quot;:false,&quot;required&quot;:true,&quot;relatedTo&quot;:null}],&quot;appId&quot;:&quot;sample123&quot;,&quot;name&quot;:&quot;qzjzedxg&quot;,&quot;_type&quot;:&quot;table&quot;,&quot;type&quot;:&quot;custom&quot;,&quot;maxCount&quot;:9999},&quot;key&quot;:&quot;Qopoy/kXd+6G734HsjQMqGPGOvwEJYmBG84lQawRmWM=&quot;}
parameters: {&quot;data&quot;:{&quot;columns&quot;:[{&quot;relationType&quot;:null,&quot;isDeletable&quot;:false,&quot;isEditable&quot;:false,&quot;dataType&quot;:&quot;Id&quot;,&quot;unique&quot;:true,&quot;name&quot;:&quot;id&quot;,&quot;_type&quot;:&quot;column&quot;,&quot;isRenamable&quot;:false,&quot;required&quot;:true,&quot;relatedTo&quot;:null},{&quot;relationType&quot;:null,&quot;isDeletable&quot;:false,&quot;isEditable&quot;:false,&quot;dataType&quot;:&quot;DateTime&quot;,&quot;unique&quot;:false,&quot;name&quot;:&quot;expires&quot;,&quot;_type&quot;:&quot;column&quot;,&quot;isRenamable&quot;:false,&quot;required&quot;:false,&quot;relatedTo&quot;:null},{&quot;relationType&quot;:null,&quot;isDeletable&quot;:false,&quot;isEditable&quot;:false,&quot;dataType&quot;:&quot;DateTime&quot;,&quot;unique&quot;:false,&quot;name&quot;:&quot;createdAt&quot;,&quot;_type&quot;:&quot;column&quot;,&quot;isRenamable&quot;:false,&quot;required&quot;:true,&quot;relatedTo&quot;:null},{&quot;relationType&quot;:null,&quot;isDeletable&quot;:false,&quot;isEditable&quot;:false,&quot;dataType&quot;:&quot;DateTime&quot;,&quot;unique&quot;:false,&quot;name&quot;:&quot;updatedAt&quot;,&quot;_type&quot;:&quot;column&quot;,&quot;isRenamable&quot;:false,&quot;required&quot;:true,&quot;relatedTo&quot;:null},{&quot;relationType&quot;:null,&quot;isDeletable&quot;:false,&quot;isEditable&quot;:false,&quot;dataType&quot;:&quot;ACL&quot;,&quot;unique&quot;:false,&quot;name&quot;:&quot;ACL&quot;,&quot;_type&quot;:&quot;column&quot;,&quot;isRenamable&quot;:false,&quot;required&quot;:true,&quot;relatedTo&quot;:null}],&quot;appId&quot;:&quot;sample123&quot;,&quot;name&quot;:&quot;qzjzedxg&quot;,&quot;_type&quot;:&quot;table&quot;,&quot;type&quot;:&quot;custom&quot;,&quot;maxCount&quot;:9999},&quot;key&quot;:&quot;Qopoy/kXd+6G734HsjQMqGPGOvwEJYmBG84lQawRmWM=&quot;}
</system-out>
    <system-err>java.io.IOException: Server returned HTTP response code: 401 for URL: https://service.cloudboost.io/sample123/table/qzjzedxg
	at sun.reflect.GeneratedConstructorAccessor17.newInstance(Unknown Source)
	at sun.reflect.DelegatingConstructorAccessorImpl.newInstance(DelegatingConstructorAccessorImpl.java:45)
	at java.lang.reflect.Constructor.newInstance(Constructor.java:408)
	at sun.net.www.protocol.http.HttpURLConnection$10.run(HttpURLConnection.java:1888)
	at sun.net.www.protocol.http.HttpURLConnection$10.run(HttpURLConnection.java:1883)
	at java.security.AccessController.doPrivileged(Native Method)
	at sun.net.www.protocol.http.HttpURLConnection.getChainedException(HttpURLConnection.java:1882)
	at sun.net.www.protocol.http.HttpURLConnection.getInputStream0(HttpURLConnection.java:1455)
	at sun.net.www.protocol.http.HttpURLConnection.getInputStream(HttpURLConnection.java:1439)
	at sun.net.www.protocol.https.HttpsURLConnectionImpl.getInputStream(HttpsURLConnectionImpl.java:254)
	at io.cloudboost.util.CBParser.callJson(CBParser.java:62)
	at io.cloudboost.CloudTable.save(CloudTable.java:264)
	at io.cloudboost.CloudTableTest.updateNewColumnIntoTable(CloudTableTest.java:123)
	at sun.reflect.NativeMethodAccessorImpl.invoke0(Native Method)
	at sun.reflect.NativeMethodAccessorImpl.invoke(NativeMethodAccessorImpl.java:62)
	at sun.reflect.DelegatingMethodAccessorImpl.invoke(DelegatingMethodAccessorImpl.java:43)
	at java.lang.reflect.Method.invoke(Method.java:483)
	at org.junit.runners.model.FrameworkMethod$1.runReflectiveCall(FrameworkMethod.java:44)
	at org.junit.internal.runners.model.ReflectiveCallable.run(ReflectiveCallable.java:15)
	at org.junit.runners.model.FrameworkMethod.invokeExplosively(FrameworkMethod.java:41)
	at org.junit.internal.runners.statements.InvokeMethod.evaluate(InvokeMethod.java:20)
	at org.junit.internal.runners.statements.FailOnTimeout$1.run(FailOnTimeout.java:28)
Caused by: java.io.IOException: Server returned HTTP response code: 401 for URL: https://service.cloudboost.io/sample123/table/qzjzedxg
	at sun.net.www.protocol.http.HttpURLConnection.getInputStream0(HttpURLConnection.java:1838)
	at sun.net.www.protocol.http.HttpURLConnection.getInputStream(HttpURLConnection.java:1439)
	at java.net.HttpURLConnection.getResponseCode(HttpURLConnection.java:480)
	at sun.net.www.protocol.https.HttpsURLConnectionImpl.getResponseCode(HttpsURLConnectionImpl.java:338)
	at io.cloudboost.util.CBParser.callJson(CBParser.java:60)
	... 11 more
</system-err>
  </testcase>
  <testcase classname="io.cloudboost.CloudTableTest" name="createAndDeleteTable" time="2.352">
    <error type="java.lang.NullPointerException">java.lang.NullPointerException
	at io.cloudboost.util.CBParser.callJson(CBParser.java:70)
	at io.cloudboost.CloudTable.save(CloudTable.java:264)
	at io.cloudboost.CloudTableTest.createAndDeleteTable(CloudTableTest.java:54)
	at sun.reflect.NativeMethodAccessorImpl.invoke0(Native Method)
	at sun.reflect.NativeMethodAccessorImpl.invoke(NativeMethodAccessorImpl.java:62)
	at sun.reflect.DelegatingMethodAccessorImpl.invoke(DelegatingMethodAccessorImpl.java:43)
	at java.lang.reflect.Method.invoke(Method.java:483)
	at org.junit.runners.model.FrameworkMethod$1.runReflectiveCall(FrameworkMethod.java:44)
	at org.junit.internal.runners.model.ReflectiveCallable.run(ReflectiveCallable.java:15)
	at org.junit.runners.model.FrameworkMethod.invokeExplosively(FrameworkMethod.java:41)
	at org.junit.internal.runners.statements.InvokeMethod.evaluate(InvokeMethod.java:20)
	at org.junit.internal.runners.statements.FailOnTimeout$1.run(FailOnTimeout.java:28)
</error>
    <system-out>Socket Initializaed
utermfhh
{&quot;data&quot;:{&quot;columns&quot;:[{&quot;relationType&quot;:null,&quot;isDeletable&quot;:false,&quot;isEditable&quot;:false,&quot;dataType&quot;:&quot;Id&quot;,&quot;unique&quot;:true,&quot;name&quot;:&quot;id&quot;,&quot;_type&quot;:&quot;column&quot;,&quot;isRenamable&quot;:false,&quot;required&quot;:true,&quot;relatedTo&quot;:null},{&quot;relationType&quot;:null,&quot;isDeletable&quot;:false,&quot;isEditable&quot;:false,&quot;dataType&quot;:&quot;DateTime&quot;,&quot;unique&quot;:false,&quot;name&quot;:&quot;expires&quot;,&quot;_type&quot;:&quot;column&quot;,&quot;isRenamable&quot;:false,&quot;required&quot;:false,&quot;relatedTo&quot;:null},{&quot;relationType&quot;:null,&quot;isDeletable&quot;:false,&quot;isEditable&quot;:false,&quot;dataType&quot;:&quot;DateTime&quot;,&quot;unique&quot;:false,&quot;name&quot;:&quot;createdAt&quot;,&quot;_type&quot;:&quot;column&quot;,&quot;isRenamable&quot;:false,&quot;required&quot;:true,&quot;relatedTo&quot;:null},{&quot;relationType&quot;:null,&quot;isDeletable&quot;:false,&quot;isEditable&quot;:false,&quot;dataType&quot;:&quot;DateTime&quot;,&quot;unique&quot;:false,&quot;name&quot;:&quot;updatedAt&quot;,&quot;_type&quot;:&quot;column&quot;,&quot;isRenamable&quot;:false,&quot;required&quot;:true,&quot;relatedTo&quot;:null},{&quot;relationType&quot;:null,&quot;isDeletable&quot;:false,&quot;isEditable&quot;:false,&quot;dataType&quot;:&quot;ACL&quot;,&quot;unique&quot;:false,&quot;name&quot;:&quot;ACL&quot;,&quot;_type&quot;:&quot;column&quot;,&quot;isRenamable&quot;:false,&quot;required&quot;:true,&quot;relatedTo&quot;:null}],&quot;appId&quot;:&quot;sample123&quot;,&quot;name&quot;:&quot;utermfhh&quot;,&quot;_type&quot;:&quot;table&quot;,&quot;type&quot;:&quot;custom&quot;,&quot;maxCount&quot;:9999},&quot;key&quot;:&quot;Qopoy/kXd+6G734HsjQMqGPGOvwEJYmBG84lQawRmWM=&quot;}
parameters: {&quot;data&quot;:{&quot;columns&quot;:[{&quot;relationType&quot;:null,&quot;isDeletable&quot;:false,&quot;isEditable&quot;:false,&quot;dataType&quot;:&quot;Id&quot;,&quot;unique&quot;:true,&quot;name&quot;:&quot;id&quot;,&quot;_type&quot;:&quot;column&quot;,&quot;isRenamable&quot;:false,&quot;required&quot;:true,&quot;relatedTo&quot;:null},{&quot;relationType&quot;:null,&quot;isDeletable&quot;:false,&quot;isEditable&quot;:false,&quot;dataType&quot;:&quot;DateTime&quot;,&quot;unique&quot;:false,&quot;name&quot;:&quot;expires&quot;,&quot;_type&quot;:&quot;column&quot;,&quot;isRenamable&quot;:false,&quot;required&quot;:false,&quot;relatedTo&quot;:null},{&quot;relationType&quot;:null,&quot;isDeletable&quot;:false,&quot;isEditable&quot;:false,&quot;dataType&quot;:&quot;DateTime&quot;,&quot;unique&quot;:false,&quot;name&quot;:&quot;createdAt&quot;,&quot;_type&quot;:&quot;column&quot;,&quot;isRenamable&quot;:false,&quot;required&quot;:true,&quot;relatedTo&quot;:null},{&quot;relationType&quot;:null,&quot;isDeletable&quot;:false,&quot;isEditable&quot;:false,&quot;dataType&quot;:&quot;DateTime&quot;,&quot;unique&quot;:false,&quot;name&quot;:&quot;updatedAt&quot;,&quot;_type&quot;:&quot;column&quot;,&quot;isRenamable&quot;:false,&quot;required&quot;:true,&quot;relatedTo&quot;:null},{&quot;relationType&quot;:null,&quot;isDeletable&quot;:false,&quot;isEditable&quot;:false,&quot;dataType&quot;:&quot;ACL&quot;,&quot;unique&quot;:false,&quot;name&quot;:&quot;ACL&quot;,&quot;_type&quot;:&quot;column&quot;,&quot;isRenamable&quot;:false,&quot;required&quot;:true,&quot;relatedTo&quot;:null}],&quot;appId&quot;:&quot;sample123&quot;,&quot;name&quot;:&quot;utermfhh&quot;,&quot;_type&quot;:&quot;table&quot;,&quot;type&quot;:&quot;custom&quot;,&quot;maxCount&quot;:9999},&quot;key&quot;:&quot;Qopoy/kXd+6G734HsjQMqGPGOvwEJYmBG84lQawRmWM=&quot;}
</system-out>
    <system-err>java.io.IOException: Server returned HTTP response code: 401 for URL: https://service.cloudboost.io/sample123/table/utermfhh
	at sun.reflect.GeneratedConstructorAccessor17.newInstance(Unknown Source)
	at sun.reflect.DelegatingConstructorAccessorImpl.newInstance(DelegatingConstructorAccessorImpl.java:45)
	at java.lang.reflect.Constructor.newInstance(Constructor.java:408)
	at sun.net.www.protocol.http.HttpURLConnection$10.run(HttpURLConnection.java:1888)
	at sun.net.www.protocol.http.HttpURLConnection$10.run(HttpURLConnection.java:1883)
	at java.security.AccessController.doPrivileged(Native Method)
	at sun.net.www.protocol.http.HttpURLConnection.getChainedException(HttpURLConnection.java:1882)
	at sun.net.www.protocol.http.HttpURLConnection.getInputStream0(HttpURLConnection.java:1455)
	at sun.net.www.protocol.http.HttpURLConnection.getInputStream(HttpURLConnection.java:1439)
	at sun.net.www.protocol.https.HttpsURLConnectionImpl.getInputStream(HttpsURLConnectionImpl.java:254)
	at io.cloudboost.util.CBParser.callJson(CBParser.java:62)
	at io.cloudboost.CloudTable.save(CloudTable.java:264)
	at io.cloudboost.CloudTableTest.createAndDeleteTable(CloudTableTest.java:54)
	at sun.reflect.NativeMethodAccessorImpl.invoke0(Native Method)
	at sun.reflect.NativeMethodAccessorImpl.invoke(NativeMethodAccessorImpl.java:62)
	at sun.reflect.DelegatingMethodAccessorImpl.invoke(DelegatingMethodAccessorImpl.java:43)
	at java.lang.reflect.Method.invoke(Method.java:483)
	at org.junit.runners.model.FrameworkMethod$1.runReflectiveCall(FrameworkMethod.java:44)
	at org.junit.internal.runners.model.ReflectiveCallable.run(ReflectiveCallable.java:15)
	at org.junit.runners.model.FrameworkMethod.invokeExplosively(FrameworkMethod.java:41)
	at org.junit.internal.runners.statements.InvokeMethod.evaluate(InvokeMethod.java:20)
	at org.junit.internal.runners.statements.FailOnTimeout$1.run(FailOnTimeout.java:28)
Caused by: java.io.IOException: Server returned HTTP response code: 401 for URL: https://service.cloudboost.io/sample123/table/utermfhh
	at sun.net.www.protocol.http.HttpURLConnection.getInputStream0(HttpURLConnection.java:1838)
	at sun.net.www.protocol.http.HttpURLConnection.getInputStream(HttpURLConnection.java:1439)
	at java.net.HttpURLConnection.getResponseCode(HttpURLConnection.java:480)
	at sun.net.www.protocol.https.HttpsURLConnectionImpl.getResponseCode(HttpsURLConnectionImpl.java:338)
	at io.cloudboost.util.CBParser.callJson(CBParser.java:60)
	... 11 more
</system-err>
  </testcase>
  <testcase classname="io.cloudboost.CloudTableTest" name="createTableSample" time="4.897">
    <error type="java.lang.NullPointerException">java.lang.NullPointerException
	at io.cloudboost.util.CBParser.callJson(CBParser.java:70)
	at io.cloudboost.CloudTable.save(CloudTable.java:264)
	at io.cloudboost.CloudTableTest.createTableSample(CloudTableTest.java:609)
	at sun.reflect.NativeMethodAccessorImpl.invoke0(Native Method)
	at sun.reflect.NativeMethodAccessorImpl.invoke(NativeMethodAccessorImpl.java:62)
	at sun.reflect.DelegatingMethodAccessorImpl.invoke(DelegatingMethodAccessorImpl.java:43)
	at java.lang.reflect.Method.invoke(Method.java:483)
	at org.junit.runners.model.FrameworkMethod$1.runReflectiveCall(FrameworkMethod.java:44)
	at org.junit.internal.runners.model.ReflectiveCallable.run(ReflectiveCallable.java:15)
	at org.junit.runners.model.FrameworkMethod.invokeExplosively(FrameworkMethod.java:41)
	at org.junit.internal.runners.statements.InvokeMethod.evaluate(InvokeMethod.java:20)
	at org.junit.internal.runners.statements.FailOnTimeout$1.run(FailOnTimeout.java:28)
</error>
    <system-out>Socket Initializaed
{&quot;data&quot;:{&quot;columns&quot;:[{&quot;relationType&quot;:null,&quot;isDeletable&quot;:false,&quot;isEditable&quot;:false,&quot;dataType&quot;:&quot;Id&quot;,&quot;unique&quot;:true,&quot;name&quot;:&quot;id&quot;,&quot;_type&quot;:&quot;column&quot;,&quot;isRenamable&quot;:false,&quot;required&quot;:true,&quot;relatedTo&quot;:null},{&quot;relationType&quot;:null,&quot;isDeletable&quot;:false,&quot;isEditable&quot;:false,&quot;dataType&quot;:&quot;DateTime&quot;,&quot;unique&quot;:false,&quot;name&quot;:&quot;expires&quot;,&quot;_type&quot;:&quot;column&quot;,&quot;isRenamable&quot;:false,&quot;required&quot;:false,&quot;relatedTo&quot;:null},{&quot;relationType&quot;:null,&quot;isDeletable&quot;:false,&quot;isEditable&quot;:false,&quot;dataType&quot;:&quot;DateTime&quot;,&quot;unique&quot;:false,&quot;name&quot;:&quot;createdAt&quot;,&quot;_type&quot;:&quot;column&quot;,&quot;isRenamable&quot;:false,&quot;required&quot;:true,&quot;relatedTo&quot;:null},{&quot;relationType&quot;:null,&quot;isDeletable&quot;:false,&quot;isEditable&quot;:false,&quot;dataType&quot;:&quot;DateTime&quot;,&quot;unique&quot;:false,&quot;name&quot;:&quot;updatedAt&quot;,&quot;_type&quot;:&quot;column&quot;,&quot;isRenamable&quot;:false,&quot;required&quot;:true,&quot;relatedTo&quot;:null},{&quot;relationType&quot;:null,&quot;isDeletable&quot;:false,&quot;isEditable&quot;:false,&quot;dataType&quot;:&quot;ACL&quot;,&quot;unique&quot;:false,&quot;name&quot;:&quot;ACL&quot;,&quot;_type&quot;:&quot;column&quot;,&quot;isRenamable&quot;:false,&quot;required&quot;:true,&quot;relatedTo&quot;:null},{&quot;relationType&quot;:null,&quot;isDeletable&quot;:true,&quot;isEditable&quot;:true,&quot;dataType&quot;:&quot;Text&quot;,&quot;unique&quot;:false,&quot;name&quot;:&quot;name&quot;,&quot;_type&quot;:&quot;column&quot;,&quot;isRenamable&quot;:false,&quot;required&quot;:true,&quot;relatedTo&quot;:null},{&quot;relationType&quot;:null,&quot;isDeletable&quot;:true,&quot;isEditable&quot;:true,&quot;dataType&quot;:&quot;Text&quot;,&quot;unique&quot;:true,&quot;name&quot;:&quot;unique&quot;,&quot;_type&quot;:&quot;column&quot;,&quot;isRenamable&quot;:false,&quot;required&quot;:false,&quot;relatedTo&quot;:null},{&quot;relationType&quot;:null,&quot;isDeletable&quot;:true,&quot;isEditable&quot;:true,&quot;dataType&quot;:&quot;List&quot;,&quot;unique&quot;:false,&quot;name&quot;:&quot;stringArray&quot;,&quot;_type&quot;:&quot;column&quot;,&quot;isRenamable&quot;:false,&quot;required&quot;:false,&quot;relatedTo&quot;:&quot;Text&quot;},{&quot;relationType&quot;:null,&quot;isDeletable&quot;:true,&quot;isEditable&quot;:true,&quot;dataType&quot;:&quot;List&quot;,&quot;unique&quot;:false,&quot;name&quot;:&quot;objectArray&quot;,&quot;_type&quot;:&quot;column&quot;,&quot;isRenamable&quot;:false,&quot;required&quot;:false,&quot;relatedTo&quot;:&quot;Object&quot;},{&quot;relationType&quot;:null,&quot;isDeletable&quot;:true,&quot;isEditable&quot;:true,&quot;dataType&quot;:&quot;File&quot;,&quot;unique&quot;:false,&quot;name&quot;:&quot;file&quot;,&quot;_type&quot;:&quot;column&quot;,&quot;isRenamable&quot;:false,&quot;required&quot;:false,&quot;relatedTo&quot;:null},{&quot;relationType&quot;:null,&quot;isDeletable&quot;:true,&quot;isEditable&quot;:true,&quot;dataType&quot;:&quot;List&quot;,&quot;unique&quot;:false,&quot;name&quot;:&quot;fileList&quot;,&quot;_type&quot;:&quot;column&quot;,&quot;isRenamable&quot;:false,&quot;required&quot;:false,&quot;relatedTo&quot;:&quot;File&quot;}],&quot;appId&quot;:&quot;sample123&quot;,&quot;name&quot;:&quot;Sample&quot;,&quot;_type&quot;:&quot;table&quot;,&quot;type&quot;:&quot;custom&quot;,&quot;maxCount&quot;:9999},&quot;key&quot;:&quot;Qopoy/kXd+6G734HsjQMqGPGOvwEJYmBG84lQawRmWM=&quot;}
parameters: {&quot;data&quot;:{&quot;columns&quot;:[{&quot;relationType&quot;:null,&quot;isDeletable&quot;:false,&quot;isEditable&quot;:false,&quot;dataType&quot;:&quot;Id&quot;,&quot;unique&quot;:true,&quot;name&quot;:&quot;id&quot;,&quot;_type&quot;:&quot;column&quot;,&quot;isRenamable&quot;:false,&quot;required&quot;:true,&quot;relatedTo&quot;:null},{&quot;relationType&quot;:null,&quot;isDeletable&quot;:false,&quot;isEditable&quot;:false,&quot;dataType&quot;:&quot;DateTime&quot;,&quot;unique&quot;:false,&quot;name&quot;:&quot;expires&quot;,&quot;_type&quot;:&quot;column&quot;,&quot;isRenamable&quot;:false,&quot;required&quot;:false,&quot;relatedTo&quot;:null},{&quot;relationType&quot;:null,&quot;isDeletable&quot;:false,&quot;isEditable&quot;:false,&quot;dataType&quot;:&quot;DateTime&quot;,&quot;unique&quot;:false,&quot;name&quot;:&quot;createdAt&quot;,&quot;_type&quot;:&quot;column&quot;,&quot;isRenamable&quot;:false,&quot;required&quot;:true,&quot;relatedTo&quot;:null},{&quot;relationType&quot;:null,&quot;isDeletable&quot;:false,&quot;isEditable&quot;:false,&quot;dataType&quot;:&quot;DateTime&quot;,&quot;unique&quot;:false,&quot;name&quot;:&quot;updatedAt&quot;,&quot;_type&quot;:&quot;column&quot;,&quot;isRenamable&quot;:false,&quot;required&quot;:true,&quot;relatedTo&quot;:null},{&quot;relationType&quot;:null,&quot;isDeletable&quot;:false,&quot;isEditable&quot;:false,&quot;dataType&quot;:&quot;ACL&quot;,&quot;unique&quot;:false,&quot;name&quot;:&quot;ACL&quot;,&quot;_type&quot;:&quot;column&quot;,&quot;isRenamable&quot;:false,&quot;required&quot;:true,&quot;relatedTo&quot;:null},{&quot;relationType&quot;:null,&quot;isDeletable&quot;:true,&quot;isEditable&quot;:true,&quot;dataType&quot;:&quot;Text&quot;,&quot;unique&quot;:false,&quot;name&quot;:&quot;name&quot;,&quot;_type&quot;:&quot;column&quot;,&quot;isRenamable&quot;:false,&quot;required&quot;:true,&quot;relatedTo&quot;:null},{&quot;relationType&quot;:null,&quot;isDeletable&quot;:true,&quot;isEditable&quot;:true,&quot;dataType&quot;:&quot;Text&quot;,&quot;unique&quot;:true,&quot;name&quot;:&quot;unique&quot;,&quot;_type&quot;:&quot;column&quot;,&quot;isRenamable&quot;:false,&quot;required&quot;:false,&quot;relatedTo&quot;:null},{&quot;relationType&quot;:null,&quot;isDeletable&quot;:true,&quot;isEditable&quot;:true,&quot;dataType&quot;:&quot;List&quot;,&quot;unique&quot;:false,&quot;name&quot;:&quot;stringArray&quot;,&quot;_type&quot;:&quot;column&quot;,&quot;isRenamable&quot;:false,&quot;required&quot;:false,&quot;relatedTo&quot;:&quot;Text&quot;},{&quot;relationType&quot;:null,&quot;isDeletable&quot;:true,&quot;isEditable&quot;:true,&quot;dataType&quot;:&quot;List&quot;,&quot;unique&quot;:false,&quot;name&quot;:&quot;objectArray&quot;,&quot;_type&quot;:&quot;column&quot;,&quot;isRenamable&quot;:false,&quot;required&quot;:false,&quot;relatedTo&quot;:&quot;Object&quot;},{&quot;relationType&quot;:null,&quot;isDeletable&quot;:true,&quot;isEditable&quot;:true,&quot;dataType&quot;:&quot;File&quot;,&quot;unique&quot;:false,&quot;name&quot;:&quot;file&quot;,&quot;_type&quot;:&quot;column&quot;,&quot;isRenamable&quot;:false,&quot;required&quot;:false,&quot;relatedTo&quot;:null},{&quot;relationType&quot;:null,&quot;isDeletable&quot;:true,&quot;isEditable&quot;:true,&quot;dataType&quot;:&quot;List&quot;,&quot;unique&quot;:false,&quot;name&quot;:&quot;fileList&quot;,&quot;_type&quot;:&quot;column&quot;,&quot;isRenamable&quot;:false,&quot;required&quot;:false,&quot;relatedTo&quot;:&quot;File&quot;}],&quot;appId&quot;:&quot;sample123&quot;,&quot;name&quot;:&quot;Sample&quot;,&quot;_type&quot;:&quot;table&quot;,&quot;type&quot;:&quot;custom&quot;,&quot;maxCount&quot;:9999},&quot;key&quot;:&quot;Qopoy/kXd+6G734HsjQMqGPGOvwEJYmBG84lQawRmWM=&quot;}
</system-out>
    <system-err>java.io.IOException: Server returned HTTP response code: 401 for URL: https://service.cloudboost.io/sample123/table/Sample
	at sun.reflect.GeneratedConstructorAccessor17.newInstance(Unknown Source)
	at sun.reflect.DelegatingConstructorAccessorImpl.newInstance(DelegatingConstructorAccessorImpl.java:45)
	at java.lang.reflect.Constructor.newInstance(Constructor.java:408)
	at sun.net.www.protocol.http.HttpURLConnection$10.run(HttpURLConnection.java:1888)
	at sun.net.www.protocol.http.HttpURLConnection$10.run(HttpURLConnection.java:1883)
	at java.security.AccessController.doPrivileged(Native Method)
	at sun.net.www.protocol.http.HttpURLConnection.getChainedException(HttpURLConnection.java:1882)
	at sun.net.www.protocol.http.HttpURLConnection.getInputStream0(HttpURLConnection.java:1455)
	at sun.net.www.protocol.http.HttpURLConnection.getInputStream(HttpURLConnection.java:1439)
	at sun.net.www.protocol.https.HttpsURLConnectionImpl.getInputStream(HttpsURLConnectionImpl.java:254)
	at io.cloudboost.util.CBParser.callJson(CBParser.java:62)
	at io.cloudboost.CloudTable.save(CloudTable.java:264)
	at io.cloudboost.CloudTableTest.createTableSample(CloudTableTest.java:609)
	at sun.reflect.NativeMethodAccessorImpl.invoke0(Native Method)
	at sun.reflect.NativeMethodAccessorImpl.invoke(NativeMethodAccessorImpl.java:62)
	at sun.reflect.DelegatingMethodAccessorImpl.invoke(DelegatingMethodAccessorImpl.java:43)
	at java.lang.reflect.Method.invoke(Method.java:483)
	at org.junit.runners.model.FrameworkMethod$1.runReflectiveCall(FrameworkMethod.java:44)
	at org.junit.internal.runners.model.ReflectiveCallable.run(ReflectiveCallable.java:15)
	at org.junit.runners.model.FrameworkMethod.invokeExplosively(FrameworkMethod.java:41)
	at org.junit.internal.runners.statements.InvokeMethod.evaluate(InvokeMethod.java:20)
	at org.junit.internal.runners.statements.FailOnTimeout$1.run(FailOnTimeout.java:28)
Caused by: java.io.IOException: Server returned HTTP response code: 401 for URL: https://service.cloudboost.io/sample123/table/Sample
	at sun.net.www.protocol.http.HttpURLConnection.getInputStream0(HttpURLConnection.java:1838)
	at sun.net.www.protocol.http.HttpURLConnection.getInputStream(HttpURLConnection.java:1439)
	at java.net.HttpURLConnection.getResponseCode(HttpURLConnection.java:480)
	at sun.net.www.protocol.https.HttpsURLConnectionImpl.getResponseCode(HttpsURLConnectionImpl.java:338)
	at io.cloudboost.util.CBParser.callJson(CBParser.java:60)
	... 11 more
</system-err>
  </testcase>
  <testcase classname="io.cloudboost.CloudTableTest" name="createTableCustom5" time="2.209">
    <error type="java.lang.NullPointerException">java.lang.NullPointerException
	at io.cloudboost.util.CBParser.callJson(CBParser.java:70)
	at io.cloudboost.CloudTable.save(CloudTable.java:264)
	at io.cloudboost.CloudTableTest.createTableCustom5(CloudTableTest.java:567)
	at sun.reflect.NativeMethodAccessorImpl.invoke0(Native Method)
	at sun.reflect.NativeMethodAccessorImpl.invoke(NativeMethodAccessorImpl.java:62)
	at sun.reflect.DelegatingMethodAccessorImpl.invoke(DelegatingMethodAccessorImpl.java:43)
	at java.lang.reflect.Method.invoke(Method.java:483)
	at org.junit.runners.model.FrameworkMethod$1.runReflectiveCall(FrameworkMethod.java:44)
	at org.junit.internal.runners.model.ReflectiveCallable.run(ReflectiveCallable.java:15)
	at org.junit.runners.model.FrameworkMethod.invokeExplosively(FrameworkMethod.java:41)
	at org.junit.internal.runners.statements.InvokeMethod.evaluate(InvokeMethod.java:20)
	at org.junit.internal.runners.statements.FailOnTimeout$1.run(FailOnTimeout.java:28)
</error>
    <system-out>Socket Initializaed
{&quot;data&quot;:{&quot;columns&quot;:[{&quot;relationType&quot;:null,&quot;isDeletable&quot;:false,&quot;isEditable&quot;:false,&quot;dataType&quot;:&quot;Id&quot;,&quot;unique&quot;:true,&quot;name&quot;:&quot;id&quot;,&quot;_type&quot;:&quot;column&quot;,&quot;isRenamable&quot;:false,&quot;required&quot;:true,&quot;relatedTo&quot;:null},{&quot;relationType&quot;:null,&quot;isDeletable&quot;:false,&quot;isEditable&quot;:false,&quot;dataType&quot;:&quot;DateTime&quot;,&quot;unique&quot;:false,&quot;name&quot;:&quot;expires&quot;,&quot;_type&quot;:&quot;column&quot;,&quot;isRenamable&quot;:false,&quot;required&quot;:false,&quot;relatedTo&quot;:null},{&quot;relationType&quot;:null,&quot;isDeletable&quot;:false,&quot;isEditable&quot;:false,&quot;dataType&quot;:&quot;DateTime&quot;,&quot;unique&quot;:false,&quot;name&quot;:&quot;createdAt&quot;,&quot;_type&quot;:&quot;column&quot;,&quot;isRenamable&quot;:false,&quot;required&quot;:true,&quot;relatedTo&quot;:null},{&quot;relationType&quot;:null,&quot;isDeletable&quot;:false,&quot;isEditable&quot;:false,&quot;dataType&quot;:&quot;DateTime&quot;,&quot;unique&quot;:false,&quot;name&quot;:&quot;updatedAt&quot;,&quot;_type&quot;:&quot;column&quot;,&quot;isRenamable&quot;:false,&quot;required&quot;:true,&quot;relatedTo&quot;:null},{&quot;relationType&quot;:null,&quot;isDeletable&quot;:false,&quot;isEditable&quot;:false,&quot;dataType&quot;:&quot;ACL&quot;,&quot;unique&quot;:false,&quot;name&quot;:&quot;ACL&quot;,&quot;_type&quot;:&quot;column&quot;,&quot;isRenamable&quot;:false,&quot;required&quot;:true,&quot;relatedTo&quot;:null},{&quot;relationType&quot;:null,&quot;isDeletable&quot;:true,&quot;isEditable&quot;:true,&quot;dataType&quot;:&quot;GeoPoint&quot;,&quot;unique&quot;:false,&quot;name&quot;:&quot;location&quot;,&quot;_type&quot;:&quot;column&quot;,&quot;isRenamable&quot;:false,&quot;required&quot;:false,&quot;relatedTo&quot;:null}],&quot;appId&quot;:&quot;sample123&quot;,&quot;name&quot;:&quot;Custom5&quot;,&quot;_type&quot;:&quot;table&quot;,&quot;type&quot;:&quot;custom&quot;,&quot;maxCount&quot;:9999},&quot;key&quot;:&quot;Qopoy/kXd+6G734HsjQMqGPGOvwEJYmBG84lQawRmWM=&quot;}
parameters: {&quot;data&quot;:{&quot;columns&quot;:[{&quot;relationType&quot;:null,&quot;isDeletable&quot;:false,&quot;isEditable&quot;:false,&quot;dataType&quot;:&quot;Id&quot;,&quot;unique&quot;:true,&quot;name&quot;:&quot;id&quot;,&quot;_type&quot;:&quot;column&quot;,&quot;isRenamable&quot;:false,&quot;required&quot;:true,&quot;relatedTo&quot;:null},{&quot;relationType&quot;:null,&quot;isDeletable&quot;:false,&quot;isEditable&quot;:false,&quot;dataType&quot;:&quot;DateTime&quot;,&quot;unique&quot;:false,&quot;name&quot;:&quot;expires&quot;,&quot;_type&quot;:&quot;column&quot;,&quot;isRenamable&quot;:false,&quot;required&quot;:false,&quot;relatedTo&quot;:null},{&quot;relationType&quot;:null,&quot;isDeletable&quot;:false,&quot;isEditable&quot;:false,&quot;dataType&quot;:&quot;DateTime&quot;,&quot;unique&quot;:false,&quot;name&quot;:&quot;createdAt&quot;,&quot;_type&quot;:&quot;column&quot;,&quot;isRenamable&quot;:false,&quot;required&quot;:true,&quot;relatedTo&quot;:null},{&quot;relationType&quot;:null,&quot;isDeletable&quot;:false,&quot;isEditable&quot;:false,&quot;dataType&quot;:&quot;DateTime&quot;,&quot;unique&quot;:false,&quot;name&quot;:&quot;updatedAt&quot;,&quot;_type&quot;:&quot;column&quot;,&quot;isRenamable&quot;:false,&quot;required&quot;:true,&quot;relatedTo&quot;:null},{&quot;relationType&quot;:null,&quot;isDeletable&quot;:false,&quot;isEditable&quot;:false,&quot;dataType&quot;:&quot;ACL&quot;,&quot;unique&quot;:false,&quot;name&quot;:&quot;ACL&quot;,&quot;_type&quot;:&quot;column&quot;,&quot;isRenamable&quot;:false,&quot;required&quot;:true,&quot;relatedTo&quot;:null},{&quot;relationType&quot;:null,&quot;isDeletable&quot;:true,&quot;isEditable&quot;:true,&quot;dataType&quot;:&quot;GeoPoint&quot;,&quot;unique&quot;:false,&quot;name&quot;:&quot;location&quot;,&quot;_type&quot;:&quot;column&quot;,&quot;isRenamable&quot;:false,&quot;required&quot;:false,&quot;relatedTo&quot;:null}],&quot;appId&quot;:&quot;sample123&quot;,&quot;name&quot;:&quot;Custom5&quot;,&quot;_type&quot;:&quot;table&quot;,&quot;type&quot;:&quot;custom&quot;,&quot;maxCount&quot;:9999},&quot;key&quot;:&quot;Qopoy/kXd+6G734HsjQMqGPGOvwEJYmBG84lQawRmWM=&quot;}
</system-out>
    <system-err>java.io.IOException: Server returned HTTP response code: 401 for URL: https://service.cloudboost.io/sample123/table/Custom5
	at sun.reflect.GeneratedConstructorAccessor17.newInstance(Unknown Source)
	at sun.reflect.DelegatingConstructorAccessorImpl.newInstance(DelegatingConstructorAccessorImpl.java:45)
	at java.lang.reflect.Constructor.newInstance(Constructor.java:408)
	at sun.net.www.protocol.http.HttpURLConnection$10.run(HttpURLConnection.java:1888)
	at sun.net.www.protocol.http.HttpURLConnection$10.run(HttpURLConnection.java:1883)
	at java.security.AccessController.doPrivileged(Native Method)
	at sun.net.www.protocol.http.HttpURLConnection.getChainedException(HttpURLConnection.java:1882)
	at sun.net.www.protocol.http.HttpURLConnection.getInputStream0(HttpURLConnection.java:1455)
	at sun.net.www.protocol.http.HttpURLConnection.getInputStream(HttpURLConnection.java:1439)
	at sun.net.www.protocol.https.HttpsURLConnectionImpl.getInputStream(HttpsURLConnectionImpl.java:254)
	at io.cloudboost.util.CBParser.callJson(CBParser.java:62)
	at io.cloudboost.CloudTable.save(CloudTable.java:264)
	at io.cloudboost.CloudTableTest.createTableCustom5(CloudTableTest.java:567)
	at sun.reflect.NativeMethodAccessorImpl.invoke0(Native Method)
	at sun.reflect.NativeMethodAccessorImpl.invoke(NativeMethodAccessorImpl.java:62)
	at sun.reflect.DelegatingMethodAccessorImpl.invoke(DelegatingMethodAccessorImpl.java:43)
	at java.lang.reflect.Method.invoke(Method.java:483)
	at org.junit.runners.model.FrameworkMethod$1.runReflectiveCall(FrameworkMethod.java:44)
	at org.junit.internal.runners.model.ReflectiveCallable.run(ReflectiveCallable.java:15)
	at org.junit.runners.model.FrameworkMethod.invokeExplosively(FrameworkMethod.java:41)
	at org.junit.internal.runners.statements.InvokeMethod.evaluate(InvokeMethod.java:20)
	at org.junit.internal.runners.statements.FailOnTimeout$1.run(FailOnTimeout.java:28)
Caused by: java.io.IOException: Server returned HTTP response code: 401 for URL: https://service.cloudboost.io/sample123/table/Custom5
	at sun.net.www.protocol.http.HttpURLConnection.getInputStream0(HttpURLConnection.java:1838)
	at sun.net.www.protocol.http.HttpURLConnection.getInputStream(HttpURLConnection.java:1439)
	at java.net.HttpURLConnection.getResponseCode(HttpURLConnection.java:480)
	at sun.net.www.protocol.https.HttpsURLConnectionImpl.getResponseCode(HttpsURLConnectionImpl.java:338)
	at io.cloudboost.util.CBParser.callJson(CBParser.java:60)
	... 11 more
</system-err>
  </testcase>
  <testcase classname="io.cloudboost.CloudTableTest" name="createTableStudent" time="1.783">
    <error type="java.lang.NullPointerException">java.lang.NullPointerException
	at io.cloudboost.util.CBParser.callJson(CBParser.java:70)
	at io.cloudboost.CloudTable.save(CloudTable.java:264)
	at io.cloudboost.CloudTableTest.createTableStudent(CloudTableTest.java:710)
	at sun.reflect.NativeMethodAccessorImpl.invoke0(Native Method)
	at sun.reflect.NativeMethodAccessorImpl.invoke(NativeMethodAccessorImpl.java:62)
	at sun.reflect.DelegatingMethodAccessorImpl.invoke(DelegatingMethodAccessorImpl.java:43)
	at java.lang.reflect.Method.invoke(Method.java:483)
	at org.junit.runners.model.FrameworkMethod$1.runReflectiveCall(FrameworkMethod.java:44)
	at org.junit.internal.runners.model.ReflectiveCallable.run(ReflectiveCallable.java:15)
	at org.junit.runners.model.FrameworkMethod.invokeExplosively(FrameworkMethod.java:41)
	at org.junit.internal.runners.statements.InvokeMethod.evaluate(InvokeMethod.java:20)
	at org.junit.internal.runners.statements.FailOnTimeout$1.run(FailOnTimeout.java:28)
</error>
    <system-out>Socket Initializaed
{&quot;data&quot;:{&quot;columns&quot;:[{&quot;relationType&quot;:null,&quot;isDeletable&quot;:false,&quot;isEditable&quot;:false,&quot;dataType&quot;:&quot;Id&quot;,&quot;unique&quot;:true,&quot;name&quot;:&quot;id&quot;,&quot;_type&quot;:&quot;column&quot;,&quot;isRenamable&quot;:false,&quot;required&quot;:true,&quot;relatedTo&quot;:null},{&quot;relationType&quot;:null,&quot;isDeletable&quot;:false,&quot;isEditable&quot;:false,&quot;dataType&quot;:&quot;DateTime&quot;,&quot;unique&quot;:false,&quot;name&quot;:&quot;expires&quot;,&quot;_type&quot;:&quot;column&quot;,&quot;isRenamable&quot;:false,&quot;required&quot;:false,&quot;relatedTo&quot;:null},{&quot;relationType&quot;:null,&quot;isDeletable&quot;:false,&quot;isEditable&quot;:false,&quot;dataType&quot;:&quot;DateTime&quot;,&quot;unique&quot;:false,&quot;name&quot;:&quot;createdAt&quot;,&quot;_type&quot;:&quot;column&quot;,&quot;isRenamable&quot;:false,&quot;required&quot;:true,&quot;relatedTo&quot;:null},{&quot;relationType&quot;:null,&quot;isDeletable&quot;:false,&quot;isEditable&quot;:false,&quot;dataType&quot;:&quot;DateTime&quot;,&quot;unique&quot;:false,&quot;name&quot;:&quot;updatedAt&quot;,&quot;_type&quot;:&quot;column&quot;,&quot;isRenamable&quot;:false,&quot;required&quot;:true,&quot;relatedTo&quot;:null},{&quot;relationType&quot;:null,&quot;isDeletable&quot;:false,&quot;isEditable&quot;:false,&quot;dataType&quot;:&quot;ACL&quot;,&quot;unique&quot;:false,&quot;name&quot;:&quot;ACL&quot;,&quot;_type&quot;:&quot;column&quot;,&quot;isRenamable&quot;:false,&quot;required&quot;:true,&quot;relatedTo&quot;:null},{&quot;relationType&quot;:null,&quot;isDeletable&quot;:true,&quot;isEditable&quot;:true,&quot;dataType&quot;:&quot;Number&quot;,&quot;unique&quot;:false,&quot;name&quot;:&quot;age&quot;,&quot;_type&quot;:&quot;column&quot;,&quot;isRenamable&quot;:false,&quot;required&quot;:false,&quot;relatedTo&quot;:null},{&quot;relationType&quot;:null,&quot;isDeletable&quot;:true,&quot;isEditable&quot;:true,&quot;dataType&quot;:&quot;Text&quot;,&quot;unique&quot;:false,&quot;name&quot;:&quot;class&quot;,&quot;_type&quot;:&quot;column&quot;,&quot;isRenamable&quot;:false,&quot;required&quot;:false,&quot;relatedTo&quot;:null},{&quot;relationType&quot;:null,&quot;isDeletable&quot;:true,&quot;isEditable&quot;:true,&quot;dataType&quot;:&quot;Text&quot;,&quot;unique&quot;:false,&quot;name&quot;:&quot;name&quot;,&quot;_type&quot;:&quot;column&quot;,&quot;isRenamable&quot;:false,&quot;required&quot;:false,&quot;relatedTo&quot;:null},{&quot;relationType&quot;:null,&quot;isDeletable&quot;:true,&quot;isEditable&quot;:true,&quot;dataType&quot;:&quot;Text&quot;,&quot;unique&quot;:false,&quot;name&quot;:&quot;description&quot;,&quot;_type&quot;:&quot;column&quot;,&quot;isRenamable&quot;:false,&quot;required&quot;:false,&quot;relatedTo&quot;:null}],&quot;appId&quot;:&quot;sample123&quot;,&quot;name&quot;:&quot;Student&quot;,&quot;_type&quot;:&quot;table&quot;,&quot;type&quot;:&quot;custom&quot;,&quot;maxCount&quot;:9999},&quot;key&quot;:&quot;Qopoy/kXd+6G734HsjQMqGPGOvwEJYmBG84lQawRmWM=&quot;}
parameters: {&quot;data&quot;:{&quot;columns&quot;:[{&quot;relationType&quot;:null,&quot;isDeletable&quot;:false,&quot;isEditable&quot;:false,&quot;dataType&quot;:&quot;Id&quot;,&quot;unique&quot;:true,&quot;name&quot;:&quot;id&quot;,&quot;_type&quot;:&quot;column&quot;,&quot;isRenamable&quot;:false,&quot;required&quot;:true,&quot;relatedTo&quot;:null},{&quot;relationType&quot;:null,&quot;isDeletable&quot;:false,&quot;isEditable&quot;:false,&quot;dataType&quot;:&quot;DateTime&quot;,&quot;unique&quot;:false,&quot;name&quot;:&quot;expires&quot;,&quot;_type&quot;:&quot;column&quot;,&quot;isRenamable&quot;:false,&quot;required&quot;:false,&quot;relatedTo&quot;:null},{&quot;relationType&quot;:null,&quot;isDeletable&quot;:false,&quot;isEditable&quot;:false,&quot;dataType&quot;:&quot;DateTime&quot;,&quot;unique&quot;:false,&quot;name&quot;:&quot;createdAt&quot;,&quot;_type&quot;:&quot;column&quot;,&quot;isRenamable&quot;:false,&quot;required&quot;:true,&quot;relatedTo&quot;:null},{&quot;relationType&quot;:null,&quot;isDeletable&quot;:false,&quot;isEditable&quot;:false,&quot;dataType&quot;:&quot;DateTime&quot;,&quot;unique&quot;:false,&quot;name&quot;:&quot;updatedAt&quot;,&quot;_type&quot;:&quot;column&quot;,&quot;isRenamable&quot;:false,&quot;required&quot;:true,&quot;relatedTo&quot;:null},{&quot;relationType&quot;:null,&quot;isDeletable&quot;:false,&quot;isEditable&quot;:false,&quot;dataType&quot;:&quot;ACL&quot;,&quot;unique&quot;:false,&quot;name&quot;:&quot;ACL&quot;,&quot;_type&quot;:&quot;column&quot;,&quot;isRenamable&quot;:false,&quot;required&quot;:true,&quot;relatedTo&quot;:null},{&quot;relationType&quot;:null,&quot;isDeletable&quot;:true,&quot;isEditable&quot;:true,&quot;dataType&quot;:&quot;Number&quot;,&quot;unique&quot;:false,&quot;name&quot;:&quot;age&quot;,&quot;_type&quot;:&quot;column&quot;,&quot;isRenamable&quot;:false,&quot;required&quot;:false,&quot;relatedTo&quot;:null},{&quot;relationType&quot;:null,&quot;isDeletable&quot;:true,&quot;isEditable&quot;:true,&quot;dataType&quot;:&quot;Text&quot;,&quot;unique&quot;:false,&quot;name&quot;:&quot;class&quot;,&quot;_type&quot;:&quot;column&quot;,&quot;isRenamable&quot;:false,&quot;required&quot;:false,&quot;relatedTo&quot;:null},{&quot;relationType&quot;:null,&quot;isDeletable&quot;:true,&quot;isEditable&quot;:true,&quot;dataType&quot;:&quot;Text&quot;,&quot;unique&quot;:false,&quot;name&quot;:&quot;name&quot;,&quot;_type&quot;:&quot;column&quot;,&quot;isRenamable&quot;:false,&quot;required&quot;:false,&quot;relatedTo&quot;:null},{&quot;relationType&quot;:null,&quot;isDeletable&quot;:true,&quot;isEditable&quot;:true,&quot;dataType&quot;:&quot;Text&quot;,&quot;unique&quot;:false,&quot;name&quot;:&quot;description&quot;,&quot;_type&quot;:&quot;column&quot;,&quot;isRenamable&quot;:false,&quot;required&quot;:false,&quot;relatedTo&quot;:null}],&quot;appId&quot;:&quot;sample123&quot;,&quot;name&quot;:&quot;Student&quot;,&quot;_type&quot;:&quot;table&quot;,&quot;type&quot;:&quot;custom&quot;,&quot;maxCount&quot;:9999},&quot;key&quot;:&quot;Qopoy/kXd+6G734HsjQMqGPGOvwEJYmBG84lQawRmWM=&quot;}
</system-out>
    <system-err>java.io.IOException: Server returned HTTP response code: 401 for URL: https://service.cloudboost.io/sample123/table/Student
	at sun.reflect.GeneratedConstructorAccessor17.newInstance(Unknown Source)
	at sun.reflect.DelegatingConstructorAccessorImpl.newInstance(DelegatingConstructorAccessorImpl.java:45)
	at java.lang.reflect.Constructor.newInstance(Constructor.java:408)
	at sun.net.www.protocol.http.HttpURLConnection$10.run(HttpURLConnection.java:1888)
	at sun.net.www.protocol.http.HttpURLConnection$10.run(HttpURLConnection.java:1883)
	at java.security.AccessController.doPrivileged(Native Method)
	at sun.net.www.protocol.http.HttpURLConnection.getChainedException(HttpURLConnection.java:1882)
	at sun.net.www.protocol.http.HttpURLConnection.getInputStream0(HttpURLConnection.java:1455)
	at sun.net.www.protocol.http.HttpURLConnection.getInputStream(HttpURLConnection.java:1439)
	at sun.net.www.protocol.https.HttpsURLConnectionImpl.getInputStream(HttpsURLConnectionImpl.java:254)
	at io.cloudboost.util.CBParser.callJson(CBParser.java:62)
	at io.cloudboost.CloudTable.save(CloudTable.java:264)
	at io.cloudboost.CloudTableTest.createTableStudent(CloudTableTest.java:710)
	at sun.reflect.NativeMethodAccessorImpl.invoke0(Native Method)
	at sun.reflect.NativeMethodAccessorImpl.invoke(NativeMethodAccessorImpl.java:62)
	at sun.reflect.DelegatingMethodAccessorImpl.invoke(DelegatingMethodAccessorImpl.java:43)
	at java.lang.reflect.Method.invoke(Method.java:483)
	at org.junit.runners.model.FrameworkMethod$1.runReflectiveCall(FrameworkMethod.java:44)
	at org.junit.internal.runners.model.ReflectiveCallable.run(ReflectiveCallable.java:15)
	at org.junit.runners.model.FrameworkMethod.invokeExplosively(FrameworkMethod.java:41)
	at org.junit.internal.runners.statements.InvokeMethod.evaluate(InvokeMethod.java:20)
	at org.junit.internal.runners.statements.FailOnTimeout$1.run(FailOnTimeout.java:28)
Caused by: java.io.IOException: Server returned HTTP response code: 401 for URL: https://service.cloudboost.io/sample123/table/Student
	at sun.net.www.protocol.http.HttpURLConnection.getInputStream0(HttpURLConnection.java:1838)
	at sun.net.www.protocol.http.HttpURLConnection.getInputStream(HttpURLConnection.java:1439)
	at java.net.HttpURLConnection.getResponseCode(HttpURLConnection.java:480)
	at sun.net.www.protocol.https.HttpsURLConnectionImpl.getResponseCode(HttpsURLConnectionImpl.java:338)
	at io.cloudboost.util.CBParser.callJson(CBParser.java:60)
	... 11 more
</system-err>
  </testcase>
  <testcase classname="io.cloudboost.CloudTableTest" name="createTableStudent1" time="1.766">
    <error type="java.lang.NullPointerException">java.lang.NullPointerException
	at io.cloudboost.util.CBParser.callJson(CBParser.java:70)
	at io.cloudboost.CloudTable.save(CloudTable.java:264)
	at io.cloudboost.CloudTableTest.createTableStudent1(CloudTableTest.java:675)
	at sun.reflect.NativeMethodAccessorImpl.invoke0(Native Method)
	at sun.reflect.NativeMethodAccessorImpl.invoke(NativeMethodAccessorImpl.java:62)
	at sun.reflect.DelegatingMethodAccessorImpl.invoke(DelegatingMethodAccessorImpl.java:43)
	at java.lang.reflect.Method.invoke(Method.java:483)
	at org.junit.runners.model.FrameworkMethod$1.runReflectiveCall(FrameworkMethod.java:44)
	at org.junit.internal.runners.model.ReflectiveCallable.run(ReflectiveCallable.java:15)
	at org.junit.runners.model.FrameworkMethod.invokeExplosively(FrameworkMethod.java:41)
	at org.junit.internal.runners.statements.InvokeMethod.evaluate(InvokeMethod.java:20)
	at org.junit.internal.runners.statements.FailOnTimeout$1.run(FailOnTimeout.java:28)
</error>
    <system-out>Socket Initializaed
{&quot;data&quot;:{&quot;columns&quot;:[{&quot;relationType&quot;:null,&quot;isDeletable&quot;:false,&quot;isEditable&quot;:false,&quot;dataType&quot;:&quot;Id&quot;,&quot;unique&quot;:true,&quot;name&quot;:&quot;id&quot;,&quot;_type&quot;:&quot;column&quot;,&quot;isRenamable&quot;:false,&quot;required&quot;:true,&quot;relatedTo&quot;:null},{&quot;relationType&quot;:null,&quot;isDeletable&quot;:false,&quot;isEditable&quot;:false,&quot;dataType&quot;:&quot;DateTime&quot;,&quot;unique&quot;:false,&quot;name&quot;:&quot;expires&quot;,&quot;_type&quot;:&quot;column&quot;,&quot;isRenamable&quot;:false,&quot;required&quot;:false,&quot;relatedTo&quot;:null},{&quot;relationType&quot;:null,&quot;isDeletable&quot;:false,&quot;isEditable&quot;:false,&quot;dataType&quot;:&quot;DateTime&quot;,&quot;unique&quot;:false,&quot;name&quot;:&quot;createdAt&quot;,&quot;_type&quot;:&quot;column&quot;,&quot;isRenamable&quot;:false,&quot;required&quot;:true,&quot;relatedTo&quot;:null},{&quot;relationType&quot;:null,&quot;isDeletable&quot;:false,&quot;isEditable&quot;:false,&quot;dataType&quot;:&quot;DateTime&quot;,&quot;unique&quot;:false,&quot;name&quot;:&quot;updatedAt&quot;,&quot;_type&quot;:&quot;column&quot;,&quot;isRenamable&quot;:false,&quot;required&quot;:true,&quot;relatedTo&quot;:null},{&quot;relationType&quot;:null,&quot;isDeletable&quot;:false,&quot;isEditable&quot;:false,&quot;dataType&quot;:&quot;ACL&quot;,&quot;unique&quot;:false,&quot;name&quot;:&quot;ACL&quot;,&quot;_type&quot;:&quot;column&quot;,&quot;isRenamable&quot;:false,&quot;required&quot;:true,&quot;relatedTo&quot;:null},{&quot;relationType&quot;:null,&quot;isDeletable&quot;:true,&quot;isEditable&quot;:true,&quot;dataType&quot;:&quot;Number&quot;,&quot;unique&quot;:false,&quot;name&quot;:&quot;age&quot;,&quot;_type&quot;:&quot;column&quot;,&quot;isRenamable&quot;:false,&quot;required&quot;:false,&quot;relatedTo&quot;:null},{&quot;relationType&quot;:null,&quot;isDeletable&quot;:true,&quot;isEditable&quot;:true,&quot;dataType&quot;:&quot;Relation&quot;,&quot;unique&quot;:false,&quot;name&quot;:&quot;newColumn&quot;,&quot;_type&quot;:&quot;column&quot;,&quot;isRenamable&quot;:false,&quot;required&quot;:false,&quot;relatedTo&quot;:&quot;{\&quot;columns\&quot;:[{\&quot;relationType\&quot;:null,\&quot;isDeletable\&quot;:false,\&quot;isEditable\&quot;:false,\&quot;dataType\&quot;:\&quot;Id\&quot;,\&quot;unique\&quot;:true,\&quot;name\&quot;:\&quot;id\&quot;,\&quot;_type\&quot;:\&quot;column\&quot;,\&quot;isRenamable\&quot;:false,\&quot;required\&quot;:true,\&quot;relatedTo\&quot;:null},{\&quot;relationType\&quot;:null,\&quot;isDeletable\&quot;:false,\&quot;isEditable\&quot;:false,\&quot;dataType\&quot;:\&quot;DateTime\&quot;,\&quot;unique\&quot;:false,\&quot;name\&quot;:\&quot;expires\&quot;,\&quot;_type\&quot;:\&quot;column\&quot;,\&quot;isRenamable\&quot;:false,\&quot;required\&quot;:false,\&quot;relatedTo\&quot;:null},{\&quot;relationType\&quot;:null,\&quot;isDeletable\&quot;:false,\&quot;isEditable\&quot;:false,\&quot;dataType\&quot;:\&quot;DateTime\&quot;,\&quot;unique\&quot;:false,\&quot;name\&quot;:\&quot;createdAt\&quot;,\&quot;_type\&quot;:\&quot;column\&quot;,\&quot;isRenamable\&quot;:false,\&quot;required\&quot;:true,\&quot;relatedTo\&quot;:null},{\&quot;relationType\&quot;:null,\&quot;isDeletable\&quot;:false,\&quot;isEditable\&quot;:false,\&quot;dataType\&quot;:\&quot;DateTime\&quot;,\&quot;unique\&quot;:false,\&quot;name\&quot;:\&quot;updatedAt\&quot;,\&quot;_type\&quot;:\&quot;column\&quot;,\&quot;isRenamable\&quot;:false,\&quot;required\&quot;:true,\&quot;relatedTo\&quot;:null},{\&quot;relationType\&quot;:null,\&quot;isDeletable\&quot;:false,\&quot;isEditable\&quot;:false,\&quot;dataType\&quot;:\&quot;ACL\&quot;,\&quot;unique\&quot;:false,\&quot;name\&quot;:\&quot;ACL\&quot;,\&quot;_type\&quot;:\&quot;column\&quot;,\&quot;isRenamable\&quot;:false,\&quot;required\&quot;:true,\&quot;relatedTo\&quot;:null}],\&quot;appId\&quot;:\&quot;sample123\&quot;,\&quot;name\&quot;:\&quot;hostel\&quot;,\&quot;_type\&quot;:\&quot;table\&quot;,\&quot;type\&quot;:\&quot;custom\&quot;,\&quot;maxCount\&quot;:9999}&quot;},{&quot;relationType&quot;:null,&quot;isDeletable&quot;:true,&quot;isEditable&quot;:true,&quot;dataType&quot;:&quot;Text&quot;,&quot;unique&quot;:false,&quot;name&quot;:&quot;name&quot;,&quot;_type&quot;:&quot;column&quot;,&quot;isRenamable&quot;:false,&quot;required&quot;:false,&quot;relatedTo&quot;:null}],&quot;appId&quot;:&quot;sample123&quot;,&quot;name&quot;:&quot;student1&quot;,&quot;_type&quot;:&quot;table&quot;,&quot;type&quot;:&quot;custom&quot;,&quot;maxCount&quot;:9999},&quot;key&quot;:&quot;Qopoy/kXd+6G734HsjQMqGPGOvwEJYmBG84lQawRmWM=&quot;}
parameters: {&quot;data&quot;:{&quot;columns&quot;:[{&quot;relationType&quot;:null,&quot;isDeletable&quot;:false,&quot;isEditable&quot;:false,&quot;dataType&quot;:&quot;Id&quot;,&quot;unique&quot;:true,&quot;name&quot;:&quot;id&quot;,&quot;_type&quot;:&quot;column&quot;,&quot;isRenamable&quot;:false,&quot;required&quot;:true,&quot;relatedTo&quot;:null},{&quot;relationType&quot;:null,&quot;isDeletable&quot;:false,&quot;isEditable&quot;:false,&quot;dataType&quot;:&quot;DateTime&quot;,&quot;unique&quot;:false,&quot;name&quot;:&quot;expires&quot;,&quot;_type&quot;:&quot;column&quot;,&quot;isRenamable&quot;:false,&quot;required&quot;:false,&quot;relatedTo&quot;:null},{&quot;relationType&quot;:null,&quot;isDeletable&quot;:false,&quot;isEditable&quot;:false,&quot;dataType&quot;:&quot;DateTime&quot;,&quot;unique&quot;:false,&quot;name&quot;:&quot;createdAt&quot;,&quot;_type&quot;:&quot;column&quot;,&quot;isRenamable&quot;:false,&quot;required&quot;:true,&quot;relatedTo&quot;:null},{&quot;relationType&quot;:null,&quot;isDeletable&quot;:false,&quot;isEditable&quot;:false,&quot;dataType&quot;:&quot;DateTime&quot;,&quot;unique&quot;:false,&quot;name&quot;:&quot;updatedAt&quot;,&quot;_type&quot;:&quot;column&quot;,&quot;isRenamable&quot;:false,&quot;required&quot;:true,&quot;relatedTo&quot;:null},{&quot;relationType&quot;:null,&quot;isDeletable&quot;:false,&quot;isEditable&quot;:false,&quot;dataType&quot;:&quot;ACL&quot;,&quot;unique&quot;:false,&quot;name&quot;:&quot;ACL&quot;,&quot;_type&quot;:&quot;column&quot;,&quot;isRenamable&quot;:false,&quot;required&quot;:true,&quot;relatedTo&quot;:null},{&quot;relationType&quot;:null,&quot;isDeletable&quot;:true,&quot;isEditable&quot;:true,&quot;dataType&quot;:&quot;Number&quot;,&quot;unique&quot;:false,&quot;name&quot;:&quot;age&quot;,&quot;_type&quot;:&quot;column&quot;,&quot;isRenamable&quot;:false,&quot;required&quot;:false,&quot;relatedTo&quot;:null},{&quot;relationType&quot;:null,&quot;isDeletable&quot;:true,&quot;isEditable&quot;:true,&quot;dataType&quot;:&quot;Relation&quot;,&quot;unique&quot;:false,&quot;name&quot;:&quot;newColumn&quot;,&quot;_type&quot;:&quot;column&quot;,&quot;isRenamable&quot;:false,&quot;required&quot;:false,&quot;relatedTo&quot;:&quot;{\&quot;columns\&quot;:[{\&quot;relationType\&quot;:null,\&quot;isDeletable\&quot;:false,\&quot;isEditable\&quot;:false,\&quot;dataType\&quot;:\&quot;Id\&quot;,\&quot;unique\&quot;:true,\&quot;name\&quot;:\&quot;id\&quot;,\&quot;_type\&quot;:\&quot;column\&quot;,\&quot;isRenamable\&quot;:false,\&quot;required\&quot;:true,\&quot;relatedTo\&quot;:null},{\&quot;relationType\&quot;:null,\&quot;isDeletable\&quot;:false,\&quot;isEditable\&quot;:false,\&quot;dataType\&quot;:\&quot;DateTime\&quot;,\&quot;unique\&quot;:false,\&quot;name\&quot;:\&quot;expires\&quot;,\&quot;_type\&quot;:\&quot;column\&quot;,\&quot;isRenamable\&quot;:false,\&quot;required\&quot;:false,\&quot;relatedTo\&quot;:null},{\&quot;relationType\&quot;:null,\&quot;isDeletable\&quot;:false,\&quot;isEditable\&quot;:false,\&quot;dataType\&quot;:\&quot;DateTime\&quot;,\&quot;unique\&quot;:false,\&quot;name\&quot;:\&quot;createdAt\&quot;,\&quot;_type\&quot;:\&quot;column\&quot;,\&quot;isRenamable\&quot;:false,\&quot;required\&quot;:true,\&quot;relatedTo\&quot;:null},{\&quot;relationType\&quot;:null,\&quot;isDeletable\&quot;:false,\&quot;isEditable\&quot;:false,\&quot;dataType\&quot;:\&quot;DateTime\&quot;,\&quot;unique\&quot;:false,\&quot;name\&quot;:\&quot;updatedAt\&quot;,\&quot;_type\&quot;:\&quot;column\&quot;,\&quot;isRenamable\&quot;:false,\&quot;required\&quot;:true,\&quot;relatedTo\&quot;:null},{\&quot;relationType\&quot;:null,\&quot;isDeletable\&quot;:false,\&quot;isEditable\&quot;:false,\&quot;dataType\&quot;:\&quot;ACL\&quot;,\&quot;unique\&quot;:false,\&quot;name\&quot;:\&quot;ACL\&quot;,\&quot;_type\&quot;:\&quot;column\&quot;,\&quot;isRenamable\&quot;:false,\&quot;required\&quot;:true,\&quot;relatedTo\&quot;:null}],\&quot;appId\&quot;:\&quot;sample123\&quot;,\&quot;name\&quot;:\&quot;hostel\&quot;,\&quot;_type\&quot;:\&quot;table\&quot;,\&quot;type\&quot;:\&quot;custom\&quot;,\&quot;maxCount\&quot;:9999}&quot;},{&quot;relationType&quot;:null,&quot;isDeletable&quot;:true,&quot;isEditable&quot;:true,&quot;dataType&quot;:&quot;Text&quot;,&quot;unique&quot;:false,&quot;name&quot;:&quot;name&quot;,&quot;_type&quot;:&quot;column&quot;,&quot;isRenamable&quot;:false,&quot;required&quot;:false,&quot;relatedTo&quot;:null}],&quot;appId&quot;:&quot;sample123&quot;,&quot;name&quot;:&quot;student1&quot;,&quot;_type&quot;:&quot;table&quot;,&quot;type&quot;:&quot;custom&quot;,&quot;maxCount&quot;:9999},&quot;key&quot;:&quot;Qopoy/kXd+6G734HsjQMqGPGOvwEJYmBG84lQawRmWM=&quot;}
</system-out>
    <system-err>java.io.IOException: Server returned HTTP response code: 401 for URL: https://service.cloudboost.io/sample123/table/student1
	at sun.reflect.GeneratedConstructorAccessor17.newInstance(Unknown Source)
	at sun.reflect.DelegatingConstructorAccessorImpl.newInstance(DelegatingConstructorAccessorImpl.java:45)
	at java.lang.reflect.Constructor.newInstance(Constructor.java:408)
	at sun.net.www.protocol.http.HttpURLConnection$10.run(HttpURLConnection.java:1888)
	at sun.net.www.protocol.http.HttpURLConnection$10.run(HttpURLConnection.java:1883)
	at java.security.AccessController.doPrivileged(Native Method)
	at sun.net.www.protocol.http.HttpURLConnection.getChainedException(HttpURLConnection.java:1882)
	at sun.net.www.protocol.http.HttpURLConnection.getInputStream0(HttpURLConnection.java:1455)
	at sun.net.www.protocol.http.HttpURLConnection.getInputStream(HttpURLConnection.java:1439)
	at sun.net.www.protocol.https.HttpsURLConnectionImpl.getInputStream(HttpsURLConnectionImpl.java:254)
	at io.cloudboost.util.CBParser.callJson(CBParser.java:62)
	at io.cloudboost.CloudTable.save(CloudTable.java:264)
	at io.cloudboost.CloudTableTest.createTableStudent1(CloudTableTest.java:675)
	at sun.reflect.NativeMethodAccessorImpl.invoke0(Native Method)
	at sun.reflect.NativeMethodAccessorImpl.invoke(NativeMethodAccessorImpl.java:62)
	at sun.reflect.DelegatingMethodAccessorImpl.invoke(DelegatingMethodAccessorImpl.java:43)
	at java.lang.reflect.Method.invoke(Method.java:483)
	at org.junit.runners.model.FrameworkMethod$1.runReflectiveCall(FrameworkMethod.java:44)
	at org.junit.internal.runners.model.ReflectiveCallable.run(ReflectiveCallable.java:15)
	at org.junit.runners.model.FrameworkMethod.invokeExplosively(FrameworkMethod.java:41)
	at org.junit.internal.runners.statements.InvokeMethod.evaluate(InvokeMethod.java:20)
	at org.junit.internal.runners.statements.FailOnTimeout$1.run(FailOnTimeout.java:28)
Caused by: java.io.IOException: Server returned HTTP response code: 401 for URL: https://service.cloudboost.io/sample123/table/student1
	at sun.net.www.protocol.http.HttpURLConnection.getInputStream0(HttpURLConnection.java:1838)
	at sun.net.www.protocol.http.HttpURLConnection.getInputStream(HttpURLConnection.java:1439)
	at java.net.HttpURLConnection.getResponseCode(HttpURLConnection.java:480)
	at sun.net.www.protocol.https.HttpsURLConnectionImpl.getResponseCode(HttpsURLConnectionImpl.java:338)
	at io.cloudboost.util.CBParser.callJson(CBParser.java:60)
	... 11 more
</system-err>
  </testcase>
  <testcase classname="io.cloudboost.CloudTableTest" name="createTableHostel" time="2.162">
    <error type="java.lang.NullPointerException">java.lang.NullPointerException
	at io.cloudboost.util.CBParser.callJson(CBParser.java:70)
	at io.cloudboost.CloudTable.save(CloudTable.java:264)
	at io.cloudboost.CloudTableTest.createTableHostel(CloudTableTest.java:640)
	at sun.reflect.NativeMethodAccessorImpl.invoke0(Native Method)
	at sun.reflect.NativeMethodAccessorImpl.invoke(NativeMethodAccessorImpl.java:62)
	at sun.reflect.DelegatingMethodAccessorImpl.invoke(DelegatingMethodAccessorImpl.java:43)
	at java.lang.reflect.Method.invoke(Method.java:483)
	at org.junit.runners.model.FrameworkMethod$1.runReflectiveCall(FrameworkMethod.java:44)
	at org.junit.internal.runners.model.ReflectiveCallable.run(ReflectiveCallable.java:15)
	at org.junit.runners.model.FrameworkMethod.invokeExplosively(FrameworkMethod.java:41)
	at org.junit.internal.runners.statements.InvokeMethod.evaluate(InvokeMethod.java:20)
	at org.junit.internal.runners.statements.FailOnTimeout$1.run(FailOnTimeout.java:28)
</error>
    <system-out>Socket Initializaed
{&quot;data&quot;:{&quot;columns&quot;:[{&quot;relationType&quot;:null,&quot;isDeletable&quot;:false,&quot;isEditable&quot;:false,&quot;dataType&quot;:&quot;Id&quot;,&quot;unique&quot;:true,&quot;name&quot;:&quot;id&quot;,&quot;_type&quot;:&quot;column&quot;,&quot;isRenamable&quot;:false,&quot;required&quot;:true,&quot;relatedTo&quot;:null},{&quot;relationType&quot;:null,&quot;isDeletable&quot;:false,&quot;isEditable&quot;:false,&quot;dataType&quot;:&quot;DateTime&quot;,&quot;unique&quot;:false,&quot;name&quot;:&quot;expires&quot;,&quot;_type&quot;:&quot;column&quot;,&quot;isRenamable&quot;:false,&quot;required&quot;:false,&quot;relatedTo&quot;:null},{&quot;relationType&quot;:null,&quot;isDeletable&quot;:false,&quot;isEditable&quot;:false,&quot;dataType&quot;:&quot;DateTime&quot;,&quot;unique&quot;:false,&quot;name&quot;:&quot;createdAt&quot;,&quot;_type&quot;:&quot;column&quot;,&quot;isRenamable&quot;:false,&quot;required&quot;:true,&quot;relatedTo&quot;:null},{&quot;relationType&quot;:null,&quot;isDeletable&quot;:false,&quot;isEditable&quot;:false,&quot;dataType&quot;:&quot;DateTime&quot;,&quot;unique&quot;:false,&quot;name&quot;:&quot;updatedAt&quot;,&quot;_type&quot;:&quot;column&quot;,&quot;isRenamable&quot;:false,&quot;required&quot;:true,&quot;relatedTo&quot;:null},{&quot;relationType&quot;:null,&quot;isDeletable&quot;:false,&quot;isEditable&quot;:false,&quot;dataType&quot;:&quot;ACL&quot;,&quot;unique&quot;:false,&quot;name&quot;:&quot;ACL&quot;,&quot;_type&quot;:&quot;column&quot;,&quot;isRenamable&quot;:false,&quot;required&quot;:true,&quot;relatedTo&quot;:null},{&quot;relationType&quot;:null,&quot;isDeletable&quot;:true,&quot;isEditable&quot;:true,&quot;dataType&quot;:&quot;Number&quot;,&quot;unique&quot;:false,&quot;name&quot;:&quot;room&quot;,&quot;_type&quot;:&quot;column&quot;,&quot;isRenamable&quot;:false,&quot;required&quot;:false,&quot;relatedTo&quot;:null},{&quot;relationType&quot;:null,&quot;isDeletable&quot;:true,&quot;isEditable&quot;:true,&quot;dataType&quot;:&quot;Text&quot;,&quot;unique&quot;:false,&quot;name&quot;:&quot;name&quot;,&quot;_type&quot;:&quot;column&quot;,&quot;isRenamable&quot;:false,&quot;required&quot;:false,&quot;relatedTo&quot;:null}],&quot;appId&quot;:&quot;sample123&quot;,&quot;name&quot;:&quot;hostel&quot;,&quot;_type&quot;:&quot;table&quot;,&quot;type&quot;:&quot;custom&quot;,&quot;maxCount&quot;:9999},&quot;key&quot;:&quot;Qopoy/kXd+6G734HsjQMqGPGOvwEJYmBG84lQawRmWM=&quot;}
parameters: {&quot;data&quot;:{&quot;columns&quot;:[{&quot;relationType&quot;:null,&quot;isDeletable&quot;:false,&quot;isEditable&quot;:false,&quot;dataType&quot;:&quot;Id&quot;,&quot;unique&quot;:true,&quot;name&quot;:&quot;id&quot;,&quot;_type&quot;:&quot;column&quot;,&quot;isRenamable&quot;:false,&quot;required&quot;:true,&quot;relatedTo&quot;:null},{&quot;relationType&quot;:null,&quot;isDeletable&quot;:false,&quot;isEditable&quot;:false,&quot;dataType&quot;:&quot;DateTime&quot;,&quot;unique&quot;:false,&quot;name&quot;:&quot;expires&quot;,&quot;_type&quot;:&quot;column&quot;,&quot;isRenamable&quot;:false,&quot;required&quot;:false,&quot;relatedTo&quot;:null},{&quot;relationType&quot;:null,&quot;isDeletable&quot;:false,&quot;isEditable&quot;:false,&quot;dataType&quot;:&quot;DateTime&quot;,&quot;unique&quot;:false,&quot;name&quot;:&quot;createdAt&quot;,&quot;_type&quot;:&quot;column&quot;,&quot;isRenamable&quot;:false,&quot;required&quot;:true,&quot;relatedTo&quot;:null},{&quot;relationType&quot;:null,&quot;isDeletable&quot;:false,&quot;isEditable&quot;:false,&quot;dataType&quot;:&quot;DateTime&quot;,&quot;unique&quot;:false,&quot;name&quot;:&quot;updatedAt&quot;,&quot;_type&quot;:&quot;column&quot;,&quot;isRenamable&quot;:false,&quot;required&quot;:true,&quot;relatedTo&quot;:null},{&quot;relationType&quot;:null,&quot;isDeletable&quot;:false,&quot;isEditable&quot;:false,&quot;dataType&quot;:&quot;ACL&quot;,&quot;unique&quot;:false,&quot;name&quot;:&quot;ACL&quot;,&quot;_type&quot;:&quot;column&quot;,&quot;isRenamable&quot;:false,&quot;required&quot;:true,&quot;relatedTo&quot;:null},{&quot;relationType&quot;:null,&quot;isDeletable&quot;:true,&quot;isEditable&quot;:true,&quot;dataType&quot;:&quot;Number&quot;,&quot;unique&quot;:false,&quot;name&quot;:&quot;room&quot;,&quot;_type&quot;:&quot;column&quot;,&quot;isRenamable&quot;:false,&quot;required&quot;:false,&quot;relatedTo&quot;:null},{&quot;relationType&quot;:null,&quot;isDeletable&quot;:true,&quot;isEditable&quot;:true,&quot;dataType&quot;:&quot;Text&quot;,&quot;unique&quot;:false,&quot;name&quot;:&quot;name&quot;,&quot;_type&quot;:&quot;column&quot;,&quot;isRenamable&quot;:false,&quot;required&quot;:false,&quot;relatedTo&quot;:null}],&quot;appId&quot;:&quot;sample123&quot;,&quot;name&quot;:&quot;hostel&quot;,&quot;_type&quot;:&quot;table&quot;,&quot;type&quot;:&quot;custom&quot;,&quot;maxCount&quot;:9999},&quot;key&quot;:&quot;Qopoy/kXd+6G734HsjQMqGPGOvwEJYmBG84lQawRmWM=&quot;}
</system-out>
    <system-err>java.io.IOException: Server returned HTTP response code: 401 for URL: https://service.cloudboost.io/sample123/table/hostel
	at sun.reflect.GeneratedConstructorAccessor17.newInstance(Unknown Source)
	at sun.reflect.DelegatingConstructorAccessorImpl.newInstance(DelegatingConstructorAccessorImpl.java:45)
	at java.lang.reflect.Constructor.newInstance(Constructor.java:408)
	at sun.net.www.protocol.http.HttpURLConnection$10.run(HttpURLConnection.java:1888)
	at sun.net.www.protocol.http.HttpURLConnection$10.run(HttpURLConnection.java:1883)
	at java.security.AccessController.doPrivileged(Native Method)
	at sun.net.www.protocol.http.HttpURLConnection.getChainedException(HttpURLConnection.java:1882)
	at sun.net.www.protocol.http.HttpURLConnection.getInputStream0(HttpURLConnection.java:1455)
	at sun.net.www.protocol.http.HttpURLConnection.getInputStream(HttpURLConnection.java:1439)
	at sun.net.www.protocol.https.HttpsURLConnectionImpl.getInputStream(HttpsURLConnectionImpl.java:254)
	at io.cloudboost.util.CBParser.callJson(CBParser.java:62)
	at io.cloudboost.CloudTable.save(CloudTable.java:264)
	at io.cloudboost.CloudTableTest.createTableHostel(CloudTableTest.java:640)
	at sun.reflect.NativeMethodAccessorImpl.invoke0(Native Method)
	at sun.reflect.NativeMethodAccessorImpl.invoke(NativeMethodAccessorImpl.java:62)
	at sun.reflect.DelegatingMethodAccessorImpl.invoke(DelegatingMethodAccessorImpl.java:43)
	at java.lang.reflect.Method.invoke(Method.java:483)
	at org.junit.runners.model.FrameworkMethod$1.runReflectiveCall(FrameworkMethod.java:44)
	at org.junit.internal.runners.model.ReflectiveCallable.run(ReflectiveCallable.java:15)
	at org.junit.runners.model.FrameworkMethod.invokeExplosively(FrameworkMethod.java:41)
	at org.junit.internal.runners.statements.InvokeMethod.evaluate(InvokeMethod.java:20)
	at org.junit.internal.runners.statements.FailOnTimeout$1.run(FailOnTimeout.java:28)
Caused by: java.io.IOException: Server returned HTTP response code: 401 for URL: https://service.cloudboost.io/sample123/table/hostel
	at sun.net.www.protocol.http.HttpURLConnection.getInputStream0(HttpURLConnection.java:1838)
	at sun.net.www.protocol.http.HttpURLConnection.getInputStream(HttpURLConnection.java:1439)
	at java.net.HttpURLConnection.getResponseCode(HttpURLConnection.java:480)
	at sun.net.www.protocol.https.HttpsURLConnectionImpl.getResponseCode(HttpsURLConnectionImpl.java:338)
	at io.cloudboost.util.CBParser.callJson(CBParser.java:60)
	... 11 more
</system-err>
  </testcase>
  <testcase classname="io.cloudboost.CloudTableTest" name="updateTableSchemaEmployee" time="2.161">
    <error type="java.lang.NullPointerException">java.lang.NullPointerException
	at io.cloudboost.util.CBParser.callJson(CBParser.java:70)
	at io.cloudboost.CloudTable.get(CloudTable.java:224)
	at io.cloudboost.CloudTableTest.updateTableSchemaEmployee(CloudTableTest.java:366)
	at sun.reflect.NativeMethodAccessorImpl.invoke0(Native Method)
	at sun.reflect.NativeMethodAccessorImpl.invoke(NativeMethodAccessorImpl.java:62)
	at sun.reflect.DelegatingMethodAccessorImpl.invoke(DelegatingMethodAccessorImpl.java:43)
	at java.lang.reflect.Method.invoke(Method.java:483)
	at org.junit.runners.model.FrameworkMethod$1.runReflectiveCall(FrameworkMethod.java:44)
	at org.junit.internal.runners.model.ReflectiveCallable.run(ReflectiveCallable.java:15)
	at org.junit.runners.model.FrameworkMethod.invokeExplosively(FrameworkMethod.java:41)
	at org.junit.internal.runners.statements.InvokeMethod.evaluate(InvokeMethod.java:20)
	at org.junit.internal.runners.statements.FailOnTimeout$1.run(FailOnTimeout.java:28)
</error>
    <system-out>Socket Initializaed
parameters: {&quot;appId&quot;:&quot;sample123&quot;,&quot;key&quot;:&quot;Qopoy/kXd+6G734HsjQMqGPGOvwEJYmBG84lQawRmWM=&quot;}
</system-out>
    <system-err>java.io.IOException: Server returned HTTP response code: 401 for URL: https://service.cloudboost.io/sample123/table/Employee
	at sun.reflect.GeneratedConstructorAccessor17.newInstance(Unknown Source)
	at sun.reflect.DelegatingConstructorAccessorImpl.newInstance(DelegatingConstructorAccessorImpl.java:45)
	at java.lang.reflect.Constructor.newInstance(Constructor.java:408)
	at sun.net.www.protocol.http.HttpURLConnection$10.run(HttpURLConnection.java:1888)
	at sun.net.www.protocol.http.HttpURLConnection$10.run(HttpURLConnection.java:1883)
	at java.security.AccessController.doPrivileged(Native Method)
	at sun.net.www.protocol.http.HttpURLConnection.getChainedException(HttpURLConnection.java:1882)
	at sun.net.www.protocol.http.HttpURLConnection.getInputStream0(HttpURLConnection.java:1455)
	at sun.net.www.protocol.http.HttpURLConnection.getInputStream(HttpURLConnection.java:1439)
	at sun.net.www.protocol.https.HttpsURLConnectionImpl.getInputStream(HttpsURLConnectionImpl.java:254)
	at io.cloudboost.util.CBParser.callJson(CBParser.java:62)
	at io.cloudboost.CloudTable.get(CloudTable.java:224)
	at io.cloudboost.CloudTableTest.updateTableSchemaEmployee(CloudTableTest.java:366)
	at sun.reflect.NativeMethodAccessorImpl.invoke0(Native Method)
	at sun.reflect.NativeMethodAccessorImpl.invoke(NativeMethodAccessorImpl.java:62)
	at sun.reflect.DelegatingMethodAccessorImpl.invoke(DelegatingMethodAccessorImpl.java:43)
	at java.lang.reflect.Method.invoke(Method.java:483)
	at org.junit.runners.model.FrameworkMethod$1.runReflectiveCall(FrameworkMethod.java:44)
	at org.junit.internal.runners.model.ReflectiveCallable.run(ReflectiveCallable.java:15)
	at org.junit.runners.model.FrameworkMethod.invokeExplosively(FrameworkMethod.java:41)
	at org.junit.internal.runners.statements.InvokeMethod.evaluate(InvokeMethod.java:20)
	at org.junit.internal.runners.statements.FailOnTimeout$1.run(FailOnTimeout.java:28)
Caused by: java.io.IOException: Server returned HTTP response code: 401 for URL: https://service.cloudboost.io/sample123/table/Employee
	at sun.net.www.protocol.http.HttpURLConnection.getInputStream0(HttpURLConnection.java:1838)
	at sun.net.www.protocol.http.HttpURLConnection.getInputStream(HttpURLConnection.java:1439)
	at java.net.HttpURLConnection.getResponseCode(HttpURLConnection.java:480)
	at sun.net.www.protocol.https.HttpsURLConnectionImpl.getResponseCode(HttpsURLConnectionImpl.java:338)
	at io.cloudboost.util.CBParser.callJson(CBParser.java:60)
	... 11 more
</system-err>
  </testcase>
</testsuite>