<?xml version="1.0" encoding="UTF-8" ?>
<testsuite tests="40" failures="4" name="io.cloudboost.CloudQueueTest" time="184.392" errors="1" skipped="0">
  <properties>
    <property name="java.runtime.name" value="Java(TM) SE Runtime Environment"/>
    <property name="sun.boot.library.path" value="C:\Program Files\jdk1.8.0_05\jre\bin"/>
    <property name="java.vm.version" value="25.5-b02"/>
    <property name="java.vm.vendor" value="Oracle Corporation"/>
    <property name="maven.multiModuleProjectDirectory" value="E:\Engineer\programming\projects\javaSDK\git_repo"/>
    <property name="java.vendor.url" value="http://java.oracle.com/"/>
    <property name="path.separator" value=";"/>
    <property name="guice.disable.misplaced.annotation.check" value="true"/>
    <property name="java.vm.name" value="Java HotSpot(TM) Client VM"/>
    <property name="file.encoding.pkg" value="sun.io"/>
    <property name="user.script" value=""/>
    <property name="user.country" value="US"/>
    <property name="sun.java.launcher" value="SUN_STANDARD"/>
    <property name="sun.os.patch.level" value=""/>
    <property name="java.vm.specification.name" value="Java Virtual Machine Specification"/>
    <property name="user.dir" value="E:\Engineer\programming\projects\javaSDK\git_repo"/>
    <property name="java.runtime.version" value="1.8.0_05-b13"/>
    <property name="java.awt.graphicsenv" value="sun.awt.Win32GraphicsEnvironment"/>
    <property name="java.endorsed.dirs" value="C:\Program Files\jdk1.8.0_05\jre\lib\endorsed"/>
    <property name="os.arch" value="x86"/>
    <property name="java.io.tmpdir" value="C:\Users\new\AppData\Local\Temp\"/>
    <property name="line.separator" value="
"/>
    <property name="java.vm.specification.vendor" value="Oracle Corporation"/>
    <property name="user.variant" value=""/>
    <property name="os.name" value="Windows 8.1"/>
    <property name="classworlds.conf" value="C:\Program Files (x86)\apache-maven-3.3.3\bin\..\bin\m2.conf"/>
    <property name="sun.jnu.encoding" value="Cp1252"/>
    <property name="java.library.path" value="C:\Program Files\jdk1.8.0_05\bin;C:\Windows\Sun\Java\bin;C:\Windows\system32;C:\Windows;C:\ProgramData\Oracle\Java\javapath;C:\oraclexe\app\oracle\product\11.2.0\server\bin;;C:\Program Files (x86)\Intel\iCLS Client\;C:\Program Files\Intel\iCLS Client\;C:\Windows\system32;C:\Windows;C:\Windows\System32\Wbem;C:\Windows\System32\WindowsPowerShell\v1.0\;C:\Program Files\Intel\Intel(R) Management Engine Components\DAL;C:\Program Files\Intel\Intel(R) Management Engine Components\IPT;C:\Program Files (x86)\Intel\Intel(R) Management Engine Components\DAL;C:\Program Files (x86)\Intel\Intel(R) Management Engine Components\IPT;C:\Program Files\Intel\WiFi\bin\;C:\Program Files\Common Files\Intel\WirelessCommon\;C:\Program Files (x86)\Skype\Phone\;C:\Program Files (x86)\GNU\GnuPG\pub;C:\Program Files\MySQL\MySQL Server 5.6\bin;C:\Program Files (x86)\apache-ant-1.9.6\bin;C:\Program Files\jdk1.8.0_05\bin;E:\Engineer\eclipse\android-sdk-windows\tools;E:\Engineer\eclipse\android-sdk-windows\platform-tools;C:\Program Files\jdk1.8.0_05\bin;C:\Program Files\MongoDB\Server\3.0\bin;E:\Engineer\eclipse\eclipse;E:\Engineer\eclipse\myeclipse;C:\Program Files (x86)\apache-maven-3.3.3\bin;C:\Program Files (x86)\GNU\GnuPG;."/>
    <property name="java.specification.name" value="Java Platform API Specification"/>
    <property name="java.class.version" value="52.0"/>
    <property name="sun.management.compiler" value="HotSpot Client Compiler"/>
    <property name="os.version" value="6.3"/>
    <property name="user.home" value="C:\Users\new"/>
    <property name="user.timezone" value="Africa/Nairobi"/>
    <property name="java.awt.printerjob" value="sun.awt.windows.WPrinterJob"/>
    <property name="java.specification.version" value="1.8"/>
    <property name="file.encoding" value="Cp1252"/>
    <property name="user.name" value="new"/>
    <property name="java.class.path" value="C:\Program Files (x86)\apache-maven-3.3.3\bin\..\boot\plexus-classworlds-2.5.2.jar"/>
    <property name="java.vm.specification.version" value="1.8"/>
    <property name="sun.arch.data.model" value="32"/>
    <property name="java.home" value="C:\Program Files\jdk1.8.0_05\jre"/>
    <property name="sun.java.command" value="org.codehaus.plexus.classworlds.launcher.Launcher test"/>
    <property name="java.specification.vendor" value="Oracle Corporation"/>
    <property name="user.language" value="en"/>
    <property name="awt.toolkit" value="sun.awt.windows.WToolkit"/>
    <property name="java.vm.info" value="mixed mode"/>
    <property name="java.version" value="1.8.0_05"/>
    <property name="java.ext.dirs" value="C:\Program Files\jdk1.8.0_05\jre\lib\ext;C:\Windows\Sun\Java\lib\ext"/>
    <property name="sun.boot.class.path" value="C:\Program Files\jdk1.8.0_05\jre\lib\resources.jar;C:\Program Files\jdk1.8.0_05\jre\lib\rt.jar;C:\Program Files\jdk1.8.0_05\jre\lib\sunrsasign.jar;C:\Program Files\jdk1.8.0_05\jre\lib\jsse.jar;C:\Program Files\jdk1.8.0_05\jre\lib\jce.jar;C:\Program Files\jdk1.8.0_05\jre\lib\charsets.jar;C:\Program Files\jdk1.8.0_05\jre\lib\jfr.jar;C:\Program Files\jdk1.8.0_05\jre\classes"/>
    <property name="sun.stderr.encoding" value="cp437"/>
    <property name="java.vendor" value="Oracle Corporation"/>
    <property name="maven.home" value="C:\Program Files (x86)\apache-maven-3.3.3\bin\.."/>
    <property name="file.separator" value="\"/>
    <property name="java.vendor.url.bug" value="http://bugreport.sun.com/bugreport/"/>
    <property name="sun.cpu.endian" value="little"/>
    <property name="sun.io.unicode.encoding" value="UnicodeLittle"/>
    <property name="sun.stdout.encoding" value="cp437"/>
    <property name="sun.desktop" value="windows"/>
    <property name="sun.cpu.isalist" value="pentium_pro+mmx pentium_pro pentium+mmx pentium i486 i386 i86"/>
  </properties>
  <testcase classname="io.cloudboost.CloudQueueTest" name="push" time="2.448"/>
  <testcase classname="io.cloudboost.CloudQueueTest" name="refreshMessageTimeoutPulledMessage" time="2.438"/>
  <testcase classname="io.cloudboost.CloudQueueTest" name="shouldNotPullMessageWithDelay" time="4.665">
    <failure type="junit.framework.AssertionFailedError:">junit.framework.AssertionFailedError: null
	at junit.framework.Assert.fail(Assert.java:47)
	at junit.framework.Assert.assertTrue(Assert.java:20)
	at junit.framework.Assert.assertTrue(Assert.java:27)
	at io.cloudboost.CloudQueueTest$14$1.done(CloudQueueTest.java:547)
	at io.cloudboost.CloudQueue.pull(CloudQueue.java:626)
	at io.cloudboost.CloudQueueTest$14.done(CloudQueueTest.java:543)
	at io.cloudboost.CloudQueue.push(CloudQueue.java:545)
	at io.cloudboost.CloudQueueTest.shouldNotPullMessageWithDelay(CloudQueueTest.java:534)
	at sun.reflect.NativeMethodAccessorImpl.invoke0(Native Method)
	at sun.reflect.NativeMethodAccessorImpl.invoke(NativeMethodAccessorImpl.java:62)
	at sun.reflect.DelegatingMethodAccessorImpl.invoke(DelegatingMethodAccessorImpl.java:43)
	at java.lang.reflect.Method.invoke(Method.java:483)
	at org.junit.runners.model.FrameworkMethod$1.runReflectiveCall(FrameworkMethod.java:44)
	at org.junit.internal.runners.model.ReflectiveCallable.run(ReflectiveCallable.java:15)
	at org.junit.runners.model.FrameworkMethod.invokeExplosively(FrameworkMethod.java:41)
	at org.junit.internal.runners.statements.InvokeMethod.evaluate(InvokeMethod.java:20)
	at org.junit.internal.runners.statements.FailOnTimeout$1.run(FailOnTimeout.java:28)
</failure>
  </testcase>
  <testcase classname="io.cloudboost.CloudQueueTest" name="shouldAddandRemoveSubscriber" time="2.96"/>
  <testcase classname="io.cloudboost.CloudQueueTest" name="shouldDeleteMultipleSubscribers" time="4.307"/>
  <testcase classname="io.cloudboost.CloudQueueTest" name="shoulNotPullSameMessageTwice" time="2.55"/>
  <testcase classname="io.cloudboost.CloudQueueTest" name="shouldNotPullFromInexistentQueue" time="0.69"/>
  <testcase classname="io.cloudboost.CloudQueueTest" name="shouldGetNullForWrongMessageById" time="11.871">
    <error type="java.lang.NullPointerException">java.lang.NullPointerException
	at io.cloudboost.CloudQueueTest$17$1.done(CloudQueueTest.java:642)
	at io.cloudboost.CloudQueue.getMessageById(CloudQueue.java:322)
	at io.cloudboost.CloudQueueTest$17.done(CloudQueueTest.java:636)
	at io.cloudboost.CloudQueue.push(CloudQueue.java:545)
	at io.cloudboost.CloudQueueTest.shouldGetNullForWrongMessageById(CloudQueueTest.java:628)
	at sun.reflect.NativeMethodAccessorImpl.invoke0(Native Method)
	at sun.reflect.NativeMethodAccessorImpl.invoke(NativeMethodAccessorImpl.java:62)
	at sun.reflect.DelegatingMethodAccessorImpl.invoke(DelegatingMethodAccessorImpl.java:43)
	at java.lang.reflect.Method.invoke(Method.java:483)
	at org.junit.runners.model.FrameworkMethod$1.runReflectiveCall(FrameworkMethod.java:44)
	at org.junit.internal.runners.model.ReflectiveCallable.run(ReflectiveCallable.java:15)
	at org.junit.runners.model.FrameworkMethod.invokeExplosively(FrameworkMethod.java:41)
	at org.junit.internal.runners.statements.InvokeMethod.evaluate(InvokeMethod.java:20)
	at org.junit.internal.runners.statements.FailOnTimeout$1.run(FailOnTimeout.java:28)
</error>
  </testcase>
  <testcase classname="io.cloudboost.CloudQueueTest" name="shouldAddSubscriberToQueue" time="9.597"/>
  <testcase classname="io.cloudboost.CloudQueueTest" name="shouldNotSubscribeInvalidUrl" time="0.718"/>
  <testcase classname="io.cloudboost.CloudQueueTest" name="shouldNotGetTheQueueWithNullName" time="1.64"/>
  <testcase classname="io.cloudboost.CloudQueueTest" name="shouldNotGetInexistentQueue" time="0.681"/>
  <testcase classname="io.cloudboost.CloudQueueTest" name="shouldAddMultiplerSubscribers" time="7"/>
  <testcase classname="io.cloudboost.CloudQueueTest" name="shoulGetAll" time="2.778"/>
  <testcase classname="io.cloudboost.CloudQueueTest" name="noPushNull" time="0.001"/>
  <testcase classname="io.cloudboost.CloudQueueTest" name="deleteById" time="1.745"/>
  <testcase classname="io.cloudboost.CloudQueueTest" name="shouldClearQueue" time="2.92"/>
  <testcase classname="io.cloudboost.CloudQueueTest" name="shouldPeek" time="2.328"/>
  <testcase classname="io.cloudboost.CloudQueueTest" name="pushArray" time="1.001"/>
  <testcase classname="io.cloudboost.CloudQueueTest" name="shouldPeekTwo" time="9.922"/>
  <testcase classname="io.cloudboost.CloudQueueTest" name="shouldGetQueue" time="1.801"/>
  <testcase classname="io.cloudboost.CloudQueueTest" name="shouldPullTwo" time="8.423"/>
  <testcase classname="io.cloudboost.CloudQueueTest" name="pushMessageArray" time="0.938"/>
  <testcase classname="io.cloudboost.CloudQueueTest" name="refreshMessageTimeoutSpecifiedTimeout" time="1.78"/>
  <testcase classname="io.cloudboost.CloudQueueTest" name="refreshMessageTimeoutUnSpecifiedTimeout" time="1.969"/>
  <testcase classname="io.cloudboost.CloudQueueTest" name="shouldUpdateQueue" time="3.09"/>
  <testcase classname="io.cloudboost.CloudQueueTest" name="dontAllowEmptyQueueName" time="0.001"/>
  <testcase classname="io.cloudboost.CloudQueueTest" name="pushDuplicateMessages" time="11.13">
    <failure type="junit.framework.AssertionFailedError:">junit.framework.AssertionFailedError: null
	at junit.framework.Assert.fail(Assert.java:47)
	at io.cloudboost.CloudQueueTest$4$1.done(CloudQueueTest.java:112)
	at io.cloudboost.CloudQueue.push(CloudQueue.java:547)
	at io.cloudboost.CloudQueueTest$4.done(CloudQueueTest.java:106)
	at io.cloudboost.CloudQueue.push(CloudQueue.java:545)
	at io.cloudboost.CloudQueueTest.pushDuplicateMessages(CloudQueueTest.java:97)
	at sun.reflect.NativeMethodAccessorImpl.invoke0(Native Method)
	at sun.reflect.NativeMethodAccessorImpl.invoke(NativeMethodAccessorImpl.java:62)
	at sun.reflect.DelegatingMethodAccessorImpl.invoke(DelegatingMethodAccessorImpl.java:43)
	at java.lang.reflect.Method.invoke(Method.java:483)
	at org.junit.runners.model.FrameworkMethod$1.runReflectiveCall(FrameworkMethod.java:44)
	at org.junit.internal.runners.model.ReflectiveCallable.run(ReflectiveCallable.java:15)
	at org.junit.runners.model.FrameworkMethod.invokeExplosively(FrameworkMethod.java:41)
	at org.junit.internal.runners.statements.InvokeMethod.evaluate(InvokeMethod.java:20)
	at org.junit.internal.runners.statements.FailOnTimeout$1.run(FailOnTimeout.java:28)
</failure>
  </testcase>
  <testcase classname="io.cloudboost.CloudQueueTest" name="shouldPeekTwoMessages" time="5.04"/>
  <testcase classname="io.cloudboost.CloudQueueTest" name="shouldGetQueueByName" time="11.01">
    <failure type="junit.framework.AssertionFailedError:">junit.framework.AssertionFailedError: null
	at junit.framework.Assert.fail(Assert.java:47)
	at io.cloudboost.CloudQueueTest$31$1.done(CloudQueueTest.java:1138)
	at io.cloudboost.CloudQueue.get(CloudQueue.java:736)
	at io.cloudboost.CloudQueue.get(CloudQueue.java:676)
	at io.cloudboost.CloudQueueTest$31.done(CloudQueueTest.java:1133)
	at io.cloudboost.CloudQueue.push(CloudQueue.java:545)
	at io.cloudboost.CloudQueueTest.shouldGetQueueByName(CloudQueueTest.java:1124)
	at sun.reflect.NativeMethodAccessorImpl.invoke0(Native Method)
	at sun.reflect.NativeMethodAccessorImpl.invoke(NativeMethodAccessorImpl.java:62)
	at sun.reflect.DelegatingMethodAccessorImpl.invoke(DelegatingMethodAccessorImpl.java:43)
	at java.lang.reflect.Method.invoke(Method.java:483)
	at org.junit.runners.model.FrameworkMethod$1.runReflectiveCall(FrameworkMethod.java:44)
	at org.junit.internal.runners.model.ReflectiveCallable.run(ReflectiveCallable.java:15)
	at org.junit.runners.model.FrameworkMethod.invokeExplosively(FrameworkMethod.java:41)
	at org.junit.internal.runners.statements.InvokeMethod.evaluate(InvokeMethod.java:20)
	at org.junit.internal.runners.statements.FailOnTimeout$1.run(FailOnTimeout.java:28)
</failure>
  </testcase>
  <testcase classname="io.cloudboost.CloudQueueTest" name="pullMessageAfterTimeout" time="14.872"/>
  <testcase classname="io.cloudboost.CloudQueueTest" name="shouldGetMessageById" time="5.782"/>
  <testcase classname="io.cloudboost.CloudQueueTest" name="shouldNotGetAfterDelete" time="2.23"/>
  <testcase classname="io.cloudboost.CloudQueueTest" name="shouldDeleteTheQueue" time="2.239"/>
  <testcase classname="io.cloudboost.CloudQueueTest" name="pullMessageAfterDelay" time="11.71"/>
  <testcase classname="io.cloudboost.CloudQueueTest" name="pushAndPullSameMessage" time="3.249"/>
  <testcase classname="io.cloudboost.CloudQueueTest" name="getMessagesInFIFO" time="9.87"/>
  <testcase classname="io.cloudboost.CloudQueueTest" name="deleteByMessageObject" time="10.001">
    <failure type="junit.framework.AssertionFailedError:">junit.framework.AssertionFailedError: null
	at junit.framework.Assert.fail(Assert.java:47)
	at io.cloudboost.CloudQueueTest$19.done(CloudQueueTest.java:692)
	at io.cloudboost.CloudQueue.push(CloudQueue.java:547)
	at io.cloudboost.CloudQueueTest.deleteByMessageObject(CloudQueueTest.java:687)
	at sun.reflect.NativeMethodAccessorImpl.invoke0(Native Method)
	at sun.reflect.NativeMethodAccessorImpl.invoke(NativeMethodAccessorImpl.java:62)
	at sun.reflect.DelegatingMethodAccessorImpl.invoke(DelegatingMethodAccessorImpl.java:43)
	at java.lang.reflect.Method.invoke(Method.java:483)
	at org.junit.runners.model.FrameworkMethod$1.runReflectiveCall(FrameworkMethod.java:44)
	at org.junit.internal.runners.model.ReflectiveCallable.run(ReflectiveCallable.java:15)
	at org.junit.runners.model.FrameworkMethod.invokeExplosively(FrameworkMethod.java:41)
	at org.junit.internal.runners.statements.InvokeMethod.evaluate(InvokeMethod.java:20)
	at org.junit.internal.runners.statements.FailOnTimeout$1.run(FailOnTimeout.java:28)
</failure>
  </testcase>
  <testcase classname="io.cloudboost.CloudQueueTest" name="shouldDeleteSubscriber" time="4.627"/>
  <testcase classname="io.cloudboost.CloudQueueTest" name="shouldDeleteQueueByName" time="2.37"/>
</testsuite>